Using pre-set license
Built from '2022.3/staging' branch; Version is '2022.3.42f1 (2dcb6a0abc42) revision 3001194'; Using compiler version '192829333'; Build Type 'Release'
OS: 'Windows 11  (10.0.22631) 64bit Core' Language: 'ru' Physical Memory: 16108 MB
BatchMode: 1, IsHumanControllingUs: 0, StartBugReporterOnCrash: 0, Is64bit: 1, IsPro: 1

COMMAND LINE ARGUMENTS:
C:\Program Files\Unity\Hub\Editor\2022.3.42f1\Editor\Unity.exe
-adb2
-batchMode
-noUpm
-name
AssetImportWorker29
-projectPath
C:/Projects/UniverseRift.git
-logFile
Logs/AssetImportWorker29.log
-srvPort
65351
Successfully changed project path to: C:/Projects/UniverseRift.git
C:/Projects/UniverseRift.git
[UnityMemory] Configuration Parameters - Can be set up in boot.config
    "memorysetup-bucket-allocator-granularity=16"
    "memorysetup-bucket-allocator-bucket-count=8"
    "memorysetup-bucket-allocator-block-size=33554432"
    "memorysetup-bucket-allocator-block-count=8"
    "memorysetup-main-allocator-block-size=16777216"
    "memorysetup-thread-allocator-block-size=16777216"
    "memorysetup-gfx-main-allocator-block-size=16777216"
    "memorysetup-gfx-thread-allocator-block-size=16777216"
    "memorysetup-cache-allocator-block-size=4194304"
    "memorysetup-typetree-allocator-block-size=2097152"
    "memorysetup-profiler-bucket-allocator-granularity=16"
    "memorysetup-profiler-bucket-allocator-bucket-count=8"
    "memorysetup-profiler-bucket-allocator-block-size=33554432"
    "memorysetup-profiler-bucket-allocator-block-count=8"
    "memorysetup-profiler-allocator-block-size=16777216"
    "memorysetup-profiler-editor-allocator-block-size=1048576"
    "memorysetup-temp-allocator-size-main=16777216"
    "memorysetup-job-temp-allocator-block-size=2097152"
    "memorysetup-job-temp-allocator-block-size-background=1048576"
    "memorysetup-job-temp-allocator-reduction-small-platforms=262144"
    "memorysetup-allocator-temp-initial-block-size-main=262144"
    "memorysetup-allocator-temp-initial-block-size-worker=262144"
    "memorysetup-temp-allocator-size-background-worker=32768"
    "memorysetup-temp-allocator-size-job-worker=262144"
    "memorysetup-temp-allocator-size-preload-manager=33554432"
    "memorysetup-temp-allocator-size-nav-mesh-worker=65536"
    "memorysetup-temp-allocator-size-audio-worker=65536"
    "memorysetup-temp-allocator-size-cloud-worker=32768"
    "memorysetup-temp-allocator-size-gi-baking-worker=262144"
    "memorysetup-temp-allocator-size-gfx=262144"
Player connection [26064]  Target information:

Player connection [26064]  * "[IP] 172.16.0.2 [Port] 0 [Flags] 2 [Guid] 2077928038 [EditorId] 2077928038 [Version] 1048832 [Id] WindowsEditor(7,Landelo) [Debug] 1 [PackageName] WindowsEditor [ProjectName] Editor" 

Player connection [26064]  * "[IP] 192.168.1.2 [Port] 0 [Flags] 2 [Guid] 2077928038 [EditorId] 2077928038 [Version] 1048832 [Id] WindowsEditor(7,Landelo) [Debug] 1 [PackageName] WindowsEditor [ProjectName] Editor" 

Player connection [26064] Host joined multi-casting on [225.0.0.222:54997]...
Player connection [26064] Host joined alternative multi-casting on [225.0.0.222:34997]...
[PhysX] Initialized MultithreadedTaskDispatcher with 20 workers.
Refreshing native plugins compatible for Editor in 15.74 ms, found 0 plugins.
Preloading 0 native plugins for Editor in 0.00 ms.
Initialize engine version: 2022.3.42f1 (2dcb6a0abc42)
[Subsystems] Discovering subsystems at path C:/Program Files/Unity/Hub/Editor/2022.3.42f1/Editor/Data/Resources/UnitySubsystems
[Subsystems] Discovering subsystems at path C:/Projects/UniverseRift.git/Assets
GfxDevice: creating device client; threaded=0; jobified=0
Direct3D:
    Version:  Direct3D 11.0 [level 11.1]
    Renderer: NVIDIA GeForce RTX 3060 Laptop GPU (ID=0x2520)
    Vendor:   NVIDIA
    VRAM:     6023 MB
    Driver:   30.0.15.1165
Invalid texture used for cursor - check importer settings or texture creation. Texture must be RGBA32, readable, have alphaIsTransparency enabled and have no mip chain.
Failed to set the cursor because the specified texture ('fx_rotate_line') was not CPU accessible.
Initialize mono
Mono path[0] = 'C:/Program Files/Unity/Hub/Editor/2022.3.42f1/Editor/Data/Managed'
Mono path[1] = 'C:/Program Files/Unity/Hub/Editor/2022.3.42f1/Editor/Data/MonoBleedingEdge/lib/mono/unityjit-win32'
Mono config path = 'C:/Program Files/Unity/Hub/Editor/2022.3.42f1/Editor/Data/MonoBleedingEdge/etc'
Using monoOptions --debugger-agent=transport=dt_socket,embedding=1,server=y,suspend=n,address=127.0.0.1:56328
Begin MonoManager ReloadAssembly
Registering precompiled unity dll's ...
Register platform support module: C:/Program Files/Unity/Hub/Editor/2022.3.42f1/Editor/Data/PlaybackEngines/AndroidPlayer/UnityEditor.Android.Extensions.dll
Register platform support module: C:/Program Files/Unity/Hub/Editor/2022.3.42f1/Editor/Data/PlaybackEngines/WindowsStandaloneSupport/UnityEditor.WindowsStandalone.Extensions.dll
Registered in 0.006416 seconds.
- Loaded All Assemblies, in  0.354 seconds
Native extension for WindowsStandalone target not found
Native extension for Android target not found
Android Extension - Scanning For ADB Devices 239 ms
Mono: successfully reloaded assembly
- Finished resetting the current domain, in  0.544 seconds
Domain Reload Profiling: 897ms
	BeginReloadAssembly (150ms)
		ExecutionOrderSort (0ms)
		DisableScriptedObjects (0ms)
		BackupInstance (0ms)
		ReleaseScriptingObjects (0ms)
		CreateAndSetChildDomain (1ms)
	RebuildCommonClasses (27ms)
	RebuildNativeTypeToScriptingClass (7ms)
	initialDomainReloadingComplete (47ms)
	LoadAllAssembliesAndSetupDomain (122ms)
		LoadAssemblies (148ms)
		RebuildTransferFunctionScriptingTraits (0ms)
		AnalyzeDomain (119ms)
			TypeCache.Refresh (118ms)
				TypeCache.ScanAssembly (107ms)
			ScanForSourceGeneratedMonoScriptInfo (0ms)
			ResolveRequiredComponents (0ms)
	FinalizeReload (544ms)
		ReleaseScriptCaches (0ms)
		RebuildScriptCaches (0ms)
		SetupLoadedEditorAssemblies (506ms)
			LogAssemblyErrors (0ms)
			InitializePlatformSupportModulesInManaged (335ms)
			SetLoadedEditorAssemblies (4ms)
			RefreshPlugins (0ms)
			BeforeProcessingInitializeOnLoad (2ms)
			ProcessInitializeOnLoadAttributes (105ms)
			ProcessInitializeOnLoadMethodAttributes (60ms)
			AfterProcessingInitializeOnLoad (0ms)
			EditorAssembliesLoaded (0ms)
		ExecutionOrderSort2 (0ms)
		AwakeInstancesAfterBackupRestoration (0ms)
========================================================================
Worker process is ready to serve import requests
Caller must complete domain reload
0x00007ff7c0fed08d (Unity) StackWalker::GetCurrentCallstack
0x00007ff7c0ff2169 (Unity) StackWalker::ShowCallstack
0x00007ff7c1fdf231 (Unity) GetStacktrace
0x00007ff7c2699e6e (Unity) DebugStringToFile
0x00007ff7c2699baa (Unity) AssertImplementation
0x00007ff7c1e7d9fc (Unity) Internal_ADB_WorkerOnly_DomainReload
0x00007ff7c2363484 (Unity) WorkerDomainReloadV2
0x00007ff7c23840af (Unity) <lambda_943be6b2c5671afd01d59371cf3ef730>::operator()
0x00007ff7c23bfea2 (Unity) asio::detail::completion_handler<core::mutable_function<void __cdecl(void)>,asio::io_context::basic_executor_type<std::allocator<void>,0> >::do_complete
0x00007ff7c23abe4e (Unity) asio::detail::win_iocp_io_context::do_one
0x00007ff7c23ada7e (Unity) asio::detail::win_iocp_io_context::run
0x00007ff7c23be24c (Unity) IOService::Run
0x00007ff7c23916cf (Unity) AssetImportWorkerClient::Run
0x00007ff7c235d037 (Unity) RunAssetImportWorkerClientV2
0x00007ff7c235d0bb (Unity) RunAssetImporterV2
0x00007ff7c1b576fe (Unity) Application::InitializeProject
0x00007ff7c1fe9ed5 (Unity) WinMain
0x00007ff7c339b7be (Unity) __scrt_common_main_seh
0x00007ff87c1f259d (KERNEL32) BaseThreadInitThunk
0x00007ff87c78af38 (ntdll) RtlUserThreadStart

Begin MonoManager ReloadAssembly
Symbol file LoadedFromMemory is not a mono symbol file
- Loaded All Assemblies, in  1.972 seconds
Native extension for WindowsStandalone target not found
Native extension for Android target not found
Launched and connected shader compiler UnityShaderCompiler.exe after 0.05 seconds
Mirror | mirror-networking.com | discord.gg/N9QVxbM
UnityEngine.StackTraceUtility:ExtractStackTrace ()
UnityEngine.DebugLogHandler:LogFormat (UnityEngine.LogType,UnityEngine.Object,string,object[])
UnityEngine.Logger:Log (UnityEngine.LogType,object)
UnityEngine.Debug:Log (object)
Mirror.Welcome:OnInitializeOnLoad () (at Assets/Mirror/Editor/Welcome.cs:18)
System.Reflection.RuntimeMethodInfo:Invoke (object,System.Reflection.BindingFlags,System.Reflection.Binder,object[],System.Globalization.CultureInfo)
System.Reflection.MethodBase:Invoke (object,object[])
UnityEditor.EditorAssemblies:ProcessInitializeOnLoadMethodAttributes ()

(Filename: Assets/Mirror/Editor/Welcome.cs Line: 18)

Mono: successfully reloaded assembly
- Finished resetting the current domain, in  2.973 seconds
Domain Reload Profiling: 4932ms
	BeginReloadAssembly (255ms)
		ExecutionOrderSort (0ms)
		DisableScriptedObjects (8ms)
		BackupInstance (0ms)
		ReleaseScriptingObjects (0ms)
		CreateAndSetChildDomain (33ms)
	RebuildCommonClasses (42ms)
	RebuildNativeTypeToScriptingClass (14ms)
	initialDomainReloadingComplete (110ms)
	LoadAllAssembliesAndSetupDomain (1536ms)
		LoadAssemblies (1065ms)
		RebuildTransferFunctionScriptingTraits (0ms)
		AnalyzeDomain (630ms)
			TypeCache.Refresh (506ms)
				TypeCache.ScanAssembly (470ms)
			ScanForSourceGeneratedMonoScriptInfo (87ms)
			ResolveRequiredComponents (34ms)
	FinalizeReload (2974ms)
		ReleaseScriptCaches (0ms)
		RebuildScriptCaches (0ms)
		SetupLoadedEditorAssemblies (2568ms)
			LogAssemblyErrors (0ms)
			InitializePlatformSupportModulesInManaged (46ms)
			SetLoadedEditorAssemblies (11ms)
			RefreshPlugins (0ms)
			BeforeProcessingInitializeOnLoad (354ms)
			ProcessInitializeOnLoadAttributes (1628ms)
			ProcessInitializeOnLoadMethodAttributes (516ms)
			AfterProcessingInitializeOnLoad (12ms)
			EditorAssembliesLoaded (1ms)
		ExecutionOrderSort2 (0ms)
		AwakeInstancesAfterBackupRestoration (8ms)
Refreshing native plugins compatible for Editor in 35.75 ms, found 0 plugins.
Preloading 0 native plugins for Editor in 0.00 ms.
Unloading 7575 Unused Serialized files (Serialized files now loaded: 0)
Unloading 71 unused Assets / (25.8 MB). Loaded Objects now: 8116.
Memory consumption went from 339.9 MB to 314.1 MB.
Total: 26.520700 ms (FindLiveObjects: 0.740200 ms CreateObjectMapping: 0.447200 ms MarkObjects: 21.517300 ms  DeleteObjects: 3.814000 ms)

AssetImportParameters requested are different than current active one (requested -> active):
  custom:container-demuxer-ogg: 62fdf1f143b41e24485cea50d1cbac27 -> 
  custom:framework-win-MediaFoundation: 216162199b28c13a410421893ffa2e32 -> 
  custom:container-muxer-webm: aa71ff27fc2769a1b78a27578f13a17b -> 
  custom:video-decoder-webm-vp8: 9c59270c3fd7afecdb556c50c9e8de78 -> 
  custom:SearchIndexIgnoredProperties: e643bd26f0fe6173181afceb89e7c659 -> 
  custom:AudioImporter_EditorPlatform: d09bf68614088b80899f8185d706f6e7 -> 
  custom:audio-decoder-ogg-vorbis: bf7c407c2cedff20999df2af8eb42d56 -> 
  custom:audio-encoder-webm-vorbis: bf7c407c2cedff20999df2af8eb42d56 -> 
  custom:video-codec-MediaFoundation-h265: 746d11721c4dcdbdad8f713fa42b33f4 -> 
  custom:video-decoder-ogg-theora: a1e56fd34408186e4bbccfd4996cb3dc -> 
  custom:CustomObjectIndexerAttribute: 72b91833f83ae208fae7752999fa3104 -> 
  custom:container-demuxer-webm: 4f35f7cbe854078d1ac9338744f61a02 -> 
  custom:video-encoder-webm-vp8: eb34c28f22e8b96e1ab97ce403110664 -> 
========================================================================
Received Prepare
Caller must complete domain reload
0x00007ff7c0fed08d (Unity) StackWalker::GetCurrentCallstack
0x00007ff7c0ff2169 (Unity) StackWalker::ShowCallstack
0x00007ff7c1fdf231 (Unity) GetStacktrace
0x00007ff7c2699e6e (Unity) DebugStringToFile
0x00007ff7c2699baa (Unity) AssertImplementation
0x00007ff7c1e7d9fc (Unity) Internal_ADB_WorkerOnly_DomainReload
0x00007ff7c2363484 (Unity) WorkerDomainReloadV2
0x00007ff7c2384695 (Unity) <lambda_b37b41f03089e3cb3f55061bbc93253d>::operator()
0x00007ff7c23bfea2 (Unity) asio::detail::completion_handler<core::mutable_function<void __cdecl(void)>,asio::io_context::basic_executor_type<std::allocator<void>,0> >::do_complete
0x00007ff7c23abe4e (Unity) asio::detail::win_iocp_io_context::do_one
0x00007ff7c23adab4 (Unity) asio::detail::win_iocp_io_context::run
0x00007ff7c23be24c (Unity) IOService::Run
0x00007ff7c23916cf (Unity) AssetImportWorkerClient::Run
0x00007ff7c235d037 (Unity) RunAssetImportWorkerClientV2
0x00007ff7c235d0bb (Unity) RunAssetImporterV2
0x00007ff7c1b576fe (Unity) Application::InitializeProject
0x00007ff7c1fe9ed5 (Unity) WinMain
0x00007ff7c339b7be (Unity) __scrt_common_main_seh
0x00007ff87c1f259d (KERNEL32) BaseThreadInitThunk
0x00007ff87c78af38 (ntdll) RtlUserThreadStart

Begin MonoManager ReloadAssembly
Symbol file LoadedFromMemory is not a mono symbol file
- Loaded All Assemblies, in  0.712 seconds
Native extension for WindowsStandalone target not found
Native extension for Android target not found
Mono: successfully reloaded assembly
- Finished resetting the current domain, in  2.706 seconds
Domain Reload Profiling: 3415ms
	BeginReloadAssembly (158ms)
		ExecutionOrderSort (0ms)
		DisableScriptedObjects (6ms)
		BackupInstance (0ms)
		ReleaseScriptingObjects (0ms)
		CreateAndSetChildDomain (47ms)
	RebuildCommonClasses (28ms)
	RebuildNativeTypeToScriptingClass (11ms)
	initialDomainReloadingComplete (32ms)
	LoadAllAssembliesAndSetupDomain (478ms)
		LoadAssemblies (455ms)
		RebuildTransferFunctionScriptingTraits (0ms)
		AnalyzeDomain (92ms)
			TypeCache.Refresh (38ms)
				TypeCache.ScanAssembly (19ms)
			ScanForSourceGeneratedMonoScriptInfo (34ms)
			ResolveRequiredComponents (19ms)
	FinalizeReload (2707ms)
		ReleaseScriptCaches (0ms)
		RebuildScriptCaches (0ms)
		SetupLoadedEditorAssemblies (1226ms)
			LogAssemblyErrors (0ms)
			InitializePlatformSupportModulesInManaged (25ms)
			SetLoadedEditorAssemblies (8ms)
			RefreshPlugins (0ms)
			BeforeProcessingInitializeOnLoad (208ms)
			ProcessInitializeOnLoadAttributes (553ms)
			ProcessInitializeOnLoadMethodAttributes (426ms)
			AfterProcessingInitializeOnLoad (5ms)
			EditorAssembliesLoaded (0ms)
		ExecutionOrderSort2 (0ms)
		AwakeInstancesAfterBackupRestoration (10ms)
Refreshing native plugins compatible for Editor in 33.41 ms, found 0 plugins.
Preloading 0 native plugins for Editor in 0.00 ms.
Unloading 7359 Unused Serialized files (Serialized files now loaded: 0)
Unloading 55 unused Assets / (25.8 MB). Loaded Objects now: 8132.
Memory consumption went from 299.1 MB to 273.3 MB.
Total: 31.174300 ms (FindLiveObjects: 2.196200 ms CreateObjectMapping: 0.741900 ms MarkObjects: 23.814100 ms  DeleteObjects: 4.420500 ms)

Prepare: number of updated asset objects reloaded= 0
AssetImportParameters requested are different than current active one (requested -> active):
  custom:container-demuxer-ogg: 62fdf1f143b41e24485cea50d1cbac27 -> 
  custom:framework-win-MediaFoundation: 216162199b28c13a410421893ffa2e32 -> 
  custom:container-muxer-webm: aa71ff27fc2769a1b78a27578f13a17b -> 
  custom:video-decoder-webm-vp8: 9c59270c3fd7afecdb556c50c9e8de78 -> 
  custom:SearchIndexIgnoredProperties: e643bd26f0fe6173181afceb89e7c659 -> 
  custom:AudioImporter_EditorPlatform: d09bf68614088b80899f8185d706f6e7 -> 
  custom:audio-decoder-ogg-vorbis: bf7c407c2cedff20999df2af8eb42d56 -> 
  custom:audio-encoder-webm-vorbis: bf7c407c2cedff20999df2af8eb42d56 -> 
  custom:video-codec-MediaFoundation-h265: 746d11721c4dcdbdad8f713fa42b33f4 -> 
  custom:video-decoder-ogg-theora: a1e56fd34408186e4bbccfd4996cb3dc -> 
  custom:CustomObjectIndexerAttribute: 72b91833f83ae208fae7752999fa3104 -> 
  custom:container-demuxer-webm: 4f35f7cbe854078d1ac9338744f61a02 -> 
  custom:video-encoder-webm-vp8: eb34c28f22e8b96e1ab97ce403110664 -> 
========================================================================
Received Import Request.
  Time since last request: 67141.652200 seconds.
  path: Assets/Resources/Heroes/Knight.prefab
  artifactKey: Guid(918b87c71973a7a4f8761c9879c13377) Importer(815301076,1909f56bfc062723c751e8b465ee728b)
Start importing Assets/Resources/Heroes/Knight.prefab using Guid(918b87c71973a7a4f8761c9879c13377) Importer(815301076,1909f56bfc062723c751e8b465ee728b) [PhysX] Initialized MultithreadedTaskDispatcher with 20 workers.
 -> (artifact id: 'abe15ec0ed0e600eaf3b3d3e3aca447c') in 0.007753 seconds
Number of updated asset objects reloaded before import = 0
Number of asset objects unloaded after import = 0
========================================================================
Received Import Request.
  Time since last request: 0.000109 seconds.
  path: Assets/Resources/Heroes/Snake.prefab
  artifactKey: Guid(1c29df261246fd4478dda592b9748588) Importer(815301076,1909f56bfc062723c751e8b465ee728b)
Start importing Assets/Resources/Heroes/Snake.prefab using Guid(1c29df261246fd4478dda592b9748588) Importer(815301076,1909f56bfc062723c751e8b465ee728b) [PhysX] Initialized MultithreadedTaskDispatcher with 20 workers.
 -> (artifact id: 'b48bedf05321aed08d86fab3aed60f91') in 0.001447 seconds
Number of updated asset objects reloaded before import = 0
Number of asset objects unloaded after import = 0
========================================================================
Received Import Request.
  Time since last request: 0.000217 seconds.
  path: Assets/Resources/Heroes/PracticeDummy.prefab
  artifactKey: Guid(8d37498fc89c1e14aa2c104660e6154e) Importer(815301076,1909f56bfc062723c751e8b465ee728b)
Start importing Assets/Resources/Heroes/PracticeDummy.prefab using Guid(8d37498fc89c1e14aa2c104660e6154e) Importer(815301076,1909f56bfc062723c751e8b465ee728b) [PhysX] Initialized MultithreadedTaskDispatcher with 20 workers.
 -> (artifact id: '7602bbbb24d1dbe7d90cf1bc1d0f882f') in 0.000879 seconds
Number of updated asset objects reloaded before import = 0
Number of asset objects unloaded after import = 0
========================================================================
Received Import Request.
  Time since last request: 0.000036 seconds.
  path: Assets/Resources/Heroes/Catcher.prefab
  artifactKey: Guid(c96294a77a7044a48b598246e992b2fd) Importer(815301076,1909f56bfc062723c751e8b465ee728b)
Start importing Assets/Resources/Heroes/Catcher.prefab using Guid(c96294a77a7044a48b598246e992b2fd) Importer(815301076,1909f56bfc062723c751e8b465ee728b) [PhysX] Initialized MultithreadedTaskDispatcher with 20 workers.
 -> (artifact id: '6a79ca46c4d105db3d5d03b412af49c6') in 0.000833 seconds
Number of updated asset objects reloaded before import = 0
Number of asset objects unloaded after import = 0
========================================================================
Received Import Request.
  Time since last request: 1.681584 seconds.
  path: Assets/Resources/Heroes/Catcher.prefab
  artifactKey: Guid(c96294a77a7044a48b598246e992b2fd) Importer(815301076,1909f56bfc062723c751e8b465ee728b)
Start importing Assets/Resources/Heroes/Catcher.prefab using Guid(c96294a77a7044a48b598246e992b2fd) Importer(815301076,1909f56bfc062723c751e8b465ee728b) [PhysX] Initialized MultithreadedTaskDispatcher with 20 workers.
 -> (artifact id: '6a79ca46c4d105db3d5d03b412af49c6') in 0.001068 seconds
Number of updated asset objects reloaded before import = 0
Number of asset objects unloaded after import = 0
========================================================================
Received Import Request.
  Time since last request: 0.000171 seconds.
  path: Assets/Resources/Heroes/Treestor.prefab
  artifactKey: Guid(27b8231d5ee082c4584973c5fdf14513) Importer(815301076,1909f56bfc062723c751e8b465ee728b)
Start importing Assets/Resources/Heroes/Treestor.prefab using Guid(27b8231d5ee082c4584973c5fdf14513) Importer(815301076,1909f56bfc062723c751e8b465ee728b) [PhysX] Initialized MultithreadedTaskDispatcher with 20 workers.
 -> (artifact id: '34f5def3942d993cb3db367d2243b938') in 0.000767 seconds
Number of updated asset objects reloaded before import = 0
Number of asset objects unloaded after import = 0
========================================================================
Received Import Request.
  Time since last request: 0.000032 seconds.
  path: Assets/Resources/Heroes/Spike.prefab
  artifactKey: Guid(328179d3fef4df54cb570d5fc02255a4) Importer(815301076,1909f56bfc062723c751e8b465ee728b)
Start importing Assets/Resources/Heroes/Spike.prefab using Guid(328179d3fef4df54cb570d5fc02255a4) Importer(815301076,1909f56bfc062723c751e8b465ee728b) [PhysX] Initialized MultithreadedTaskDispatcher with 20 workers.
 -> (artifact id: '6393b07a1cfda3debf7cf9f970b2893e') in 0.000770 seconds
Number of updated asset objects reloaded before import = 0
Number of asset objects unloaded after import = 0
========================================================================
Received Import Request.
  Time since last request: 0.000039 seconds.
  path: Assets/Resources/Heroes/PitBoy.prefab
  artifactKey: Guid(31a4cbd1b40ec0841b156d9e174b3a54) Importer(815301076,1909f56bfc062723c751e8b465ee728b)
Start importing Assets/Resources/Heroes/PitBoy.prefab using Guid(31a4cbd1b40ec0841b156d9e174b3a54) Importer(815301076,1909f56bfc062723c751e8b465ee728b) [PhysX] Initialized MultithreadedTaskDispatcher with 20 workers.
 -> (artifact id: 'd6d1c019915973f0855b860fe3dda59f') in 0.001015 seconds
Number of updated asset objects reloaded before import = 0
Number of asset objects unloaded after import = 0
========================================================================
Received Prepare
Caller must complete domain reload
0x00007ff7c0fed08d (Unity) StackWalker::GetCurrentCallstack
0x00007ff7c0ff2169 (Unity) StackWalker::ShowCallstack
0x00007ff7c1fdf231 (Unity) GetStacktrace
0x00007ff7c2699e6e (Unity) DebugStringToFile
0x00007ff7c2699baa (Unity) AssertImplementation
0x00007ff7c1e7d9fc (Unity) Internal_ADB_WorkerOnly_DomainReload
0x00007ff7c2363484 (Unity) WorkerDomainReloadV2
0x00007ff7c2384695 (Unity) <lambda_b37b41f03089e3cb3f55061bbc93253d>::operator()
0x00007ff7c23bfea2 (Unity) asio::detail::completion_handler<core::mutable_function<void __cdecl(void)>,asio::io_context::basic_executor_type<std::allocator<void>,0> >::do_complete
0x00007ff7c23abe4e (Unity) asio::detail::win_iocp_io_context::do_one
0x00007ff7c23adab4 (Unity) asio::detail::win_iocp_io_context::run
0x00007ff7c23be24c (Unity) IOService::Run
0x00007ff7c23916cf (Unity) AssetImportWorkerClient::Run
0x00007ff7c235d037 (Unity) RunAssetImportWorkerClientV2
0x00007ff7c235d0bb (Unity) RunAssetImporterV2
0x00007ff7c1b576fe (Unity) Application::InitializeProject
0x00007ff7c1fe9ed5 (Unity) WinMain
0x00007ff7c339b7be (Unity) __scrt_common_main_seh
0x00007ff87c1f259d (KERNEL32) BaseThreadInitThunk
0x00007ff87c78af38 (ntdll) RtlUserThreadStart

Begin MonoManager ReloadAssembly
Symbol file LoadedFromMemory is not a mono symbol file
- Loaded All Assemblies, in  1.100 seconds
Native extension for WindowsStandalone target not found
Native extension for Android target not found
Mono: successfully reloaded assembly
- Finished resetting the current domain, in  4.656 seconds
Domain Reload Profiling: 5746ms
	BeginReloadAssembly (263ms)
		ExecutionOrderSort (0ms)
		DisableScriptedObjects (8ms)
		BackupInstance (0ms)
		ReleaseScriptingObjects (0ms)
		CreateAndSetChildDomain (73ms)
	RebuildCommonClasses (43ms)
	RebuildNativeTypeToScriptingClass (16ms)
	initialDomainReloadingComplete (58ms)
	LoadAllAssembliesAndSetupDomain (711ms)
		LoadAssemblies (725ms)
		RebuildTransferFunctionScriptingTraits (0ms)
		AnalyzeDomain (115ms)
			TypeCache.Refresh (37ms)
				TypeCache.ScanAssembly (21ms)
			ScanForSourceGeneratedMonoScriptInfo (45ms)
			ResolveRequiredComponents (30ms)
	FinalizeReload (4656ms)
		ReleaseScriptCaches (0ms)
		RebuildScriptCaches (0ms)
		SetupLoadedEditorAssemblies (1949ms)
			LogAssemblyErrors (0ms)
			InitializePlatformSupportModulesInManaged (40ms)
			SetLoadedEditorAssemblies (10ms)
			RefreshPlugins (0ms)
			BeforeProcessingInitializeOnLoad (267ms)
			ProcessInitializeOnLoadAttributes (667ms)
			ProcessInitializeOnLoadMethodAttributes (951ms)
			AfterProcessingInitializeOnLoad (13ms)
			EditorAssembliesLoaded (1ms)
		ExecutionOrderSort2 (0ms)
		AwakeInstancesAfterBackupRestoration (18ms)
Refreshing native plugins compatible for Editor in 56.68 ms, found 0 plugins.
Preloading 0 native plugins for Editor in 0.00 ms.
Unloading 7359 Unused Serialized files (Serialized files now loaded: 0)
Unloading 55 unused Assets / (25.8 MB). Loaded Objects now: 8148.
Memory consumption went from 299.1 MB to 273.3 MB.
Total: 86.826900 ms (FindLiveObjects: 0.684200 ms CreateObjectMapping: 0.342600 ms MarkObjects: 24.237800 ms  DeleteObjects: 61.560200 ms)

Prepare: number of updated asset objects reloaded= 0
AssetImportParameters requested are different than current active one (requested -> active):
  custom:container-demuxer-ogg: 62fdf1f143b41e24485cea50d1cbac27 -> 
  custom:framework-win-MediaFoundation: 216162199b28c13a410421893ffa2e32 -> 
  custom:container-muxer-webm: aa71ff27fc2769a1b78a27578f13a17b -> 
  custom:video-decoder-webm-vp8: 9c59270c3fd7afecdb556c50c9e8de78 -> 
  custom:SearchIndexIgnoredProperties: e643bd26f0fe6173181afceb89e7c659 -> 
  custom:AudioImporter_EditorPlatform: d09bf68614088b80899f8185d706f6e7 -> 
  custom:audio-decoder-ogg-vorbis: bf7c407c2cedff20999df2af8eb42d56 -> 
  custom:audio-encoder-webm-vorbis: bf7c407c2cedff20999df2af8eb42d56 -> 
  custom:video-codec-MediaFoundation-h265: 746d11721c4dcdbdad8f713fa42b33f4 -> 
  custom:video-decoder-ogg-theora: a1e56fd34408186e4bbccfd4996cb3dc -> 
  custom:CustomObjectIndexerAttribute: 72b91833f83ae208fae7752999fa3104 -> 
  custom:container-demuxer-webm: 4f35f7cbe854078d1ac9338744f61a02 -> 
  custom:video-encoder-webm-vp8: eb34c28f22e8b96e1ab97ce403110664 -> 
========================================================================
Received Import Request.
  Time since last request: 25.019379 seconds.
  path: Assets/Resources/Heroes/Treestor.prefab
  artifactKey: Guid(27b8231d5ee082c4584973c5fdf14513) Importer(815301076,1909f56bfc062723c751e8b465ee728b)
Start importing Assets/Resources/Heroes/Treestor.prefab using Guid(27b8231d5ee082c4584973c5fdf14513) Importer(815301076,1909f56bfc062723c751e8b465ee728b) [PhysX] Initialized MultithreadedTaskDispatcher with 20 workers.
 -> (artifact id: '34f5def3942d993cb3db367d2243b938') in 0.005941 seconds
Number of updated asset objects reloaded before import = 0
Number of asset objects unloaded after import = 0
========================================================================
Received Import Request.
  Time since last request: 0.000052 seconds.
  path: Assets/Resources/Heroes/Nosedman.prefab
  artifactKey: Guid(7dc22cb2a3a8b6740b87759e108b3d58) Importer(815301076,1909f56bfc062723c751e8b465ee728b)
Start importing Assets/Resources/Heroes/Nosedman.prefab using Guid(7dc22cb2a3a8b6740b87759e108b3d58) Importer(815301076,1909f56bfc062723c751e8b465ee728b) [PhysX] Initialized MultithreadedTaskDispatcher with 20 workers.
 -> (artifact id: 'afa6860b570e101e30b741b5d4032532') in 0.001154 seconds
Number of updated asset objects reloaded before import = 0
Number of asset objects unloaded after import = 0
========================================================================
Received Import Request.
  Time since last request: 0.000027 seconds.
  path: Assets/Resources/Heroes/Fishguard.prefab
  artifactKey: Guid(f47f4a73a5f9d6f4289c5c396fd5db7a) Importer(815301076,1909f56bfc062723c751e8b465ee728b)
Start importing Assets/Resources/Heroes/Fishguard.prefab using Guid(f47f4a73a5f9d6f4289c5c396fd5db7a) Importer(815301076,1909f56bfc062723c751e8b465ee728b) [PhysX] Initialized MultithreadedTaskDispatcher with 20 workers.
 -> (artifact id: '7e6cc5eac0e91074e4cbf5b813efbe45') in 0.001252 seconds
Number of updated asset objects reloaded before import = 0
Number of asset objects unloaded after import = 0
========================================================================
Received Import Request.
  Time since last request: 0.000027 seconds.
  path: Assets/Resources/Heroes/PracticeDummy.prefab
  artifactKey: Guid(8d37498fc89c1e14aa2c104660e6154e) Importer(815301076,1909f56bfc062723c751e8b465ee728b)
Start importing Assets/Resources/Heroes/PracticeDummy.prefab using Guid(8d37498fc89c1e14aa2c104660e6154e) Importer(815301076,1909f56bfc062723c751e8b465ee728b) [PhysX] Initialized MultithreadedTaskDispatcher with 20 workers.
 -> (artifact id: '7602bbbb24d1dbe7d90cf1bc1d0f882f') in 0.001130 seconds
Number of updated asset objects reloaded before import = 0
Number of asset objects unloaded after import = 0
========================================================================
Received Import Request.
  Time since last request: 0.000026 seconds.
  path: Assets/Resources/Heroes/Catcher.prefab
  artifactKey: Guid(c96294a77a7044a48b598246e992b2fd) Importer(815301076,1909f56bfc062723c751e8b465ee728b)
Start importing Assets/Resources/Heroes/Catcher.prefab using Guid(c96294a77a7044a48b598246e992b2fd) Importer(815301076,1909f56bfc062723c751e8b465ee728b) [PhysX] Initialized MultithreadedTaskDispatcher with 20 workers.
 -> (artifact id: '6a79ca46c4d105db3d5d03b412af49c6') in 0.000942 seconds
Number of updated asset objects reloaded before import = 0
Number of asset objects unloaded after import = 0
========================================================================
Received Import Request.
  Time since last request: 45.391271 seconds.
  path: Assets/Resources/Heroes/Catcher.prefab
  artifactKey: Guid(c96294a77a7044a48b598246e992b2fd) Importer(815301076,1909f56bfc062723c751e8b465ee728b)
Start importing Assets/Resources/Heroes/Catcher.prefab using Guid(c96294a77a7044a48b598246e992b2fd) Importer(815301076,1909f56bfc062723c751e8b465ee728b) [PhysX] Initialized MultithreadedTaskDispatcher with 20 workers.
 -> (artifact id: '6a79ca46c4d105db3d5d03b412af49c6') in 0.001883 seconds
Number of updated asset objects reloaded before import = 0
Number of asset objects unloaded after import = 0
========================================================================
Received Import Request.
  Time since last request: 0.000158 seconds.
  path: Assets/Resources/Heroes/PracticeDummy.prefab
  artifactKey: Guid(8d37498fc89c1e14aa2c104660e6154e) Importer(815301076,1909f56bfc062723c751e8b465ee728b)
Start importing Assets/Resources/Heroes/PracticeDummy.prefab using Guid(8d37498fc89c1e14aa2c104660e6154e) Importer(815301076,1909f56bfc062723c751e8b465ee728b) [PhysX] Initialized MultithreadedTaskDispatcher with 20 workers.
 -> (artifact id: '7602bbbb24d1dbe7d90cf1bc1d0f882f') in 0.000920 seconds
Number of updated asset objects reloaded before import = 0
Number of asset objects unloaded after import = 0
========================================================================
Received Import Request.
  Time since last request: 1.764980 seconds.
  path: Assets/Resources/Heroes/Catcher.prefab
  artifactKey: Guid(c96294a77a7044a48b598246e992b2fd) Importer(815301076,1909f56bfc062723c751e8b465ee728b)
Start importing Assets/Resources/Heroes/Catcher.prefab using Guid(c96294a77a7044a48b598246e992b2fd) Importer(815301076,1909f56bfc062723c751e8b465ee728b) [PhysX] Initialized MultithreadedTaskDispatcher with 20 workers.
 -> (artifact id: '6a79ca46c4d105db3d5d03b412af49c6') in 0.000721 seconds
Number of updated asset objects reloaded before import = 0
Number of asset objects unloaded after import = 0
========================================================================
Received Import Request.
  Time since last request: 0.000027 seconds.
  path: Assets/Resources/Heroes/PracticeDummy.prefab
  artifactKey: Guid(8d37498fc89c1e14aa2c104660e6154e) Importer(815301076,1909f56bfc062723c751e8b465ee728b)
Start importing Assets/Resources/Heroes/PracticeDummy.prefab using Guid(8d37498fc89c1e14aa2c104660e6154e) Importer(815301076,1909f56bfc062723c751e8b465ee728b) [PhysX] Initialized MultithreadedTaskDispatcher with 20 workers.
 -> (artifact id: '7602bbbb24d1dbe7d90cf1bc1d0f882f') in 0.000716 seconds
Number of updated asset objects reloaded before import = 0
Number of asset objects unloaded after import = 0
========================================================================
Received Prepare
Caller must complete domain reload
0x00007ff7c0fed08d (Unity) StackWalker::GetCurrentCallstack
0x00007ff7c0ff2169 (Unity) StackWalker::ShowCallstack
0x00007ff7c1fdf231 (Unity) GetStacktrace
0x00007ff7c2699e6e (Unity) DebugStringToFile
0x00007ff7c2699baa (Unity) AssertImplementation
0x00007ff7c1e7d9fc (Unity) Internal_ADB_WorkerOnly_DomainReload
0x00007ff7c2363484 (Unity) WorkerDomainReloadV2
0x00007ff7c2384695 (Unity) <lambda_b37b41f03089e3cb3f55061bbc93253d>::operator()
0x00007ff7c23bfea2 (Unity) asio::detail::completion_handler<core::mutable_function<void __cdecl(void)>,asio::io_context::basic_executor_type<std::allocator<void>,0> >::do_complete
0x00007ff7c23abe4e (Unity) asio::detail::win_iocp_io_context::do_one
0x00007ff7c23adab4 (Unity) asio::detail::win_iocp_io_context::run
0x00007ff7c23be24c (Unity) IOService::Run
0x00007ff7c23916cf (Unity) AssetImportWorkerClient::Run
0x00007ff7c235d037 (Unity) RunAssetImportWorkerClientV2
0x00007ff7c235d0bb (Unity) RunAssetImporterV2
0x00007ff7c1b576fe (Unity) Application::InitializeProject
0x00007ff7c1fe9ed5 (Unity) WinMain
0x00007ff7c339b7be (Unity) __scrt_common_main_seh
0x00007ff87c1f259d (KERNEL32) BaseThreadInitThunk
0x00007ff87c78af38 (ntdll) RtlUserThreadStart

Begin MonoManager ReloadAssembly
Symbol file LoadedFromMemory is not a mono symbol file
- Loaded All Assemblies, in  1.184 seconds
Native extension for WindowsStandalone target not found
Native extension for Android target not found
Mono: successfully reloaded assembly
- Finished resetting the current domain, in  5.326 seconds
Domain Reload Profiling: 6497ms
	BeginReloadAssembly (270ms)
		ExecutionOrderSort (0ms)
		DisableScriptedObjects (8ms)
		BackupInstance (0ms)
		ReleaseScriptingObjects (0ms)
		CreateAndSetChildDomain (72ms)
	RebuildCommonClasses (44ms)
	RebuildNativeTypeToScriptingClass (16ms)
	initialDomainReloadingComplete (60ms)
	LoadAllAssembliesAndSetupDomain (780ms)
		LoadAssemblies (785ms)
		RebuildTransferFunctionScriptingTraits (0ms)
		AnalyzeDomain (130ms)
			TypeCache.Refresh (37ms)
				TypeCache.ScanAssembly (19ms)
			ScanForSourceGeneratedMonoScriptInfo (60ms)
			ResolveRequiredComponents (31ms)
	FinalizeReload (5327ms)
		ReleaseScriptCaches (0ms)
		RebuildScriptCaches (0ms)
		SetupLoadedEditorAssemblies (2058ms)
			LogAssemblyErrors (0ms)
			InitializePlatformSupportModulesInManaged (44ms)
			SetLoadedEditorAssemblies (11ms)
			RefreshPlugins (0ms)
			BeforeProcessingInitializeOnLoad (257ms)
			ProcessInitializeOnLoadAttributes (760ms)
			ProcessInitializeOnLoadMethodAttributes (974ms)
			AfterProcessingInitializeOnLoad (11ms)
			EditorAssembliesLoaded (1ms)
		ExecutionOrderSort2 (0ms)
		AwakeInstancesAfterBackupRestoration (19ms)
Refreshing native plugins compatible for Editor in 19.58 ms, found 0 plugins.
Preloading 0 native plugins for Editor in 0.00 ms.
Unloading 7359 Unused Serialized files (Serialized files now loaded: 0)
Unloading 55 unused Assets / (25.8 MB). Loaded Objects now: 8164.
Memory consumption went from 299.1 MB to 273.3 MB.
Total: 28.410300 ms (FindLiveObjects: 0.775700 ms CreateObjectMapping: 0.494200 ms MarkObjects: 21.967100 ms  DeleteObjects: 5.171300 ms)

Prepare: number of updated asset objects reloaded= 0
AssetImportParameters requested are different than current active one (requested -> active):
  custom:container-demuxer-ogg: 62fdf1f143b41e24485cea50d1cbac27 -> 
  custom:framework-win-MediaFoundation: 216162199b28c13a410421893ffa2e32 -> 
  custom:container-muxer-webm: aa71ff27fc2769a1b78a27578f13a17b -> 
  custom:video-decoder-webm-vp8: 9c59270c3fd7afecdb556c50c9e8de78 -> 
  custom:SearchIndexIgnoredProperties: e643bd26f0fe6173181afceb89e7c659 -> 
  custom:AudioImporter_EditorPlatform: d09bf68614088b80899f8185d706f6e7 -> 
  custom:audio-decoder-ogg-vorbis: bf7c407c2cedff20999df2af8eb42d56 -> 
  custom:audio-encoder-webm-vorbis: bf7c407c2cedff20999df2af8eb42d56 -> 
  custom:scripting/precompiled-assembly-types:Assembly-CSharp: db4aa681b7670da904ae6b657674a53e -> 026b83006b5339deda1d151b73919b15
  custom:video-codec-MediaFoundation-h265: 746d11721c4dcdbdad8f713fa42b33f4 -> 
  custom:video-decoder-ogg-theora: a1e56fd34408186e4bbccfd4996cb3dc -> 
  custom:CustomObjectIndexerAttribute: 72b91833f83ae208fae7752999fa3104 -> 
  custom:container-demuxer-webm: 4f35f7cbe854078d1ac9338744f61a02 -> 
  custom:video-encoder-webm-vp8: eb34c28f22e8b96e1ab97ce403110664 -> 
Editor requested this worker to shutdown with reason: Scaling down because of idle timeout
TcpMessagingSession - receive error: operation aborted. errorcode: 995, details: ќпераци€ ввода/вывода была прервана из-за завершени€ потока команд или по запросу приложени€.
AssetImportWorker is now disconnected from the server
Process exiting
Exiting without the bug reporter. Application will terminate with return code 0