Using pre-set license
Built from '2021.3/staging' branch; Version is '2021.3.0f1 (6eacc8284459) revision 7253192'; Using compiler version '192829333'; Build Type 'Release'
OS: 'Windows 8.1  (6.3.0) 64bit CoreSingleLanguage' Language: 'ru' Physical Memory: 3960 MB
BatchMode: 1, IsHumanControllingUs: 0, StartBugReporterOnCrash: 0, Is64bit: 1, IsPro: 1

COMMAND LINE ARGUMENTS:
C:\Program Files\Unity\Hub\Editor\2021.3.0f1\Editor\Unity.exe
-adb2
-batchMode
-noUpm
-name
AssetImportWorker14
-projectPath
C:/Users/admin/Documents/Unity projects/Universe Rift/UniverseRift
-logFile
Logs/AssetImportWorker14.log
-srvPort
50080
Successfully changed project path to: C:/Users/admin/Documents/Unity projects/Universe Rift/UniverseRift
C:/Users/admin/Documents/Unity projects/Universe Rift/UniverseRift
[UnityMemory] Configuration Parameters - Can be set up in boot.config
    "memorysetup-bucket-allocator-granularity=16"
    "memorysetup-bucket-allocator-bucket-count=8"
    "memorysetup-bucket-allocator-block-size=33554432"
    "memorysetup-bucket-allocator-block-count=8"
    "memorysetup-main-allocator-block-size=16777216"
    "memorysetup-thread-allocator-block-size=16777216"
    "memorysetup-gfx-main-allocator-block-size=16777216"
    "memorysetup-gfx-thread-allocator-block-size=16777216"
    "memorysetup-cache-allocator-block-size=4194304"
    "memorysetup-typetree-allocator-block-size=2097152"
    "memorysetup-profiler-bucket-allocator-granularity=16"
    "memorysetup-profiler-bucket-allocator-bucket-count=8"
    "memorysetup-profiler-bucket-allocator-block-size=33554432"
    "memorysetup-profiler-bucket-allocator-block-count=8"
    "memorysetup-profiler-allocator-block-size=16777216"
    "memorysetup-profiler-editor-allocator-block-size=1048576"
    "memorysetup-temp-allocator-size-main=16777216"
    "memorysetup-job-temp-allocator-block-size=2097152"
    "memorysetup-job-temp-allocator-block-size-background=1048576"
    "memorysetup-job-temp-allocator-reduction-small-platforms=262144"
    "memorysetup-temp-allocator-size-background-worker=32768"
    "memorysetup-temp-allocator-size-job-worker=262144"
    "memorysetup-temp-allocator-size-preload-manager=33554432"
    "memorysetup-temp-allocator-size-nav-mesh-worker=65536"
    "memorysetup-temp-allocator-size-audio-worker=65536"
    "memorysetup-temp-allocator-size-cloud-worker=32768"
    "memorysetup-temp-allocator-size-gi-baking-worker=262144"
    "memorysetup-temp-allocator-size-gfx=262144"
Refreshing native plugins compatible for Editor in 265.55 ms, found 3 plugins.
Preloading 0 native plugins for Editor in 0.00 ms.
Initialize engine version: 2021.3.0f1 (6eacc8284459)
[Subsystems] Discovering subsystems at path C:/Program Files/Unity/Hub/Editor/2021.3.0f1/Editor/Data/Resources/UnitySubsystems
[Subsystems] Discovering subsystems at path C:/Users/admin/Documents/Unity projects/Universe Rift/UniverseRift/Assets
GfxDevice: creating device client; threaded=0; jobified=0
d3d11: QueryInterface(IDXGIFactory5) failed (80004002).
Direct3D:
    Version:  Direct3D 11.0 [level 11.0]
    Renderer: Intel(R) HD Graphics 4000 (ID=0x166)
    Vendor:   Intel
    VRAM:     1760 MB
    Driver:   10.18.10.4276
Initialize mono
Mono path[0] = 'C:/Program Files/Unity/Hub/Editor/2021.3.0f1/Editor/Data/Managed'
Mono path[1] = 'C:/Program Files/Unity/Hub/Editor/2021.3.0f1/Editor/Data/MonoBleedingEdge/lib/mono/unityjit-win32'
Mono config path = 'C:/Program Files/Unity/Hub/Editor/2021.3.0f1/Editor/Data/MonoBleedingEdge/etc'
Using monoOptions --debugger-agent=transport=dt_socket,embedding=1,server=y,suspend=n,address=127.0.0.1:56900
Begin MonoManager ReloadAssembly
Registering precompiled unity dll's ...
Register platform support module: C:/Program Files/Unity/Hub/Editor/2021.3.0f1/Editor/Data/PlaybackEngines/AndroidPlayer/UnityEditor.Android.Extensions.dll
Register platform support module: C:/Program Files/Unity/Hub/Editor/2021.3.0f1/Editor/Data/PlaybackEngines/WindowsStandaloneSupport/UnityEditor.WindowsStandalone.Extensions.dll
Register platform support module: C:/Program Files/Unity/Hub/Editor/2021.3.0f1/Editor/Data/PlaybackEngines/MetroSupport/UnityEditor.UWP.Extensions.dll
Registered in 0.012197 seconds.
Native extension for UWP target not found
Native extension for WindowsStandalone target not found
Native extension for Android target not found
Refreshing native plugins compatible for Editor in 261.67 ms, found 3 plugins.
Preloading 0 native plugins for Editor in 0.00 ms.
Mono: successfully reloaded assembly
- Completed reload, in  1.874 seconds
Domain Reload Profiling:
	ReloadAssembly (1875ms)
		BeginReloadAssembly (170ms)
			ExecutionOrderSort (0ms)
			DisableScriptedObjects (0ms)
			BackupInstance (0ms)
			ReleaseScriptingObjects (0ms)
			CreateAndSetChildDomain (2ms)
		EndReloadAssembly (1438ms)
			LoadAssemblies (167ms)
			RebuildTransferFunctionScriptingTraits (0ms)
			SetupTypeCache (281ms)
			ReleaseScriptCaches (0ms)
			RebuildScriptCaches (81ms)
			SetupLoadedEditorAssemblies (935ms)
				LogAssemblyErrors (0ms)
				InitializePlatformSupportModulesInManaged (190ms)
				SetLoadedEditorAssemblies (0ms)
				RefreshPlugins (262ms)
				BeforeProcessingInitializeOnLoad (3ms)
				ProcessInitializeOnLoadAttributes (292ms)
				ProcessInitializeOnLoadMethodAttributes (187ms)
				AfterProcessingInitializeOnLoad (0ms)
				EditorAssembliesLoaded (0ms)
			ExecutionOrderSort2 (0ms)
			AwakeInstancesAfterBackupRestoration (0ms)
Platform modules already initialized, skipping
Registering precompiled user dll's ...
Registered in 0.040180 seconds.
Begin MonoManager ReloadAssembly
Symbol file LoadedFromMemory is not a mono symbol file
Native extension for UWP target not found
Native extension for WindowsStandalone target not found
Native extension for Android target not found
Refreshing native plugins compatible for Editor in 255.04 ms, found 3 plugins.
Preloading 0 native plugins for Editor in 0.00 ms.
SocketException: Системе не удается найти указанный параметр среды.
  at System.Net.Sockets.Socket..ctor (System.Net.Sockets.AddressFamily addressFamily, System.Net.Sockets.SocketType socketType, System.Net.Sockets.ProtocolType protocolType) [0x00068] in <6d7c4c8dd3624dc596686fb7270ae1e6>:0 
  at System.Net.NetworkInformation.Ping.SendPrivileged (System.Net.IPAddress address, System.Int32 timeout, System.Byte[] buffer, System.Net.NetworkInformation.PingOptions options) [0x00008] in <6d7c4c8dd3624dc596686fb7270ae1e6>:0 
  at System.Net.NetworkInformation.Ping.Send (System.Net.IPAddress address, System.Int32 timeout, System.Byte[] buffer, System.Net.NetworkInformation.PingOptions options) [0x0004c] in <6d7c4c8dd3624dc596686fb7270ae1e6>:0 
  at System.Net.NetworkInformation.Ping.Send (System.String hostNameOrAddress, System.Int32 timeout, System.Byte[] buffer, System.Net.NetworkInformation.PingOptions options) [0x00007] in <6d7c4c8dd3624dc596686fb7270ae1e6>:0 
  at System.Net.NetworkInformation.Ping.Send (System.String hostNameOrAddress, System.Int32 timeout, System.Byte[] buffer) [0x00009] in <6d7c4c8dd3624dc596686fb7270ae1e6>:0 
  at System.Net.NetworkInformation.Ping.Send (System.String hostNameOrAddress, System.Int32 timeout) [0x00000] in <6d7c4c8dd3624dc596686fb7270ae1e6>:0 
  at (wrapper remoting-invoke-with-check) System.Net.NetworkInformation.Ping.Send(string,int)
  at UnityEditor.AddressableAssets.HostingServices.HostingServicesManager.FilterValidIPAddresses (System.Collections.Generic.List`1[T] ipAddresses) [0x0001c] in C:\Users\admin\Documents\Unity projects\Universe Rift\UniverseRift\Library\PackageCache\com.unity.addressables@1.19.19\Editor\HostingServices\HostingServicesManager.cs:550 
  at UnityEditor.AddressableAssets.HostingServices.HostingServicesManager.RefreshGlobalProfileVariables () [0x0000d] in C:\Users\admin\Documents\Unity projects\Universe Rift\UniverseRift\Library\PackageCache\com.unity.addressables@1.19.19\Editor\HostingServices\HostingServicesManager.cs:421 
  at UnityEditor.AddressableAssets.HostingServices.HostingServicesManager.OnEnable () [0x0010e] in C:\Users\admin\Documents\Unity projects\Universe Rift\UniverseRift\Library\PackageCache\com.unity.addressables@1.19.19\Editor\HostingServices\HostingServicesManager.cs:297 
  at UnityEditor.AddressableAssets.Settings.AddressableAssetSettings.OnEnable () [0x00000] in C:\Users\admin\Documents\Unity projects\Universe Rift\UniverseRift\Library\PackageCache\com.unity.addressables@1.19.19\Editor\Settings\AddressableAssetSettings.cs:1326 
UnityEditor.AssetDatabase:LoadAssetAtPath(String, Type)
UnityEditor.AssetDatabase:LoadAssetAtPath(String)
UnityEditor.AddressableAssets.AddressableAssetSettingsDefaultObject:LoadSettingsObject() (at Library\PackageCache\com.unity.addressables@1.19.19\Editor\AddressableAssetSettingsDefaultObject.cs:62)
UnityEditor.AddressableAssets.AddressableAssetSettingsDefaultObject:get_Settings() (at Library\PackageCache\com.unity.addressables@1.19.19\Editor\AddressableAssetSettingsDefaultObject.cs:114)
UnityEditor.AddressableAssets.AddressableEditorInitialization:.cctor() (at Library\PackageCache\com.unity.addressables@1.19.19\Editor\AddressableEditorInitialization.cs:20)
System.Runtime.CompilerServices.RuntimeHelpers:RunClassConstructor(IntPtr)
System.Runtime.CompilerServices.RuntimeHelpers:RunClassConstructor(RuntimeTypeHandle)
UnityEditor.EditorAssemblies:ProcessInitializeOnLoadAttributes(Type[])

(Filename: Library/PackageCache/com.unity.addressables@1.19.19/Editor/HostingServices/HostingServicesManager.cs Line: 550)

Mono: successfully reloaded assembly
- Completed reload, in  9.058 seconds
Domain Reload Profiling:
	ReloadAssembly (9060ms)
		BeginReloadAssembly (359ms)
			ExecutionOrderSort (0ms)
			DisableScriptedObjects (19ms)
			BackupInstance (0ms)
			ReleaseScriptingObjects (0ms)
			CreateAndSetChildDomain (139ms)
		EndReloadAssembly (8414ms)
			LoadAssemblies (231ms)
			RebuildTransferFunctionScriptingTraits (0ms)
			SetupTypeCache (744ms)
			ReleaseScriptCaches (3ms)
			RebuildScriptCaches (187ms)
			SetupLoadedEditorAssemblies (7131ms)
				LogAssemblyErrors (0ms)
				InitializePlatformSupportModulesInManaged (34ms)
				SetLoadedEditorAssemblies (1ms)
				RefreshPlugins (255ms)
				BeforeProcessingInitializeOnLoad (282ms)
				ProcessInitializeOnLoadAttributes (3609ms)
				ProcessInitializeOnLoadMethodAttributes (2939ms)
				AfterProcessingInitializeOnLoad (12ms)
				EditorAssembliesLoaded (0ms)
			ExecutionOrderSort2 (0ms)
			AwakeInstancesAfterBackupRestoration (11ms)
Platform modules already initialized, skipping
========================================================================
Worker process is ready to serve import requests
Launched and connected shader compiler UnityShaderCompiler.exe after 0.20 seconds
Refreshing native plugins compatible for Editor in 3.53 ms, found 3 plugins.
Preloading 0 native plugins for Editor in 0.00 ms.
Unloading 4988 Unused Serialized files (Serialized files now loaded: 0)
Unloading 66 unused Assets / (1.2 MB). Loaded Objects now: 5482.
Memory consumption went from 201.3 MB to 200.1 MB.
Total: 138.347090 ms (FindLiveObjects: 0.815359 ms CreateObjectMapping: 0.690490 ms MarkObjects: 135.653553 ms  DeleteObjects: 1.184267 ms)

AssetImportParameters requested are different than current active one (requested -> active):
  custom:video-decoder-ogg-theora: a1e56fd34408186e4bbccfd4996cb3dc -> 
  custom:container-muxer-webm: aa71ff27fc2769a1b78a27578f13a17b -> 
  custom:container-demuxer-webm: 4f35f7cbe854078d1ac9338744f61a02 -> 
  custom:video-encoder-webm-vp8: eb34c28f22e8b96e1ab97ce403110664 -> 
  custom:audio-encoder-webm-vorbis: bf7c407c2cedff20999df2af8eb42d56 -> 
  custom:framework-win-MediaFoundation: 216162199b28c13a410421893ffa2e32 -> 
  custom:container-demuxer-ogg: 62fdf1f143b41e24485cea50d1cbac27 -> 
  custom:video-decoder-webm-vp8: 9c59270c3fd7afecdb556c50c9e8de78 -> 
  custom:audio-decoder-ogg-vorbis: bf7c407c2cedff20999df2af8eb42d56 -> 
========================================================================
Received Import Request.
  Time since last request: 604182.822152 seconds.
  path: Assets/GamesTan/UIFramework/Res/Prefabs/UI/Button
  artifactKey: Guid(007bd001f1dbc0c43ab600fb95974cf2) Importer(815301076,1909f56bfc062723c751e8b465ee728b)
Start importing Assets/GamesTan/UIFramework/Res/Prefabs/UI/Button using Guid(007bd001f1dbc0c43ab600fb95974cf2) Importer(815301076,1909f56bfc062723c751e8b465ee728b)  -> (artifact id: '215dc609f07a541ac6f014a18953134c') in 0.103683 seconds 
========================================================================
Received Import Request.
  Time since last request: 0.000055 seconds.
  path: Assets/GamesTan/UIFramework/Res/Prefabs/UI/Button/BtnDrawOne.prefab
  artifactKey: Guid(4bbe6b47e111c634bb3e732fc83eebf5) Importer(815301076,1909f56bfc062723c751e8b465ee728b)
Start importing Assets/GamesTan/UIFramework/Res/Prefabs/UI/Button/BtnDrawOne.prefab using Guid(4bbe6b47e111c634bb3e732fc83eebf5) Importer(815301076,1909f56bfc062723c751e8b465ee728b)  -> (artifact id: 'af4b6cc69dbc1c829d28a9d82612857a') in 0.937691 seconds 
========================================================================
Received Import Request.
  Time since last request: 0.000080 seconds.
  path: Assets/GamesTan/UIFramework/Res
  artifactKey: Guid(e3da808e0f5579e478f90a08a6ebf1d9) Importer(815301076,1909f56bfc062723c751e8b465ee728b)
Start importing Assets/GamesTan/UIFramework/Res using Guid(e3da808e0f5579e478f90a08a6ebf1d9) Importer(815301076,1909f56bfc062723c751e8b465ee728b)  -> (artifact id: 'd2036345cec4b980e1b9dc82ce99de08') in 0.068036 seconds 
========================================================================
Received Import Request.
  Time since last request: 0.000086 seconds.
  path: Assets/Gems and gold
  artifactKey: Guid(06cb504d251071e4fbeaa8be2ce1775a) Importer(815301076,1909f56bfc062723c751e8b465ee728b)
Start importing Assets/Gems and gold using Guid(06cb504d251071e4fbeaa8be2ce1775a) Importer(815301076,1909f56bfc062723c751e8b465ee728b)  -> (artifact id: 'f8c51db4b6599280304c8379879925da') in 0.033266 seconds 
========================================================================
Received Import Request.
  Time since last request: 0.000060 seconds.
  path: Assets/GamesTan/UIFramework/Res/Audio
  artifactKey: Guid(e5da7ec458a35f74bbb7900c5f629a6e) Importer(815301076,1909f56bfc062723c751e8b465ee728b)
Start importing Assets/GamesTan/UIFramework/Res/Audio using Guid(e5da7ec458a35f74bbb7900c5f629a6e) Importer(815301076,1909f56bfc062723c751e8b465ee728b)  -> (artifact id: '5b2a43156590ba4efea096c0d1fa0682') in 0.039589 seconds 
========================================================================
Received Import Request.
  Time since last request: 0.000046 seconds.
  path: Assets/GamesTan/UIFramework/Res/Prefabs
  artifactKey: Guid(7c023bbb67ff74cc48ea34025cc29cda) Importer(815301076,1909f56bfc062723c751e8b465ee728b)
Start importing Assets/GamesTan/UIFramework/Res/Prefabs using Guid(7c023bbb67ff74cc48ea34025cc29cda) Importer(815301076,1909f56bfc062723c751e8b465ee728b)  -> (artifact id: '87ceb9f2c057756cd6a09fcf4a25ea00') in 0.064622 seconds 
========================================================================
Received Import Request.
  Time since last request: 0.000054 seconds.
  path: Assets/GamesTan/UIFramework/Res/Prefabs/UI/Button/BtnDrawCard.prefab
  artifactKey: Guid(51217693c52e2324e82c902db4f14e0f) Importer(815301076,1909f56bfc062723c751e8b465ee728b)
Start importing Assets/GamesTan/UIFramework/Res/Prefabs/UI/Button/BtnDrawCard.prefab using Guid(51217693c52e2324e82c902db4f14e0f) Importer(815301076,1909f56bfc062723c751e8b465ee728b)  -> (artifact id: 'debf6ccbdc45e186824749e155d473c0') in 0.103199 seconds 
========================================================================
Received Import Request.
  Time since last request: 0.000043 seconds.
  path: Assets/GamesTan/UIFramework/Res/Prefabs/UI/Button/Button_Color_Green.prefab
  artifactKey: Guid(36791ad7b98514f68b15f0bcb1fbcf0a) Importer(815301076,1909f56bfc062723c751e8b465ee728b)
Start importing Assets/GamesTan/UIFramework/Res/Prefabs/UI/Button/Button_Color_Green.prefab using Guid(36791ad7b98514f68b15f0bcb1fbcf0a) Importer(815301076,1909f56bfc062723c751e8b465ee728b)  -> (artifact id: 'e306132436b6c511c96a37b1d644d518') in 0.835239 seconds 
========================================================================
Received Import Request.
  Time since last request: 0.000043 seconds.
  path: Assets/Materials
  artifactKey: Guid(7061fc8cf1f360d4584ecb5a89fc0c6c) Importer(815301076,1909f56bfc062723c751e8b465ee728b)
Start importing Assets/Materials using Guid(7061fc8cf1f360d4584ecb5a89fc0c6c) Importer(815301076,1909f56bfc062723c751e8b465ee728b)  -> (artifact id: 'e405250f506aeca583cabbc37bb921f5') in 0.054876 seconds 
========================================================================
Received Import Request.
  Time since last request: 0.000070 seconds.
  path: Assets/GamesTan/UIFramework/Res/Prefabs/UI/Button/Button_Color_Yellow.prefab
  artifactKey: Guid(07b968b85327441fca53b34782a40611) Importer(815301076,1909f56bfc062723c751e8b465ee728b)
Start importing Assets/GamesTan/UIFramework/Res/Prefabs/UI/Button/Button_Color_Yellow.prefab using Guid(07b968b85327441fca53b34782a40611) Importer(815301076,1909f56bfc062723c751e8b465ee728b)  -> (artifact id: '9ff8d108bcd59474f6b9650aa21a7f65') in 0.123216 seconds 
========================================================================
Received Import Request.
  Time since last request: 0.000055 seconds.
  path: Assets/GamesTan/UIFramework
  artifactKey: Guid(f61972f75b8fe8447a284877d8cd94b3) Importer(815301076,1909f56bfc062723c751e8b465ee728b)
Start importing Assets/GamesTan/UIFramework using Guid(f61972f75b8fe8447a284877d8cd94b3) Importer(815301076,1909f56bfc062723c751e8b465ee728b)  -> (artifact id: '88ce035c11e6c1f0880b376e12f10255') in 0.015921 seconds 
========================================================================
Received Import Request.
  Time since last request: 0.000049 seconds.
  path: Assets/GamesTan/UIFramework/Res/Audio/Click_Hover.wav
  artifactKey: Guid(a1187ffa729c128449107bb7ebe0e181) Importer(815301076,1909f56bfc062723c751e8b465ee728b)
Start importing Assets/GamesTan/UIFramework/Res/Audio/Click_Hover.wav using Guid(a1187ffa729c128449107bb7ebe0e181) Importer(815301076,1909f56bfc062723c751e8b465ee728b)  -> (artifact id: '213a17752546d170f5f2578068ce2787') in 0.975405 seconds 
========================================================================
Received Import Request.
  Time since last request: 0.000074 seconds.
  path: Assets/GamesTan/UIFramework/Res/Prefabs/UI/Button/ButtonHomeMenu.prefab
  artifactKey: Guid(7f211b77a11fffc4a990b459f380522c) Importer(815301076,1909f56bfc062723c751e8b465ee728b)
Start importing Assets/GamesTan/UIFramework/Res/Prefabs/UI/Button/ButtonHomeMenu.prefab using Guid(7f211b77a11fffc4a990b459f380522c) Importer(815301076,1909f56bfc062723c751e8b465ee728b)  -> (artifact id: '2c46479e96a5798f33fa88c5ab968682') in 0.141618 seconds 
========================================================================
Received Import Request.
  Time since last request: 0.000100 seconds.
  path: Assets/GamesTan/UIFramework/Res/Prefabs/UI/Button/ButtonPlay.prefab
  artifactKey: Guid(ad68745664b364e8aac5ece66601642f) Importer(815301076,1909f56bfc062723c751e8b465ee728b)
Start importing Assets/GamesTan/UIFramework/Res/Prefabs/UI/Button/ButtonPlay.prefab using Guid(ad68745664b364e8aac5ece66601642f) Importer(815301076,1909f56bfc062723c751e8b465ee728b)  -> (artifact id: '408f409c4cc246eece14e242a46242dc') in 0.095428 seconds 
========================================================================
Received Import Request.
  Time since last request: 0.000058 seconds.
  path: Assets/GamesTan/UIFramework/Res/Prefabs/UI/Button/BtnClose.prefab
  artifactKey: Guid(86956898bd4b0354c8fb23ce9862adc6) Importer(815301076,1909f56bfc062723c751e8b465ee728b)
Start importing Assets/GamesTan/UIFramework/Res/Prefabs/UI/Button/BtnClose.prefab using Guid(86956898bd4b0354c8fb23ce9862adc6) Importer(815301076,1909f56bfc062723c751e8b465ee728b)  -> (artifact id: '4aa4827c27222d875af18bcd80a3222d') in 0.196812 seconds 
========================================================================
Received Import Request.
  Time since last request: 0.000050 seconds.
  path: Assets/GamesTan/UIFramework/Res/Prefabs/UI
  artifactKey: Guid(bea36fb74174a7b47abadb5e84d6cf9a) Importer(815301076,1909f56bfc062723c751e8b465ee728b)
Start importing Assets/GamesTan/UIFramework/Res/Prefabs/UI using Guid(bea36fb74174a7b47abadb5e84d6cf9a) Importer(815301076,1909f56bfc062723c751e8b465ee728b)  -> (artifact id: '5aad35046310b29c2fda867f110cfdc7') in 0.055923 seconds 
========================================================================
Received Import Request.
  Time since last request: 0.000065 seconds.
  path: Assets/UniversalRenderPipelineGlobalSettings.asset
  artifactKey: Guid(3fbd8081a45a58642bdf6956ad838a0d) Importer(815301076,1909f56bfc062723c751e8b465ee728b)
Start importing Assets/UniversalRenderPipelineGlobalSettings.asset using Guid(3fbd8081a45a58642bdf6956ad838a0d) Importer(815301076,1909f56bfc062723c751e8b465ee728b)  -> (artifact id: '483804a7ffc81afebfee094fb4476cf4') in 0.166163 seconds 
========================================================================
Received Import Request.
  Time since last request: 3822.510305 seconds.
  path: Assets/Prefabs/UI/CampaignChapter.prefab
  artifactKey: Guid(b6d1af000f9577a48a43840d6dae01cd) Importer(815301076,1909f56bfc062723c751e8b465ee728b)
Start importing Assets/Prefabs/UI/CampaignChapter.prefab using Guid(b6d1af000f9577a48a43840d6dae01cd) Importer(815301076,1909f56bfc062723c751e8b465ee728b)  -> (artifact id: '7057852f5a1b71fcaded0c372c5402d9') in 13.420187 seconds 
========================================================================
Received Import Request.
  Time since last request: 0.006005 seconds.
  path: Assets/Prefabs/UI/CellPet.prefab
  artifactKey: Guid(3c9ba90473037314c967d1b524107300) Importer(815301076,1909f56bfc062723c751e8b465ee728b)
Start importing Assets/Prefabs/UI/CellPet.prefab using Guid(3c9ba90473037314c967d1b524107300) Importer(815301076,1909f56bfc062723c751e8b465ee728b)  -> (artifact id: 'fcef744d2442567e56f7571f3690b8ae') in 2.606908 seconds 
========================================================================
Received Import Request.
  Time since last request: 0.000067 seconds.
  path: Assets/Prefabs/UI/WarriorPlace.prefab
  artifactKey: Guid(902829c21ddb95446ab0ac3f788d563f) Importer(815301076,1909f56bfc062723c751e8b465ee728b)
Start importing Assets/Prefabs/UI/WarriorPlace.prefab using Guid(902829c21ddb95446ab0ac3f788d563f) Importer(815301076,1909f56bfc062723c751e8b465ee728b)  -> (artifact id: '15a917fee36d2c9295677cc681bb3229') in 0.397281 seconds 
========================================================================
Received Import Request.
  Time since last request: 0.000066 seconds.
  path: Assets/Prefabs/UI/ResourseCost.prefab
  artifactKey: Guid(aeb68e29af1e24346940679ee72b10d4) Importer(815301076,1909f56bfc062723c751e8b465ee728b)
Start importing Assets/Prefabs/UI/ResourseCost.prefab using Guid(aeb68e29af1e24346940679ee72b10d4) Importer(815301076,1909f56bfc062723c751e8b465ee728b)  -> (artifact id: '1418c7a5fc4639f5a7cb105dff7887ab') in 2.714546 seconds 
========================================================================
Received Import Request.
  Time since last request: 0.000062 seconds.
  path: Assets/Prefabs/UI/PanelReward.prefab
  artifactKey: Guid(b19e9c69c6ddaa847b720d7a97da9ae7) Importer(815301076,1909f56bfc062723c751e8b465ee728b)
Start importing Assets/Prefabs/UI/PanelReward.prefab using Guid(b19e9c69c6ddaa847b720d7a97da9ae7) Importer(815301076,1909f56bfc062723c751e8b465ee728b)  -> (artifact id: 'f3dfdb3e6fe3bdeeea21b4c1fee3dbb5') in 2.150827 seconds 
========================================================================
Received Import Request.
  Time since last request: 0.000055 seconds.
  path: Assets/Prefabs/UI/Item.prefab
  artifactKey: Guid(52e535623590d5a4aa4bcbc0f36e5f95) Importer(815301076,1909f56bfc062723c751e8b465ee728b)
Start importing Assets/Prefabs/UI/Item.prefab using Guid(52e535623590d5a4aa4bcbc0f36e5f95) Importer(815301076,1909f56bfc062723c751e8b465ee728b)  -> (artifact id: '42d7d4700acc5050b4d7c04a664ebc8b') in 0.484347 seconds 
========================================================================
Received Import Request.
  Time since last request: 0.000047 seconds.
  path: Assets/Prefabs/UI/HorizontalRating.prefab
  artifactKey: Guid(ebb9e7e0f6186454ca2ae410b331d51a) Importer(815301076,1909f56bfc062723c751e8b465ee728b)
Start importing Assets/Prefabs/UI/HorizontalRating.prefab using Guid(ebb9e7e0f6186454ca2ae410b331d51a) Importer(815301076,1909f56bfc062723c751e8b465ee728b)  -> (artifact id: 'cfe08edd93ce802a009b695806212929') in 0.146458 seconds 
========================================================================
Received Import Request.
  Time since last request: 0.000061 seconds.
  path: Assets/Prefabs/UI/ObserverNotResource.prefab
  artifactKey: Guid(4c3f43d33eace774f974d84ddd59c9fb) Importer(815301076,1909f56bfc062723c751e8b465ee728b)
Start importing Assets/Prefabs/UI/ObserverNotResource.prefab using Guid(4c3f43d33eace774f974d84ddd59c9fb) Importer(815301076,1909f56bfc062723c751e8b465ee728b)  -> (artifact id: '03f65678621032039afdd00a98c9c29f') in 0.582240 seconds 
========================================================================
Received Import Request.
  Time since last request: 0.000067 seconds.
  path: Assets/Prefabs/UI/PanelOpponent.prefab
  artifactKey: Guid(1f147a64be425e5469a681f7a58debe5) Importer(815301076,1909f56bfc062723c751e8b465ee728b)
Start importing Assets/Prefabs/UI/PanelOpponent.prefab using Guid(1f147a64be425e5469a681f7a58debe5) Importer(815301076,1909f56bfc062723c751e8b465ee728b)  -> (artifact id: '18826ca3a1da30e8ff7072a0f83005e0') in 0.456165 seconds 
========================================================================
Received Import Request.
  Time since last request: 0.000066 seconds.
  path: Assets/Prefabs/UI/ItemForge.prefab
  artifactKey: Guid(f34a126f4a1fdd345998c90b48ced509) Importer(815301076,1909f56bfc062723c751e8b465ee728b)
Start importing Assets/Prefabs/UI/ItemForge.prefab using Guid(f34a126f4a1fdd345998c90b48ced509) Importer(815301076,1909f56bfc062723c751e8b465ee728b)  -> (artifact id: 'f6d0a4446b90d95bc1bc8e6a701f888d') in 0.485898 seconds 
========================================================================
Received Import Request.
  Time since last request: 0.000068 seconds.
  path: Assets/Prefabs/UI/PanelGetReward.prefab
  artifactKey: Guid(b336f12acd340cc4a93a32f0461e7d9f) Importer(815301076,1909f56bfc062723c751e8b465ee728b)
Start importing Assets/Prefabs/UI/PanelGetReward.prefab using Guid(b336f12acd340cc4a93a32f0461e7d9f) Importer(815301076,1909f56bfc062723c751e8b465ee728b)  -> (artifact id: 'ad9dc7261768aaeb3ad9d65157103186') in 2.770667 seconds 
========================================================================
Received Import Request.
  Time since last request: 0.000063 seconds.
  path: Assets/Prefabs/UI/Product.prefab
  artifactKey: Guid(3a97751484930c44a878d0154044af39) Importer(815301076,1909f56bfc062723c751e8b465ee728b)
Start importing Assets/Prefabs/UI/Product.prefab using Guid(3a97751484930c44a878d0154044af39) Importer(815301076,1909f56bfc062723c751e8b465ee728b)  -> (artifact id: '405983d69f877bfa25bdffa57dfb5a37') in 0.683302 seconds 
========================================================================
Received Import Request.
  Time since last request: 0.000059 seconds.
  path: Assets/Prefabs/UI/CountController.prefab
  artifactKey: Guid(d277f46cb27ddd14fa34d2cf842b9d75) Importer(815301076,1909f56bfc062723c751e8b465ee728b)
Start importing Assets/Prefabs/UI/CountController.prefab using Guid(d277f46cb27ddd14fa34d2cf842b9d75) Importer(815301076,1909f56bfc062723c751e8b465ee728b)  -> (artifact id: '7d1367dd4f8510cb97aa7fd44dc2016f') in 0.266913 seconds 
========================================================================
Received Import Request.
  Time since last request: 0.000069 seconds.
  path: Assets/Prefabs/UI/ObserverResource.prefab
  artifactKey: Guid(af3f986f82ae8ee459675dc594f9848c) Importer(815301076,1909f56bfc062723c751e8b465ee728b)
Start importing Assets/Prefabs/UI/ObserverResource.prefab using Guid(af3f986f82ae8ee459675dc594f9848c) Importer(815301076,1909f56bfc062723c751e8b465ee728b)  -> (artifact id: 'a405b094d18e21c4604a60b2dd5b0010') in 0.239300 seconds 
========================================================================
Received Import Request.
  Time since last request: 0.000066 seconds.
  path: Assets/Prefabs/UI/SkillUIObject.prefab
  artifactKey: Guid(193efed2dcaaf37468315e2f7063032b) Importer(815301076,1909f56bfc062723c751e8b465ee728b)
Start importing Assets/Prefabs/UI/SkillUIObject.prefab using Guid(193efed2dcaaf37468315e2f7063032b) Importer(815301076,1909f56bfc062723c751e8b465ee728b)  -> (artifact id: '55c1c1a35dd44b5568f2f9580f89e74f') in 3.880357 seconds 
========================================================================
Received Import Request.
  Time since last request: 0.000055 seconds.
  path: Assets/Prefabs/UI/VerticalRating.prefab
  artifactKey: Guid(8672359ba5d498643bfb66ae9d5977bf) Importer(815301076,1909f56bfc062723c751e8b465ee728b)
Start importing Assets/Prefabs/UI/VerticalRating.prefab using Guid(8672359ba5d498643bfb66ae9d5977bf) Importer(815301076,1909f56bfc062723c751e8b465ee728b)  -> (artifact id: '031dcc316e6c43d351abc8d65ee1a4ca') in 0.084938 seconds 
========================================================================
Received Import Request.
  Time since last request: 0.000071 seconds.
  path: Assets/Prefabs/UI/RequirementUI.prefab
  artifactKey: Guid(20505886f4056c146a800f015f86583d) Importer(815301076,1909f56bfc062723c751e8b465ee728b)
Start importing Assets/Prefabs/UI/RequirementUI.prefab using Guid(20505886f4056c146a800f015f86583d) Importer(815301076,1909f56bfc062723c751e8b465ee728b)  -> (artifact id: '8af1054a8a77ce9fda1e6f330208ad21') in 0.521775 seconds 
========================================================================
Received Import Request.
  Time since last request: 0.000050 seconds.
  path: Assets/Prefabs/UI/SliderAmount.prefab
  artifactKey: Guid(d8118def149f5b542ab5b30dbcff5eb9) Importer(815301076,1909f56bfc062723c751e8b465ee728b)
Start importing Assets/Prefabs/UI/SliderAmount.prefab using Guid(d8118def149f5b542ab5b30dbcff5eb9) Importer(815301076,1909f56bfc062723c751e8b465ee728b)  -> (artifact id: '473595b080d0c2796c2b0b1471a28c48') in 0.397725 seconds 
