Using pre-set license
Built from '2022.3/staging' branch; Version is '2022.3.42f1 (2dcb6a0abc42) revision 3001194'; Using compiler version '192829333'; Build Type 'Release'
OS: 'Windows 11  (10.0.22631) 64bit Core' Language: 'ru' Physical Memory: 16108 MB
BatchMode: 1, IsHumanControllingUs: 0, StartBugReporterOnCrash: 0, Is64bit: 1, IsPro: 1

COMMAND LINE ARGUMENTS:
C:\Program Files\Unity\Hub\Editor\2022.3.42f1\Editor\Unity.exe
-adb2
-batchMode
-noUpm
-name
AssetImportWorker6
-projectPath
C:/Projects/UniverseRift.git
-logFile
Logs/AssetImportWorker6.log
-srvPort
62683
Successfully changed project path to: C:/Projects/UniverseRift.git
C:/Projects/UniverseRift.git
[UnityMemory] Configuration Parameters - Can be set up in boot.config
    "memorysetup-bucket-allocator-granularity=16"
    "memorysetup-bucket-allocator-bucket-count=8"
    "memorysetup-bucket-allocator-block-size=33554432"
    "memorysetup-bucket-allocator-block-count=8"
    "memorysetup-main-allocator-block-size=16777216"
    "memorysetup-thread-allocator-block-size=16777216"
    "memorysetup-gfx-main-allocator-block-size=16777216"
    "memorysetup-gfx-thread-allocator-block-size=16777216"
    "memorysetup-cache-allocator-block-size=4194304"
    "memorysetup-typetree-allocator-block-size=2097152"
    "memorysetup-profiler-bucket-allocator-granularity=16"
    "memorysetup-profiler-bucket-allocator-bucket-count=8"
    "memorysetup-profiler-bucket-allocator-block-size=33554432"
    "memorysetup-profiler-bucket-allocator-block-count=8"
    "memorysetup-profiler-allocator-block-size=16777216"
    "memorysetup-profiler-editor-allocator-block-size=1048576"
    "memorysetup-temp-allocator-size-main=16777216"
    "memorysetup-job-temp-allocator-block-size=2097152"
    "memorysetup-job-temp-allocator-block-size-background=1048576"
    "memorysetup-job-temp-allocator-reduction-small-platforms=262144"
    "memorysetup-allocator-temp-initial-block-size-main=262144"
    "memorysetup-allocator-temp-initial-block-size-worker=262144"
    "memorysetup-temp-allocator-size-background-worker=32768"
    "memorysetup-temp-allocator-size-job-worker=262144"
    "memorysetup-temp-allocator-size-preload-manager=33554432"
    "memorysetup-temp-allocator-size-nav-mesh-worker=65536"
    "memorysetup-temp-allocator-size-audio-worker=65536"
    "memorysetup-temp-allocator-size-cloud-worker=32768"
    "memorysetup-temp-allocator-size-gi-baking-worker=262144"
    "memorysetup-temp-allocator-size-gfx=262144"
Player connection [12428]  Target information:

Player connection [12428]  * "[IP] 172.16.0.2 [Port] 0 [Flags] 2 [Guid] 1495599096 [EditorId] 1495599096 [Version] 1048832 [Id] WindowsEditor(7,Landelo) [Debug] 1 [PackageName] WindowsEditor [ProjectName] Editor" 

Player connection [12428]  * "[IP] 192.168.1.2 [Port] 0 [Flags] 2 [Guid] 1495599096 [EditorId] 1495599096 [Version] 1048832 [Id] WindowsEditor(7,Landelo) [Debug] 1 [PackageName] WindowsEditor [ProjectName] Editor" 

Player connection [12428] Host joined multi-casting on [225.0.0.222:54997]...
Player connection [12428] Host joined alternative multi-casting on [225.0.0.222:34997]...
[PhysX] Initialized MultithreadedTaskDispatcher with 20 workers.
Refreshing native plugins compatible for Editor in 49.08 ms, found 0 plugins.
Preloading 0 native plugins for Editor in 0.00 ms.
Initialize engine version: 2022.3.42f1 (2dcb6a0abc42)
[Subsystems] Discovering subsystems at path C:/Program Files/Unity/Hub/Editor/2022.3.42f1/Editor/Data/Resources/UnitySubsystems
[Subsystems] Discovering subsystems at path C:/Projects/UniverseRift.git/Assets
GfxDevice: creating device client; threaded=0; jobified=0
Direct3D:
    Version:  Direct3D 11.0 [level 11.1]
    Renderer: NVIDIA GeForce RTX 3060 Laptop GPU (ID=0x2520)
    Vendor:   NVIDIA
    VRAM:     6023 MB
    Driver:   30.0.15.1165
Invalid texture used for cursor - check importer settings or texture creation. Texture must be RGBA32, readable, have alphaIsTransparency enabled and have no mip chain.
Failed to set the cursor because the specified texture ('fx_rotate_line') was not CPU accessible.
Initialize mono
Mono path[0] = 'C:/Program Files/Unity/Hub/Editor/2022.3.42f1/Editor/Data/Managed'
Mono path[1] = 'C:/Program Files/Unity/Hub/Editor/2022.3.42f1/Editor/Data/MonoBleedingEdge/lib/mono/unityjit-win32'
Mono config path = 'C:/Program Files/Unity/Hub/Editor/2022.3.42f1/Editor/Data/MonoBleedingEdge/etc'
Using monoOptions --debugger-agent=transport=dt_socket,embedding=1,server=y,suspend=n,address=127.0.0.1:56588
Begin MonoManager ReloadAssembly
Registering precompiled unity dll's ...
Register platform support module: C:/Program Files/Unity/Hub/Editor/2022.3.42f1/Editor/Data/PlaybackEngines/AndroidPlayer/UnityEditor.Android.Extensions.dll
Register platform support module: C:/Program Files/Unity/Hub/Editor/2022.3.42f1/Editor/Data/PlaybackEngines/WindowsStandaloneSupport/UnityEditor.WindowsStandalone.Extensions.dll
Registered in 0.008678 seconds.
- Loaded All Assemblies, in  0.410 seconds
Native extension for WindowsStandalone target not found
Native extension for Android target not found
Android Extension - Scanning For ADB Devices 233 ms
Mono: successfully reloaded assembly
- Finished resetting the current domain, in  0.512 seconds
Domain Reload Profiling: 921ms
	BeginReloadAssembly (123ms)
		ExecutionOrderSort (0ms)
		DisableScriptedObjects (0ms)
		BackupInstance (0ms)
		ReleaseScriptingObjects (0ms)
		CreateAndSetChildDomain (1ms)
	RebuildCommonClasses (27ms)
	RebuildNativeTypeToScriptingClass (9ms)
	initialDomainReloadingComplete (50ms)
	LoadAllAssembliesAndSetupDomain (199ms)
		LoadAssemblies (121ms)
		RebuildTransferFunctionScriptingTraits (0ms)
		AnalyzeDomain (197ms)
			TypeCache.Refresh (196ms)
				TypeCache.ScanAssembly (185ms)
			ScanForSourceGeneratedMonoScriptInfo (0ms)
			ResolveRequiredComponents (0ms)
	FinalizeReload (513ms)
		ReleaseScriptCaches (0ms)
		RebuildScriptCaches (0ms)
		SetupLoadedEditorAssemblies (477ms)
			LogAssemblyErrors (0ms)
			InitializePlatformSupportModulesInManaged (327ms)
			SetLoadedEditorAssemblies (4ms)
			RefreshPlugins (0ms)
			BeforeProcessingInitializeOnLoad (2ms)
			ProcessInitializeOnLoadAttributes (106ms)
			ProcessInitializeOnLoadMethodAttributes (39ms)
			AfterProcessingInitializeOnLoad (0ms)
			EditorAssembliesLoaded (0ms)
		ExecutionOrderSort2 (0ms)
		AwakeInstancesAfterBackupRestoration (0ms)
========================================================================
Worker process is ready to serve import requests
Caller must complete domain reload
0x00007ff708e2d08d (Unity) StackWalker::GetCurrentCallstack
0x00007ff708e32169 (Unity) StackWalker::ShowCallstack
0x00007ff709e1f231 (Unity) GetStacktrace
0x00007ff70a4d9e6e (Unity) DebugStringToFile
0x00007ff70a4d9baa (Unity) AssertImplementation
0x00007ff709cbd9fc (Unity) Internal_ADB_WorkerOnly_DomainReload
0x00007ff70a1a3484 (Unity) WorkerDomainReloadV2
0x00007ff70a1c40af (Unity) <lambda_943be6b2c5671afd01d59371cf3ef730>::operator()
0x00007ff70a1ffea2 (Unity) asio::detail::completion_handler<core::mutable_function<void __cdecl(void)>,asio::io_context::basic_executor_type<std::allocator<void>,0> >::do_complete
0x00007ff70a1ebe4e (Unity) asio::detail::win_iocp_io_context::do_one
0x00007ff70a1eda7e (Unity) asio::detail::win_iocp_io_context::run
0x00007ff70a1fe24c (Unity) IOService::Run
0x00007ff70a1d16cf (Unity) AssetImportWorkerClient::Run
0x00007ff70a19d037 (Unity) RunAssetImportWorkerClientV2
0x00007ff70a19d0bb (Unity) RunAssetImporterV2
0x00007ff7099976fe (Unity) Application::InitializeProject
0x00007ff709e29ed5 (Unity) WinMain
0x00007ff70b1db7be (Unity) __scrt_common_main_seh
0x00007ffef564257d (KERNEL32) BaseThreadInitThunk
0x00007ffef6acaf08 (ntdll) RtlUserThreadStart

Begin MonoManager ReloadAssembly
Symbol file LoadedFromMemory is not a mono symbol file
- Loaded All Assemblies, in  1.391 seconds
Native extension for WindowsStandalone target not found
Native extension for Android target not found
Launched and connected shader compiler UnityShaderCompiler.exe after 0.09 seconds
Mirror | mirror-networking.com | discord.gg/N9QVxbM
UnityEngine.StackTraceUtility:ExtractStackTrace ()
UnityEngine.DebugLogHandler:LogFormat (UnityEngine.LogType,UnityEngine.Object,string,object[])
UnityEngine.Logger:Log (UnityEngine.LogType,object)
UnityEngine.Debug:Log (object)
Mirror.Welcome:OnInitializeOnLoad () (at Assets/Mirror/Editor/Welcome.cs:18)
System.Reflection.RuntimeMethodInfo:Invoke (object,System.Reflection.BindingFlags,System.Reflection.Binder,object[],System.Globalization.CultureInfo)
System.Reflection.MethodBase:Invoke (object,object[])
UnityEditor.EditorAssemblies:ProcessInitializeOnLoadMethodAttributes ()

(Filename: Assets/Mirror/Editor/Welcome.cs Line: 18)

Mono: successfully reloaded assembly
- Finished resetting the current domain, in  1.600 seconds
Domain Reload Profiling: 2982ms
	BeginReloadAssembly (152ms)
		ExecutionOrderSort (0ms)
		DisableScriptedObjects (4ms)
		BackupInstance (0ms)
		ReleaseScriptingObjects (0ms)
		CreateAndSetChildDomain (20ms)
	RebuildCommonClasses (24ms)
	RebuildNativeTypeToScriptingClass (7ms)
	initialDomainReloadingComplete (54ms)
	LoadAllAssembliesAndSetupDomain (1145ms)
		LoadAssemblies (935ms)
		RebuildTransferFunctionScriptingTraits (0ms)
		AnalyzeDomain (309ms)
			TypeCache.Refresh (252ms)
				TypeCache.ScanAssembly (230ms)
			ScanForSourceGeneratedMonoScriptInfo (40ms)
			ResolveRequiredComponents (16ms)
	FinalizeReload (1600ms)
		ReleaseScriptCaches (0ms)
		RebuildScriptCaches (0ms)
		SetupLoadedEditorAssemblies (1388ms)
			LogAssemblyErrors (0ms)
			InitializePlatformSupportModulesInManaged (25ms)
			SetLoadedEditorAssemblies (8ms)
			RefreshPlugins (0ms)
			BeforeProcessingInitializeOnLoad (163ms)
			ProcessInitializeOnLoadAttributes (757ms)
			ProcessInitializeOnLoadMethodAttributes (428ms)
			AfterProcessingInitializeOnLoad (5ms)
			EditorAssembliesLoaded (0ms)
		ExecutionOrderSort2 (0ms)
		AwakeInstancesAfterBackupRestoration (4ms)
Refreshing native plugins compatible for Editor in 43.08 ms, found 0 plugins.
Preloading 0 native plugins for Editor in 0.00 ms.
Unloading 7548 Unused Serialized files (Serialized files now loaded: 0)
Unloading 71 unused Assets / (25.8 MB). Loaded Objects now: 8088.
Memory consumption went from 339.3 MB to 313.5 MB.
Total: 20.223600 ms (FindLiveObjects: 0.548700 ms CreateObjectMapping: 0.350900 ms MarkObjects: 13.711500 ms  DeleteObjects: 5.611200 ms)

AssetImportParameters requested are different than current active one (requested -> active):
  custom:container-demuxer-ogg: 62fdf1f143b41e24485cea50d1cbac27 -> 
  custom:scripting/monoscript/fileName/VectorIntFormatters.cs: 9586b7cc9790bedc597b383a8c7e74bd -> 
  custom:scripting/monoscript/fileName/BuildAOTAutomation.cs: bc965071e67864fcb98b6905e53f9cf0 -> 
  custom:framework-win-MediaFoundation: 216162199b28c13a410421893ffa2e32 -> 
  custom:scripting/monoscript/fileName/VectorIntDrawers.cs: ff9fdecb2dae0b1d098a97f8b7c0a9e5 -> 
  custom:scripting/monoscript/fileName/UpdateChecker.cs: f4fa143a5511d0860f6257ecc1abfb6b -> 029b1daf8f3b497c0666e54f8685c8b9
  custom:scripting/monoscript/fileName/ExternalLinks.cs: 59a1e94e8f92c120ea66f1352f9c313b -> f57d4a4349423b09b7191c91a0e33dbb
  custom:scripting/monoscript/fileName/ParrelSyncAssetModificationProcessor.cs: 6d46d9907a9b42110c441f804e11649a -> 98155902029fa8ed02f705a5843cf897
  custom:scripting/monoscript/fileName/VectorIntPropertyResolvers.cs: e32158c95c6e6c239f32d45819ee2d20 -> 
  custom:container-muxer-webm: aa71ff27fc2769a1b78a27578f13a17b -> 
  custom:video-decoder-webm-vp8: 9c59270c3fd7afecdb556c50c9e8de78 -> 
  custom:SearchIndexIgnoredProperties: e643bd26f0fe6173181afceb89e7c659 -> 
  custom:scripting/monoscript/fileName/AssemblyImportSettingsAutomation.cs: 42bef8034c9ce3f0d6c978e0d0551f15 -> 
  custom:AudioImporter_EditorPlatform: d09bf68614088b80899f8185d706f6e7 -> 
  custom:scripting/monoscript/fileName/SimpleAction.cs: 1301d516c086077ffe4b433ead602da0 -> 
  custom:scripting/monoscript/fileName/AskFeedbackDialog.cs: 15eed79ca1600ec961ee9e1b81db697e -> 87af38bcc9ff5fcc64e3b06dc3e06287
  custom:scripting/monoscript/fileName/OtherMenuItem.cs: 8dd0c8fa3f8708c7f211e61b38016518 -> 65154b4add18958b71906d4d02b7528b
  custom:audio-decoder-ogg-vorbis: bf7c407c2cedff20999df2af8eb42d56 -> 
  custom:scripting/monoscript/fileName/ActionEffectDetails.cs: 8d2962647305b9b45287f939f6652f4e -> 
  custom:scripting/monoscript/fileName/OdinUpgrader.cs: ee3d9228da7555b7ff3d8bc8c2e703d7 -> 
  custom:audio-encoder-webm-vorbis: bf7c407c2cedff20999df2af8eb42d56 -> 
  custom:scripting/monoscript/fileName/FixBrokenUnityObjectWrapperDrawer.cs: 0cdf409b5aa8d4c25876d72b5c6a3b60 -> 
  custom:video-codec-MediaFoundation-h265: 746d11721c4dcdbdad8f713fa42b33f4 -> 
  custom:scripting/monoscript/fileName/Vector2IntMinMaxAttributeDrawer.cs: eb03797dc07c930643638362abd8e148 -> 
  custom:video-decoder-ogg-theora: a1e56fd34408186e4bbccfd4996cb3dc -> 
  custom:scripting/monoscript/fileName/CustomArgumentExample.cs: dc5717d26bf03e4fabad245f536d6adc -> 9fe00a64f6bf3c6cbd9b9dd594a81ab9
  custom:CustomObjectIndexerAttribute: 72b91833f83ae208fae7752999fa3104 -> 
  custom:container-demuxer-webm: 4f35f7cbe854078d1ac9338744f61a02 -> 
  custom:scripting/monoscript/fileName/ClonesManagerWindow.cs: 910630a445f8ef421f760c8c6a0ee8ac -> 480fe8f568c4df8018a3dadfa3e69d57
  custom:scripting/monoscript/fileName/ValidateCopiedFoldersIntegrity.cs: 1cbd699743a201395c1fb4e69761fbbe -> 56f406d9e913419ab82dfb77d147492d
  custom:scripting/monoscript/fileName/EnsureOdinInspectorDefine.cs: 461414cb0a18f7470566e6e72e890dbe -> 
  custom:scripting/monoscript/fileName/Project.cs: c031ac54c4553aae4915790679d0621a -> e0f36ba34d7b588c02343a8832f6bf7b
  custom:scripting/monoscript/fileName/Preferences.cs: 459e18932dd6a67f6a6f1c4bc7078537 -> 92c2dcaaad6eaa4a4bd5472569082be1
  custom:scripting/monoscript/fileName/SkillsContainer.cs: f541871ac980b285f188f3b2287b573c -> 
  custom:scripting/monoscript/fileName/FileUtilities.cs: a07cfb7041c6b8a10eda211e28510e83 -> 5a830a36b26409c0d41301d9b1600e3f
  custom:scripting/monoscript/fileName/ActionEffect.cs: 8d2962647305b9b45287f939f6652f4e -> 
  custom:video-encoder-webm-vp8: eb34c28f22e8b96e1ab97ce403110664 -> 
  custom:scripting/monoscript/fileName/ClonesManager.cs: ac2c82ec34a3edfb5f28bbdb2dee523a -> 56d4e9ba876d20feaa256fa586b68f63
  custom:scripting/monoscript/fileName/EditorQuit.cs: 290a58076c6512bec6d680d6c814d5f3 -> 0d99020733aa7608452e4fa0cdb5cb7e
========================================================================
Received Import Request.
  Time since last request: 321189.063408 seconds.
  path: Assets/Prefabs/UI/CountController.prefab
  artifactKey: Guid(d277f46cb27ddd14fa34d2cf842b9d75) Importer(815301076,1909f56bfc062723c751e8b465ee728b)
Start importing Assets/Prefabs/UI/CountController.prefab using Guid(d277f46cb27ddd14fa34d2cf842b9d75) Importer(815301076,1909f56bfc062723c751e8b465ee728b) [PhysX] Initialized MultithreadedTaskDispatcher with 20 workers.
 -> (artifact id: '22ab4e5485bf8c10d8d35259e005336e') in 0.177964 seconds
Number of updated asset objects reloaded before import = 0
Number of asset objects unloaded after import = 46
========================================================================
Received Import Request.
  Time since last request: 133.432362 seconds.
  path: Assets/Others/GUI PRO Kit - Casual Game/ResourcesData/Sprite
  artifactKey: Guid(fbe980cf9b040404da33e516deccf5d3) Importer(815301076,1909f56bfc062723c751e8b465ee728b)
Start importing Assets/Others/GUI PRO Kit - Casual Game/ResourcesData/Sprite using Guid(fbe980cf9b040404da33e516deccf5d3) Importer(815301076,1909f56bfc062723c751e8b465ee728b) [PhysX] Initialized MultithreadedTaskDispatcher with 20 workers.
 -> (artifact id: '03eda1adb3ce5c1847087138724d810d') in 0.000733 seconds
Number of updated asset objects reloaded before import = 0
Number of asset objects unloaded after import = 0
========================================================================
Received Import Request.
  Time since last request: 1.319835 seconds.
  path: Assets/Others/GUI PRO Kit - Casual Game/ResourcesData/Particle
  artifactKey: Guid(f28e19b42baa14be9a4d133aedf91da8) Importer(815301076,1909f56bfc062723c751e8b465ee728b)
Start importing Assets/Others/GUI PRO Kit - Casual Game/ResourcesData/Particle using Guid(f28e19b42baa14be9a4d133aedf91da8) Importer(815301076,1909f56bfc062723c751e8b465ee728b) [PhysX] Initialized MultithreadedTaskDispatcher with 20 workers.
 -> (artifact id: '9478cfbf54ee00548c272ff04f513ed7') in 0.000780 seconds
Number of updated asset objects reloaded before import = 0
Number of asset objects unloaded after import = 0
========================================================================
Received Import Request.
  Time since last request: 1.229540 seconds.
  path: Assets/Others/GUI PRO Kit - Casual Game/ResourcesData/Particle/Materials
  artifactKey: Guid(3d2e695c748e14cb69d3e188a9efec4c) Importer(815301076,1909f56bfc062723c751e8b465ee728b)
Start importing Assets/Others/GUI PRO Kit - Casual Game/ResourcesData/Particle/Materials using Guid(3d2e695c748e14cb69d3e188a9efec4c) Importer(815301076,1909f56bfc062723c751e8b465ee728b) [PhysX] Initialized MultithreadedTaskDispatcher with 20 workers.
 -> (artifact id: '14166e0a6b82b2321677caf76e5823d9') in 0.000479 seconds
Number of updated asset objects reloaded before import = 0
Number of asset objects unloaded after import = 0
========================================================================
Received Import Request.
  Time since last request: 2.579513 seconds.
  path: Assets/Others/GUI PRO Kit - Casual Game/Prefabs
  artifactKey: Guid(4ff1d119943604fbfa4aefa1c41c6625) Importer(815301076,1909f56bfc062723c751e8b465ee728b)
Start importing Assets/Others/GUI PRO Kit - Casual Game/Prefabs using Guid(4ff1d119943604fbfa4aefa1c41c6625) Importer(815301076,1909f56bfc062723c751e8b465ee728b) [PhysX] Initialized MultithreadedTaskDispatcher with 20 workers.
 -> (artifact id: '46cc2f022c94448881c53c00342b6f82') in 0.000528 seconds
Number of updated asset objects reloaded before import = 0
Number of asset objects unloaded after import = 0
========================================================================
Received Import Request.
  Time since last request: 1.721918 seconds.
  path: Assets/Others/GUI PRO Kit - Casual Game/Prefabs/Prefabs_Component_Popups
  artifactKey: Guid(83fe078bfebae441aad2e53bf95d831b) Importer(815301076,1909f56bfc062723c751e8b465ee728b)
Start importing Assets/Others/GUI PRO Kit - Casual Game/Prefabs/Prefabs_Component_Popups using Guid(83fe078bfebae441aad2e53bf95d831b) Importer(815301076,1909f56bfc062723c751e8b465ee728b) [PhysX] Initialized MultithreadedTaskDispatcher with 20 workers.
 -> (artifact id: '890f2dc8a9a458485875753ad33d4470') in 0.000547 seconds
Number of updated asset objects reloaded before import = 0
Number of asset objects unloaded after import = 0
========================================================================
Received Import Request.
  Time since last request: 0.051525 seconds.
  path: Assets/Others/GUI PRO Kit - Casual Game/Prefabs/Prefabs_Component_Popups/_PrefabsPanel_Popups_1.prefab
  artifactKey: Guid(a204d3ea0d9c044c585415300146489b) Importer(815301076,1909f56bfc062723c751e8b465ee728b)
Start importing Assets/Others/GUI PRO Kit - Casual Game/Prefabs/Prefabs_Component_Popups/_PrefabsPanel_Popups_1.prefab using Guid(a204d3ea0d9c044c585415300146489b) Importer(815301076,1909f56bfc062723c751e8b465ee728b) [PhysX] Initialized MultithreadedTaskDispatcher with 20 workers.
 -> (artifact id: '0d2eaef583a904f092edebda6cff0ea5') in 0.112504 seconds
Number of updated asset objects reloaded before import = 0
Number of asset objects unloaded after import = 122
========================================================================
Received Import Request.
  Time since last request: 0.000022 seconds.
  path: Assets/Others/GUI PRO Kit - Casual Game/Prefabs/Prefabs_Component_Popups/Popup_Frame03.prefab
  artifactKey: Guid(a374666a3753c4a0c8c86df77f6f0d55) Importer(815301076,1909f56bfc062723c751e8b465ee728b)
Start importing Assets/Others/GUI PRO Kit - Casual Game/Prefabs/Prefabs_Component_Popups/Popup_Frame03.prefab using Guid(a374666a3753c4a0c8c86df77f6f0d55) Importer(815301076,1909f56bfc062723c751e8b465ee728b) [PhysX] Initialized MultithreadedTaskDispatcher with 20 workers.
 -> (artifact id: '1b728a1f5c3234cdff255f726de14955') in 0.005684 seconds
Number of updated asset objects reloaded before import = 0
Number of asset objects unloaded after import = 18
========================================================================
Received Import Request.
  Time since last request: 0.000032 seconds.
  path: Assets/Others/GUI PRO Kit - Casual Game/Prefabs/Prefabs_Component_Popups/Popup_Frame01_Purple.prefab
  artifactKey: Guid(63638a5dd440c412e888475f733446b0) Importer(815301076,1909f56bfc062723c751e8b465ee728b)
Start importing Assets/Others/GUI PRO Kit - Casual Game/Prefabs/Prefabs_Component_Popups/Popup_Frame01_Purple.prefab using Guid(63638a5dd440c412e888475f733446b0) Importer(815301076,1909f56bfc062723c751e8b465ee728b) [PhysX] Initialized MultithreadedTaskDispatcher with 20 workers.
 -> (artifact id: '9f6d25a8f2be6c6bfe3fa2fe10552496') in 0.036559 seconds
Number of updated asset objects reloaded before import = 0
Number of asset objects unloaded after import = 42
========================================================================
Received Import Request.
  Time since last request: 0.000028 seconds.
  path: Assets/Others/GUI PRO Kit - Casual Game/Prefabs/Prefabs_Component_Popups/Popup_SideFrame02.prefab
  artifactKey: Guid(25abe5bca95cb424192cc3dc0fa8ab40) Importer(815301076,1909f56bfc062723c751e8b465ee728b)
Start importing Assets/Others/GUI PRO Kit - Casual Game/Prefabs/Prefabs_Component_Popups/Popup_SideFrame02.prefab using Guid(25abe5bca95cb424192cc3dc0fa8ab40) Importer(815301076,1909f56bfc062723c751e8b465ee728b) [PhysX] Initialized MultithreadedTaskDispatcher with 20 workers.
 -> (artifact id: '1c1d6cc2fd80b3c6e2f6059072e455c0') in 0.007134 seconds
Number of updated asset objects reloaded before import = 0
Number of asset objects unloaded after import = 34
========================================================================
Received Import Request.
  Time since last request: 0.000015 seconds.
  path: Assets/Others/GUI PRO Kit - Casual Game/Prefabs/Prefabs_Component_Popups/Popup_Frame01_Navy.prefab
  artifactKey: Guid(cce39486d88b745f7998f02d280fceba) Importer(815301076,1909f56bfc062723c751e8b465ee728b)
Start importing Assets/Others/GUI PRO Kit - Casual Game/Prefabs/Prefabs_Component_Popups/Popup_Frame01_Navy.prefab using Guid(cce39486d88b745f7998f02d280fceba) Importer(815301076,1909f56bfc062723c751e8b465ee728b) [PhysX] Initialized MultithreadedTaskDispatcher with 20 workers.
 -> (artifact id: 'ca23dbea699b45dce2a01e3254ed6527') in 0.040897 seconds
Number of updated asset objects reloaded before import = 0
Number of asset objects unloaded after import = 48
Editor requested this worker to shutdown with reason: Scaling down because of idle timeout
TcpMessagingSession - receive error: operation aborted. errorcode: 995, details: ќпераци€ ввода/вывода была прервана из-за завершени€ потока команд или по запросу приложени€.
AssetImportWorker is now disconnected from the server
Process exiting
Exiting without the bug reporter. Application will terminate with return code 0