Using pre-set license
Built from '2022.3/staging' branch; Version is '2022.3.42f1 (2dcb6a0abc42) revision 3001194'; Using compiler version '192829333'; Build Type 'Release'
OS: 'Windows 11  (10.0.22631) 64bit Core' Language: 'ru' Physical Memory: 16108 MB
BatchMode: 1, IsHumanControllingUs: 0, StartBugReporterOnCrash: 0, Is64bit: 1, IsPro: 1

COMMAND LINE ARGUMENTS:
C:\Program Files\Unity\Hub\Editor\2022.3.42f1\Editor\Unity.exe
-adb2
-batchMode
-noUpm
-name
AssetImportWorker0
-projectPath
C:/Projects/UniverseRift.git
-logFile
Logs/AssetImportWorker0.log
-srvPort
51868
Successfully changed project path to: C:/Projects/UniverseRift.git
C:/Projects/UniverseRift.git
[UnityMemory] Configuration Parameters - Can be set up in boot.config
    "memorysetup-bucket-allocator-granularity=16"
    "memorysetup-bucket-allocator-bucket-count=8"
    "memorysetup-bucket-allocator-block-size=33554432"
    "memorysetup-bucket-allocator-block-count=8"
    "memorysetup-main-allocator-block-size=16777216"
    "memorysetup-thread-allocator-block-size=16777216"
    "memorysetup-gfx-main-allocator-block-size=16777216"
    "memorysetup-gfx-thread-allocator-block-size=16777216"
    "memorysetup-cache-allocator-block-size=4194304"
    "memorysetup-typetree-allocator-block-size=2097152"
    "memorysetup-profiler-bucket-allocator-granularity=16"
    "memorysetup-profiler-bucket-allocator-bucket-count=8"
    "memorysetup-profiler-bucket-allocator-block-size=33554432"
    "memorysetup-profiler-bucket-allocator-block-count=8"
    "memorysetup-profiler-allocator-block-size=16777216"
    "memorysetup-profiler-editor-allocator-block-size=1048576"
    "memorysetup-temp-allocator-size-main=16777216"
    "memorysetup-job-temp-allocator-block-size=2097152"
    "memorysetup-job-temp-allocator-block-size-background=1048576"
    "memorysetup-job-temp-allocator-reduction-small-platforms=262144"
    "memorysetup-allocator-temp-initial-block-size-main=262144"
    "memorysetup-allocator-temp-initial-block-size-worker=262144"
    "memorysetup-temp-allocator-size-background-worker=32768"
    "memorysetup-temp-allocator-size-job-worker=262144"
    "memorysetup-temp-allocator-size-preload-manager=33554432"
    "memorysetup-temp-allocator-size-nav-mesh-worker=65536"
    "memorysetup-temp-allocator-size-audio-worker=65536"
    "memorysetup-temp-allocator-size-cloud-worker=32768"
    "memorysetup-temp-allocator-size-gi-baking-worker=262144"
    "memorysetup-temp-allocator-size-gfx=262144"
Player connection [15792]  Target information:

Player connection [15792]  * "[IP] 172.16.0.2 [Port] 0 [Flags] 2 [Guid] 19109218 [EditorId] 19109218 [Version] 1048832 [Id] WindowsEditor(7,Landelo) [Debug] 1 [PackageName] WindowsEditor [ProjectName] Editor" 

Player connection [15792]  * "[IP] 192.168.1.2 [Port] 0 [Flags] 2 [Guid] 19109218 [EditorId] 19109218 [Version] 1048832 [Id] WindowsEditor(7,Landelo) [Debug] 1 [PackageName] WindowsEditor [ProjectName] Editor" 

Player connection [15792] Host joined multi-casting on [225.0.0.222:54997]...
Player connection [15792] Host joined alternative multi-casting on [225.0.0.222:34997]...
[PhysX] Initialized MultithreadedTaskDispatcher with 20 workers.
Refreshing native plugins compatible for Editor in 1044.01 ms, found 0 plugins.
Preloading 0 native plugins for Editor in 0.00 ms.
Initialize engine version: 2022.3.42f1 (2dcb6a0abc42)
[Subsystems] Discovering subsystems at path C:/Program Files/Unity/Hub/Editor/2022.3.42f1/Editor/Data/Resources/UnitySubsystems
[Subsystems] Discovering subsystems at path C:/Projects/UniverseRift.git/Assets
GfxDevice: creating device client; threaded=0; jobified=0
Direct3D:
    Version:  Direct3D 11.0 [level 11.1]
    Renderer: NVIDIA GeForce RTX 3060 Laptop GPU (ID=0x2520)
    Vendor:   NVIDIA
    VRAM:     6023 MB
    Driver:   30.0.15.1165
Invalid texture used for cursor - check importer settings or texture creation. Texture must be RGBA32, readable, have alphaIsTransparency enabled and have no mip chain.
Failed to set the cursor because the specified texture ('fx_rotate_line') was not CPU accessible.
Initialize mono
Mono path[0] = 'C:/Program Files/Unity/Hub/Editor/2022.3.42f1/Editor/Data/Managed'
Mono path[1] = 'C:/Program Files/Unity/Hub/Editor/2022.3.42f1/Editor/Data/MonoBleedingEdge/lib/mono/unityjit-win32'
Mono config path = 'C:/Program Files/Unity/Hub/Editor/2022.3.42f1/Editor/Data/MonoBleedingEdge/etc'
Using monoOptions --debugger-agent=transport=dt_socket,embedding=1,server=y,suspend=n,address=127.0.0.1:56480
Begin MonoManager ReloadAssembly
Registering precompiled unity dll's ...
Register platform support module: C:/Program Files/Unity/Hub/Editor/2022.3.42f1/Editor/Data/PlaybackEngines/AndroidPlayer/UnityEditor.Android.Extensions.dll
Register platform support module: C:/Program Files/Unity/Hub/Editor/2022.3.42f1/Editor/Data/PlaybackEngines/WindowsStandaloneSupport/UnityEditor.WindowsStandalone.Extensions.dll
Registered in 0.009425 seconds.
- Loaded All Assemblies, in  0.550 seconds
Native extension for WindowsStandalone target not found
Native extension for Android target not found
Android Extension - Scanning For ADB Devices 251 ms
Mono: successfully reloaded assembly
- Finished resetting the current domain, in  0.554 seconds
Domain Reload Profiling: 1103ms
	BeginReloadAssembly (101ms)
		ExecutionOrderSort (0ms)
		DisableScriptedObjects (0ms)
		BackupInstance (0ms)
		ReleaseScriptingObjects (0ms)
		CreateAndSetChildDomain (1ms)
	RebuildCommonClasses (29ms)
	RebuildNativeTypeToScriptingClass (10ms)
	initialDomainReloadingComplete (59ms)
	LoadAllAssembliesAndSetupDomain (348ms)
		LoadAssemblies (100ms)
		RebuildTransferFunctionScriptingTraits (0ms)
		AnalyzeDomain (346ms)
			TypeCache.Refresh (345ms)
				TypeCache.ScanAssembly (332ms)
			ScanForSourceGeneratedMonoScriptInfo (0ms)
			ResolveRequiredComponents (1ms)
	FinalizeReload (555ms)
		ReleaseScriptCaches (0ms)
		RebuildScriptCaches (0ms)
		SetupLoadedEditorAssemblies (513ms)
			LogAssemblyErrors (0ms)
			InitializePlatformSupportModulesInManaged (360ms)
			SetLoadedEditorAssemblies (4ms)
			RefreshPlugins (0ms)
			BeforeProcessingInitializeOnLoad (2ms)
			ProcessInitializeOnLoadAttributes (102ms)
			ProcessInitializeOnLoadMethodAttributes (44ms)
			AfterProcessingInitializeOnLoad (0ms)
			EditorAssembliesLoaded (0ms)
		ExecutionOrderSort2 (0ms)
		AwakeInstancesAfterBackupRestoration (0ms)
========================================================================
Worker process is ready to serve import requests
Caller must complete domain reload
0x00007ff7f26fd08d (Unity) StackWalker::GetCurrentCallstack
0x00007ff7f2702169 (Unity) StackWalker::ShowCallstack
0x00007ff7f36ef231 (Unity) GetStacktrace
0x00007ff7f3da9e6e (Unity) DebugStringToFile
0x00007ff7f3da9baa (Unity) AssertImplementation
0x00007ff7f358d9fc (Unity) Internal_ADB_WorkerOnly_DomainReload
0x00007ff7f3a73484 (Unity) WorkerDomainReloadV2
0x00007ff7f3a940af (Unity) <lambda_943be6b2c5671afd01d59371cf3ef730>::operator()
0x00007ff7f3acfea2 (Unity) asio::detail::completion_handler<core::mutable_function<void __cdecl(void)>,asio::io_context::basic_executor_type<std::allocator<void>,0> >::do_complete
0x00007ff7f3abbe4e (Unity) asio::detail::win_iocp_io_context::do_one
0x00007ff7f3abda7e (Unity) asio::detail::win_iocp_io_context::run
0x00007ff7f3ace24c (Unity) IOService::Run
0x00007ff7f3aa16cf (Unity) AssetImportWorkerClient::Run
0x00007ff7f3a6d037 (Unity) RunAssetImportWorkerClientV2
0x00007ff7f3a6d0bb (Unity) RunAssetImporterV2
0x00007ff7f32676fe (Unity) Application::InitializeProject
0x00007ff7f36f9ed5 (Unity) WinMain
0x00007ff7f4aab7be (Unity) __scrt_common_main_seh
0x00007ffd6c61259d (KERNEL32) BaseThreadInitThunk
0x00007ffd6de0af38 (ntdll) RtlUserThreadStart

Begin MonoManager ReloadAssembly
Symbol file LoadedFromMemory is not a mono symbol file
- Loaded All Assemblies, in  6.013 seconds
Native extension for WindowsStandalone target not found
Native extension for Android target not found
Launched and connected shader compiler UnityShaderCompiler.exe after 0.06 seconds
Mirror | mirror-networking.com | discord.gg/N9QVxbM
UnityEngine.StackTraceUtility:ExtractStackTrace ()
UnityEngine.DebugLogHandler:LogFormat (UnityEngine.LogType,UnityEngine.Object,string,object[])
UnityEngine.Logger:Log (UnityEngine.LogType,object)
UnityEngine.Debug:Log (object)
Mirror.Welcome:OnInitializeOnLoad () (at Assets/Mirror/Editor/Welcome.cs:18)
System.Reflection.RuntimeMethodInfo:Invoke (object,System.Reflection.BindingFlags,System.Reflection.Binder,object[],System.Globalization.CultureInfo)
System.Reflection.MethodBase:Invoke (object,object[])
UnityEditor.EditorAssemblies:ProcessInitializeOnLoadMethodAttributes ()

(Filename: Assets/Mirror/Editor/Welcome.cs Line: 18)

Mono: successfully reloaded assembly
- Finished resetting the current domain, in  2.852 seconds
Domain Reload Profiling: 8857ms
	BeginReloadAssembly (164ms)
		ExecutionOrderSort (0ms)
		DisableScriptedObjects (5ms)
		BackupInstance (0ms)
		ReleaseScriptingObjects (0ms)
		CreateAndSetChildDomain (20ms)
	RebuildCommonClasses (47ms)
	RebuildNativeTypeToScriptingClass (15ms)
	initialDomainReloadingComplete (73ms)
	LoadAllAssembliesAndSetupDomain (5705ms)
		LoadAssemblies (5300ms)
		RebuildTransferFunctionScriptingTraits (0ms)
		AnalyzeDomain (513ms)
			TypeCache.Refresh (416ms)
				TypeCache.ScanAssembly (385ms)
			ScanForSourceGeneratedMonoScriptInfo (65ms)
			ResolveRequiredComponents (30ms)
	FinalizeReload (2853ms)
		ReleaseScriptCaches (0ms)
		RebuildScriptCaches (0ms)
		SetupLoadedEditorAssemblies (2485ms)
			LogAssemblyErrors (0ms)
			InitializePlatformSupportModulesInManaged (43ms)
			SetLoadedEditorAssemblies (12ms)
			RefreshPlugins (0ms)
			BeforeProcessingInitializeOnLoad (282ms)
			ProcessInitializeOnLoadAttributes (1595ms)
			ProcessInitializeOnLoadMethodAttributes (542ms)
			AfterProcessingInitializeOnLoad (11ms)
			EditorAssembliesLoaded (1ms)
		ExecutionOrderSort2 (0ms)
		AwakeInstancesAfterBackupRestoration (9ms)
Refreshing native plugins compatible for Editor in 22.50 ms, found 0 plugins.
Preloading 0 native plugins for Editor in 0.00 ms.
Unloading 7550 Unused Serialized files (Serialized files now loaded: 0)
Unloading 71 unused Assets / (25.8 MB). Loaded Objects now: 8091.
Memory consumption went from 339.2 MB to 313.3 MB.
Total: 37.709400 ms (FindLiveObjects: 1.169000 ms CreateObjectMapping: 0.715700 ms MarkObjects: 31.081400 ms  DeleteObjects: 4.740900 ms)

AssetImportParameters requested are different than current active one (requested -> active):
  custom:container-demuxer-ogg: 62fdf1f143b41e24485cea50d1cbac27 -> 
  custom:framework-win-MediaFoundation: 216162199b28c13a410421893ffa2e32 -> 
  custom:container-muxer-webm: aa71ff27fc2769a1b78a27578f13a17b -> 
  custom:video-decoder-webm-vp8: 9c59270c3fd7afecdb556c50c9e8de78 -> 
  custom:SearchIndexIgnoredProperties: e643bd26f0fe6173181afceb89e7c659 -> 
  custom:AudioImporter_EditorPlatform: d09bf68614088b80899f8185d706f6e7 -> 
  custom:audio-decoder-ogg-vorbis: bf7c407c2cedff20999df2af8eb42d56 -> 
  custom:audio-encoder-webm-vorbis: bf7c407c2cedff20999df2af8eb42d56 -> 
  custom:video-codec-MediaFoundation-h265: 746d11721c4dcdbdad8f713fa42b33f4 -> 
  custom:video-decoder-ogg-theora: a1e56fd34408186e4bbccfd4996cb3dc -> 
  custom:CustomObjectIndexerAttribute: 72b91833f83ae208fae7752999fa3104 -> 
  custom:container-demuxer-webm: 4f35f7cbe854078d1ac9338744f61a02 -> 
  custom:video-encoder-webm-vp8: eb34c28f22e8b96e1ab97ce403110664 -> 
========================================================================
Received Prepare
Caller must complete domain reload
0x00007ff7f26fd08d (Unity) StackWalker::GetCurrentCallstack
0x00007ff7f2702169 (Unity) StackWalker::ShowCallstack
0x00007ff7f36ef231 (Unity) GetStacktrace
0x00007ff7f3da9e6e (Unity) DebugStringToFile
0x00007ff7f3da9baa (Unity) AssertImplementation
0x00007ff7f358d9fc (Unity) Internal_ADB_WorkerOnly_DomainReload
0x00007ff7f3a73484 (Unity) WorkerDomainReloadV2
0x00007ff7f3a94695 (Unity) <lambda_b37b41f03089e3cb3f55061bbc93253d>::operator()
0x00007ff7f3acfea2 (Unity) asio::detail::completion_handler<core::mutable_function<void __cdecl(void)>,asio::io_context::basic_executor_type<std::allocator<void>,0> >::do_complete
0x00007ff7f3abbe4e (Unity) asio::detail::win_iocp_io_context::do_one
0x00007ff7f3abdab4 (Unity) asio::detail::win_iocp_io_context::run
0x00007ff7f3ace24c (Unity) IOService::Run
0x00007ff7f3aa16cf (Unity) AssetImportWorkerClient::Run
0x00007ff7f3a6d037 (Unity) RunAssetImportWorkerClientV2
0x00007ff7f3a6d0bb (Unity) RunAssetImporterV2
0x00007ff7f32676fe (Unity) Application::InitializeProject
0x00007ff7f36f9ed5 (Unity) WinMain
0x00007ff7f4aab7be (Unity) __scrt_common_main_seh
0x00007ffd6c61259d (KERNEL32) BaseThreadInitThunk
0x00007ffd6de0af38 (ntdll) RtlUserThreadStart

Begin MonoManager ReloadAssembly
Symbol file LoadedFromMemory is not a mono symbol file
- Loaded All Assemblies, in  1.071 seconds
Native extension for WindowsStandalone target not found
Native extension for Android target not found
Mono: successfully reloaded assembly
- Finished resetting the current domain, in  5.359 seconds
Domain Reload Profiling: 6420ms
	BeginReloadAssembly (301ms)
		ExecutionOrderSort (0ms)
		DisableScriptedObjects (11ms)
		BackupInstance (0ms)
		ReleaseScriptingObjects (0ms)
		CreateAndSetChildDomain (82ms)
	RebuildCommonClasses (49ms)
	RebuildNativeTypeToScriptingClass (19ms)
	initialDomainReloadingComplete (64ms)
	LoadAllAssembliesAndSetupDomain (627ms)
		LoadAssemblies (723ms)
		RebuildTransferFunctionScriptingTraits (0ms)
		AnalyzeDomain (54ms)
			TypeCache.Refresh (11ms)
				TypeCache.ScanAssembly (0ms)
			ScanForSourceGeneratedMonoScriptInfo (0ms)
			ResolveRequiredComponents (42ms)
	FinalizeReload (5360ms)
		ReleaseScriptCaches (0ms)
		RebuildScriptCaches (0ms)
		SetupLoadedEditorAssemblies (1957ms)
			LogAssemblyErrors (0ms)
			InitializePlatformSupportModulesInManaged (50ms)
			SetLoadedEditorAssemblies (11ms)
			RefreshPlugins (0ms)
			BeforeProcessingInitializeOnLoad (288ms)
			ProcessInitializeOnLoadAttributes (722ms)
			ProcessInitializeOnLoadMethodAttributes (870ms)
			AfterProcessingInitializeOnLoad (15ms)
			EditorAssembliesLoaded (1ms)
		ExecutionOrderSort2 (0ms)
		AwakeInstancesAfterBackupRestoration (28ms)
Refreshing native plugins compatible for Editor in 78.39 ms, found 0 plugins.
Preloading 0 native plugins for Editor in 0.00 ms.
Unloading 7337 Unused Serialized files (Serialized files now loaded: 0)
Unloading 55 unused Assets / (25.8 MB). Loaded Objects now: 8107.
Memory consumption went from 298.4 MB to 272.6 MB.
Total: 24.013200 ms (FindLiveObjects: 0.610000 ms CreateObjectMapping: 0.315400 ms MarkObjects: 19.334100 ms  DeleteObjects: 3.752200 ms)

Prepare: number of updated asset objects reloaded= 0
AssetImportParameters requested are different than current active one (requested -> active):
  custom:container-demuxer-ogg: 62fdf1f143b41e24485cea50d1cbac27 -> 
  custom:framework-win-MediaFoundation: 216162199b28c13a410421893ffa2e32 -> 
  custom:container-muxer-webm: aa71ff27fc2769a1b78a27578f13a17b -> 
  custom:video-decoder-webm-vp8: 9c59270c3fd7afecdb556c50c9e8de78 -> 
  custom:SearchIndexIgnoredProperties: e643bd26f0fe6173181afceb89e7c659 -> 
  custom:AudioImporter_EditorPlatform: d09bf68614088b80899f8185d706f6e7 -> 
  custom:audio-decoder-ogg-vorbis: bf7c407c2cedff20999df2af8eb42d56 -> 
  custom:audio-encoder-webm-vorbis: bf7c407c2cedff20999df2af8eb42d56 -> 
  custom:video-codec-MediaFoundation-h265: 746d11721c4dcdbdad8f713fa42b33f4 -> 
  custom:video-decoder-ogg-theora: a1e56fd34408186e4bbccfd4996cb3dc -> 
  custom:CustomObjectIndexerAttribute: 72b91833f83ae208fae7752999fa3104 -> 
  custom:container-demuxer-webm: 4f35f7cbe854078d1ac9338744f61a02 -> 
  custom:video-encoder-webm-vp8: eb34c28f22e8b96e1ab97ce403110664 -> 
========================================================================
Received Import Request.
  Time since last request: 67975.092809 seconds.
  path: Assets/Prefabs/UI/SkillUIObject.prefab
  artifactKey: Guid(193efed2dcaaf37468315e2f7063032b) Importer(815301076,1909f56bfc062723c751e8b465ee728b)
Start importing Assets/Prefabs/UI/SkillUIObject.prefab using Guid(193efed2dcaaf37468315e2f7063032b) Importer(815301076,1909f56bfc062723c751e8b465ee728b) [PhysX] Initialized MultithreadedTaskDispatcher with 20 workers.
 -> (artifact id: 'db84ded7ff9c1f873eed0ee30f153055') in 0.014684 seconds
Number of updated asset objects reloaded before import = 0
Number of asset objects unloaded after import = 0
========================================================================
Received Import Request.
  Time since last request: 160.705939 seconds.
  path: Assets/Localizations/Tables/UI/UI Shared Data.asset
  artifactKey: Guid(719ee3c00273c3c4a99fb239ed484f2c) Importer(815301076,1909f56bfc062723c751e8b465ee728b)
Start importing Assets/Localizations/Tables/UI/UI Shared Data.asset using Guid(719ee3c00273c3c4a99fb239ed484f2c) Importer(815301076,1909f56bfc062723c751e8b465ee728b) [PhysX] Initialized MultithreadedTaskDispatcher with 20 workers.
 -> (artifact id: '0bbc4dfd37689ec3fe0577613ea01139') in 0.052573 seconds
Number of updated asset objects reloaded before import = 0
Number of asset objects unloaded after import = 1
========================================================================
Received Import Request.
  Time since last request: 0.000459 seconds.
  path: Assets/Localizations/Tables/UI/UI_ru.asset
  artifactKey: Guid(74a79ed6eb04843429a314bb66f28816) Importer(815301076,1909f56bfc062723c751e8b465ee728b)
Start importing Assets/Localizations/Tables/UI/UI_ru.asset using Guid(74a79ed6eb04843429a314bb66f28816) Importer(815301076,1909f56bfc062723c751e8b465ee728b) [PhysX] Initialized MultithreadedTaskDispatcher with 20 workers.
 -> (artifact id: 'bdf465304f0df4433d3a30c87ec81849') in 0.014862 seconds
Number of updated asset objects reloaded before import = 0
Number of asset objects unloaded after import = 2
========================================================================
Received Import Request.
  Time since last request: 1.320174 seconds.
  path: Assets/Resources/Icons/CatcherSpell.png
  artifactKey: Guid(d680ec2967436ec4993235246b3de06e) Importer(815301076,1909f56bfc062723c751e8b465ee728b)
Start importing Assets/Resources/Icons/CatcherSpell.png using Guid(d680ec2967436ec4993235246b3de06e) Importer(815301076,1909f56bfc062723c751e8b465ee728b) [PhysX] Initialized MultithreadedTaskDispatcher with 20 workers.
[PhysX] Initialized MultithreadedTaskDispatcher with 20 workers.
 -> (artifact id: 'ed01cf6375d9f0ca9412aa82b7e71beb') in 0.181648 seconds
Number of updated asset objects reloaded before import = 0
Number of asset objects unloaded after import = 3
========================================================================
Received Prepare
Caller must complete domain reload
0x00007ff7f26fd08d (Unity) StackWalker::GetCurrentCallstack
0x00007ff7f2702169 (Unity) StackWalker::ShowCallstack
0x00007ff7f36ef231 (Unity) GetStacktrace
0x00007ff7f3da9e6e (Unity) DebugStringToFile
0x00007ff7f3da9baa (Unity) AssertImplementation
0x00007ff7f358d9fc (Unity) Internal_ADB_WorkerOnly_DomainReload
0x00007ff7f3a73484 (Unity) WorkerDomainReloadV2
0x00007ff7f3a94695 (Unity) <lambda_b37b41f03089e3cb3f55061bbc93253d>::operator()
0x00007ff7f3acfea2 (Unity) asio::detail::completion_handler<core::mutable_function<void __cdecl(void)>,asio::io_context::basic_executor_type<std::allocator<void>,0> >::do_complete
0x00007ff7f3abbe4e (Unity) asio::detail::win_iocp_io_context::do_one
0x00007ff7f3abdab4 (Unity) asio::detail::win_iocp_io_context::run
0x00007ff7f3ace24c (Unity) IOService::Run
0x00007ff7f3aa16cf (Unity) AssetImportWorkerClient::Run
0x00007ff7f3a6d037 (Unity) RunAssetImportWorkerClientV2
0x00007ff7f3a6d0bb (Unity) RunAssetImporterV2
0x00007ff7f32676fe (Unity) Application::InitializeProject
0x00007ff7f36f9ed5 (Unity) WinMain
0x00007ff7f4aab7be (Unity) __scrt_common_main_seh
0x00007ffd6c61259d (KERNEL32) BaseThreadInitThunk
0x00007ffd6de0af38 (ntdll) RtlUserThreadStart

Begin MonoManager ReloadAssembly
Symbol file LoadedFromMemory is not a mono symbol file
- Loaded All Assemblies, in  1.730 seconds
Native extension for WindowsStandalone target not found
Native extension for Android target not found
Mono: successfully reloaded assembly
- Finished resetting the current domain, in  6.179 seconds
Domain Reload Profiling: 7902ms
	BeginReloadAssembly (420ms)
		ExecutionOrderSort (0ms)
		DisableScriptedObjects (20ms)
		BackupInstance (0ms)
		ReleaseScriptingObjects (0ms)
		CreateAndSetChildDomain (175ms)
	RebuildCommonClasses (45ms)
	RebuildNativeTypeToScriptingClass (16ms)
	initialDomainReloadingComplete (68ms)
	LoadAllAssembliesAndSetupDomain (1173ms)
		LoadAssemblies (1243ms)
		RebuildTransferFunctionScriptingTraits (0ms)
		AnalyzeDomain (72ms)
			TypeCache.Refresh (11ms)
				TypeCache.ScanAssembly (0ms)
			ScanForSourceGeneratedMonoScriptInfo (1ms)
			ResolveRequiredComponents (58ms)
	FinalizeReload (6180ms)
		ReleaseScriptCaches (0ms)
		RebuildScriptCaches (0ms)
		SetupLoadedEditorAssemblies (1179ms)
			LogAssemblyErrors (0ms)
			InitializePlatformSupportModulesInManaged (35ms)
			SetLoadedEditorAssemblies (9ms)
			RefreshPlugins (0ms)
			BeforeProcessingInitializeOnLoad (197ms)
			ProcessInitializeOnLoadAttributes (474ms)
			ProcessInitializeOnLoadMethodAttributes (457ms)
			AfterProcessingInitializeOnLoad (6ms)
			EditorAssembliesLoaded (1ms)
		ExecutionOrderSort2 (0ms)
		AwakeInstancesAfterBackupRestoration (14ms)
Refreshing native plugins compatible for Editor in 10.18 ms, found 0 plugins.
Preloading 0 native plugins for Editor in 0.00 ms.
Unloading 7337 Unused Serialized files (Serialized files now loaded: 0)
Unloading 55 unused Assets / (25.8 MB). Loaded Objects now: 8128.
Memory consumption went from 298.5 MB to 272.6 MB.
Total: 21.461500 ms (FindLiveObjects: 0.493500 ms CreateObjectMapping: 0.259000 ms MarkObjects: 16.218300 ms  DeleteObjects: 4.489500 ms)

Prepare: number of updated asset objects reloaded= 0
AssetImportParameters requested are different than current active one (requested -> active):
  custom:container-demuxer-ogg: 62fdf1f143b41e24485cea50d1cbac27 -> 
  custom:framework-win-MediaFoundation: 216162199b28c13a410421893ffa2e32 -> 
  custom:container-muxer-webm: aa71ff27fc2769a1b78a27578f13a17b -> 
  custom:video-decoder-webm-vp8: 9c59270c3fd7afecdb556c50c9e8de78 -> 
  custom:SearchIndexIgnoredProperties: e643bd26f0fe6173181afceb89e7c659 -> 
  custom:AudioImporter_EditorPlatform: d09bf68614088b80899f8185d706f6e7 -> 
  custom:audio-decoder-ogg-vorbis: bf7c407c2cedff20999df2af8eb42d56 -> 
  custom:audio-encoder-webm-vorbis: bf7c407c2cedff20999df2af8eb42d56 -> 
  custom:video-codec-MediaFoundation-h265: 746d11721c4dcdbdad8f713fa42b33f4 -> 
  custom:video-decoder-ogg-theora: a1e56fd34408186e4bbccfd4996cb3dc -> 
  custom:CustomObjectIndexerAttribute: 72b91833f83ae208fae7752999fa3104 -> 
  custom:container-demuxer-webm: 4f35f7cbe854078d1ac9338744f61a02 -> 
  custom:video-encoder-webm-vp8: eb34c28f22e8b96e1ab97ce403110664 -> 
========================================================================
Received Import Request.
  Time since last request: 242.915745 seconds.
  path: Assets/Localizations/Tables/UI/UI Shared Data.asset
  artifactKey: Guid(719ee3c00273c3c4a99fb239ed484f2c) Importer(815301076,1909f56bfc062723c751e8b465ee728b)
Start importing Assets/Localizations/Tables/UI/UI Shared Data.asset using Guid(719ee3c00273c3c4a99fb239ed484f2c) Importer(815301076,1909f56bfc062723c751e8b465ee728b) [PhysX] Initialized MultithreadedTaskDispatcher with 20 workers.
 -> (artifact id: '27af4217477305170e2ed61f991c9697') in 0.059175 seconds
Number of updated asset objects reloaded before import = 0
Number of asset objects unloaded after import = 1
========================================================================
Received Import Request.
  Time since last request: 0.000022 seconds.
  path: Assets/Localizations/Tables/UI/UI_ru.asset
  artifactKey: Guid(74a79ed6eb04843429a314bb66f28816) Importer(815301076,1909f56bfc062723c751e8b465ee728b)
Start importing Assets/Localizations/Tables/UI/UI_ru.asset using Guid(74a79ed6eb04843429a314bb66f28816) Importer(815301076,1909f56bfc062723c751e8b465ee728b) [PhysX] Initialized MultithreadedTaskDispatcher with 20 workers.
 -> (artifact id: 'd29ca0bb47b9a967704d08d426132370') in 0.008373 seconds
Number of updated asset objects reloaded before import = 0
Number of asset objects unloaded after import = 2
========================================================================
Received Prepare
Caller must complete domain reload
0x00007ff7f26fd08d (Unity) StackWalker::GetCurrentCallstack
0x00007ff7f2702169 (Unity) StackWalker::ShowCallstack
0x00007ff7f36ef231 (Unity) GetStacktrace
0x00007ff7f3da9e6e (Unity) DebugStringToFile
0x00007ff7f3da9baa (Unity) AssertImplementation
0x00007ff7f358d9fc (Unity) Internal_ADB_WorkerOnly_DomainReload
0x00007ff7f3a73484 (Unity) WorkerDomainReloadV2
0x00007ff7f3a94695 (Unity) <lambda_b37b41f03089e3cb3f55061bbc93253d>::operator()
0x00007ff7f3acfea2 (Unity) asio::detail::completion_handler<core::mutable_function<void __cdecl(void)>,asio::io_context::basic_executor_type<std::allocator<void>,0> >::do_complete
0x00007ff7f3abbe4e (Unity) asio::detail::win_iocp_io_context::do_one
0x00007ff7f3abdab4 (Unity) asio::detail::win_iocp_io_context::run
0x00007ff7f3ace24c (Unity) IOService::Run
0x00007ff7f3aa16cf (Unity) AssetImportWorkerClient::Run
0x00007ff7f3a6d037 (Unity) RunAssetImportWorkerClientV2
0x00007ff7f3a6d0bb (Unity) RunAssetImporterV2
0x00007ff7f32676fe (Unity) Application::InitializeProject
0x00007ff7f36f9ed5 (Unity) WinMain
0x00007ff7f4aab7be (Unity) __scrt_common_main_seh
0x00007ffd6c61259d (KERNEL32) BaseThreadInitThunk
0x00007ffd6de0af38 (ntdll) RtlUserThreadStart

Begin MonoManager ReloadAssembly
Symbol file LoadedFromMemory is not a mono symbol file
- Loaded All Assemblies, in  3.368 seconds
Native extension for WindowsStandalone target not found
Native extension for Android target not found
Mono: successfully reloaded assembly
- Finished resetting the current domain, in  5.400 seconds
Domain Reload Profiling: 8772ms
	BeginReloadAssembly (1296ms)
		ExecutionOrderSort (0ms)
		DisableScriptedObjects (116ms)
		BackupInstance (0ms)
		ReleaseScriptingObjects (1ms)
		CreateAndSetChildDomain (406ms)
	RebuildCommonClasses (87ms)
	RebuildNativeTypeToScriptingClass (19ms)
	initialDomainReloadingComplete (65ms)
	LoadAllAssembliesAndSetupDomain (1901ms)
		LoadAssemblies (1910ms)
		RebuildTransferFunctionScriptingTraits (0ms)
		AnalyzeDomain (222ms)
			TypeCache.Refresh (81ms)
				TypeCache.ScanAssembly (35ms)
			ScanForSourceGeneratedMonoScriptInfo (75ms)
			ResolveRequiredComponents (62ms)
	FinalizeReload (5404ms)
		ReleaseScriptCaches (0ms)
		RebuildScriptCaches (0ms)
		SetupLoadedEditorAssemblies (2319ms)
			LogAssemblyErrors (0ms)
			InitializePlatformSupportModulesInManaged (62ms)
			SetLoadedEditorAssemblies (15ms)
			RefreshPlugins (0ms)
			BeforeProcessingInitializeOnLoad (342ms)
			ProcessInitializeOnLoadAttributes (933ms)
			ProcessInitializeOnLoadMethodAttributes (949ms)
			AfterProcessingInitializeOnLoad (18ms)
			EditorAssembliesLoaded (1ms)
		ExecutionOrderSort2 (0ms)
		AwakeInstancesAfterBackupRestoration (21ms)
Refreshing native plugins compatible for Editor in 26.54 ms, found 0 plugins.
Preloading 0 native plugins for Editor in 0.00 ms.
Unloading 7337 Unused Serialized files (Serialized files now loaded: 0)
Unloading 55 unused Assets / (25.8 MB). Loaded Objects now: 8144.
Memory consumption went from 298.5 MB to 272.7 MB.
Total: 36.929600 ms (FindLiveObjects: 0.939200 ms CreateObjectMapping: 0.344000 ms MarkObjects: 31.632300 ms  DeleteObjects: 4.012500 ms)

Prepare: number of updated asset objects reloaded= 0
AssetImportParameters requested are different than current active one (requested -> active):
  custom:container-demuxer-ogg: 62fdf1f143b41e24485cea50d1cbac27 -> 
  custom:framework-win-MediaFoundation: 216162199b28c13a410421893ffa2e32 -> 
  custom:container-muxer-webm: aa71ff27fc2769a1b78a27578f13a17b -> 
  custom:video-decoder-webm-vp8: 9c59270c3fd7afecdb556c50c9e8de78 -> 
  custom:SearchIndexIgnoredProperties: e643bd26f0fe6173181afceb89e7c659 -> 
  custom:AudioImporter_EditorPlatform: d09bf68614088b80899f8185d706f6e7 -> 
  custom:audio-decoder-ogg-vorbis: bf7c407c2cedff20999df2af8eb42d56 -> 
  custom:audio-encoder-webm-vorbis: bf7c407c2cedff20999df2af8eb42d56 -> 
  custom:scripting/precompiled-assembly-types:Assembly-CSharp: 89639e264d1c7a21812bc24a61042a9d -> af3b31e7ac57b3ed8b885ab616b02d2a
  custom:video-codec-MediaFoundation-h265: 746d11721c4dcdbdad8f713fa42b33f4 -> 
  custom:video-decoder-ogg-theora: a1e56fd34408186e4bbccfd4996cb3dc -> 
  custom:CustomObjectIndexerAttribute: 72b91833f83ae208fae7752999fa3104 -> 
  custom:container-demuxer-webm: 4f35f7cbe854078d1ac9338744f61a02 -> 
  custom:video-encoder-webm-vp8: eb34c28f22e8b96e1ab97ce403110664 -> 
========================================================================
Received Prepare
Caller must complete domain reload
0x00007ff7f26fd08d (Unity) StackWalker::GetCurrentCallstack
0x00007ff7f2702169 (Unity) StackWalker::ShowCallstack
0x00007ff7f36ef231 (Unity) GetStacktrace
0x00007ff7f3da9e6e (Unity) DebugStringToFile
0x00007ff7f3da9baa (Unity) AssertImplementation
0x00007ff7f358d9fc (Unity) Internal_ADB_WorkerOnly_DomainReload
0x00007ff7f3a73484 (Unity) WorkerDomainReloadV2
0x00007ff7f3a94695 (Unity) <lambda_b37b41f03089e3cb3f55061bbc93253d>::operator()
0x00007ff7f3acfea2 (Unity) asio::detail::completion_handler<core::mutable_function<void __cdecl(void)>,asio::io_context::basic_executor_type<std::allocator<void>,0> >::do_complete
0x00007ff7f3abbe4e (Unity) asio::detail::win_iocp_io_context::do_one
0x00007ff7f3abdab4 (Unity) asio::detail::win_iocp_io_context::run
0x00007ff7f3ace24c (Unity) IOService::Run
0x00007ff7f3aa16cf (Unity) AssetImportWorkerClient::Run
0x00007ff7f3a6d037 (Unity) RunAssetImportWorkerClientV2
0x00007ff7f3a6d0bb (Unity) RunAssetImporterV2
0x00007ff7f32676fe (Unity) Application::InitializeProject
0x00007ff7f36f9ed5 (Unity) WinMain
0x00007ff7f4aab7be (Unity) __scrt_common_main_seh
0x00007ffd6c61259d (KERNEL32) BaseThreadInitThunk
0x00007ffd6de0af38 (ntdll) RtlUserThreadStart

Begin MonoManager ReloadAssembly
Symbol file LoadedFromMemory is not a mono symbol file
- Loaded All Assemblies, in  0.906 seconds
Native extension for WindowsStandalone target not found
Native extension for Android target not found
Mono: successfully reloaded assembly
- Finished resetting the current domain, in  2.328 seconds
Domain Reload Profiling: 3229ms
	BeginReloadAssembly (182ms)
		ExecutionOrderSort (0ms)
		DisableScriptedObjects (5ms)
		BackupInstance (0ms)
		ReleaseScriptingObjects (0ms)
		CreateAndSetChildDomain (60ms)
	RebuildCommonClasses (28ms)
	RebuildNativeTypeToScriptingClass (10ms)
	initialDomainReloadingComplete (34ms)
	LoadAllAssembliesAndSetupDomain (647ms)
		LoadAssemblies (644ms)
		RebuildTransferFunctionScriptingTraits (0ms)
		AnalyzeDomain (82ms)
			TypeCache.Refresh (24ms)
				TypeCache.ScanAssembly (10ms)
			ScanForSourceGeneratedMonoScriptInfo (37ms)
			ResolveRequiredComponents (20ms)
	FinalizeReload (2329ms)
		ReleaseScriptCaches (0ms)
		RebuildScriptCaches (0ms)
		SetupLoadedEditorAssemblies (988ms)
			LogAssemblyErrors (0ms)
			InitializePlatformSupportModulesInManaged (25ms)
			SetLoadedEditorAssemblies (8ms)
			RefreshPlugins (0ms)
			BeforeProcessingInitializeOnLoad (176ms)
			ProcessInitializeOnLoadAttributes (377ms)
			ProcessInitializeOnLoadMethodAttributes (397ms)
			AfterProcessingInitializeOnLoad (5ms)
			EditorAssembliesLoaded (0ms)
		ExecutionOrderSort2 (0ms)
		AwakeInstancesAfterBackupRestoration (11ms)
Refreshing native plugins compatible for Editor in 8.12 ms, found 0 plugins.
Preloading 0 native plugins for Editor in 0.00 ms.
Unloading 7337 Unused Serialized files (Serialized files now loaded: 0)
Unloading 55 unused Assets / (25.8 MB). Loaded Objects now: 8160.
Memory consumption went from 298.5 MB to 272.7 MB.
Total: 20.142100 ms (FindLiveObjects: 0.835100 ms CreateObjectMapping: 0.282000 ms MarkObjects: 15.215200 ms  DeleteObjects: 3.808400 ms)

Prepare: number of updated asset objects reloaded= 0
AssetImportParameters requested are different than current active one (requested -> active):
  custom:container-demuxer-ogg: 62fdf1f143b41e24485cea50d1cbac27 -> 
  custom:framework-win-MediaFoundation: 216162199b28c13a410421893ffa2e32 -> 
  custom:container-muxer-webm: aa71ff27fc2769a1b78a27578f13a17b -> 
  custom:video-decoder-webm-vp8: 9c59270c3fd7afecdb556c50c9e8de78 -> 
  custom:SearchIndexIgnoredProperties: e643bd26f0fe6173181afceb89e7c659 -> 
  custom:AudioImporter_EditorPlatform: d09bf68614088b80899f8185d706f6e7 -> 
  custom:audio-decoder-ogg-vorbis: bf7c407c2cedff20999df2af8eb42d56 -> 
  custom:audio-encoder-webm-vorbis: bf7c407c2cedff20999df2af8eb42d56 -> 
  custom:scripting/precompiled-assembly-types:Assembly-CSharp: 89639e264d1c7a21812bc24a61042a9d -> af3b31e7ac57b3ed8b885ab616b02d2a
  custom:video-codec-MediaFoundation-h265: 746d11721c4dcdbdad8f713fa42b33f4 -> 
  custom:video-decoder-ogg-theora: a1e56fd34408186e4bbccfd4996cb3dc -> 
  custom:CustomObjectIndexerAttribute: 72b91833f83ae208fae7752999fa3104 -> 
  custom:container-demuxer-webm: 4f35f7cbe854078d1ac9338744f61a02 -> 
  custom:video-encoder-webm-vp8: eb34c28f22e8b96e1ab97ce403110664 -> 
========================================================================
Received Prepare
Caller must complete domain reload
0x00007ff7f26fd08d (Unity) StackWalker::GetCurrentCallstack
0x00007ff7f2702169 (Unity) StackWalker::ShowCallstack
0x00007ff7f36ef231 (Unity) GetStacktrace
0x00007ff7f3da9e6e (Unity) DebugStringToFile
0x00007ff7f3da9baa (Unity) AssertImplementation
0x00007ff7f358d9fc (Unity) Internal_ADB_WorkerOnly_DomainReload
0x00007ff7f3a73484 (Unity) WorkerDomainReloadV2
0x00007ff7f3a94695 (Unity) <lambda_b37b41f03089e3cb3f55061bbc93253d>::operator()
0x00007ff7f3acfea2 (Unity) asio::detail::completion_handler<core::mutable_function<void __cdecl(void)>,asio::io_context::basic_executor_type<std::allocator<void>,0> >::do_complete
0x00007ff7f3abbe4e (Unity) asio::detail::win_iocp_io_context::do_one
0x00007ff7f3abdab4 (Unity) asio::detail::win_iocp_io_context::run
0x00007ff7f3ace24c (Unity) IOService::Run
0x00007ff7f3aa16cf (Unity) AssetImportWorkerClient::Run
0x00007ff7f3a6d037 (Unity) RunAssetImportWorkerClientV2
0x00007ff7f3a6d0bb (Unity) RunAssetImporterV2
0x00007ff7f32676fe (Unity) Application::InitializeProject
0x00007ff7f36f9ed5 (Unity) WinMain
0x00007ff7f4aab7be (Unity) __scrt_common_main_seh
0x00007ffd6c61259d (KERNEL32) BaseThreadInitThunk
0x00007ffd6de0af38 (ntdll) RtlUserThreadStart

Begin MonoManager ReloadAssembly
Symbol file LoadedFromMemory is not a mono symbol file
- Loaded All Assemblies, in  0.604 seconds
Native extension for WindowsStandalone target not found
Native extension for Android target not found
Mono: successfully reloaded assembly
- Finished resetting the current domain, in  1.852 seconds
Domain Reload Profiling: 2452ms
	BeginReloadAssembly (172ms)
		ExecutionOrderSort (0ms)
		DisableScriptedObjects (5ms)
		BackupInstance (0ms)
		ReleaseScriptingObjects (0ms)
		CreateAndSetChildDomain (51ms)
	RebuildCommonClasses (28ms)
	RebuildNativeTypeToScriptingClass (10ms)
	initialDomainReloadingComplete (31ms)
	LoadAllAssembliesAndSetupDomain (357ms)
		LoadAssemblies (407ms)
		RebuildTransferFunctionScriptingTraits (0ms)
		AnalyzeDomain (30ms)
			TypeCache.Refresh (8ms)
				TypeCache.ScanAssembly (0ms)
			ScanForSourceGeneratedMonoScriptInfo (0ms)
			ResolveRequiredComponents (19ms)
	FinalizeReload (1853ms)
		ReleaseScriptCaches (0ms)
		RebuildScriptCaches (0ms)
		SetupLoadedEditorAssemblies (1128ms)
			LogAssemblyErrors (0ms)
			InitializePlatformSupportModulesInManaged (25ms)
			SetLoadedEditorAssemblies (8ms)
			RefreshPlugins (0ms)
			BeforeProcessingInitializeOnLoad (183ms)
			ProcessInitializeOnLoadAttributes (480ms)
			ProcessInitializeOnLoadMethodAttributes (426ms)
			AfterProcessingInitializeOnLoad (5ms)
			EditorAssembliesLoaded (1ms)
		ExecutionOrderSort2 (0ms)
		AwakeInstancesAfterBackupRestoration (14ms)
Refreshing native plugins compatible for Editor in 7.78 ms, found 0 plugins.
Preloading 0 native plugins for Editor in 0.00 ms.
Unloading 7337 Unused Serialized files (Serialized files now loaded: 0)
Unloading 55 unused Assets / (25.8 MB). Loaded Objects now: 8176.
Memory consumption went from 298.5 MB to 272.7 MB.
Total: 18.943500 ms (FindLiveObjects: 0.509600 ms CreateObjectMapping: 0.367900 ms MarkObjects: 15.000000 ms  DeleteObjects: 3.065100 ms)

Prepare: number of updated asset objects reloaded= 0
AssetImportParameters requested are different than current active one (requested -> active):
  custom:container-demuxer-ogg: 62fdf1f143b41e24485cea50d1cbac27 -> 
  custom:framework-win-MediaFoundation: 216162199b28c13a410421893ffa2e32 -> 
  custom:container-muxer-webm: aa71ff27fc2769a1b78a27578f13a17b -> 
  custom:video-decoder-webm-vp8: 9c59270c3fd7afecdb556c50c9e8de78 -> 
  custom:SearchIndexIgnoredProperties: e643bd26f0fe6173181afceb89e7c659 -> 
  custom:AudioImporter_EditorPlatform: d09bf68614088b80899f8185d706f6e7 -> 
  custom:audio-decoder-ogg-vorbis: bf7c407c2cedff20999df2af8eb42d56 -> 
  custom:audio-encoder-webm-vorbis: bf7c407c2cedff20999df2af8eb42d56 -> 
  custom:scripting/precompiled-assembly-types:Assembly-CSharp: 89639e264d1c7a21812bc24a61042a9d -> af3b31e7ac57b3ed8b885ab616b02d2a
  custom:video-codec-MediaFoundation-h265: 746d11721c4dcdbdad8f713fa42b33f4 -> 
  custom:video-decoder-ogg-theora: a1e56fd34408186e4bbccfd4996cb3dc -> 
  custom:CustomObjectIndexerAttribute: 72b91833f83ae208fae7752999fa3104 -> 
  custom:container-demuxer-webm: 4f35f7cbe854078d1ac9338744f61a02 -> 
  custom:video-encoder-webm-vp8: eb34c28f22e8b96e1ab97ce403110664 -> 
========================================================================
Received Prepare
Caller must complete domain reload
0x00007ff7f26fd08d (Unity) StackWalker::GetCurrentCallstack
0x00007ff7f2702169 (Unity) StackWalker::ShowCallstack
0x00007ff7f36ef231 (Unity) GetStacktrace
0x00007ff7f3da9e6e (Unity) DebugStringToFile
0x00007ff7f3da9baa (Unity) AssertImplementation
0x00007ff7f358d9fc (Unity) Internal_ADB_WorkerOnly_DomainReload
0x00007ff7f3a73484 (Unity) WorkerDomainReloadV2
0x00007ff7f3a94695 (Unity) <lambda_b37b41f03089e3cb3f55061bbc93253d>::operator()
0x00007ff7f3acfea2 (Unity) asio::detail::completion_handler<core::mutable_function<void __cdecl(void)>,asio::io_context::basic_executor_type<std::allocator<void>,0> >::do_complete
0x00007ff7f3abbe4e (Unity) asio::detail::win_iocp_io_context::do_one
0x00007ff7f3abdab4 (Unity) asio::detail::win_iocp_io_context::run
0x00007ff7f3ace24c (Unity) IOService::Run
0x00007ff7f3aa16cf (Unity) AssetImportWorkerClient::Run
0x00007ff7f3a6d037 (Unity) RunAssetImportWorkerClientV2
0x00007ff7f3a6d0bb (Unity) RunAssetImporterV2
0x00007ff7f32676fe (Unity) Application::InitializeProject
0x00007ff7f36f9ed5 (Unity) WinMain
0x00007ff7f4aab7be (Unity) __scrt_common_main_seh
0x00007ffd6c61259d (KERNEL32) BaseThreadInitThunk
0x00007ffd6de0af38 (ntdll) RtlUserThreadStart

Begin MonoManager ReloadAssembly
Symbol file LoadedFromMemory is not a mono symbol file
- Loaded All Assemblies, in  1.365 seconds
Native extension for WindowsStandalone target not found
Native extension for Android target not found
Mono: successfully reloaded assembly
- Finished resetting the current domain, in  3.957 seconds
Domain Reload Profiling: 5311ms
	BeginReloadAssembly (277ms)
		ExecutionOrderSort (0ms)
		DisableScriptedObjects (7ms)
		BackupInstance (0ms)
		ReleaseScriptingObjects (0ms)
		CreateAndSetChildDomain (68ms)
	RebuildCommonClasses (78ms)
	RebuildNativeTypeToScriptingClass (23ms)
	initialDomainReloadingComplete (79ms)
	LoadAllAssembliesAndSetupDomain (895ms)
		LoadAssemblies (874ms)
		RebuildTransferFunctionScriptingTraits (0ms)
		AnalyzeDomain (163ms)
			TypeCache.Refresh (59ms)
				TypeCache.ScanAssembly (37ms)
			ScanForSourceGeneratedMonoScriptInfo (70ms)
			ResolveRequiredComponents (31ms)
	FinalizeReload (3958ms)
		ReleaseScriptCaches (0ms)
		RebuildScriptCaches (0ms)
		SetupLoadedEditorAssemblies (2090ms)
			LogAssemblyErrors (0ms)
			InitializePlatformSupportModulesInManaged (41ms)
			SetLoadedEditorAssemblies (11ms)
			RefreshPlugins (0ms)
			BeforeProcessingInitializeOnLoad (366ms)
			ProcessInitializeOnLoadAttributes (791ms)
			ProcessInitializeOnLoadMethodAttributes (869ms)
			AfterProcessingInitializeOnLoad (11ms)
			EditorAssembliesLoaded (2ms)
		ExecutionOrderSort2 (0ms)
		AwakeInstancesAfterBackupRestoration (24ms)
Refreshing native plugins compatible for Editor in 24.16 ms, found 0 plugins.
Preloading 0 native plugins for Editor in 0.00 ms.
Unloading 7337 Unused Serialized files (Serialized files now loaded: 0)
Unloading 55 unused Assets / (25.8 MB). Loaded Objects now: 8192.
Memory consumption went from 298.5 MB to 272.7 MB.
Total: 25.189100 ms (FindLiveObjects: 0.663800 ms CreateObjectMapping: 0.328700 ms MarkObjects: 20.086800 ms  DeleteObjects: 4.108000 ms)

Prepare: number of updated asset objects reloaded= 0
AssetImportParameters requested are different than current active one (requested -> active):
  custom:container-demuxer-ogg: 62fdf1f143b41e24485cea50d1cbac27 -> 
  custom:framework-win-MediaFoundation: 216162199b28c13a410421893ffa2e32 -> 
  custom:container-muxer-webm: aa71ff27fc2769a1b78a27578f13a17b -> 
  custom:video-decoder-webm-vp8: 9c59270c3fd7afecdb556c50c9e8de78 -> 
  custom:SearchIndexIgnoredProperties: e643bd26f0fe6173181afceb89e7c659 -> 
  custom:AudioImporter_EditorPlatform: d09bf68614088b80899f8185d706f6e7 -> 
  custom:audio-decoder-ogg-vorbis: bf7c407c2cedff20999df2af8eb42d56 -> 
  custom:audio-encoder-webm-vorbis: bf7c407c2cedff20999df2af8eb42d56 -> 
  custom:scripting/precompiled-assembly-types:Assembly-CSharp: d2e8fe14ceed9575e2cff94ce55a3534 -> af3b31e7ac57b3ed8b885ab616b02d2a
  custom:video-codec-MediaFoundation-h265: 746d11721c4dcdbdad8f713fa42b33f4 -> 
  custom:video-decoder-ogg-theora: a1e56fd34408186e4bbccfd4996cb3dc -> 
  custom:CustomObjectIndexerAttribute: 72b91833f83ae208fae7752999fa3104 -> 
  custom:container-demuxer-webm: 4f35f7cbe854078d1ac9338744f61a02 -> 
  custom:video-encoder-webm-vp8: eb34c28f22e8b96e1ab97ce403110664 -> 
========================================================================
Received Prepare
Caller must complete domain reload
0x00007ff7f26fd08d (Unity) StackWalker::GetCurrentCallstack
0x00007ff7f2702169 (Unity) StackWalker::ShowCallstack
0x00007ff7f36ef231 (Unity) GetStacktrace
0x00007ff7f3da9e6e (Unity) DebugStringToFile
0x00007ff7f3da9baa (Unity) AssertImplementation
0x00007ff7f358d9fc (Unity) Internal_ADB_WorkerOnly_DomainReload
0x00007ff7f3a73484 (Unity) WorkerDomainReloadV2
0x00007ff7f3a94695 (Unity) <lambda_b37b41f03089e3cb3f55061bbc93253d>::operator()
0x00007ff7f3acfea2 (Unity) asio::detail::completion_handler<core::mutable_function<void __cdecl(void)>,asio::io_context::basic_executor_type<std::allocator<void>,0> >::do_complete
0x00007ff7f3abbe4e (Unity) asio::detail::win_iocp_io_context::do_one
0x00007ff7f3abdab4 (Unity) asio::detail::win_iocp_io_context::run
0x00007ff7f3ace24c (Unity) IOService::Run
0x00007ff7f3aa16cf (Unity) AssetImportWorkerClient::Run
0x00007ff7f3a6d037 (Unity) RunAssetImportWorkerClientV2
0x00007ff7f3a6d0bb (Unity) RunAssetImporterV2
0x00007ff7f32676fe (Unity) Application::InitializeProject
0x00007ff7f36f9ed5 (Unity) WinMain
0x00007ff7f4aab7be (Unity) __scrt_common_main_seh
0x00007ffd6c61259d (KERNEL32) BaseThreadInitThunk
0x00007ffd6de0af38 (ntdll) RtlUserThreadStart

Begin MonoManager ReloadAssembly
Symbol file LoadedFromMemory is not a mono symbol file
- Loaded All Assemblies, in  1.095 seconds
Native extension for WindowsStandalone target not found
Native extension for Android target not found
Mono: successfully reloaded assembly
- Finished resetting the current domain, in  3.355 seconds
Domain Reload Profiling: 4441ms
	BeginReloadAssembly (280ms)
		ExecutionOrderSort (0ms)
		DisableScriptedObjects (8ms)
		BackupInstance (0ms)
		ReleaseScriptingObjects (0ms)
		CreateAndSetChildDomain (73ms)
	RebuildCommonClasses (42ms)
	RebuildNativeTypeToScriptingClass (15ms)
	initialDomainReloadingComplete (59ms)
	LoadAllAssembliesAndSetupDomain (689ms)
		LoadAssemblies (760ms)
		RebuildTransferFunctionScriptingTraits (0ms)
		AnalyzeDomain (53ms)
			TypeCache.Refresh (12ms)
				TypeCache.ScanAssembly (0ms)
			ScanForSourceGeneratedMonoScriptInfo (1ms)
			ResolveRequiredComponents (36ms)
	FinalizeReload (3356ms)
		ReleaseScriptCaches (0ms)
		RebuildScriptCaches (0ms)
		SetupLoadedEditorAssemblies (1720ms)
			LogAssemblyErrors (0ms)
			InitializePlatformSupportModulesInManaged (43ms)
			SetLoadedEditorAssemblies (10ms)
			RefreshPlugins (0ms)
			BeforeProcessingInitializeOnLoad (264ms)
			ProcessInitializeOnLoadAttributes (638ms)
			ProcessInitializeOnLoadMethodAttributes (759ms)
			AfterProcessingInitializeOnLoad (6ms)
			EditorAssembliesLoaded (1ms)
		ExecutionOrderSort2 (0ms)
		AwakeInstancesAfterBackupRestoration (19ms)
Refreshing native plugins compatible for Editor in 9.88 ms, found 0 plugins.
Preloading 0 native plugins for Editor in 0.00 ms.
Unloading 7337 Unused Serialized files (Serialized files now loaded: 0)
Unloading 55 unused Assets / (25.8 MB). Loaded Objects now: 8208.
Memory consumption went from 298.5 MB to 272.7 MB.
Total: 18.259400 ms (FindLiveObjects: 0.386000 ms CreateObjectMapping: 0.236400 ms MarkObjects: 14.504900 ms  DeleteObjects: 3.130700 ms)

Prepare: number of updated asset objects reloaded= 0
AssetImportParameters requested are different than current active one (requested -> active):
  custom:container-demuxer-ogg: 62fdf1f143b41e24485cea50d1cbac27 -> 
  custom:framework-win-MediaFoundation: 216162199b28c13a410421893ffa2e32 -> 
  custom:container-muxer-webm: aa71ff27fc2769a1b78a27578f13a17b -> 
  custom:video-decoder-webm-vp8: 9c59270c3fd7afecdb556c50c9e8de78 -> 
  custom:SearchIndexIgnoredProperties: e643bd26f0fe6173181afceb89e7c659 -> 
  custom:AudioImporter_EditorPlatform: d09bf68614088b80899f8185d706f6e7 -> 
  custom:audio-decoder-ogg-vorbis: bf7c407c2cedff20999df2af8eb42d56 -> 
  custom:audio-encoder-webm-vorbis: bf7c407c2cedff20999df2af8eb42d56 -> 
  custom:scripting/precompiled-assembly-types:Assembly-CSharp: d2e8fe14ceed9575e2cff94ce55a3534 -> af3b31e7ac57b3ed8b885ab616b02d2a
  custom:video-codec-MediaFoundation-h265: 746d11721c4dcdbdad8f713fa42b33f4 -> 
  custom:video-decoder-ogg-theora: a1e56fd34408186e4bbccfd4996cb3dc -> 
  custom:CustomObjectIndexerAttribute: 72b91833f83ae208fae7752999fa3104 -> 
  custom:container-demuxer-webm: 4f35f7cbe854078d1ac9338744f61a02 -> 
  custom:video-encoder-webm-vp8: eb34c28f22e8b96e1ab97ce403110664 -> 
========================================================================
Received Prepare
Caller must complete domain reload
0x00007ff7f26fd08d (Unity) StackWalker::GetCurrentCallstack
0x00007ff7f2702169 (Unity) StackWalker::ShowCallstack
0x00007ff7f36ef231 (Unity) GetStacktrace
0x00007ff7f3da9e6e (Unity) DebugStringToFile
0x00007ff7f3da9baa (Unity) AssertImplementation
0x00007ff7f358d9fc (Unity) Internal_ADB_WorkerOnly_DomainReload
0x00007ff7f3a73484 (Unity) WorkerDomainReloadV2
0x00007ff7f3a94695 (Unity) <lambda_b37b41f03089e3cb3f55061bbc93253d>::operator()
0x00007ff7f3acfea2 (Unity) asio::detail::completion_handler<core::mutable_function<void __cdecl(void)>,asio::io_context::basic_executor_type<std::allocator<void>,0> >::do_complete
0x00007ff7f3abbe4e (Unity) asio::detail::win_iocp_io_context::do_one
0x00007ff7f3abdab4 (Unity) asio::detail::win_iocp_io_context::run
0x00007ff7f3ace24c (Unity) IOService::Run
0x00007ff7f3aa16cf (Unity) AssetImportWorkerClient::Run
0x00007ff7f3a6d037 (Unity) RunAssetImportWorkerClientV2
0x00007ff7f3a6d0bb (Unity) RunAssetImporterV2
0x00007ff7f32676fe (Unity) Application::InitializeProject
0x00007ff7f36f9ed5 (Unity) WinMain
0x00007ff7f4aab7be (Unity) __scrt_common_main_seh
0x00007ffd6c61259d (KERNEL32) BaseThreadInitThunk
0x00007ffd6de0af38 (ntdll) RtlUserThreadStart

Begin MonoManager ReloadAssembly
Symbol file LoadedFromMemory is not a mono symbol file
- Loaded All Assemblies, in  0.744 seconds
Native extension for WindowsStandalone target not found
Native extension for Android target not found
Mono: successfully reloaded assembly
- Finished resetting the current domain, in  2.674 seconds
Domain Reload Profiling: 3414ms
	BeginReloadAssembly (230ms)
		ExecutionOrderSort (0ms)
		DisableScriptedObjects (11ms)
		BackupInstance (0ms)
		ReleaseScriptingObjects (0ms)
		CreateAndSetChildDomain (87ms)
	RebuildCommonClasses (32ms)
	RebuildNativeTypeToScriptingClass (11ms)
	initialDomainReloadingComplete (33ms)
	LoadAllAssembliesAndSetupDomain (434ms)
		LoadAssemblies (439ms)
		RebuildTransferFunctionScriptingTraits (0ms)
		AnalyzeDomain (77ms)
			TypeCache.Refresh (22ms)
				TypeCache.ScanAssembly (11ms)
			ScanForSourceGeneratedMonoScriptInfo (32ms)
			ResolveRequiredComponents (20ms)
	FinalizeReload (2674ms)
		ReleaseScriptCaches (0ms)
		RebuildScriptCaches (0ms)
		SetupLoadedEditorAssemblies (1042ms)
			LogAssemblyErrors (0ms)
			InitializePlatformSupportModulesInManaged (29ms)
			SetLoadedEditorAssemblies (8ms)
			RefreshPlugins (0ms)
			BeforeProcessingInitializeOnLoad (172ms)
			ProcessInitializeOnLoadAttributes (384ms)
			ProcessInitializeOnLoadMethodAttributes (444ms)
			AfterProcessingInitializeOnLoad (5ms)
			EditorAssembliesLoaded (1ms)
		ExecutionOrderSort2 (0ms)
		AwakeInstancesAfterBackupRestoration (12ms)
Refreshing native plugins compatible for Editor in 8.72 ms, found 0 plugins.
Preloading 0 native plugins for Editor in 0.00 ms.
Unloading 7337 Unused Serialized files (Serialized files now loaded: 0)
Unloading 55 unused Assets / (25.8 MB). Loaded Objects now: 8224.
Memory consumption went from 298.5 MB to 272.7 MB.
Total: 21.406800 ms (FindLiveObjects: 0.495800 ms CreateObjectMapping: 0.521000 ms MarkObjects: 16.808900 ms  DeleteObjects: 3.579100 ms)

Prepare: number of updated asset objects reloaded= 0
AssetImportParameters requested are different than current active one (requested -> active):
  custom:container-demuxer-ogg: 62fdf1f143b41e24485cea50d1cbac27 -> 
  custom:framework-win-MediaFoundation: 216162199b28c13a410421893ffa2e32 -> 
  custom:container-muxer-webm: aa71ff27fc2769a1b78a27578f13a17b -> 
  custom:video-decoder-webm-vp8: 9c59270c3fd7afecdb556c50c9e8de78 -> 
  custom:SearchIndexIgnoredProperties: e643bd26f0fe6173181afceb89e7c659 -> 
  custom:AudioImporter_EditorPlatform: d09bf68614088b80899f8185d706f6e7 -> 
  custom:audio-decoder-ogg-vorbis: bf7c407c2cedff20999df2af8eb42d56 -> 
  custom:audio-encoder-webm-vorbis: bf7c407c2cedff20999df2af8eb42d56 -> 
  custom:scripting/precompiled-assembly-types:Assembly-CSharp: 54dd3082a14144bc51eaf136da7e06a1 -> af3b31e7ac57b3ed8b885ab616b02d2a
  custom:video-codec-MediaFoundation-h265: 746d11721c4dcdbdad8f713fa42b33f4 -> 
  custom:video-decoder-ogg-theora: a1e56fd34408186e4bbccfd4996cb3dc -> 
  custom:CustomObjectIndexerAttribute: 72b91833f83ae208fae7752999fa3104 -> 
  custom:container-demuxer-webm: 4f35f7cbe854078d1ac9338744f61a02 -> 
  custom:video-encoder-webm-vp8: eb34c28f22e8b96e1ab97ce403110664 -> 
========================================================================
Received Prepare
Caller must complete domain reload
0x00007ff7f26fd08d (Unity) StackWalker::GetCurrentCallstack
0x00007ff7f2702169 (Unity) StackWalker::ShowCallstack
0x00007ff7f36ef231 (Unity) GetStacktrace
0x00007ff7f3da9e6e (Unity) DebugStringToFile
0x00007ff7f3da9baa (Unity) AssertImplementation
0x00007ff7f358d9fc (Unity) Internal_ADB_WorkerOnly_DomainReload
0x00007ff7f3a73484 (Unity) WorkerDomainReloadV2
0x00007ff7f3a94695 (Unity) <lambda_b37b41f03089e3cb3f55061bbc93253d>::operator()
0x00007ff7f3acfea2 (Unity) asio::detail::completion_handler<core::mutable_function<void __cdecl(void)>,asio::io_context::basic_executor_type<std::allocator<void>,0> >::do_complete
0x00007ff7f3abbe4e (Unity) asio::detail::win_iocp_io_context::do_one
0x00007ff7f3abdab4 (Unity) asio::detail::win_iocp_io_context::run
0x00007ff7f3ace24c (Unity) IOService::Run
0x00007ff7f3aa16cf (Unity) AssetImportWorkerClient::Run
0x00007ff7f3a6d037 (Unity) RunAssetImportWorkerClientV2
0x00007ff7f3a6d0bb (Unity) RunAssetImporterV2
0x00007ff7f32676fe (Unity) Application::InitializeProject
0x00007ff7f36f9ed5 (Unity) WinMain
0x00007ff7f4aab7be (Unity) __scrt_common_main_seh
0x00007ffd6c61259d (KERNEL32) BaseThreadInitThunk
0x00007ffd6de0af38 (ntdll) RtlUserThreadStart

Begin MonoManager ReloadAssembly
Symbol file LoadedFromMemory is not a mono symbol file
- Loaded All Assemblies, in  0.620 seconds
Native extension for WindowsStandalone target not found
Native extension for Android target not found
Mono: successfully reloaded assembly
- Finished resetting the current domain, in  1.656 seconds
Domain Reload Profiling: 2271ms
	BeginReloadAssembly (175ms)
		ExecutionOrderSort (0ms)
		DisableScriptedObjects (5ms)
		BackupInstance (0ms)
		ReleaseScriptingObjects (0ms)
		CreateAndSetChildDomain (53ms)
	RebuildCommonClasses (27ms)
	RebuildNativeTypeToScriptingClass (9ms)
	initialDomainReloadingComplete (31ms)
	LoadAllAssembliesAndSetupDomain (372ms)
		LoadAssemblies (422ms)
		RebuildTransferFunctionScriptingTraits (0ms)
		AnalyzeDomain (28ms)
			TypeCache.Refresh (7ms)
				TypeCache.ScanAssembly (0ms)
			ScanForSourceGeneratedMonoScriptInfo (0ms)
			ResolveRequiredComponents (18ms)
	FinalizeReload (1656ms)
		ReleaseScriptCaches (0ms)
		RebuildScriptCaches (0ms)
		SetupLoadedEditorAssemblies (981ms)
			LogAssemblyErrors (0ms)
			InitializePlatformSupportModulesInManaged (26ms)
			SetLoadedEditorAssemblies (8ms)
			RefreshPlugins (0ms)
			BeforeProcessingInitializeOnLoad (177ms)
			ProcessInitializeOnLoadAttributes (386ms)
			ProcessInitializeOnLoadMethodAttributes (378ms)
			AfterProcessingInitializeOnLoad (6ms)
			EditorAssembliesLoaded (0ms)
		ExecutionOrderSort2 (0ms)
		AwakeInstancesAfterBackupRestoration (11ms)
Refreshing native plugins compatible for Editor in 7.98 ms, found 0 plugins.
Preloading 0 native plugins for Editor in 0.00 ms.
Unloading 7337 Unused Serialized files (Serialized files now loaded: 0)
Unloading 55 unused Assets / (25.8 MB). Loaded Objects now: 8240.
Memory consumption went from 298.6 MB to 272.8 MB.
Total: 20.146600 ms (FindLiveObjects: 0.425100 ms CreateObjectMapping: 0.250400 ms MarkObjects: 16.305500 ms  DeleteObjects: 3.163900 ms)

Prepare: number of updated asset objects reloaded= 0
AssetImportParameters requested are different than current active one (requested -> active):
  custom:container-demuxer-ogg: 62fdf1f143b41e24485cea50d1cbac27 -> 
  custom:framework-win-MediaFoundation: 216162199b28c13a410421893ffa2e32 -> 
  custom:container-muxer-webm: aa71ff27fc2769a1b78a27578f13a17b -> 
  custom:video-decoder-webm-vp8: 9c59270c3fd7afecdb556c50c9e8de78 -> 
  custom:SearchIndexIgnoredProperties: e643bd26f0fe6173181afceb89e7c659 -> 
  custom:AudioImporter_EditorPlatform: d09bf68614088b80899f8185d706f6e7 -> 
  custom:audio-decoder-ogg-vorbis: bf7c407c2cedff20999df2af8eb42d56 -> 
  custom:audio-encoder-webm-vorbis: bf7c407c2cedff20999df2af8eb42d56 -> 
  custom:scripting/precompiled-assembly-types:Assembly-CSharp: 54dd3082a14144bc51eaf136da7e06a1 -> af3b31e7ac57b3ed8b885ab616b02d2a
  custom:video-codec-MediaFoundation-h265: 746d11721c4dcdbdad8f713fa42b33f4 -> 
  custom:video-decoder-ogg-theora: a1e56fd34408186e4bbccfd4996cb3dc -> 
  custom:CustomObjectIndexerAttribute: 72b91833f83ae208fae7752999fa3104 -> 
  custom:container-demuxer-webm: 4f35f7cbe854078d1ac9338744f61a02 -> 
  custom:video-encoder-webm-vp8: eb34c28f22e8b96e1ab97ce403110664 -> 
========================================================================
Received Import Request.
  Time since last request: 2772.332876 seconds.
  path: Assets/Prefabs/Panels/Mines/CreateMinePanelView.prefab
  artifactKey: Guid(c29454390da20934fbac026f00368b5c) Importer(815301076,1909f56bfc062723c751e8b465ee728b)
Start importing Assets/Prefabs/Panels/Mines/CreateMinePanelView.prefab using Guid(c29454390da20934fbac026f00368b5c) Importer(815301076,1909f56bfc062723c751e8b465ee728b) [PhysX] Initialized MultithreadedTaskDispatcher with 20 workers.
 -> (artifact id: 'e84d0036a78daf72a6e26d0a9f2f61e5') in 0.017709 seconds
Number of updated asset objects reloaded before import = 0
Number of asset objects unloaded after import = 0
========================================================================
Received Import Request.
  Time since last request: 156.739577 seconds.
  path: Assets/Localizations/Tables/UI/UI Shared Data.asset
  artifactKey: Guid(719ee3c00273c3c4a99fb239ed484f2c) Importer(815301076,1909f56bfc062723c751e8b465ee728b)
Start importing Assets/Localizations/Tables/UI/UI Shared Data.asset using Guid(719ee3c00273c3c4a99fb239ed484f2c) Importer(815301076,1909f56bfc062723c751e8b465ee728b) [PhysX] Initialized MultithreadedTaskDispatcher with 20 workers.
 -> (artifact id: '8a64e6237ccd733185177aecc6da08e5') in 0.030373 seconds
Number of updated asset objects reloaded before import = 0
Number of asset objects unloaded after import = 1
========================================================================
Received Import Request.
  Time since last request: 0.000314 seconds.
  path: Assets/Localizations/Tables/UI/UI_ru.asset
  artifactKey: Guid(74a79ed6eb04843429a314bb66f28816) Importer(815301076,1909f56bfc062723c751e8b465ee728b)
Start importing Assets/Localizations/Tables/UI/UI_ru.asset using Guid(74a79ed6eb04843429a314bb66f28816) Importer(815301076,1909f56bfc062723c751e8b465ee728b) [PhysX] Initialized MultithreadedTaskDispatcher with 20 workers.
 -> (artifact id: '8f0e160c3d2affc48f0c671f1f7a6735') in 0.009988 seconds
Number of updated asset objects reloaded before import = 0
Number of asset objects unloaded after import = 2
========================================================================
Received Import Request.
  Time since last request: 3.184860 seconds.
  path: Assets/Prefabs/Buildings/Guild/NewGuildPanelView.prefab
  artifactKey: Guid(f322646ac73418e43a8d1626c7c8c831) Importer(815301076,1909f56bfc062723c751e8b465ee728b)
Start importing Assets/Prefabs/Buildings/Guild/NewGuildPanelView.prefab using Guid(f322646ac73418e43a8d1626c7c8c831) Importer(815301076,1909f56bfc062723c751e8b465ee728b) [PhysX] Initialized MultithreadedTaskDispatcher with 20 workers.
 -> (artifact id: '04ad9d2cc46005784224568ca0931b21') in 0.001033 seconds
Number of updated asset objects reloaded before import = 0
Number of asset objects unloaded after import = 0
========================================================================
Received Import Request.
  Time since last request: 2.217674 seconds.
  path: Assets/Prefabs/Buildings/Guild/AvailableGuildsPanelView.prefab
  artifactKey: Guid(61a7b77cd9360b44085a114952a98a58) Importer(815301076,1909f56bfc062723c751e8b465ee728b)
Start importing Assets/Prefabs/Buildings/Guild/AvailableGuildsPanelView.prefab using Guid(61a7b77cd9360b44085a114952a98a58) Importer(815301076,1909f56bfc062723c751e8b465ee728b) [PhysX] Initialized MultithreadedTaskDispatcher with 20 workers.
 -> (artifact id: 'c1785b08fb3c2df4439609433ca35822') in 0.001146 seconds
Number of updated asset objects reloaded before import = 0
Number of asset objects unloaded after import = 0
========================================================================
Received Import Request.
  Time since last request: 0.000044 seconds.
  path: Assets/Prefabs/Buildings/Guild/GuildRecruitDetailPanelView.prefab
  artifactKey: Guid(fb5d4cbdb1a177744bbfbefa498238f0) Importer(815301076,1909f56bfc062723c751e8b465ee728b)
Start importing Assets/Prefabs/Buildings/Guild/GuildRecruitDetailPanelView.prefab using Guid(fb5d4cbdb1a177744bbfbefa498238f0) Importer(815301076,1909f56bfc062723c751e8b465ee728b) [PhysX] Initialized MultithreadedTaskDispatcher with 20 workers.
 -> (artifact id: 'ad2c560ba187606a9ef98d3f54173fde') in 0.001187 seconds
Number of updated asset objects reloaded before import = 0
Number of asset objects unloaded after import = 0
========================================================================
Received Prepare
Caller must complete domain reload
0x00007ff7f26fd08d (Unity) StackWalker::GetCurrentCallstack
0x00007ff7f2702169 (Unity) StackWalker::ShowCallstack
0x00007ff7f36ef231 (Unity) GetStacktrace
0x00007ff7f3da9e6e (Unity) DebugStringToFile
0x00007ff7f3da9baa (Unity) AssertImplementation
0x00007ff7f358d9fc (Unity) Internal_ADB_WorkerOnly_DomainReload
0x00007ff7f3a73484 (Unity) WorkerDomainReloadV2
0x00007ff7f3a94695 (Unity) <lambda_b37b41f03089e3cb3f55061bbc93253d>::operator()
0x00007ff7f3acfea2 (Unity) asio::detail::completion_handler<core::mutable_function<void __cdecl(void)>,asio::io_context::basic_executor_type<std::allocator<void>,0> >::do_complete
0x00007ff7f3abbe4e (Unity) asio::detail::win_iocp_io_context::do_one
0x00007ff7f3abdab4 (Unity) asio::detail::win_iocp_io_context::run
0x00007ff7f3ace24c (Unity) IOService::Run
0x00007ff7f3aa16cf (Unity) AssetImportWorkerClient::Run
0x00007ff7f3a6d037 (Unity) RunAssetImportWorkerClientV2
0x00007ff7f3a6d0bb (Unity) RunAssetImporterV2
0x00007ff7f32676fe (Unity) Application::InitializeProject
0x00007ff7f36f9ed5 (Unity) WinMain
0x00007ff7f4aab7be (Unity) __scrt_common_main_seh
0x00007ffd6c61259d (KERNEL32) BaseThreadInitThunk
0x00007ffd6de0af38 (ntdll) RtlUserThreadStart

Begin MonoManager ReloadAssembly
Symbol file LoadedFromMemory is not a mono symbol file
- Loaded All Assemblies, in  0.639 seconds
Native extension for WindowsStandalone target not found
Native extension for Android target not found
Mono: successfully reloaded assembly
- Finished resetting the current domain, in  2.377 seconds
Domain Reload Profiling: 3012ms
	BeginReloadAssembly (177ms)
		ExecutionOrderSort (0ms)
		DisableScriptedObjects (5ms)
		BackupInstance (0ms)
		ReleaseScriptingObjects (0ms)
		CreateAndSetChildDomain (49ms)
	RebuildCommonClasses (32ms)
	RebuildNativeTypeToScriptingClass (10ms)
	initialDomainReloadingComplete (34ms)
	LoadAllAssembliesAndSetupDomain (381ms)
		LoadAssemblies (431ms)
		RebuildTransferFunctionScriptingTraits (0ms)
		AnalyzeDomain (30ms)
			TypeCache.Refresh (8ms)
				TypeCache.ScanAssembly (0ms)
			ScanForSourceGeneratedMonoScriptInfo (0ms)
			ResolveRequiredComponents (20ms)
	FinalizeReload (2378ms)
		ReleaseScriptCaches (0ms)
		RebuildScriptCaches (0ms)
		SetupLoadedEditorAssemblies (1031ms)
			LogAssemblyErrors (0ms)
			InitializePlatformSupportModulesInManaged (26ms)
			SetLoadedEditorAssemblies (8ms)
			RefreshPlugins (0ms)
			BeforeProcessingInitializeOnLoad (175ms)
			ProcessInitializeOnLoadAttributes (426ms)
			ProcessInitializeOnLoadMethodAttributes (390ms)
			AfterProcessingInitializeOnLoad (6ms)
			EditorAssembliesLoaded (1ms)
		ExecutionOrderSort2 (0ms)
		AwakeInstancesAfterBackupRestoration (12ms)
Refreshing native plugins compatible for Editor in 8.51 ms, found 0 plugins.
Preloading 0 native plugins for Editor in 0.00 ms.
Unloading 7337 Unused Serialized files (Serialized files now loaded: 0)
Unloading 55 unused Assets / (25.8 MB). Loaded Objects now: 8256.
Memory consumption went from 298.6 MB to 272.8 MB.
Total: 20.930700 ms (FindLiveObjects: 0.489700 ms CreateObjectMapping: 0.317300 ms MarkObjects: 16.499800 ms  DeleteObjects: 3.622400 ms)

Prepare: number of updated asset objects reloaded= 0
AssetImportParameters requested are different than current active one (requested -> active):
  custom:container-demuxer-ogg: 62fdf1f143b41e24485cea50d1cbac27 -> 
  custom:framework-win-MediaFoundation: 216162199b28c13a410421893ffa2e32 -> 
  custom:container-muxer-webm: aa71ff27fc2769a1b78a27578f13a17b -> 
  custom:video-decoder-webm-vp8: 9c59270c3fd7afecdb556c50c9e8de78 -> 
  custom:SearchIndexIgnoredProperties: e643bd26f0fe6173181afceb89e7c659 -> 
  custom:AudioImporter_EditorPlatform: d09bf68614088b80899f8185d706f6e7 -> 
  custom:audio-decoder-ogg-vorbis: bf7c407c2cedff20999df2af8eb42d56 -> 
  custom:audio-encoder-webm-vorbis: bf7c407c2cedff20999df2af8eb42d56 -> 
  custom:scripting/precompiled-assembly-types:Assembly-CSharp: 54dd3082a14144bc51eaf136da7e06a1 -> af3b31e7ac57b3ed8b885ab616b02d2a
  custom:video-codec-MediaFoundation-h265: 746d11721c4dcdbdad8f713fa42b33f4 -> 
  custom:video-decoder-ogg-theora: a1e56fd34408186e4bbccfd4996cb3dc -> 
  custom:CustomObjectIndexerAttribute: 72b91833f83ae208fae7752999fa3104 -> 
  custom:container-demuxer-webm: 4f35f7cbe854078d1ac9338744f61a02 -> 
  custom:video-encoder-webm-vp8: eb34c28f22e8b96e1ab97ce403110664 -> 
========================================================================
Received Import Request.
  Time since last request: 365.984446 seconds.
  path: Assets/Prefabs/Windows/CityPageView.prefab
  artifactKey: Guid(ff75a12fa1f04b146b9612ddeebd3d6f) Importer(815301076,1909f56bfc062723c751e8b465ee728b)
Start importing Assets/Prefabs/Windows/CityPageView.prefab using Guid(ff75a12fa1f04b146b9612ddeebd3d6f) Importer(815301076,1909f56bfc062723c751e8b465ee728b) [PhysX] Initialized MultithreadedTaskDispatcher with 20 workers.
 -> (artifact id: '1457bd4439a29cd5361d72b38d4dfe09') in 0.009925 seconds
Number of updated asset objects reloaded before import = 0
Number of asset objects unloaded after import = 0
========================================================================
Received Import Request.
  Time since last request: 0.843227 seconds.
  path: Assets/Prefabs/Windows/SecondCityPageView.prefab
  artifactKey: Guid(8fb60ff8f411c6d48b64a82e8476a908) Importer(815301076,1909f56bfc062723c751e8b465ee728b)
Start importing Assets/Prefabs/Windows/SecondCityPageView.prefab using Guid(8fb60ff8f411c6d48b64a82e8476a908) Importer(815301076,1909f56bfc062723c751e8b465ee728b) [PhysX] Initialized MultithreadedTaskDispatcher with 20 workers.
 -> (artifact id: 'be325d73ca935ad55da701f03295202b') in 0.002157 seconds
Number of updated asset objects reloaded before import = 0
Number of asset objects unloaded after import = 0
========================================================================
Received Import Request.
  Time since last request: 70.214508 seconds.
  path: Assets/Prefabs/Windows/CityPageView.prefab
  artifactKey: Guid(ff75a12fa1f04b146b9612ddeebd3d6f) Importer(815301076,1909f56bfc062723c751e8b465ee728b)
Start importing Assets/Prefabs/Windows/CityPageView.prefab using Guid(ff75a12fa1f04b146b9612ddeebd3d6f) Importer(815301076,1909f56bfc062723c751e8b465ee728b) [PhysX] Initialized MultithreadedTaskDispatcher with 20 workers.
 -> (artifact id: 'ec7393ff00d492965c1567ea0cf83a09') in 0.001057 seconds
Number of updated asset objects reloaded before import = 0
Number of asset objects unloaded after import = 0
========================================================================
Received Import Request.
  Time since last request: 9.163314 seconds.
  path: Assets/Prefabs/Windows/CityPageView.prefab
  artifactKey: Guid(ff75a12fa1f04b146b9612ddeebd3d6f) Importer(815301076,1909f56bfc062723c751e8b465ee728b)
Start importing Assets/Prefabs/Windows/CityPageView.prefab using Guid(ff75a12fa1f04b146b9612ddeebd3d6f) Importer(815301076,1909f56bfc062723c751e8b465ee728b) [PhysX] Initialized MultithreadedTaskDispatcher with 20 workers.
 -> (artifact id: 'ec7393ff00d492965c1567ea0cf83a09') in 0.000736 seconds
Number of updated asset objects reloaded before import = 0
Number of asset objects unloaded after import = 0
========================================================================
Received Import Request.
  Time since last request: 39.186521 seconds.
  path: Assets/Prefabs/Windows/CityPageView.prefab
  artifactKey: Guid(ff75a12fa1f04b146b9612ddeebd3d6f) Importer(815301076,1909f56bfc062723c751e8b465ee728b)
Start importing Assets/Prefabs/Windows/CityPageView.prefab using Guid(ff75a12fa1f04b146b9612ddeebd3d6f) Importer(815301076,1909f56bfc062723c751e8b465ee728b) [PhysX] Initialized MultithreadedTaskDispatcher with 20 workers.
 -> (artifact id: 'ec7393ff00d492965c1567ea0cf83a09') in 0.000690 seconds
Number of updated asset objects reloaded before import = 0
Number of asset objects unloaded after import = 0
========================================================================
Received Import Request.
  Time since last request: 0.797882 seconds.
  path: Assets/Prefabs/Windows/CityPageView.prefab
  artifactKey: Guid(ff75a12fa1f04b146b9612ddeebd3d6f) Importer(815301076,1909f56bfc062723c751e8b465ee728b)
Start importing Assets/Prefabs/Windows/CityPageView.prefab using Guid(ff75a12fa1f04b146b9612ddeebd3d6f) Importer(815301076,1909f56bfc062723c751e8b465ee728b) [PhysX] Initialized MultithreadedTaskDispatcher with 20 workers.
 -> (artifact id: 'ec7393ff00d492965c1567ea0cf83a09') in 0.000865 seconds
Number of updated asset objects reloaded before import = 0
Number of asset objects unloaded after import = 0
========================================================================
Received Prepare
Caller must complete domain reload
0x00007ff7f26fd08d (Unity) StackWalker::GetCurrentCallstack
0x00007ff7f2702169 (Unity) StackWalker::ShowCallstack
0x00007ff7f36ef231 (Unity) GetStacktrace
0x00007ff7f3da9e6e (Unity) DebugStringToFile
0x00007ff7f3da9baa (Unity) AssertImplementation
0x00007ff7f358d9fc (Unity) Internal_ADB_WorkerOnly_DomainReload
0x00007ff7f3a73484 (Unity) WorkerDomainReloadV2
0x00007ff7f3a94695 (Unity) <lambda_b37b41f03089e3cb3f55061bbc93253d>::operator()
0x00007ff7f3acfea2 (Unity) asio::detail::completion_handler<core::mutable_function<void __cdecl(void)>,asio::io_context::basic_executor_type<std::allocator<void>,0> >::do_complete
0x00007ff7f3abbe4e (Unity) asio::detail::win_iocp_io_context::do_one
0x00007ff7f3abdab4 (Unity) asio::detail::win_iocp_io_context::run
0x00007ff7f3ace24c (Unity) IOService::Run
0x00007ff7f3aa16cf (Unity) AssetImportWorkerClient::Run
0x00007ff7f3a6d037 (Unity) RunAssetImportWorkerClientV2
0x00007ff7f3a6d0bb (Unity) RunAssetImporterV2
0x00007ff7f32676fe (Unity) Application::InitializeProject
0x00007ff7f36f9ed5 (Unity) WinMain
0x00007ff7f4aab7be (Unity) __scrt_common_main_seh
0x00007ffd6c61259d (KERNEL32) BaseThreadInitThunk
0x00007ffd6de0af38 (ntdll) RtlUserThreadStart

Begin MonoManager ReloadAssembly
Symbol file LoadedFromMemory is not a mono symbol file
- Loaded All Assemblies, in  0.637 seconds
Native extension for WindowsStandalone target not found
Native extension for Android target not found
Mono: successfully reloaded assembly
- Finished resetting the current domain, in  1.979 seconds
Domain Reload Profiling: 2611ms
	BeginReloadAssembly (169ms)
		ExecutionOrderSort (0ms)
		DisableScriptedObjects (6ms)
		BackupInstance (0ms)
		ReleaseScriptingObjects (0ms)
		CreateAndSetChildDomain (53ms)
	RebuildCommonClasses (26ms)
	RebuildNativeTypeToScriptingClass (9ms)
	initialDomainReloadingComplete (32ms)
	LoadAllAssembliesAndSetupDomain (396ms)
		LoadAssemblies (437ms)
		RebuildTransferFunctionScriptingTraits (0ms)
		AnalyzeDomain (32ms)
			TypeCache.Refresh (8ms)
				TypeCache.ScanAssembly (0ms)
			ScanForSourceGeneratedMonoScriptInfo (0ms)
			ResolveRequiredComponents (21ms)
	FinalizeReload (1979ms)
		ReleaseScriptCaches (0ms)
		RebuildScriptCaches (0ms)
		SetupLoadedEditorAssemblies (1205ms)
			LogAssemblyErrors (0ms)
			InitializePlatformSupportModulesInManaged (25ms)
			SetLoadedEditorAssemblies (8ms)
			RefreshPlugins (0ms)
			BeforeProcessingInitializeOnLoad (185ms)
			ProcessInitializeOnLoadAttributes (443ms)
			ProcessInitializeOnLoadMethodAttributes (538ms)
			AfterProcessingInitializeOnLoad (6ms)
			EditorAssembliesLoaded (1ms)
		ExecutionOrderSort2 (0ms)
		AwakeInstancesAfterBackupRestoration (12ms)
Refreshing native plugins compatible for Editor in 9.44 ms, found 0 plugins.
Preloading 0 native plugins for Editor in 0.00 ms.
Unloading 7337 Unused Serialized files (Serialized files now loaded: 0)
Unloading 55 unused Assets / (25.8 MB). Loaded Objects now: 8272.
Memory consumption went from 298.6 MB to 272.8 MB.
Total: 23.203500 ms (FindLiveObjects: 0.522400 ms CreateObjectMapping: 0.370100 ms MarkObjects: 18.269400 ms  DeleteObjects: 4.039900 ms)

Prepare: number of updated asset objects reloaded= 0
AssetImportParameters requested are different than current active one (requested -> active):
  custom:container-demuxer-ogg: 62fdf1f143b41e24485cea50d1cbac27 -> 
  custom:framework-win-MediaFoundation: 216162199b28c13a410421893ffa2e32 -> 
  custom:container-muxer-webm: aa71ff27fc2769a1b78a27578f13a17b -> 
  custom:video-decoder-webm-vp8: 9c59270c3fd7afecdb556c50c9e8de78 -> 
  custom:SearchIndexIgnoredProperties: e643bd26f0fe6173181afceb89e7c659 -> 
  custom:AudioImporter_EditorPlatform: d09bf68614088b80899f8185d706f6e7 -> 
  custom:audio-decoder-ogg-vorbis: bf7c407c2cedff20999df2af8eb42d56 -> 
  custom:audio-encoder-webm-vorbis: bf7c407c2cedff20999df2af8eb42d56 -> 
  custom:scripting/precompiled-assembly-types:Assembly-CSharp: 54dd3082a14144bc51eaf136da7e06a1 -> af3b31e7ac57b3ed8b885ab616b02d2a
  custom:video-codec-MediaFoundation-h265: 746d11721c4dcdbdad8f713fa42b33f4 -> 
  custom:video-decoder-ogg-theora: a1e56fd34408186e4bbccfd4996cb3dc -> 
  custom:CustomObjectIndexerAttribute: 72b91833f83ae208fae7752999fa3104 -> 
  custom:container-demuxer-webm: 4f35f7cbe854078d1ac9338744f61a02 -> 
  custom:video-encoder-webm-vp8: eb34c28f22e8b96e1ab97ce403110664 -> 
========================================================================
Received Import Request.
  Time since last request: 71.205315 seconds.
  path: Assets/Prefabs/Buildings/AltarView.prefab
  artifactKey: Guid(dab14610405244b4993e9398ea956747) Importer(815301076,1909f56bfc062723c751e8b465ee728b)
Start importing Assets/Prefabs/Buildings/AltarView.prefab using Guid(dab14610405244b4993e9398ea956747) Importer(815301076,1909f56bfc062723c751e8b465ee728b) [PhysX] Initialized MultithreadedTaskDispatcher with 20 workers.
 -> (artifact id: 'fa1877795ad5d495f46b4df52f6e383c') in 0.003432 seconds
Number of updated asset objects reloaded before import = 0
Number of asset objects unloaded after import = 0
========================================================================
Received Import Request.
  Time since last request: 45.182657 seconds.
  path: Assets/Prefabs/Buildings/AltarView.prefab
  artifactKey: Guid(dab14610405244b4993e9398ea956747) Importer(815301076,1909f56bfc062723c751e8b465ee728b)
Start importing Assets/Prefabs/Buildings/AltarView.prefab using Guid(dab14610405244b4993e9398ea956747) Importer(815301076,1909f56bfc062723c751e8b465ee728b) [PhysX] Initialized MultithreadedTaskDispatcher with 20 workers.
 -> (artifact id: '80034bc0f46a3cc2175f21e0e13d7aca') in 0.000618 seconds
Number of updated asset objects reloaded before import = 0
Number of asset objects unloaded after import = 0
========================================================================
Received Import Request.
  Time since last request: 4.883316 seconds.
  path: Assets/Prefabs/Buildings/AltarView.prefab
  artifactKey: Guid(dab14610405244b4993e9398ea956747) Importer(815301076,1909f56bfc062723c751e8b465ee728b)
Start importing Assets/Prefabs/Buildings/AltarView.prefab using Guid(dab14610405244b4993e9398ea956747) Importer(815301076,1909f56bfc062723c751e8b465ee728b) [PhysX] Initialized MultithreadedTaskDispatcher with 20 workers.
 -> (artifact id: '34508cec903f561e07b5738f8b86aaf4') in 0.000647 seconds
Number of updated asset objects reloaded before import = 0
Number of asset objects unloaded after import = 0
========================================================================
Received Import Request.
  Time since last request: 7.962877 seconds.
  path: Assets/Others/Dreamscapes/Grounds/groundsand01.psd
  artifactKey: Guid(c4ce092ccf25d3f469293a8f2c44e3c6) Importer(815301076,1909f56bfc062723c751e8b465ee728b)
Start importing Assets/Others/Dreamscapes/Grounds/groundsand01.psd using Guid(c4ce092ccf25d3f469293a8f2c44e3c6) Importer(815301076,1909f56bfc062723c751e8b465ee728b) [PhysX] Initialized MultithreadedTaskDispatcher with 20 workers.
[PhysX] Initialized MultithreadedTaskDispatcher with 20 workers.
 -> (artifact id: 'cb5e7cebc92ee82de14ff4ea8a05763b') in 0.098972 seconds
Number of updated asset objects reloaded before import = 0
Number of asset objects unloaded after import = 2
========================================================================
Received Import Request.
  Time since last request: 0.000019 seconds.
  path: Assets/TextMesh Pro/Resources/Fonts & Materials/LiberationSans SDF - Outline.mat
  artifactKey: Guid(79459efec17a4d00a321bdcc27bbc385) Importer(815301076,1909f56bfc062723c751e8b465ee728b)
Start importing Assets/TextMesh Pro/Resources/Fonts & Materials/LiberationSans SDF - Outline.mat using Guid(79459efec17a4d00a321bdcc27bbc385) Importer(815301076,1909f56bfc062723c751e8b465ee728b) [PhysX] Initialized MultithreadedTaskDispatcher with 20 workers.
[PhysX] Initialized MultithreadedTaskDispatcher with 20 workers.
 -> (artifact id: '4a8fbc77312035d788058d8ba84057d2') in 0.455999 seconds
Number of updated asset objects reloaded before import = 0
Number of asset objects unloaded after import = 22
========================================================================
Received Import Request.
  Time since last request: 0.000028 seconds.
  path: Assets/TextMesh Pro/Resources/Fonts & Materials/LiberationSans SDF - Drop Shadow.mat
  artifactKey: Guid(e73a58f6e2794ae7b1b7e50b7fb811b0) Importer(815301076,1909f56bfc062723c751e8b465ee728b)
Start importing Assets/TextMesh Pro/Resources/Fonts & Materials/LiberationSans SDF - Drop Shadow.mat using Guid(e73a58f6e2794ae7b1b7e50b7fb811b0) Importer(815301076,1909f56bfc062723c751e8b465ee728b) [PhysX] Initialized MultithreadedTaskDispatcher with 20 workers.
[PhysX] Initialized MultithreadedTaskDispatcher with 20 workers.
 -> (artifact id: '94b627772e4a81f2b9f7a619383adc05') in 0.088531 seconds
Number of updated asset objects reloaded before import = 0
Number of asset objects unloaded after import = 3
========================================================================
Received Import Request.
  Time since last request: 0.000033 seconds.
  path: Assets/TextMesh Pro/Examples & Extras/Resources/Fonts & Materials/LiberationSans SDF - Soft Mask.mat
  artifactKey: Guid(42df1c7856584b6b8db9a509b6b10074) Importer(815301076,1909f56bfc062723c751e8b465ee728b)
Start importing Assets/TextMesh Pro/Examples & Extras/Resources/Fonts & Materials/LiberationSans SDF - Soft Mask.mat using Guid(42df1c7856584b6b8db9a509b6b10074) Importer(815301076,1909f56bfc062723c751e8b465ee728b) [PhysX] Initialized MultithreadedTaskDispatcher with 20 workers.
[PhysX] Initialized MultithreadedTaskDispatcher with 20 workers.
 -> (artifact id: 'c673b04cee5a2b91dbffc4117c72e4ed') in 0.052370 seconds
Number of updated asset objects reloaded before import = 0
Number of asset objects unloaded after import = 4
Editor requested this worker to shutdown with reason: Scaling down because of idle timeout
TcpMessagingSession - receive error: operation aborted. errorcode: 995, details:  /   -       .
AssetImportWorker is now disconnected from the server
Process exiting
Exiting without the bug reporter. Application will terminate with return code 0