Using pre-set license
Built from '2022.3/staging' branch; Version is '2022.3.42f1 (2dcb6a0abc42) revision 3001194'; Using compiler version '192829333'; Build Type 'Release'
OS: 'Windows 11  (10.0.22631) 64bit Core' Language: 'ru' Physical Memory: 16108 MB
BatchMode: 1, IsHumanControllingUs: 0, StartBugReporterOnCrash: 0, Is64bit: 1, IsPro: 1

COMMAND LINE ARGUMENTS:
C:\Program Files\Unity\Hub\Editor\2022.3.42f1\Editor\Unity.exe
-adb2
-batchMode
-noUpm
-name
AssetImportWorker12
-projectPath
C:/Projects/UniverseRift.git
-logFile
Logs/AssetImportWorker12.log
-srvPort
62683
Successfully changed project path to: C:/Projects/UniverseRift.git
C:/Projects/UniverseRift.git
[UnityMemory] Configuration Parameters - Can be set up in boot.config
    "memorysetup-bucket-allocator-granularity=16"
    "memorysetup-bucket-allocator-bucket-count=8"
    "memorysetup-bucket-allocator-block-size=33554432"
    "memorysetup-bucket-allocator-block-count=8"
    "memorysetup-main-allocator-block-size=16777216"
    "memorysetup-thread-allocator-block-size=16777216"
    "memorysetup-gfx-main-allocator-block-size=16777216"
    "memorysetup-gfx-thread-allocator-block-size=16777216"
    "memorysetup-cache-allocator-block-size=4194304"
    "memorysetup-typetree-allocator-block-size=2097152"
    "memorysetup-profiler-bucket-allocator-granularity=16"
    "memorysetup-profiler-bucket-allocator-bucket-count=8"
    "memorysetup-profiler-bucket-allocator-block-size=33554432"
    "memorysetup-profiler-bucket-allocator-block-count=8"
    "memorysetup-profiler-allocator-block-size=16777216"
    "memorysetup-profiler-editor-allocator-block-size=1048576"
    "memorysetup-temp-allocator-size-main=16777216"
    "memorysetup-job-temp-allocator-block-size=2097152"
    "memorysetup-job-temp-allocator-block-size-background=1048576"
    "memorysetup-job-temp-allocator-reduction-small-platforms=262144"
    "memorysetup-allocator-temp-initial-block-size-main=262144"
    "memorysetup-allocator-temp-initial-block-size-worker=262144"
    "memorysetup-temp-allocator-size-background-worker=32768"
    "memorysetup-temp-allocator-size-job-worker=262144"
    "memorysetup-temp-allocator-size-preload-manager=33554432"
    "memorysetup-temp-allocator-size-nav-mesh-worker=65536"
    "memorysetup-temp-allocator-size-audio-worker=65536"
    "memorysetup-temp-allocator-size-cloud-worker=32768"
    "memorysetup-temp-allocator-size-gi-baking-worker=262144"
    "memorysetup-temp-allocator-size-gfx=262144"
Player connection [5424]  Target information:

Player connection [5424]  * "[IP] 172.16.0.2 [Port] 0 [Flags] 2 [Guid] 4168218861 [EditorId] 4168218861 [Version] 1048832 [Id] WindowsEditor(7,Landelo) [Debug] 1 [PackageName] WindowsEditor [ProjectName] Editor" 

Player connection [5424]  * "[IP] 192.168.1.2 [Port] 0 [Flags] 2 [Guid] 4168218861 [EditorId] 4168218861 [Version] 1048832 [Id] WindowsEditor(7,Landelo) [Debug] 1 [PackageName] WindowsEditor [ProjectName] Editor" 

Player connection [5424] Host joined multi-casting on [225.0.0.222:54997]...
Player connection [5424] Host joined alternative multi-casting on [225.0.0.222:34997]...
[PhysX] Initialized MultithreadedTaskDispatcher with 20 workers.
Refreshing native plugins compatible for Editor in 28.89 ms, found 0 plugins.
Preloading 0 native plugins for Editor in 0.00 ms.
Initialize engine version: 2022.3.42f1 (2dcb6a0abc42)
[Subsystems] Discovering subsystems at path C:/Program Files/Unity/Hub/Editor/2022.3.42f1/Editor/Data/Resources/UnitySubsystems
[Subsystems] Discovering subsystems at path C:/Projects/UniverseRift.git/Assets
GfxDevice: creating device client; threaded=0; jobified=0
Direct3D:
    Version:  Direct3D 11.0 [level 11.1]
    Renderer: NVIDIA GeForce RTX 3060 Laptop GPU (ID=0x2520)
    Vendor:   NVIDIA
    VRAM:     6023 MB
    Driver:   30.0.15.1165
Invalid texture used for cursor - check importer settings or texture creation. Texture must be RGBA32, readable, have alphaIsTransparency enabled and have no mip chain.
Failed to set the cursor because the specified texture ('fx_rotate_line') was not CPU accessible.
Initialize mono
Mono path[0] = 'C:/Program Files/Unity/Hub/Editor/2022.3.42f1/Editor/Data/Managed'
Mono path[1] = 'C:/Program Files/Unity/Hub/Editor/2022.3.42f1/Editor/Data/MonoBleedingEdge/lib/mono/unityjit-win32'
Mono config path = 'C:/Program Files/Unity/Hub/Editor/2022.3.42f1/Editor/Data/MonoBleedingEdge/etc'
Using monoOptions --debugger-agent=transport=dt_socket,embedding=1,server=y,suspend=n,address=127.0.0.1:56684
Begin MonoManager ReloadAssembly
Registering precompiled unity dll's ...
Register platform support module: C:/Program Files/Unity/Hub/Editor/2022.3.42f1/Editor/Data/PlaybackEngines/AndroidPlayer/UnityEditor.Android.Extensions.dll
Register platform support module: C:/Program Files/Unity/Hub/Editor/2022.3.42f1/Editor/Data/PlaybackEngines/WindowsStandaloneSupport/UnityEditor.WindowsStandalone.Extensions.dll
Registered in 0.007152 seconds.
- Loaded All Assemblies, in  0.296 seconds
Native extension for WindowsStandalone target not found
Native extension for Android target not found
Android Extension - Scanning For ADB Devices 259 ms
Mono: successfully reloaded assembly
- Finished resetting the current domain, in  0.524 seconds
Domain Reload Profiling: 819ms
	BeginReloadAssembly (102ms)
		ExecutionOrderSort (0ms)
		DisableScriptedObjects (0ms)
		BackupInstance (0ms)
		ReleaseScriptingObjects (0ms)
		CreateAndSetChildDomain (1ms)
	RebuildCommonClasses (26ms)
	RebuildNativeTypeToScriptingClass (8ms)
	initialDomainReloadingComplete (48ms)
	LoadAllAssembliesAndSetupDomain (110ms)
		LoadAssemblies (101ms)
		RebuildTransferFunctionScriptingTraits (0ms)
		AnalyzeDomain (108ms)
			TypeCache.Refresh (107ms)
				TypeCache.ScanAssembly (96ms)
			ScanForSourceGeneratedMonoScriptInfo (0ms)
			ResolveRequiredComponents (0ms)
	FinalizeReload (524ms)
		ReleaseScriptCaches (0ms)
		RebuildScriptCaches (0ms)
		SetupLoadedEditorAssemblies (490ms)
			LogAssemblyErrors (0ms)
			InitializePlatformSupportModulesInManaged (351ms)
			SetLoadedEditorAssemblies (4ms)
			RefreshPlugins (0ms)
			BeforeProcessingInitializeOnLoad (2ms)
			ProcessInitializeOnLoadAttributes (93ms)
			ProcessInitializeOnLoadMethodAttributes (39ms)
			AfterProcessingInitializeOnLoad (0ms)
			EditorAssembliesLoaded (0ms)
		ExecutionOrderSort2 (0ms)
		AwakeInstancesAfterBackupRestoration (0ms)
========================================================================
Worker process is ready to serve import requests
Caller must complete domain reload
0x00007ff708e2d08d (Unity) StackWalker::GetCurrentCallstack
0x00007ff708e32169 (Unity) StackWalker::ShowCallstack
0x00007ff709e1f231 (Unity) GetStacktrace
0x00007ff70a4d9e6e (Unity) DebugStringToFile
0x00007ff70a4d9baa (Unity) AssertImplementation
0x00007ff709cbd9fc (Unity) Internal_ADB_WorkerOnly_DomainReload
0x00007ff70a1a3484 (Unity) WorkerDomainReloadV2
0x00007ff70a1c40af (Unity) <lambda_943be6b2c5671afd01d59371cf3ef730>::operator()
0x00007ff70a1ffea2 (Unity) asio::detail::completion_handler<core::mutable_function<void __cdecl(void)>,asio::io_context::basic_executor_type<std::allocator<void>,0> >::do_complete
0x00007ff70a1ebe4e (Unity) asio::detail::win_iocp_io_context::do_one
0x00007ff70a1eda7e (Unity) asio::detail::win_iocp_io_context::run
0x00007ff70a1fe24c (Unity) IOService::Run
0x00007ff70a1d16cf (Unity) AssetImportWorkerClient::Run
0x00007ff70a19d037 (Unity) RunAssetImportWorkerClientV2
0x00007ff70a19d0bb (Unity) RunAssetImporterV2
0x00007ff7099976fe (Unity) Application::InitializeProject
0x00007ff709e29ed5 (Unity) WinMain
0x00007ff70b1db7be (Unity) __scrt_common_main_seh
0x00007ffef564257d (KERNEL32) BaseThreadInitThunk
0x00007ffef6acaf08 (ntdll) RtlUserThreadStart

Begin MonoManager ReloadAssembly
Symbol file LoadedFromMemory is not a mono symbol file
- Loaded All Assemblies, in  1.051 seconds
Native extension for WindowsStandalone target not found
Native extension for Android target not found
Launched and connected shader compiler UnityShaderCompiler.exe after 0.06 seconds
Mirror | mirror-networking.com | discord.gg/N9QVxbM
UnityEngine.StackTraceUtility:ExtractStackTrace ()
UnityEngine.DebugLogHandler:LogFormat (UnityEngine.LogType,UnityEngine.Object,string,object[])
UnityEngine.Logger:Log (UnityEngine.LogType,object)
UnityEngine.Debug:Log (object)
Mirror.Welcome:OnInitializeOnLoad () (at Assets/Mirror/Editor/Welcome.cs:18)
System.Reflection.RuntimeMethodInfo:Invoke (object,System.Reflection.BindingFlags,System.Reflection.Binder,object[],System.Globalization.CultureInfo)
System.Reflection.MethodBase:Invoke (object,object[])
UnityEditor.EditorAssemblies:ProcessInitializeOnLoadMethodAttributes ()

(Filename: Assets/Mirror/Editor/Welcome.cs Line: 18)

Mono: successfully reloaded assembly
- Finished resetting the current domain, in  1.342 seconds
Domain Reload Profiling: 2389ms
	BeginReloadAssembly (120ms)
		ExecutionOrderSort (0ms)
		DisableScriptedObjects (4ms)
		BackupInstance (0ms)
		ReleaseScriptingObjects (0ms)
		CreateAndSetChildDomain (18ms)
	RebuildCommonClasses (23ms)
	RebuildNativeTypeToScriptingClass (7ms)
	initialDomainReloadingComplete (41ms)
	LoadAllAssembliesAndSetupDomain (856ms)
		LoadAssemblies (662ms)
		RebuildTransferFunctionScriptingTraits (0ms)
		AnalyzeDomain (265ms)
			TypeCache.Refresh (210ms)
				TypeCache.ScanAssembly (189ms)
			ScanForSourceGeneratedMonoScriptInfo (37ms)
			ResolveRequiredComponents (16ms)
	FinalizeReload (1342ms)
		ReleaseScriptCaches (0ms)
		RebuildScriptCaches (0ms)
		SetupLoadedEditorAssemblies (1157ms)
			LogAssemblyErrors (0ms)
			InitializePlatformSupportModulesInManaged (22ms)
			SetLoadedEditorAssemblies (6ms)
			RefreshPlugins (0ms)
			BeforeProcessingInitializeOnLoad (152ms)
			ProcessInitializeOnLoadAttributes (672ms)
			ProcessInitializeOnLoadMethodAttributes (300ms)
			AfterProcessingInitializeOnLoad (4ms)
			EditorAssembliesLoaded (0ms)
		ExecutionOrderSort2 (0ms)
		AwakeInstancesAfterBackupRestoration (4ms)
Refreshing native plugins compatible for Editor in 12.06 ms, found 0 plugins.
Preloading 0 native plugins for Editor in 0.00 ms.
Unloading 7548 Unused Serialized files (Serialized files now loaded: 0)
Unloading 71 unused Assets / (25.8 MB). Loaded Objects now: 8089.
Memory consumption went from 339.3 MB to 313.4 MB.
Total: 22.044000 ms (FindLiveObjects: 0.431200 ms CreateObjectMapping: 0.324000 ms MarkObjects: 16.188900 ms  DeleteObjects: 5.098900 ms)

AssetImportParameters requested are different than current active one (requested -> active):
  custom:container-demuxer-ogg: 62fdf1f143b41e24485cea50d1cbac27 -> 
  custom:scripting/monoscript/fileName/VectorIntFormatters.cs: 9586b7cc9790bedc597b383a8c7e74bd -> 
  custom:scripting/monoscript/fileName/BuildAOTAutomation.cs: bc965071e67864fcb98b6905e53f9cf0 -> 
  custom:framework-win-MediaFoundation: 216162199b28c13a410421893ffa2e32 -> 
  custom:scripting/monoscript/fileName/VectorIntDrawers.cs: ff9fdecb2dae0b1d098a97f8b7c0a9e5 -> 
  custom:scripting/monoscript/fileName/UpdateChecker.cs: f4fa143a5511d0860f6257ecc1abfb6b -> 029b1daf8f3b497c0666e54f8685c8b9
  custom:scripting/monoscript/fileName/ExternalLinks.cs: 59a1e94e8f92c120ea66f1352f9c313b -> f57d4a4349423b09b7191c91a0e33dbb
  custom:scripting/monoscript/fileName/ParrelSyncAssetModificationProcessor.cs: 6d46d9907a9b42110c441f804e11649a -> 98155902029fa8ed02f705a5843cf897
  custom:scripting/monoscript/fileName/VectorIntPropertyResolvers.cs: e32158c95c6e6c239f32d45819ee2d20 -> 
  custom:container-muxer-webm: aa71ff27fc2769a1b78a27578f13a17b -> 
  custom:video-decoder-webm-vp8: 9c59270c3fd7afecdb556c50c9e8de78 -> 
  custom:SearchIndexIgnoredProperties: e643bd26f0fe6173181afceb89e7c659 -> 
  custom:scripting/monoscript/fileName/AssemblyImportSettingsAutomation.cs: 42bef8034c9ce3f0d6c978e0d0551f15 -> 
  custom:AudioImporter_EditorPlatform: d09bf68614088b80899f8185d706f6e7 -> 
  custom:scripting/monoscript/fileName/SimpleAction.cs: 1301d516c086077ffe4b433ead602da0 -> 
  custom:scripting/monoscript/fileName/AskFeedbackDialog.cs: 15eed79ca1600ec961ee9e1b81db697e -> 87af38bcc9ff5fcc64e3b06dc3e06287
  custom:scripting/monoscript/fileName/OtherMenuItem.cs: 8dd0c8fa3f8708c7f211e61b38016518 -> 65154b4add18958b71906d4d02b7528b
  custom:audio-decoder-ogg-vorbis: bf7c407c2cedff20999df2af8eb42d56 -> 
  custom:scripting/monoscript/fileName/ActionEffectDetails.cs: 8d2962647305b9b45287f939f6652f4e -> 
  custom:scripting/monoscript/fileName/OdinUpgrader.cs: ee3d9228da7555b7ff3d8bc8c2e703d7 -> 
  custom:audio-encoder-webm-vorbis: bf7c407c2cedff20999df2af8eb42d56 -> 
  custom:scripting/monoscript/fileName/FixBrokenUnityObjectWrapperDrawer.cs: 0cdf409b5aa8d4c25876d72b5c6a3b60 -> 
  custom:video-codec-MediaFoundation-h265: 746d11721c4dcdbdad8f713fa42b33f4 -> 
  custom:scripting/monoscript/fileName/Vector2IntMinMaxAttributeDrawer.cs: eb03797dc07c930643638362abd8e148 -> 
  custom:video-decoder-ogg-theora: a1e56fd34408186e4bbccfd4996cb3dc -> 
  custom:scripting/monoscript/fileName/CustomArgumentExample.cs: dc5717d26bf03e4fabad245f536d6adc -> 9fe00a64f6bf3c6cbd9b9dd594a81ab9
  custom:CustomObjectIndexerAttribute: 72b91833f83ae208fae7752999fa3104 -> 
  custom:container-demuxer-webm: 4f35f7cbe854078d1ac9338744f61a02 -> 
  custom:scripting/monoscript/fileName/ClonesManagerWindow.cs: 910630a445f8ef421f760c8c6a0ee8ac -> 480fe8f568c4df8018a3dadfa3e69d57
  custom:scripting/monoscript/fileName/ValidateCopiedFoldersIntegrity.cs: 1cbd699743a201395c1fb4e69761fbbe -> 56f406d9e913419ab82dfb77d147492d
  custom:scripting/monoscript/fileName/EnsureOdinInspectorDefine.cs: 461414cb0a18f7470566e6e72e890dbe -> 
  custom:scripting/monoscript/fileName/Project.cs: c031ac54c4553aae4915790679d0621a -> e0f36ba34d7b588c02343a8832f6bf7b
  custom:scripting/monoscript/fileName/Preferences.cs: 459e18932dd6a67f6a6f1c4bc7078537 -> 92c2dcaaad6eaa4a4bd5472569082be1
  custom:scripting/monoscript/fileName/SkillsContainer.cs: f541871ac980b285f188f3b2287b573c -> 
  custom:scripting/monoscript/fileName/FileUtilities.cs: a07cfb7041c6b8a10eda211e28510e83 -> 5a830a36b26409c0d41301d9b1600e3f
  custom:scripting/monoscript/fileName/ActionEffect.cs: 8d2962647305b9b45287f939f6652f4e -> 
  custom:video-encoder-webm-vp8: eb34c28f22e8b96e1ab97ce403110664 -> 
  custom:scripting/monoscript/fileName/ClonesManager.cs: ac2c82ec34a3edfb5f28bbdb2dee523a -> 56d4e9ba876d20feaa256fa586b68f63
  custom:scripting/monoscript/fileName/EditorQuit.cs: 290a58076c6512bec6d680d6c814d5f3 -> 0d99020733aa7608452e4fa0cdb5cb7e
========================================================================
Received Import Request.
  Time since last request: 321454.447128 seconds.
  path: Assets/Custom Fortune Wheel/Resources/Fonts/Roboto/Roboto-Regular.ttf
  artifactKey: Guid(d2e1585b9730043fd9c090c35cd06346) Importer(815301076,1909f56bfc062723c751e8b465ee728b)
Start importing Assets/Custom Fortune Wheel/Resources/Fonts/Roboto/Roboto-Regular.ttf using Guid(d2e1585b9730043fd9c090c35cd06346) Importer(815301076,1909f56bfc062723c751e8b465ee728b) [PhysX] Initialized MultithreadedTaskDispatcher with 20 workers.
[PhysX] Initialized MultithreadedTaskDispatcher with 20 workers.
[PhysX] Initialized MultithreadedTaskDispatcher with 20 workers.
 -> (artifact id: '96b50aa8952157fc54f03b65b33dffe9') in 0.450452 seconds
Number of updated asset objects reloaded before import = 0
Number of asset objects unloaded after import = 24
========================================================================
Received Import Request.
  Time since last request: 0.000076 seconds.
  path: Assets/Mirror/Examples/RigidbodyPhysics/Materials/Green.mat
  artifactKey: Guid(bbe2c7293af197640a2b40018e79b9a6) Importer(815301076,1909f56bfc062723c751e8b465ee728b)
Start importing Assets/Mirror/Examples/RigidbodyPhysics/Materials/Green.mat using Guid(bbe2c7293af197640a2b40018e79b9a6) Importer(815301076,1909f56bfc062723c751e8b465ee728b) [PhysX] Initialized MultithreadedTaskDispatcher with 20 workers.
[PhysX] Initialized MultithreadedTaskDispatcher with 20 workers.
 -> (artifact id: '65104a2376bf0a8a6490aa60399d0bb0') in 0.024319 seconds
Number of updated asset objects reloaded before import = 0
Number of asset objects unloaded after import = 2
========================================================================
Received Import Request.
  Time since last request: 0.000032 seconds.
  path: Assets/Materials/GreenMaterial.mat
  artifactKey: Guid(4ca4fc4f99a6c3b4c813a752ee88d47e) Importer(815301076,1909f56bfc062723c751e8b465ee728b)
Start importing Assets/Materials/GreenMaterial.mat using Guid(4ca4fc4f99a6c3b4c813a752ee88d47e) Importer(815301076,1909f56bfc062723c751e8b465ee728b) [PhysX] Initialized MultithreadedTaskDispatcher with 20 workers.
[PhysX] Initialized MultithreadedTaskDispatcher with 20 workers.
 -> (artifact id: 'cf8a6012ff90967aa19575b6536f97a8') in 0.054956 seconds
Number of updated asset objects reloaded before import = 0
Number of asset objects unloaded after import = 3
========================================================================
Received Import Request.
  Time since last request: 0.000028 seconds.
  path: Assets/Fonts/CorporateAPro-Medium.ttf
  artifactKey: Guid(7b38ef847d7356a4884c755d5757fbb6) Importer(815301076,1909f56bfc062723c751e8b465ee728b)
Start importing Assets/Fonts/CorporateAPro-Medium.ttf using Guid(7b38ef847d7356a4884c755d5757fbb6) Importer(815301076,1909f56bfc062723c751e8b465ee728b) [PhysX] Initialized MultithreadedTaskDispatcher with 20 workers.
[PhysX] Initialized MultithreadedTaskDispatcher with 20 workers.
[PhysX] Initialized MultithreadedTaskDispatcher with 20 workers.
 -> (artifact id: '93d701a6b3787216242f2070cbbc5fe1') in 0.011847 seconds
Number of updated asset objects reloaded before import = 0
Number of asset objects unloaded after import = 5
========================================================================
Received Import Request.
  Time since last request: 0.000023 seconds.
  path: Assets/Others/Monsters Ultimate Pack 02 Cute Series/Poison Bomb Cute Series/Materials/FX Spark Glow.mat
  artifactKey: Guid(02b37048249f5d74a9d75a90f3336c0d) Importer(815301076,1909f56bfc062723c751e8b465ee728b)
Start importing Assets/Others/Monsters Ultimate Pack 02 Cute Series/Poison Bomb Cute Series/Materials/FX Spark Glow.mat using Guid(02b37048249f5d74a9d75a90f3336c0d) Importer(815301076,1909f56bfc062723c751e8b465ee728b) [PhysX] Initialized MultithreadedTaskDispatcher with 20 workers.
[PhysX] Initialized MultithreadedTaskDispatcher with 20 workers.
 -> (artifact id: '9d161f4270d3130b9e502a10331bf36e') in 0.021075 seconds
Number of updated asset objects reloaded before import = 0
Number of asset objects unloaded after import = 3
========================================================================
Received Import Request.
  Time since last request: 0.000024 seconds.
  path: Assets/Others/Test/Monsters Ultimate Pack 02 Cute Series/Bomb Cute Series/Materials/FX Spark Glow.mat
  artifactKey: Guid(f15c373f7d730b442ab7e4d3a1bfa90d) Importer(815301076,1909f56bfc062723c751e8b465ee728b)
Start importing Assets/Others/Test/Monsters Ultimate Pack 02 Cute Series/Bomb Cute Series/Materials/FX Spark Glow.mat using Guid(f15c373f7d730b442ab7e4d3a1bfa90d) Importer(815301076,1909f56bfc062723c751e8b465ee728b) [PhysX] Initialized MultithreadedTaskDispatcher with 20 workers.
[PhysX] Initialized MultithreadedTaskDispatcher with 20 workers.
 -> (artifact id: 'c5f115efa7a285f8ec5ff412c97b84e6') in 0.670376 seconds
Number of updated asset objects reloaded before import = 0
Number of asset objects unloaded after import = 3
========================================================================
Received Import Request.
  Time since last request: 0.000031 seconds.
  path: Assets/TextMesh Pro/Examples & Extras/Materials/Ground - Surface Shader Scene.mat
  artifactKey: Guid(aadd5a709a48466c887296bb5b1b8110) Importer(815301076,1909f56bfc062723c751e8b465ee728b)
Start importing Assets/TextMesh Pro/Examples & Extras/Materials/Ground - Surface Shader Scene.mat using Guid(aadd5a709a48466c887296bb5b1b8110) Importer(815301076,1909f56bfc062723c751e8b465ee728b) [PhysX] Initialized MultithreadedTaskDispatcher with 20 workers.
[PhysX] Initialized MultithreadedTaskDispatcher with 20 workers.
 -> (artifact id: 'c00d14202d519808e30fcd63b1693308') in 0.021714 seconds
Number of updated asset objects reloaded before import = 0
Number of asset objects unloaded after import = 3
========================================================================
Received Import Request.
  Time since last request: 0.000033 seconds.
  path: Assets/Custom Fortune Wheel/Resources/Fonts/copperplate/OPTICopperplate-Light.otf
  artifactKey: Guid(a2b42da8465dd4bf7a1b21254ac00484) Importer(815301076,1909f56bfc062723c751e8b465ee728b)
Start importing Assets/Custom Fortune Wheel/Resources/Fonts/copperplate/OPTICopperplate-Light.otf using Guid(a2b42da8465dd4bf7a1b21254ac00484) Importer(815301076,1909f56bfc062723c751e8b465ee728b) [PhysX] Initialized MultithreadedTaskDispatcher with 20 workers.
[PhysX] Initialized MultithreadedTaskDispatcher with 20 workers.
[PhysX] Initialized MultithreadedTaskDispatcher with 20 workers.
 -> (artifact id: '07d571ebcc6b66dea3f5fa953533491b') in 0.012910 seconds
Number of updated asset objects reloaded before import = 0
Number of asset objects unloaded after import = 5
========================================================================
Received Import Request.
  Time since last request: 0.000021 seconds.
  path: Assets/Others/Test/Monsters Ultimate Pack 02 Cute Series/Poison Bomb Cute Series/Materials/FX Spark.mat
  artifactKey: Guid(fbd46b1e441f5ca47b5e57561129be84) Importer(815301076,1909f56bfc062723c751e8b465ee728b)
Start importing Assets/Others/Test/Monsters Ultimate Pack 02 Cute Series/Poison Bomb Cute Series/Materials/FX Spark.mat using Guid(fbd46b1e441f5ca47b5e57561129be84) Importer(815301076,1909f56bfc062723c751e8b465ee728b) [PhysX] Initialized MultithreadedTaskDispatcher with 20 workers.
[PhysX] Initialized MultithreadedTaskDispatcher with 20 workers.
 -> (artifact id: '4639027f3b55e7114c04501192c079e4') in 0.209767 seconds
Number of updated asset objects reloaded before import = 0
Number of asset objects unloaded after import = 3
========================================================================
Received Import Request.
  Time since last request: 21.592774 seconds.
  path: Assets/Prefabs/UI/ItemForge.prefab
  artifactKey: Guid(f34a126f4a1fdd345998c90b48ced509) Importer(815301076,1909f56bfc062723c751e8b465ee728b)
Start importing Assets/Prefabs/UI/ItemForge.prefab using Guid(f34a126f4a1fdd345998c90b48ced509) Importer(815301076,1909f56bfc062723c751e8b465ee728b) [PhysX] Initialized MultithreadedTaskDispatcher with 20 workers.
 -> (artifact id: '5cea3535924428bf898c7476ec2c0b6d') in 0.104108 seconds
Number of updated asset objects reloaded before import = 0
Number of asset objects unloaded after import = 203
========================================================================
Received Prepare
Caller must complete domain reload
0x00007ff708e2d08d (Unity) StackWalker::GetCurrentCallstack
0x00007ff708e32169 (Unity) StackWalker::ShowCallstack
0x00007ff709e1f231 (Unity) GetStacktrace
0x00007ff70a4d9e6e (Unity) DebugStringToFile
0x00007ff70a4d9baa (Unity) AssertImplementation
0x00007ff709cbd9fc (Unity) Internal_ADB_WorkerOnly_DomainReload
0x00007ff70a1a3484 (Unity) WorkerDomainReloadV2
0x00007ff70a1c4695 (Unity) <lambda_b37b41f03089e3cb3f55061bbc93253d>::operator()
0x00007ff70a1ffea2 (Unity) asio::detail::completion_handler<core::mutable_function<void __cdecl(void)>,asio::io_context::basic_executor_type<std::allocator<void>,0> >::do_complete
0x00007ff70a1ebe4e (Unity) asio::detail::win_iocp_io_context::do_one
0x00007ff70a1edab4 (Unity) asio::detail::win_iocp_io_context::run
0x00007ff70a1fe24c (Unity) IOService::Run
0x00007ff70a1d16cf (Unity) AssetImportWorkerClient::Run
0x00007ff70a19d037 (Unity) RunAssetImportWorkerClientV2
0x00007ff70a19d0bb (Unity) RunAssetImporterV2
0x00007ff7099976fe (Unity) Application::InitializeProject
0x00007ff709e29ed5 (Unity) WinMain
0x00007ff70b1db7be (Unity) __scrt_common_main_seh
0x00007ffef564257d (KERNEL32) BaseThreadInitThunk
0x00007ffef6acaf08 (ntdll) RtlUserThreadStart

Begin MonoManager ReloadAssembly
Symbol file LoadedFromMemory is not a mono symbol file
- Loaded All Assemblies, in  0.591 seconds
Native extension for WindowsStandalone target not found
Native extension for Android target not found
Mono: successfully reloaded assembly
- Finished resetting the current domain, in  2.295 seconds
Domain Reload Profiling: 2882ms
	BeginReloadAssembly (168ms)
		ExecutionOrderSort (0ms)
		DisableScriptedObjects (9ms)
		BackupInstance (0ms)
		ReleaseScriptingObjects (0ms)
		CreateAndSetChildDomain (56ms)
	RebuildCommonClasses (28ms)
	RebuildNativeTypeToScriptingClass (8ms)
	initialDomainReloadingComplete (30ms)
	LoadAllAssembliesAndSetupDomain (353ms)
		LoadAssemblies (391ms)
		RebuildTransferFunctionScriptingTraits (0ms)
		AnalyzeDomain (29ms)
			TypeCache.Refresh (8ms)
				TypeCache.ScanAssembly (0ms)
			ScanForSourceGeneratedMonoScriptInfo (0ms)
			ResolveRequiredComponents (20ms)
	FinalizeReload (2296ms)
		ReleaseScriptCaches (0ms)
		RebuildScriptCaches (0ms)
		SetupLoadedEditorAssemblies (1135ms)
			LogAssemblyErrors (0ms)
			InitializePlatformSupportModulesInManaged (22ms)
			SetLoadedEditorAssemblies (6ms)
			RefreshPlugins (0ms)
			BeforeProcessingInitializeOnLoad (166ms)
			ProcessInitializeOnLoadAttributes (462ms)
			ProcessInitializeOnLoadMethodAttributes (473ms)
			AfterProcessingInitializeOnLoad (5ms)
			EditorAssembliesLoaded (1ms)
		ExecutionOrderSort2 (0ms)
		AwakeInstancesAfterBackupRestoration (13ms)
Refreshing native plugins compatible for Editor in 23.45 ms, found 0 plugins.
Preloading 0 native plugins for Editor in 0.00 ms.
Unloading 7335 Unused Serialized files (Serialized files now loaded: 0)
Unloading 57 unused Assets / (25.8 MB). Loaded Objects now: 8189.
Memory consumption went from 299.5 MB to 273.7 MB.
Total: 29.893700 ms (FindLiveObjects: 0.653500 ms CreateObjectMapping: 0.771400 ms MarkObjects: 21.991000 ms  DeleteObjects: 6.475000 ms)

Prepare: number of updated asset objects reloaded= 0
AssetImportParameters requested are different than current active one (requested -> active):
  custom:container-demuxer-ogg: 62fdf1f143b41e24485cea50d1cbac27 -> 
  custom:scripting/monoscript/fileName/VectorIntFormatters.cs: 9586b7cc9790bedc597b383a8c7e74bd -> 
  custom:scripting/monoscript/fileName/BuildAOTAutomation.cs: bc965071e67864fcb98b6905e53f9cf0 -> 
  custom:framework-win-MediaFoundation: 216162199b28c13a410421893ffa2e32 -> 
  custom:scripting/monoscript/fileName/VectorIntDrawers.cs: ff9fdecb2dae0b1d098a97f8b7c0a9e5 -> 
  custom:scripting/monoscript/fileName/UpdateChecker.cs: f4fa143a5511d0860f6257ecc1abfb6b -> 029b1daf8f3b497c0666e54f8685c8b9
  custom:scripting/monoscript/fileName/ExternalLinks.cs: 59a1e94e8f92c120ea66f1352f9c313b -> f57d4a4349423b09b7191c91a0e33dbb
  custom:scripting/monoscript/fileName/ParrelSyncAssetModificationProcessor.cs: 6d46d9907a9b42110c441f804e11649a -> 98155902029fa8ed02f705a5843cf897
  custom:scripting/monoscript/fileName/VectorIntPropertyResolvers.cs: e32158c95c6e6c239f32d45819ee2d20 -> 
  custom:container-muxer-webm: aa71ff27fc2769a1b78a27578f13a17b -> 
  custom:video-decoder-webm-vp8: 9c59270c3fd7afecdb556c50c9e8de78 -> 
  custom:SearchIndexIgnoredProperties: e643bd26f0fe6173181afceb89e7c659 -> 
  custom:scripting/monoscript/fileName/AssemblyImportSettingsAutomation.cs: 42bef8034c9ce3f0d6c978e0d0551f15 -> 
  custom:AudioImporter_EditorPlatform: d09bf68614088b80899f8185d706f6e7 -> 
  custom:scripting/monoscript/fileName/SimpleAction.cs: 1301d516c086077ffe4b433ead602da0 -> 
  custom:scripting/monoscript/fileName/AskFeedbackDialog.cs: 15eed79ca1600ec961ee9e1b81db697e -> 87af38bcc9ff5fcc64e3b06dc3e06287
  custom:scripting/monoscript/fileName/OtherMenuItem.cs: 8dd0c8fa3f8708c7f211e61b38016518 -> 65154b4add18958b71906d4d02b7528b
  custom:audio-decoder-ogg-vorbis: bf7c407c2cedff20999df2af8eb42d56 -> 
  custom:scripting/monoscript/fileName/ActionEffectDetails.cs: 8d2962647305b9b45287f939f6652f4e -> 
  custom:scripting/monoscript/fileName/OdinUpgrader.cs: ee3d9228da7555b7ff3d8bc8c2e703d7 -> 
  custom:audio-encoder-webm-vorbis: bf7c407c2cedff20999df2af8eb42d56 -> 
  custom:scripting/monoscript/fileName/FixBrokenUnityObjectWrapperDrawer.cs: 0cdf409b5aa8d4c25876d72b5c6a3b60 -> 
  custom:video-codec-MediaFoundation-h265: 746d11721c4dcdbdad8f713fa42b33f4 -> 
  custom:scripting/monoscript/fileName/Vector2IntMinMaxAttributeDrawer.cs: eb03797dc07c930643638362abd8e148 -> 
  custom:video-decoder-ogg-theora: a1e56fd34408186e4bbccfd4996cb3dc -> 
  custom:scripting/monoscript/fileName/CustomArgumentExample.cs: dc5717d26bf03e4fabad245f536d6adc -> 9fe00a64f6bf3c6cbd9b9dd594a81ab9
  custom:CustomObjectIndexerAttribute: 72b91833f83ae208fae7752999fa3104 -> 
  custom:container-demuxer-webm: 4f35f7cbe854078d1ac9338744f61a02 -> 
  custom:scripting/monoscript/fileName/ClonesManagerWindow.cs: 910630a445f8ef421f760c8c6a0ee8ac -> 480fe8f568c4df8018a3dadfa3e69d57
  custom:scripting/monoscript/fileName/ValidateCopiedFoldersIntegrity.cs: 1cbd699743a201395c1fb4e69761fbbe -> 56f406d9e913419ab82dfb77d147492d
  custom:scripting/monoscript/fileName/EnsureOdinInspectorDefine.cs: 461414cb0a18f7470566e6e72e890dbe -> 
  custom:scripting/monoscript/fileName/Project.cs: c031ac54c4553aae4915790679d0621a -> e0f36ba34d7b588c02343a8832f6bf7b
  custom:scripting/monoscript/fileName/Preferences.cs: 459e18932dd6a67f6a6f1c4bc7078537 -> 92c2dcaaad6eaa4a4bd5472569082be1
  custom:scripting/monoscript/fileName/SkillsContainer.cs: f541871ac980b285f188f3b2287b573c -> 
  custom:scripting/monoscript/fileName/FileUtilities.cs: a07cfb7041c6b8a10eda211e28510e83 -> 5a830a36b26409c0d41301d9b1600e3f
  custom:scripting/monoscript/fileName/ActionEffect.cs: 8d2962647305b9b45287f939f6652f4e -> 
  custom:video-encoder-webm-vp8: eb34c28f22e8b96e1ab97ce403110664 -> 
  custom:scripting/monoscript/fileName/ClonesManager.cs: ac2c82ec34a3edfb5f28bbdb2dee523a -> 56d4e9ba876d20feaa256fa586b68f63
  custom:scripting/monoscript/fileName/EditorQuit.cs: 290a58076c6512bec6d680d6c814d5f3 -> 0d99020733aa7608452e4fa0cdb5cb7e
Editor requested this worker to shutdown with reason: Scaling down because of idle timeout
TcpMessagingSession - receive error: operation aborted. errorcode: 995, details: ќпераци€ ввода/вывода была прервана из-за завершени€ потока команд или по запросу приложени€.
AssetImportWorker is now disconnected from the server
Process exiting
Exiting without the bug reporter. Application will terminate with return code 0