Using pre-set license
Built from '2021.3/staging' branch; Version is '2021.3.0f1 (6eacc8284459) revision 7253192'; Using compiler version '192829333'; Build Type 'Release'
OS: 'Windows 8.1  (6.3.0) 64bit CoreSingleLanguage' Language: 'ru' Physical Memory: 3960 MB
BatchMode: 1, IsHumanControllingUs: 0, StartBugReporterOnCrash: 0, Is64bit: 1, IsPro: 1

COMMAND LINE ARGUMENTS:
C:\Program Files\Unity\Hub\Editor\2021.3.0f1\Editor\Unity.exe
-adb2
-batchMode
-noUpm
-name
AssetImportWorker13
-projectPath
C:/Users/admin/Documents/Unity projects/Universe Rift/UniverseRift
-logFile
Logs/AssetImportWorker13.log
-srvPort
50080
Successfully changed project path to: C:/Users/admin/Documents/Unity projects/Universe Rift/UniverseRift
C:/Users/admin/Documents/Unity projects/Universe Rift/UniverseRift
[UnityMemory] Configuration Parameters - Can be set up in boot.config
    "memorysetup-bucket-allocator-granularity=16"
    "memorysetup-bucket-allocator-bucket-count=8"
    "memorysetup-bucket-allocator-block-size=33554432"
    "memorysetup-bucket-allocator-block-count=8"
    "memorysetup-main-allocator-block-size=16777216"
    "memorysetup-thread-allocator-block-size=16777216"
    "memorysetup-gfx-main-allocator-block-size=16777216"
    "memorysetup-gfx-thread-allocator-block-size=16777216"
    "memorysetup-cache-allocator-block-size=4194304"
    "memorysetup-typetree-allocator-block-size=2097152"
    "memorysetup-profiler-bucket-allocator-granularity=16"
    "memorysetup-profiler-bucket-allocator-bucket-count=8"
    "memorysetup-profiler-bucket-allocator-block-size=33554432"
    "memorysetup-profiler-bucket-allocator-block-count=8"
    "memorysetup-profiler-allocator-block-size=16777216"
    "memorysetup-profiler-editor-allocator-block-size=1048576"
    "memorysetup-temp-allocator-size-main=16777216"
    "memorysetup-job-temp-allocator-block-size=2097152"
    "memorysetup-job-temp-allocator-block-size-background=1048576"
    "memorysetup-job-temp-allocator-reduction-small-platforms=262144"
    "memorysetup-temp-allocator-size-background-worker=32768"
    "memorysetup-temp-allocator-size-job-worker=262144"
    "memorysetup-temp-allocator-size-preload-manager=33554432"
    "memorysetup-temp-allocator-size-nav-mesh-worker=65536"
    "memorysetup-temp-allocator-size-audio-worker=65536"
    "memorysetup-temp-allocator-size-cloud-worker=32768"
    "memorysetup-temp-allocator-size-gi-baking-worker=262144"
    "memorysetup-temp-allocator-size-gfx=262144"
Refreshing native plugins compatible for Editor in 253.07 ms, found 3 plugins.
Preloading 0 native plugins for Editor in 0.00 ms.
Initialize engine version: 2021.3.0f1 (6eacc8284459)
[Subsystems] Discovering subsystems at path C:/Program Files/Unity/Hub/Editor/2021.3.0f1/Editor/Data/Resources/UnitySubsystems
[Subsystems] Discovering subsystems at path C:/Users/admin/Documents/Unity projects/Universe Rift/UniverseRift/Assets
GfxDevice: creating device client; threaded=0; jobified=0
d3d11: QueryInterface(IDXGIFactory5) failed (80004002).
Direct3D:
    Version:  Direct3D 11.0 [level 11.0]
    Renderer: Intel(R) HD Graphics 4000 (ID=0x166)
    Vendor:   Intel
    VRAM:     1760 MB
    Driver:   10.18.10.4276
Initialize mono
Mono path[0] = 'C:/Program Files/Unity/Hub/Editor/2021.3.0f1/Editor/Data/Managed'
Mono path[1] = 'C:/Program Files/Unity/Hub/Editor/2021.3.0f1/Editor/Data/MonoBleedingEdge/lib/mono/unityjit-win32'
Mono config path = 'C:/Program Files/Unity/Hub/Editor/2021.3.0f1/Editor/Data/MonoBleedingEdge/etc'
Using monoOptions --debugger-agent=transport=dt_socket,embedding=1,server=y,suspend=n,address=127.0.0.1:56264
Begin MonoManager ReloadAssembly
Registering precompiled unity dll's ...
Register platform support module: C:/Program Files/Unity/Hub/Editor/2021.3.0f1/Editor/Data/PlaybackEngines/AndroidPlayer/UnityEditor.Android.Extensions.dll
Register platform support module: C:/Program Files/Unity/Hub/Editor/2021.3.0f1/Editor/Data/PlaybackEngines/WindowsStandaloneSupport/UnityEditor.WindowsStandalone.Extensions.dll
Register platform support module: C:/Program Files/Unity/Hub/Editor/2021.3.0f1/Editor/Data/PlaybackEngines/MetroSupport/UnityEditor.UWP.Extensions.dll
Registered in 0.011701 seconds.
Native extension for UWP target not found
Native extension for WindowsStandalone target not found
Native extension for Android target not found
Refreshing native plugins compatible for Editor in 231.64 ms, found 3 plugins.
Preloading 0 native plugins for Editor in 0.00 ms.
Mono: successfully reloaded assembly
- Completed reload, in  1.681 seconds
Domain Reload Profiling:
	ReloadAssembly (1686ms)
		BeginReloadAssembly (177ms)
			ExecutionOrderSort (0ms)
			DisableScriptedObjects (0ms)
			BackupInstance (0ms)
			ReleaseScriptingObjects (0ms)
			CreateAndSetChildDomain (2ms)
		EndReloadAssembly (1233ms)
			LoadAssemblies (171ms)
			RebuildTransferFunctionScriptingTraits (0ms)
			SetupTypeCache (251ms)
			ReleaseScriptCaches (0ms)
			RebuildScriptCaches (85ms)
			SetupLoadedEditorAssemblies (767ms)
				LogAssemblyErrors (0ms)
				InitializePlatformSupportModulesInManaged (141ms)
				SetLoadedEditorAssemblies (1ms)
				RefreshPlugins (232ms)
				BeforeProcessingInitializeOnLoad (3ms)
				ProcessInitializeOnLoadAttributes (256ms)
				ProcessInitializeOnLoadMethodAttributes (134ms)
				AfterProcessingInitializeOnLoad (0ms)
				EditorAssembliesLoaded (0ms)
			ExecutionOrderSort2 (0ms)
			AwakeInstancesAfterBackupRestoration (0ms)
Platform modules already initialized, skipping
Registering precompiled user dll's ...
Registered in 0.033375 seconds.
Begin MonoManager ReloadAssembly
Symbol file LoadedFromMemory is not a mono symbol file
Native extension for UWP target not found
Native extension for WindowsStandalone target not found
Native extension for Android target not found
Refreshing native plugins compatible for Editor in 244.13 ms, found 3 plugins.
Preloading 0 native plugins for Editor in 0.00 ms.
SocketException: Системе не удается найти указанный параметр среды.
  at System.Net.Sockets.Socket..ctor (System.Net.Sockets.AddressFamily addressFamily, System.Net.Sockets.SocketType socketType, System.Net.Sockets.ProtocolType protocolType) [0x00068] in <6d7c4c8dd3624dc596686fb7270ae1e6>:0 
  at System.Net.NetworkInformation.Ping.SendPrivileged (System.Net.IPAddress address, System.Int32 timeout, System.Byte[] buffer, System.Net.NetworkInformation.PingOptions options) [0x00008] in <6d7c4c8dd3624dc596686fb7270ae1e6>:0 
  at System.Net.NetworkInformation.Ping.Send (System.Net.IPAddress address, System.Int32 timeout, System.Byte[] buffer, System.Net.NetworkInformation.PingOptions options) [0x0004c] in <6d7c4c8dd3624dc596686fb7270ae1e6>:0 
  at System.Net.NetworkInformation.Ping.Send (System.String hostNameOrAddress, System.Int32 timeout, System.Byte[] buffer, System.Net.NetworkInformation.PingOptions options) [0x00007] in <6d7c4c8dd3624dc596686fb7270ae1e6>:0 
  at System.Net.NetworkInformation.Ping.Send (System.String hostNameOrAddress, System.Int32 timeout, System.Byte[] buffer) [0x00009] in <6d7c4c8dd3624dc596686fb7270ae1e6>:0 
  at System.Net.NetworkInformation.Ping.Send (System.String hostNameOrAddress, System.Int32 timeout) [0x00000] in <6d7c4c8dd3624dc596686fb7270ae1e6>:0 
  at (wrapper remoting-invoke-with-check) System.Net.NetworkInformation.Ping.Send(string,int)
  at UnityEditor.AddressableAssets.HostingServices.HostingServicesManager.FilterValidIPAddresses (System.Collections.Generic.List`1[T] ipAddresses) [0x0001c] in C:\Users\admin\Documents\Unity projects\Universe Rift\UniverseRift\Library\PackageCache\com.unity.addressables@1.19.19\Editor\HostingServices\HostingServicesManager.cs:550 
  at UnityEditor.AddressableAssets.HostingServices.HostingServicesManager.RefreshGlobalProfileVariables () [0x0000d] in C:\Users\admin\Documents\Unity projects\Universe Rift\UniverseRift\Library\PackageCache\com.unity.addressables@1.19.19\Editor\HostingServices\HostingServicesManager.cs:421 
  at UnityEditor.AddressableAssets.HostingServices.HostingServicesManager.OnEnable () [0x0010e] in C:\Users\admin\Documents\Unity projects\Universe Rift\UniverseRift\Library\PackageCache\com.unity.addressables@1.19.19\Editor\HostingServices\HostingServicesManager.cs:297 
  at UnityEditor.AddressableAssets.Settings.AddressableAssetSettings.OnEnable () [0x00000] in C:\Users\admin\Documents\Unity projects\Universe Rift\UniverseRift\Library\PackageCache\com.unity.addressables@1.19.19\Editor\Settings\AddressableAssetSettings.cs:1326 
UnityEditor.AssetDatabase:LoadAssetAtPath(String, Type)
UnityEditor.AssetDatabase:LoadAssetAtPath(String)
UnityEditor.AddressableAssets.AddressableAssetSettingsDefaultObject:LoadSettingsObject() (at Library\PackageCache\com.unity.addressables@1.19.19\Editor\AddressableAssetSettingsDefaultObject.cs:62)
UnityEditor.AddressableAssets.AddressableAssetSettingsDefaultObject:get_Settings() (at Library\PackageCache\com.unity.addressables@1.19.19\Editor\AddressableAssetSettingsDefaultObject.cs:114)
UnityEditor.AddressableAssets.AddressableEditorInitialization:.cctor() (at Library\PackageCache\com.unity.addressables@1.19.19\Editor\AddressableEditorInitialization.cs:20)
System.Runtime.CompilerServices.RuntimeHelpers:RunClassConstructor(IntPtr)
System.Runtime.CompilerServices.RuntimeHelpers:RunClassConstructor(RuntimeTypeHandle)
UnityEditor.EditorAssemblies:ProcessInitializeOnLoadAttributes(Type[])

(Filename: Library/PackageCache/com.unity.addressables@1.19.19/Editor/HostingServices/HostingServicesManager.cs Line: 550)

