Using pre-set license
Built from '2022.3/staging' branch; Version is '2022.3.42f1 (2dcb6a0abc42) revision 3001194'; Using compiler version '192829333'; Build Type 'Release'
OS: 'Windows 11  (10.0.22631) 64bit Core' Language: 'ru' Physical Memory: 16108 MB
BatchMode: 1, IsHumanControllingUs: 0, StartBugReporterOnCrash: 0, Is64bit: 1, IsPro: 1

COMMAND LINE ARGUMENTS:
C:\Program Files\Unity\Hub\Editor\2022.3.42f1\Editor\Unity.exe
-adb2
-batchMode
-noUpm
-name
AssetImportWorker8
-projectPath
C:/Projects/UniverseRift.git
-logFile
Logs/AssetImportWorker8.log
-srvPort
62683
Successfully changed project path to: C:/Projects/UniverseRift.git
C:/Projects/UniverseRift.git
[UnityMemory] Configuration Parameters - Can be set up in boot.config
    "memorysetup-bucket-allocator-granularity=16"
    "memorysetup-bucket-allocator-bucket-count=8"
    "memorysetup-bucket-allocator-block-size=33554432"
    "memorysetup-bucket-allocator-block-count=8"
    "memorysetup-main-allocator-block-size=16777216"
    "memorysetup-thread-allocator-block-size=16777216"
    "memorysetup-gfx-main-allocator-block-size=16777216"
    "memorysetup-gfx-thread-allocator-block-size=16777216"
    "memorysetup-cache-allocator-block-size=4194304"
    "memorysetup-typetree-allocator-block-size=2097152"
    "memorysetup-profiler-bucket-allocator-granularity=16"
    "memorysetup-profiler-bucket-allocator-bucket-count=8"
    "memorysetup-profiler-bucket-allocator-block-size=33554432"
    "memorysetup-profiler-bucket-allocator-block-count=8"
    "memorysetup-profiler-allocator-block-size=16777216"
    "memorysetup-profiler-editor-allocator-block-size=1048576"
    "memorysetup-temp-allocator-size-main=16777216"
    "memorysetup-job-temp-allocator-block-size=2097152"
    "memorysetup-job-temp-allocator-block-size-background=1048576"
    "memorysetup-job-temp-allocator-reduction-small-platforms=262144"
    "memorysetup-allocator-temp-initial-block-size-main=262144"
    "memorysetup-allocator-temp-initial-block-size-worker=262144"
    "memorysetup-temp-allocator-size-background-worker=32768"
    "memorysetup-temp-allocator-size-job-worker=262144"
    "memorysetup-temp-allocator-size-preload-manager=33554432"
    "memorysetup-temp-allocator-size-nav-mesh-worker=65536"
    "memorysetup-temp-allocator-size-audio-worker=65536"
    "memorysetup-temp-allocator-size-cloud-worker=32768"
    "memorysetup-temp-allocator-size-gi-baking-worker=262144"
    "memorysetup-temp-allocator-size-gfx=262144"
Player connection [11380]  Target information:

Player connection [11380]  * "[IP] 172.16.0.2 [Port] 0 [Flags] 2 [Guid] 4169895566 [EditorId] 4169895566 [Version] 1048832 [Id] WindowsEditor(7,Landelo) [Debug] 1 [PackageName] WindowsEditor [ProjectName] Editor" 

Player connection [11380]  * "[IP] 192.168.1.2 [Port] 0 [Flags] 2 [Guid] 4169895566 [EditorId] 4169895566 [Version] 1048832 [Id] WindowsEditor(7,Landelo) [Debug] 1 [PackageName] WindowsEditor [ProjectName] Editor" 

Player connection [11380] Host joined multi-casting on [225.0.0.222:54997]...
Player connection [11380] Host joined alternative multi-casting on [225.0.0.222:34997]...
[PhysX] Initialized MultithreadedTaskDispatcher with 20 workers.
Refreshing native plugins compatible for Editor in 15.08 ms, found 0 plugins.
Preloading 0 native plugins for Editor in 0.00 ms.
Initialize engine version: 2022.3.42f1 (2dcb6a0abc42)
[Subsystems] Discovering subsystems at path C:/Program Files/Unity/Hub/Editor/2022.3.42f1/Editor/Data/Resources/UnitySubsystems
[Subsystems] Discovering subsystems at path C:/Projects/UniverseRift.git/Assets
GfxDevice: creating device client; threaded=0; jobified=0
Direct3D:
    Version:  Direct3D 11.0 [level 11.1]
    Renderer: NVIDIA GeForce RTX 3060 Laptop GPU (ID=0x2520)
    Vendor:   NVIDIA
    VRAM:     6023 MB
    Driver:   30.0.15.1165
Invalid texture used for cursor - check importer settings or texture creation. Texture must be RGBA32, readable, have alphaIsTransparency enabled and have no mip chain.
Failed to set the cursor because the specified texture ('fx_rotate_line') was not CPU accessible.
Initialize mono
Mono path[0] = 'C:/Program Files/Unity/Hub/Editor/2022.3.42f1/Editor/Data/Managed'
Mono path[1] = 'C:/Program Files/Unity/Hub/Editor/2022.3.42f1/Editor/Data/MonoBleedingEdge/lib/mono/unityjit-win32'
Mono config path = 'C:/Program Files/Unity/Hub/Editor/2022.3.42f1/Editor/Data/MonoBleedingEdge/etc'
Using monoOptions --debugger-agent=transport=dt_socket,embedding=1,server=y,suspend=n,address=127.0.0.1:56552
Begin MonoManager ReloadAssembly
Registering precompiled unity dll's ...
Register platform support module: C:/Program Files/Unity/Hub/Editor/2022.3.42f1/Editor/Data/PlaybackEngines/AndroidPlayer/UnityEditor.Android.Extensions.dll
Register platform support module: C:/Program Files/Unity/Hub/Editor/2022.3.42f1/Editor/Data/PlaybackEngines/WindowsStandaloneSupport/UnityEditor.WindowsStandalone.Extensions.dll
Registered in 0.008346 seconds.
- Loaded All Assemblies, in  0.365 seconds
Native extension for WindowsStandalone target not found
Native extension for Android target not found
Android Extension - Scanning For ADB Devices 248 ms
Mono: successfully reloaded assembly
- Finished resetting the current domain, in  0.507 seconds
Domain Reload Profiling: 870ms
	BeginReloadAssembly (107ms)
		ExecutionOrderSort (0ms)
		DisableScriptedObjects (0ms)
		BackupInstance (0ms)
		ReleaseScriptingObjects (0ms)
		CreateAndSetChildDomain (1ms)
	RebuildCommonClasses (26ms)
	RebuildNativeTypeToScriptingClass (8ms)
	initialDomainReloadingComplete (50ms)
	LoadAllAssembliesAndSetupDomain (173ms)
		LoadAssemblies (106ms)
		RebuildTransferFunctionScriptingTraits (0ms)
		AnalyzeDomain (170ms)
			TypeCache.Refresh (169ms)
				TypeCache.ScanAssembly (159ms)
			ScanForSourceGeneratedMonoScriptInfo (0ms)
			ResolveRequiredComponents (0ms)
	FinalizeReload (507ms)
		ReleaseScriptCaches (0ms)
		RebuildScriptCaches (0ms)
		SetupLoadedEditorAssemblies (470ms)
			LogAssemblyErrors (0ms)
			InitializePlatformSupportModulesInManaged (339ms)
			SetLoadedEditorAssemblies (3ms)
			RefreshPlugins (0ms)
			BeforeProcessingInitializeOnLoad (2ms)
			ProcessInitializeOnLoadAttributes (88ms)
			ProcessInitializeOnLoadMethodAttributes (37ms)
			AfterProcessingInitializeOnLoad (0ms)
			EditorAssembliesLoaded (0ms)
		ExecutionOrderSort2 (0ms)
		AwakeInstancesAfterBackupRestoration (0ms)
========================================================================
Worker process is ready to serve import requests
Caller must complete domain reload
0x00007ff708e2d08d (Unity) StackWalker::GetCurrentCallstack
0x00007ff708e32169 (Unity) StackWalker::ShowCallstack
0x00007ff709e1f231 (Unity) GetStacktrace
0x00007ff70a4d9e6e (Unity) DebugStringToFile
0x00007ff70a4d9baa (Unity) AssertImplementation
0x00007ff709cbd9fc (Unity) Internal_ADB_WorkerOnly_DomainReload
0x00007ff70a1a3484 (Unity) WorkerDomainReloadV2
0x00007ff70a1c40af (Unity) <lambda_943be6b2c5671afd01d59371cf3ef730>::operator()
0x00007ff70a1ffea2 (Unity) asio::detail::completion_handler<core::mutable_function<void __cdecl(void)>,asio::io_context::basic_executor_type<std::allocator<void>,0> >::do_complete
0x00007ff70a1ebe4e (Unity) asio::detail::win_iocp_io_context::do_one
0x00007ff70a1eda7e (Unity) asio::detail::win_iocp_io_context::run
0x00007ff70a1fe24c (Unity) IOService::Run
0x00007ff70a1d16cf (Unity) AssetImportWorkerClient::Run
0x00007ff70a19d037 (Unity) RunAssetImportWorkerClientV2
0x00007ff70a19d0bb (Unity) RunAssetImporterV2
0x00007ff7099976fe (Unity) Application::InitializeProject
0x00007ff709e29ed5 (Unity) WinMain
0x00007ff70b1db7be (Unity) __scrt_common_main_seh
0x00007ffef564257d (KERNEL32) BaseThreadInitThunk
0x00007ffef6acaf08 (ntdll) RtlUserThreadStart

Begin MonoManager ReloadAssembly
Symbol file LoadedFromMemory is not a mono symbol file
- Loaded All Assemblies, in  0.847 seconds
Native extension for WindowsStandalone target not found
Native extension for Android target not found
Launched and connected shader compiler UnityShaderCompiler.exe after 0.05 seconds
Mirror | mirror-networking.com | discord.gg/N9QVxbM
UnityEngine.StackTraceUtility:ExtractStackTrace ()
UnityEngine.DebugLogHandler:LogFormat (UnityEngine.LogType,UnityEngine.Object,string,object[])
UnityEngine.Logger:Log (UnityEngine.LogType,object)
UnityEngine.Debug:Log (object)
Mirror.Welcome:OnInitializeOnLoad () (at Assets/Mirror/Editor/Welcome.cs:18)
System.Reflection.RuntimeMethodInfo:Invoke (object,System.Reflection.BindingFlags,System.Reflection.Binder,object[],System.Globalization.CultureInfo)
System.Reflection.MethodBase:Invoke (object,object[])
UnityEditor.EditorAssemblies:ProcessInitializeOnLoadMethodAttributes ()

(Filename: Assets/Mirror/Editor/Welcome.cs Line: 18)

Mono: successfully reloaded assembly
- Finished resetting the current domain, in  1.379 seconds
Domain Reload Profiling: 2221ms
	BeginReloadAssembly (119ms)
		ExecutionOrderSort (0ms)
		DisableScriptedObjects (4ms)
		BackupInstance (0ms)
		ReleaseScriptingObjects (0ms)
		CreateAndSetChildDomain (18ms)
	RebuildCommonClasses (23ms)
	RebuildNativeTypeToScriptingClass (7ms)
	initialDomainReloadingComplete (37ms)
	LoadAllAssembliesAndSetupDomain (656ms)
		LoadAssemblies (477ms)
		RebuildTransferFunctionScriptingTraits (0ms)
		AnalyzeDomain (248ms)
			TypeCache.Refresh (197ms)
				TypeCache.ScanAssembly (179ms)
			ScanForSourceGeneratedMonoScriptInfo (34ms)
			ResolveRequiredComponents (16ms)
	FinalizeReload (1379ms)
		ReleaseScriptCaches (0ms)
		RebuildScriptCaches (0ms)
		SetupLoadedEditorAssemblies (1180ms)
			LogAssemblyErrors (0ms)
			InitializePlatformSupportModulesInManaged (23ms)
			SetLoadedEditorAssemblies (7ms)
			RefreshPlugins (0ms)
			BeforeProcessingInitializeOnLoad (151ms)
			ProcessInitializeOnLoadAttributes (679ms)
			ProcessInitializeOnLoadMethodAttributes (315ms)
			AfterProcessingInitializeOnLoad (5ms)
			EditorAssembliesLoaded (1ms)
		ExecutionOrderSort2 (0ms)
		AwakeInstancesAfterBackupRestoration (4ms)
Refreshing native plugins compatible for Editor in 7.31 ms, found 0 plugins.
Preloading 0 native plugins for Editor in 0.00 ms.
Unloading 7548 Unused Serialized files (Serialized files now loaded: 0)
Unloading 71 unused Assets / (25.8 MB). Loaded Objects now: 8089.
Memory consumption went from 339.3 MB to 313.5 MB.
Total: 22.643700 ms (FindLiveObjects: 0.455100 ms CreateObjectMapping: 0.299000 ms MarkObjects: 18.290200 ms  DeleteObjects: 3.597100 ms)

AssetImportParameters requested are different than current active one (requested -> active):
  custom:container-demuxer-ogg: 62fdf1f143b41e24485cea50d1cbac27 -> 
  custom:scripting/monoscript/fileName/VectorIntFormatters.cs: 9586b7cc9790bedc597b383a8c7e74bd -> 
  custom:scripting/monoscript/fileName/BuildAOTAutomation.cs: bc965071e67864fcb98b6905e53f9cf0 -> 
  custom:framework-win-MediaFoundation: 216162199b28c13a410421893ffa2e32 -> 
  custom:scripting/monoscript/fileName/VectorIntDrawers.cs: ff9fdecb2dae0b1d098a97f8b7c0a9e5 -> 
  custom:scripting/monoscript/fileName/UpdateChecker.cs: f4fa143a5511d0860f6257ecc1abfb6b -> 029b1daf8f3b497c0666e54f8685c8b9
  custom:scripting/monoscript/fileName/ExternalLinks.cs: 59a1e94e8f92c120ea66f1352f9c313b -> f57d4a4349423b09b7191c91a0e33dbb
  custom:scripting/monoscript/fileName/ParrelSyncAssetModificationProcessor.cs: 6d46d9907a9b42110c441f804e11649a -> 98155902029fa8ed02f705a5843cf897
  custom:scripting/monoscript/fileName/VectorIntPropertyResolvers.cs: e32158c95c6e6c239f32d45819ee2d20 -> 
  custom:container-muxer-webm: aa71ff27fc2769a1b78a27578f13a17b -> 
  custom:video-decoder-webm-vp8: 9c59270c3fd7afecdb556c50c9e8de78 -> 
  custom:SearchIndexIgnoredProperties: e643bd26f0fe6173181afceb89e7c659 -> 
  custom:scripting/monoscript/fileName/AssemblyImportSettingsAutomation.cs: 42bef8034c9ce3f0d6c978e0d0551f15 -> 
  custom:AudioImporter_EditorPlatform: d09bf68614088b80899f8185d706f6e7 -> 
  custom:scripting/monoscript/fileName/SimpleAction.cs: 1301d516c086077ffe4b433ead602da0 -> 
  custom:scripting/monoscript/fileName/AskFeedbackDialog.cs: 15eed79ca1600ec961ee9e1b81db697e -> 87af38bcc9ff5fcc64e3b06dc3e06287
  custom:scripting/monoscript/fileName/OtherMenuItem.cs: 8dd0c8fa3f8708c7f211e61b38016518 -> 65154b4add18958b71906d4d02b7528b
  custom:audio-decoder-ogg-vorbis: bf7c407c2cedff20999df2af8eb42d56 -> 
  custom:scripting/monoscript/fileName/ActionEffectDetails.cs: 8d2962647305b9b45287f939f6652f4e -> 
  custom:scripting/monoscript/fileName/OdinUpgrader.cs: ee3d9228da7555b7ff3d8bc8c2e703d7 -> 
  custom:audio-encoder-webm-vorbis: bf7c407c2cedff20999df2af8eb42d56 -> 
  custom:scripting/monoscript/fileName/FixBrokenUnityObjectWrapperDrawer.cs: 0cdf409b5aa8d4c25876d72b5c6a3b60 -> 
  custom:video-codec-MediaFoundation-h265: 746d11721c4dcdbdad8f713fa42b33f4 -> 
  custom:scripting/monoscript/fileName/Vector2IntMinMaxAttributeDrawer.cs: eb03797dc07c930643638362abd8e148 -> 
  custom:video-decoder-ogg-theora: a1e56fd34408186e4bbccfd4996cb3dc -> 
  custom:scripting/monoscript/fileName/CustomArgumentExample.cs: dc5717d26bf03e4fabad245f536d6adc -> 9fe00a64f6bf3c6cbd9b9dd594a81ab9
  custom:CustomObjectIndexerAttribute: 72b91833f83ae208fae7752999fa3104 -> 
  custom:container-demuxer-webm: 4f35f7cbe854078d1ac9338744f61a02 -> 
  custom:scripting/monoscript/fileName/ClonesManagerWindow.cs: 910630a445f8ef421f760c8c6a0ee8ac -> 480fe8f568c4df8018a3dadfa3e69d57
  custom:scripting/monoscript/fileName/ValidateCopiedFoldersIntegrity.cs: 1cbd699743a201395c1fb4e69761fbbe -> 56f406d9e913419ab82dfb77d147492d
  custom:scripting/monoscript/fileName/EnsureOdinInspectorDefine.cs: 461414cb0a18f7470566e6e72e890dbe -> 
  custom:scripting/monoscript/fileName/Project.cs: c031ac54c4553aae4915790679d0621a -> e0f36ba34d7b588c02343a8832f6bf7b
  custom:scripting/monoscript/fileName/Preferences.cs: 459e18932dd6a67f6a6f1c4bc7078537 -> 92c2dcaaad6eaa4a4bd5472569082be1
  custom:scripting/monoscript/fileName/SkillsContainer.cs: f541871ac980b285f188f3b2287b573c -> 
  custom:scripting/monoscript/fileName/FileUtilities.cs: a07cfb7041c6b8a10eda211e28510e83 -> 5a830a36b26409c0d41301d9b1600e3f
  custom:scripting/monoscript/fileName/ActionEffect.cs: 8d2962647305b9b45287f939f6652f4e -> 
  custom:video-encoder-webm-vp8: eb34c28f22e8b96e1ab97ce403110664 -> 
  custom:scripting/monoscript/fileName/ClonesManager.cs: ac2c82ec34a3edfb5f28bbdb2dee523a -> 56d4e9ba876d20feaa256fa586b68f63
  custom:scripting/monoscript/fileName/EditorQuit.cs: 290a58076c6512bec6d680d6c814d5f3 -> 0d99020733aa7608452e4fa0cdb5cb7e
========================================================================
Received Import Request.
  Time since last request: 321343.601108 seconds.
  path: Assets/Others/GUI PRO Kit - Casual Game
  artifactKey: Guid(574e91742c0788247a265214b823725f) Importer(815301076,1909f56bfc062723c751e8b465ee728b)
Start importing Assets/Others/GUI PRO Kit - Casual Game using Guid(574e91742c0788247a265214b823725f) Importer(815301076,1909f56bfc062723c751e8b465ee728b) [PhysX] Initialized MultithreadedTaskDispatcher with 20 workers.
 -> (artifact id: '9b607513cbc794d5f864f96cd71820f1') in 0.003252 seconds
Number of updated asset objects reloaded before import = 0
Number of asset objects unloaded after import = 0
========================================================================
Received Import Request.
  Time since last request: 0.393597 seconds.
  path: Assets/Others/Monsters Ultimate Pack 02 Cute Series
  artifactKey: Guid(76764633691c14a4bada7908853bfde2) Importer(815301076,1909f56bfc062723c751e8b465ee728b)
Start importing Assets/Others/Monsters Ultimate Pack 02 Cute Series using Guid(76764633691c14a4bada7908853bfde2) Importer(815301076,1909f56bfc062723c751e8b465ee728b) [PhysX] Initialized MultithreadedTaskDispatcher with 20 workers.
 -> (artifact id: 'd0857063678cbe2a783eda38a7776fa9') in 0.001775 seconds
Number of updated asset objects reloaded before import = 0
Number of asset objects unloaded after import = 0
========================================================================
Received Import Request.
  Time since last request: 0.857874 seconds.
  path: Assets/Others/NOTFUN
  artifactKey: Guid(c5025ca18e08ca644b558b3d3989a30b) Importer(815301076,1909f56bfc062723c751e8b465ee728b)
Start importing Assets/Others/NOTFUN using Guid(c5025ca18e08ca644b558b3d3989a30b) Importer(815301076,1909f56bfc062723c751e8b465ee728b) [PhysX] Initialized MultithreadedTaskDispatcher with 20 workers.
 -> (artifact id: 'd74193931f682d820e4147436e79c7a5') in 0.002468 seconds
Number of updated asset objects reloaded before import = 0
Number of asset objects unloaded after import = 0
========================================================================
Received Import Request.
  Time since last request: 0.404837 seconds.
  path: Assets/Others/MPUIKit
  artifactKey: Guid(f2b1f7fc7f3ee4097bdc8a214a25adb5) Importer(815301076,1909f56bfc062723c751e8b465ee728b)
Start importing Assets/Others/MPUIKit using Guid(f2b1f7fc7f3ee4097bdc8a214a25adb5) Importer(815301076,1909f56bfc062723c751e8b465ee728b) [PhysX] Initialized MultithreadedTaskDispatcher with 20 workers.
 -> (artifact id: 'e94c86f4ddd2c366230cb5397eda941b') in 0.002360 seconds
Number of updated asset objects reloaded before import = 0
Number of asset objects unloaded after import = 0
========================================================================
Received Import Request.
  Time since last request: 13.864390 seconds.
  path: Assets/Others
  artifactKey: Guid(ccddac33de0b93c41bbda05c8116ac38) Importer(815301076,1909f56bfc062723c751e8b465ee728b)
Start importing Assets/Others using Guid(ccddac33de0b93c41bbda05c8116ac38) Importer(815301076,1909f56bfc062723c751e8b465ee728b) [PhysX] Initialized MultithreadedTaskDispatcher with 20 workers.
 -> (artifact id: '8f840f2e6521defdc60647f8296db305') in 0.000762 seconds
Number of updated asset objects reloaded before import = 0
Number of asset objects unloaded after import = 0
========================================================================
Received Import Request.
  Time since last request: 45.725621 seconds.
  path: Assets/Others/NOTFUN/Monsters Pack 04
  artifactKey: Guid(df44af7711411fa4ab55b39877b80677) Importer(815301076,1909f56bfc062723c751e8b465ee728b)
Start importing Assets/Others/NOTFUN/Monsters Pack 04 using Guid(df44af7711411fa4ab55b39877b80677) Importer(815301076,1909f56bfc062723c751e8b465ee728b) [PhysX] Initialized MultithreadedTaskDispatcher with 20 workers.
 -> (artifact id: 'd9c5c017968936741f100fdc5fe9ac09') in 0.001020 seconds
Number of updated asset objects reloaded before import = 0
Number of asset objects unloaded after import = 0
========================================================================
Received Import Request.
  Time since last request: 4.860859 seconds.
  path: Assets/Others/GamesTan
  artifactKey: Guid(a3683cc3b023ce44dab4534ede5c6235) Importer(815301076,1909f56bfc062723c751e8b465ee728b)
Start importing Assets/Others/GamesTan using Guid(a3683cc3b023ce44dab4534ede5c6235) Importer(815301076,1909f56bfc062723c751e8b465ee728b) [PhysX] Initialized MultithreadedTaskDispatcher with 20 workers.
 -> (artifact id: 'bebc615115d42dec55510f3d2193a739') in 0.001389 seconds
Number of updated asset objects reloaded before import = 0
Number of asset objects unloaded after import = 0
========================================================================
Received Import Request.
  Time since last request: 0.735387 seconds.
  path: Assets/Others/GamesTan/UIFramework
  artifactKey: Guid(f61972f75b8fe8447a284877d8cd94b3) Importer(815301076,1909f56bfc062723c751e8b465ee728b)
Start importing Assets/Others/GamesTan/UIFramework using Guid(f61972f75b8fe8447a284877d8cd94b3) Importer(815301076,1909f56bfc062723c751e8b465ee728b) [PhysX] Initialized MultithreadedTaskDispatcher with 20 workers.
 -> (artifact id: '2f37ef31035aafcaad19106f6df5455c') in 0.000955 seconds
Number of updated asset objects reloaded before import = 0
Number of asset objects unloaded after import = 0
========================================================================
Received Import Request.
  Time since last request: 0.488444 seconds.
  path: Assets/Others/GamesTan/UIFramework/Res
  artifactKey: Guid(e3da808e0f5579e478f90a08a6ebf1d9) Importer(815301076,1909f56bfc062723c751e8b465ee728b)
Start importing Assets/Others/GamesTan/UIFramework/Res using Guid(e3da808e0f5579e478f90a08a6ebf1d9) Importer(815301076,1909f56bfc062723c751e8b465ee728b) [PhysX] Initialized MultithreadedTaskDispatcher with 20 workers.
 -> (artifact id: '5ec694c56582e8fba13e500b8dc1e0b7') in 0.000575 seconds
Number of updated asset objects reloaded before import = 0
Number of asset objects unloaded after import = 0
========================================================================
Received Import Request.
  Time since last request: 5.837666 seconds.
  path: Assets/AddressableAssetsData/AddressableAssetSettings.asset
  artifactKey: Guid(c9dd93050561b2342828e3dc8e9b66d7) Importer(815301076,1909f56bfc062723c751e8b465ee728b)
Start importing Assets/AddressableAssetsData/AddressableAssetSettings.asset using Guid(c9dd93050561b2342828e3dc8e9b66d7) Importer(815301076,1909f56bfc062723c751e8b465ee728b) [PhysX] Initialized MultithreadedTaskDispatcher with 20 workers.
 -> (artifact id: '9d065344ffe94da4ce0fbb1ced0038aa') in 0.009741 seconds
Number of updated asset objects reloaded before import = 0
Number of asset objects unloaded after import = 0
========================================================================
Received Import Request.
  Time since last request: 0.000213 seconds.
  path: Assets/TextMesh Pro/Examples & Extras/Resources/Sprite Assets/Default Sprite Asset.asset
  artifactKey: Guid(fbef3c704dce48f08a44612d6c856c8d) Importer(815301076,1909f56bfc062723c751e8b465ee728b)
Start importing Assets/TextMesh Pro/Examples & Extras/Resources/Sprite Assets/Default Sprite Asset.asset using Guid(fbef3c704dce48f08a44612d6c856c8d) Importer(815301076,1909f56bfc062723c751e8b465ee728b) [PhysX] Initialized MultithreadedTaskDispatcher with 20 workers.
 -> (artifact id: '2c996fc416b8f4977e41aab4195a5b86') in 0.016026 seconds
Number of updated asset objects reloaded before import = 0
Number of asset objects unloaded after import = 3
========================================================================
Received Import Request.
  Time since last request: 0.005279 seconds.
  path: Assets/AddressableAssetsData/AssetGroups/Schemas/Localization-String-Tables-English (en)_BundledAssetGroupSchema.asset
  artifactKey: Guid(2881ae283ccf7f04fa37e137a555b4a3) Importer(815301076,1909f56bfc062723c751e8b465ee728b)
Start importing Assets/AddressableAssetsData/AssetGroups/Schemas/Localization-String-Tables-English (en)_BundledAssetGroupSchema.asset using Guid(2881ae283ccf7f04fa37e137a555b4a3) Importer(815301076,1909f56bfc062723c751e8b465ee728b) [PhysX] Initialized MultithreadedTaskDispatcher with 20 workers.
 -> (artifact id: '81c5e286aeb0db1185bccbad97a5332a') in 0.001295 seconds
Number of updated asset objects reloaded before import = 0
Number of asset objects unloaded after import = 0
========================================================================
Received Import Request.
  Time since last request: 0.000113 seconds.
  path: Assets/AddressableAssetsData/AssetGroups/Schemas/Localization-Locales_BundledAssetGroupSchema.asset
  artifactKey: Guid(1a2b010060b785241b500735b06ab514) Importer(815301076,1909f56bfc062723c751e8b465ee728b)
Start importing Assets/AddressableAssetsData/AssetGroups/Schemas/Localization-Locales_BundledAssetGroupSchema.asset using Guid(1a2b010060b785241b500735b06ab514) Importer(815301076,1909f56bfc062723c751e8b465ee728b) [PhysX] Initialized MultithreadedTaskDispatcher with 20 workers.
 -> (artifact id: 'caf7528f4e602b883729665ce3015d08') in 0.001048 seconds
Number of updated asset objects reloaded before import = 0
Number of asset objects unloaded after import = 0
========================================================================
Received Import Request.
  Time since last request: 0.000178 seconds.
  path: Assets/AddressableAssetsData/AssetGroupTemplates/Packed Assets.asset
  artifactKey: Guid(de8f95cc72bcffa41bb34cb43013f330) Importer(815301076,1909f56bfc062723c751e8b465ee728b)
Start importing Assets/AddressableAssetsData/AssetGroupTemplates/Packed Assets.asset using Guid(de8f95cc72bcffa41bb34cb43013f330) Importer(815301076,1909f56bfc062723c751e8b465ee728b) [PhysX] Initialized MultithreadedTaskDispatcher with 20 workers.
 -> (artifact id: '91f5196616be143521a376e0fd56a250') in 0.001473 seconds
Number of updated asset objects reloaded before import = 0
Number of asset objects unloaded after import = 0
========================================================================
Received Import Request.
  Time since last request: 0.000026 seconds.
  path: Assets/AddressableAssetsData/AssetGroups/Localization-Assets-Shared.asset
  artifactKey: Guid(3534feefee543bb4dbe957b6dad6147e) Importer(815301076,1909f56bfc062723c751e8b465ee728b)
Start importing Assets/AddressableAssetsData/AssetGroups/Localization-Assets-Shared.asset using Guid(3534feefee543bb4dbe957b6dad6147e) Importer(815301076,1909f56bfc062723c751e8b465ee728b) [PhysX] Initialized MultithreadedTaskDispatcher with 20 workers.
 -> (artifact id: '2f979877bd4e88ae472cf7aeb2e5a864') in 0.001327 seconds
Number of updated asset objects reloaded before import = 0
Number of asset objects unloaded after import = 0
========================================================================
Received Import Request.
  Time since last request: 0.000058 seconds.
  path: Assets/AddressableAssetsData/AssetGroups/Schemas/Localization-String-Tables-Russian (ru)_BundledAssetGroupSchema.asset
  artifactKey: Guid(cb4e964176018e342b53a465f9f6b1aa) Importer(815301076,1909f56bfc062723c751e8b465ee728b)
Start importing Assets/AddressableAssetsData/AssetGroups/Schemas/Localization-String-Tables-Russian (ru)_BundledAssetGroupSchema.asset using Guid(cb4e964176018e342b53a465f9f6b1aa) Importer(815301076,1909f56bfc062723c751e8b465ee728b) [PhysX] Initialized MultithreadedTaskDispatcher with 20 workers.
 -> (artifact id: '4055028f63d22396085b40b51b7855f7') in 0.001045 seconds
Number of updated asset objects reloaded before import = 0
Number of asset objects unloaded after import = 0
========================================================================
Received Import Request.
  Time since last request: 3.260795 seconds.
  path: Assets/Plugins/AssetKits
  artifactKey: Guid(c2762e6308b367849a5587e19afd8477) Importer(815301076,1909f56bfc062723c751e8b465ee728b)
Start importing Assets/Plugins/AssetKits using Guid(c2762e6308b367849a5587e19afd8477) Importer(815301076,1909f56bfc062723c751e8b465ee728b) [PhysX] Initialized MultithreadedTaskDispatcher with 20 workers.
 -> (artifact id: '53f73dc9ee5032f20a3ea048330bb88c') in 0.000664 seconds
Number of updated asset objects reloaded before import = 0
Number of asset objects unloaded after import = 0
========================================================================
Received Import Request.
  Time since last request: 1.395834 seconds.
  path: Assets/Plugins/AssetKits/ParticleImage
  artifactKey: Guid(6d024a61fb4f34f598d63a62546e8352) Importer(815301076,1909f56bfc062723c751e8b465ee728b)
Start importing Assets/Plugins/AssetKits/ParticleImage using Guid(6d024a61fb4f34f598d63a62546e8352) Importer(815301076,1909f56bfc062723c751e8b465ee728b) [PhysX] Initialized MultithreadedTaskDispatcher with 20 workers.
 -> (artifact id: '939392170a25f4b068531fd8aa9cf62a') in 0.000997 seconds
Number of updated asset objects reloaded before import = 0
Number of asset objects unloaded after import = 0
========================================================================
Received Import Request.
  Time since last request: 1.261394 seconds.
  path: Assets/Plugins/AssetKits/ParticleImage/Demo
  artifactKey: Guid(7575fbb6014604db791679a6d42ad016) Importer(815301076,1909f56bfc062723c751e8b465ee728b)
Start importing Assets/Plugins/AssetKits/ParticleImage/Demo using Guid(7575fbb6014604db791679a6d42ad016) Importer(815301076,1909f56bfc062723c751e8b465ee728b) [PhysX] Initialized MultithreadedTaskDispatcher with 20 workers.
 -> (artifact id: '5bcefd10f99b4fbe6c6e2733af9c029d') in 0.001073 seconds
Number of updated asset objects reloaded before import = 0
Number of asset objects unloaded after import = 0
========================================================================
Received Import Request.
  Time since last request: 0.838929 seconds.
  path: Assets/Plugins/AssetKits/ParticleImage/Demo/Prefabs
  artifactKey: Guid(8c21bed0b13de401aa74732c5969cd82) Importer(815301076,1909f56bfc062723c751e8b465ee728b)
Start importing Assets/Plugins/AssetKits/ParticleImage/Demo/Prefabs using Guid(8c21bed0b13de401aa74732c5969cd82) Importer(815301076,1909f56bfc062723c751e8b465ee728b) [PhysX] Initialized MultithreadedTaskDispatcher with 20 workers.
 -> (artifact id: 'd45349eddc03f493e6c7918cc97f00e8') in 0.001490 seconds
Number of updated asset objects reloaded before import = 0
Number of asset objects unloaded after import = 0
========================================================================
Received Import Request.
  Time since last request: 0.074032 seconds.
  path: Assets/Plugins/AssetKits/ParticleImage/Demo/Prefabs/AlignToDirection.prefab
  artifactKey: Guid(02d82efb191c5423aa2451b3223340c1) Importer(815301076,1909f56bfc062723c751e8b465ee728b)
Start importing Assets/Plugins/AssetKits/ParticleImage/Demo/Prefabs/AlignToDirection.prefab using Guid(02d82efb191c5423aa2451b3223340c1) Importer(815301076,1909f56bfc062723c751e8b465ee728b) [PhysX] Initialized MultithreadedTaskDispatcher with 20 workers.
 -> (artifact id: '1d0a81ec85a1d26294bf20164085de25') in 0.047370 seconds
Number of updated asset objects reloaded before import = 0
Number of asset objects unloaded after import = 12
========================================================================
Received Import Request.
  Time since last request: 0.000027 seconds.
  path: Assets/Plugins/AssetKits/ParticleImage/Demo/Prefabs/EnergySpread.prefab
  artifactKey: Guid(5b66bf192a407472ba156c617e17ecb3) Importer(815301076,1909f56bfc062723c751e8b465ee728b)
Start importing Assets/Plugins/AssetKits/ParticleImage/Demo/Prefabs/EnergySpread.prefab using Guid(5b66bf192a407472ba156c617e17ecb3) Importer(815301076,1909f56bfc062723c751e8b465ee728b) [PhysX] Initialized MultithreadedTaskDispatcher with 20 workers.
 -> (artifact id: '22f0e524a8ccde2c539a4f4222b37cef') in 0.046069 seconds
Number of updated asset objects reloaded before import = 0
Number of asset objects unloaded after import = 22
========================================================================
Received Import Request.
  Time since last request: 0.000032 seconds.
  path: Assets/Plugins/AssetKits/ParticleImage/Demo/Prefabs/Slider.prefab
  artifactKey: Guid(4a548293fc7474fe89ef6a4cfabf7031) Importer(815301076,1909f56bfc062723c751e8b465ee728b)
Start importing Assets/Plugins/AssetKits/ParticleImage/Demo/Prefabs/Slider.prefab using Guid(4a548293fc7474fe89ef6a4cfabf7031) Importer(815301076,1909f56bfc062723c751e8b465ee728b) [PhysX] Initialized MultithreadedTaskDispatcher with 20 workers.
 -> (artifact id: '9d936b2548670154fd07bcaaefdfb476') in 0.044147 seconds
Number of updated asset objects reloaded before import = 0
Number of asset objects unloaded after import = 40
========================================================================
Received Import Request.
  Time since last request: 0.000023 seconds.
  path: Assets/Plugins/AssetKits/ParticleImage/Demo/Prefabs/ConfettiFullscreen.prefab
  artifactKey: Guid(88a59c8e316774bf68b9a81e990ede96) Importer(815301076,1909f56bfc062723c751e8b465ee728b)
Start importing Assets/Plugins/AssetKits/ParticleImage/Demo/Prefabs/ConfettiFullscreen.prefab using Guid(88a59c8e316774bf68b9a81e990ede96) Importer(815301076,1909f56bfc062723c751e8b465ee728b) [PhysX] Initialized MultithreadedTaskDispatcher with 20 workers.
 -> (artifact id: 'e2b867e70c991c734fd62785037711ef') in 0.007207 seconds
Number of updated asset objects reloaded before import = 0
Number of asset objects unloaded after import = 22
========================================================================
Received Import Request.
  Time since last request: 0.000023 seconds.
  path: Assets/Plugins/AssetKits/ParticleImage/Demo/Prefabs/Scroll.prefab
  artifactKey: Guid(731ab58207bf24d1c83b180ea712fff7) Importer(815301076,1909f56bfc062723c751e8b465ee728b)
Start importing Assets/Plugins/AssetKits/ParticleImage/Demo/Prefabs/Scroll.prefab using Guid(731ab58207bf24d1c83b180ea712fff7) Importer(815301076,1909f56bfc062723c751e8b465ee728b) [PhysX] Initialized MultithreadedTaskDispatcher with 20 workers.
 -> (artifact id: 'ca4f2badd47e003c23166c09d90b1bf0') in 0.148026 seconds
Number of updated asset objects reloaded before import = 0
Number of asset objects unloaded after import = 193
========================================================================
Received Import Request.
  Time since last request: 30.229107 seconds.
  path: Assets/TextMesh Pro/Examples & Extras/Fonts/Anton.ttf
  artifactKey: Guid(997a43b767814dd0a7642ec9b78cba41) Importer(815301076,1909f56bfc062723c751e8b465ee728b)
Start importing Assets/TextMesh Pro/Examples & Extras/Fonts/Anton.ttf using Guid(997a43b767814dd0a7642ec9b78cba41) Importer(815301076,1909f56bfc062723c751e8b465ee728b) [PhysX] Initialized MultithreadedTaskDispatcher with 20 workers.
[PhysX] Initialized MultithreadedTaskDispatcher with 20 workers.
[PhysX] Initialized MultithreadedTaskDispatcher with 20 workers.
 -> (artifact id: 'ac5fd4ce3d4f6d381f89c3f8e596ce4e') in 0.450811 seconds
Number of updated asset objects reloaded before import = 0
Number of asset objects unloaded after import = 24
========================================================================
Received Import Request.
  Time since last request: 0.000040 seconds.
  path: Assets/Others/Monsters Ultimate Pack 02 Cute Series/Hermit King Cute Series/Materials/Hermit King.mat
  artifactKey: Guid(68c1542d3de79d14985c256ddd2e4106) Importer(815301076,1909f56bfc062723c751e8b465ee728b)
Start importing Assets/Others/Monsters Ultimate Pack 02 Cute Series/Hermit King Cute Series/Materials/Hermit King.mat using Guid(68c1542d3de79d14985c256ddd2e4106) Importer(815301076,1909f56bfc062723c751e8b465ee728b) [PhysX] Initialized MultithreadedTaskDispatcher with 20 workers.
[PhysX] Initialized MultithreadedTaskDispatcher with 20 workers.
 -> (artifact id: '0eb23247259960aa4ba7461c9f202b44') in 0.042635 seconds
Number of updated asset objects reloaded before import = 0
Number of asset objects unloaded after import = 3
========================================================================
Received Import Request.
  Time since last request: 0.000034 seconds.
  path: Assets/TextMesh Pro/Examples & Extras/Fonts/Roboto-Bold.ttf
  artifactKey: Guid(4beb055f07aaff244873dec698d0363e) Importer(815301076,1909f56bfc062723c751e8b465ee728b)
Start importing Assets/TextMesh Pro/Examples & Extras/Fonts/Roboto-Bold.ttf using Guid(4beb055f07aaff244873dec698d0363e) Importer(815301076,1909f56bfc062723c751e8b465ee728b) [PhysX] Initialized MultithreadedTaskDispatcher with 20 workers.
[PhysX] Initialized MultithreadedTaskDispatcher with 20 workers.
[PhysX] Initialized MultithreadedTaskDispatcher with 20 workers.
 -> (artifact id: '05d7ae68f74c82427e7f6174882823c4') in 0.010331 seconds
Number of updated asset objects reloaded before import = 0
Number of asset objects unloaded after import = 5
========================================================================
Received Import Request.
  Time since last request: 0.000017 seconds.
  path: Assets/Others/Monsters Ultimate Pack 02 Cute Series/Poison Bomb Cute Series/Materials/FX Spark.mat
  artifactKey: Guid(3e9976d3f8b0a28479c170f170471791) Importer(815301076,1909f56bfc062723c751e8b465ee728b)
Start importing Assets/Others/Monsters Ultimate Pack 02 Cute Series/Poison Bomb Cute Series/Materials/FX Spark.mat using Guid(3e9976d3f8b0a28479c170f170471791) Importer(815301076,1909f56bfc062723c751e8b465ee728b) [PhysX] Initialized MultithreadedTaskDispatcher with 20 workers.
[PhysX] Initialized MultithreadedTaskDispatcher with 20 workers.
 -> (artifact id: 'aea4cafd1fb8c717b43561982ed05552') in 0.066405 seconds
Number of updated asset objects reloaded before import = 0
Number of asset objects unloaded after import = 3
========================================================================
Received Import Request.
  Time since last request: 0.000018 seconds.
  path: Assets/Mirror/Examples/MultipleAdditiveScenes/Models/Icosphere/Materials/Icosphere.mat
  artifactKey: Guid(7e6bf26596c6f564097734c7cc319e15) Importer(815301076,1909f56bfc062723c751e8b465ee728b)
Start importing Assets/Mirror/Examples/MultipleAdditiveScenes/Models/Icosphere/Materials/Icosphere.mat using Guid(7e6bf26596c6f564097734c7cc319e15) Importer(815301076,1909f56bfc062723c751e8b465ee728b) [PhysX] Initialized MultithreadedTaskDispatcher with 20 workers.
[PhysX] Initialized MultithreadedTaskDispatcher with 20 workers.
 -> (artifact id: '3f36fb973587e545d0d88e39609e180d') in 0.011147 seconds
Number of updated asset objects reloaded before import = 0
Number of asset objects unloaded after import = 2
========================================================================
Received Import Request.
  Time since last request: 0.000022 seconds.
  path: Assets/Others/Monsters Ultimate Pack 02 Cute Series/Bomb Cute Series/Materials/FX Spark Glow.mat
  artifactKey: Guid(09eb5112ab1affa418bf376d6f9028bd) Importer(815301076,1909f56bfc062723c751e8b465ee728b)
Start importing Assets/Others/Monsters Ultimate Pack 02 Cute Series/Bomb Cute Series/Materials/FX Spark Glow.mat using Guid(09eb5112ab1affa418bf376d6f9028bd) Importer(815301076,1909f56bfc062723c751e8b465ee728b) [PhysX] Initialized MultithreadedTaskDispatcher with 20 workers.
[PhysX] Initialized MultithreadedTaskDispatcher with 20 workers.
 -> (artifact id: 'cbe30f3ed37481c5a136b328a96796df') in 0.014483 seconds
Number of updated asset objects reloaded before import = 0
Number of asset objects unloaded after import = 3
========================================================================
Received Import Request.
  Time since last request: 0.000021 seconds.
  path: Assets/Others/Monsters Ultimate Pack 05 Cute Series/Hare Cute Series/Materials/Hare.mat
  artifactKey: Guid(ff6500d740c8c594da274514968a730a) Importer(815301076,1909f56bfc062723c751e8b465ee728b)
Start importing Assets/Others/Monsters Ultimate Pack 05 Cute Series/Hare Cute Series/Materials/Hare.mat using Guid(ff6500d740c8c594da274514968a730a) Importer(815301076,1909f56bfc062723c751e8b465ee728b) [PhysX] Initialized MultithreadedTaskDispatcher with 20 workers.
[PhysX] Initialized MultithreadedTaskDispatcher with 20 workers.
 -> (artifact id: '69001efb646f7e3ef7d604f24b238453') in 0.020943 seconds
Number of updated asset objects reloaded before import = 0
Number of asset objects unloaded after import = 3
========================================================================
Received Import Request.
  Time since last request: 0.000018 seconds.
  path: Assets/Custom Fortune Wheel/Resources/Fonts/sinethar/Sinethar.otf
  artifactKey: Guid(5f2739b323db447c4a7eb8b22f740a6b) Importer(815301076,1909f56bfc062723c751e8b465ee728b)
Start importing Assets/Custom Fortune Wheel/Resources/Fonts/sinethar/Sinethar.otf using Guid(5f2739b323db447c4a7eb8b22f740a6b) Importer(815301076,1909f56bfc062723c751e8b465ee728b) [PhysX] Initialized MultithreadedTaskDispatcher with 20 workers.
[PhysX] Initialized MultithreadedTaskDispatcher with 20 workers.
[PhysX] Initialized MultithreadedTaskDispatcher with 20 workers.
 -> (artifact id: 'b3b36e5b200048789186f3b71c6992f4') in 0.010002 seconds
Number of updated asset objects reloaded before import = 0
Number of asset objects unloaded after import = 5
========================================================================
Received Import Request.
  Time since last request: 0.000018 seconds.
  path: Assets/Others/Monsters Ultimate Pack 05 Cute Series/Haunt Cute Series/Materials/Haunt.mat
  artifactKey: Guid(5c19839e333612f40a26550895c48952) Importer(815301076,1909f56bfc062723c751e8b465ee728b)
Start importing Assets/Others/Monsters Ultimate Pack 05 Cute Series/Haunt Cute Series/Materials/Haunt.mat using Guid(5c19839e333612f40a26550895c48952) Importer(815301076,1909f56bfc062723c751e8b465ee728b) [PhysX] Initialized MultithreadedTaskDispatcher with 20 workers.
[PhysX] Initialized MultithreadedTaskDispatcher with 20 workers.
 -> (artifact id: '7895ab57800b16704d6e3b35fb6db5c4') in 0.030777 seconds
Number of updated asset objects reloaded before import = 0
Number of asset objects unloaded after import = 4
========================================================================
Received Import Request.
  Time since last request: 0.000025 seconds.
  path: Assets/Others/Monsters Ultimate Pack 05 Cute Series/Horror Cute Series/Materials/Horror.mat
  artifactKey: Guid(9e99460817e0d1d4fa0a015c6cac1b4c) Importer(815301076,1909f56bfc062723c751e8b465ee728b)
Start importing Assets/Others/Monsters Ultimate Pack 05 Cute Series/Horror Cute Series/Materials/Horror.mat using Guid(9e99460817e0d1d4fa0a015c6cac1b4c) Importer(815301076,1909f56bfc062723c751e8b465ee728b) [PhysX] Initialized MultithreadedTaskDispatcher with 20 workers.
[PhysX] Initialized MultithreadedTaskDispatcher with 20 workers.
 -> (artifact id: '112c8e4d49ef571d6366f7633c9fc0ea') in 0.016576 seconds
Number of updated asset objects reloaded before import = 0
Number of asset objects unloaded after import = 3
========================================================================
Received Import Request.
  Time since last request: 0.000027 seconds.
  path: Assets/Custom Fortune Wheel/Resources/Fonts/CFDiamond.ttf
  artifactKey: Guid(d9722afc842b04b58945628c59f90692) Importer(815301076,1909f56bfc062723c751e8b465ee728b)
Start importing Assets/Custom Fortune Wheel/Resources/Fonts/CFDiamond.ttf using Guid(d9722afc842b04b58945628c59f90692) Importer(815301076,1909f56bfc062723c751e8b465ee728b) [PhysX] Initialized MultithreadedTaskDispatcher with 20 workers.
[PhysX] Initialized MultithreadedTaskDispatcher with 20 workers.
[PhysX] Initialized MultithreadedTaskDispatcher with 20 workers.
 -> (artifact id: '7ce29946b1b4295734120de5b30d1a3b') in 0.010723 seconds
Number of updated asset objects reloaded before import = 0
Number of asset objects unloaded after import = 5
========================================================================
Received Import Request.
  Time since last request: 0.000023 seconds.
  path: Assets/Others/Monsters Ultimate Pack 02 Cute Series/Cute series demo assets/Ground.mat
  artifactKey: Guid(f37ea2bd19136a2469ed0e0758f4ce30) Importer(815301076,1909f56bfc062723c751e8b465ee728b)
Start importing Assets/Others/Monsters Ultimate Pack 02 Cute Series/Cute series demo assets/Ground.mat using Guid(f37ea2bd19136a2469ed0e0758f4ce30) Importer(815301076,1909f56bfc062723c751e8b465ee728b) [PhysX] Initialized MultithreadedTaskDispatcher with 20 workers.
[PhysX] Initialized MultithreadedTaskDispatcher with 20 workers.
 -> (artifact id: 'b9bc7fd7018863f76970e47fa8710549') in 0.006939 seconds
Number of updated asset objects reloaded before import = 0
Number of asset objects unloaded after import = 2
========================================================================
Received Import Request.
  Time since last request: 0.000021 seconds.
  path: Assets/TextMesh Pro/Fonts/LiberationSans.ttf
  artifactKey: Guid(e3265ab4bf004d28a9537516768c1c75) Importer(815301076,1909f56bfc062723c751e8b465ee728b)
Start importing Assets/TextMesh Pro/Fonts/LiberationSans.ttf using Guid(e3265ab4bf004d28a9537516768c1c75) Importer(815301076,1909f56bfc062723c751e8b465ee728b) [PhysX] Initialized MultithreadedTaskDispatcher with 20 workers.
[PhysX] Initialized MultithreadedTaskDispatcher with 20 workers.
[PhysX] Initialized MultithreadedTaskDispatcher with 20 workers.
 -> (artifact id: '1b44b7a2367e04717c4aecaa76f114c9') in 0.011227 seconds
Number of updated asset objects reloaded before import = 0
Number of asset objects unloaded after import = 5
========================================================================
Received Import Request.
  Time since last request: 0.000018 seconds.
  path: Assets/Others/Monsters Ultimate Pack 02 Cute Series/Snow Bomb Cute Series/Materials/FX Spark Glow.mat
  artifactKey: Guid(c6098e7c2d643114fbe02c92a6a65f86) Importer(815301076,1909f56bfc062723c751e8b465ee728b)
Start importing Assets/Others/Monsters Ultimate Pack 02 Cute Series/Snow Bomb Cute Series/Materials/FX Spark Glow.mat using Guid(c6098e7c2d643114fbe02c92a6a65f86) Importer(815301076,1909f56bfc062723c751e8b465ee728b) [PhysX] Initialized MultithreadedTaskDispatcher with 20 workers.
[PhysX] Initialized MultithreadedTaskDispatcher with 20 workers.
 -> (artifact id: '79e2fe027e03695233f06373c507e795') in 0.009229 seconds
Number of updated asset objects reloaded before import = 0
Number of asset objects unloaded after import = 3
========================================================================
Received Import Request.
  Time since last request: 0.000018 seconds.
  path: Assets/Others/Test/Monsters Ultimate Pack 02 Cute Series/Poison Bomb Cute Series/Materials/FX Spark Glow.mat
  artifactKey: Guid(aeab4759b3954ba4eb7d6b613013a2c2) Importer(815301076,1909f56bfc062723c751e8b465ee728b)
Start importing Assets/Others/Test/Monsters Ultimate Pack 02 Cute Series/Poison Bomb Cute Series/Materials/FX Spark Glow.mat using Guid(aeab4759b3954ba4eb7d6b613013a2c2) Importer(815301076,1909f56bfc062723c751e8b465ee728b) [PhysX] Initialized MultithreadedTaskDispatcher with 20 workers.
[PhysX] Initialized MultithreadedTaskDispatcher with 20 workers.
 -> (artifact id: '79567d7eec836922215bb25bbb2e5fd7') in 0.443800 seconds
Number of updated asset objects reloaded before import = 0
Number of asset objects unloaded after import = 3
========================================================================
Received Import Request.
  Time since last request: 0.000034 seconds.
  path: Assets/Mirror/Examples/AdditiveLevels/Materials/Ground.mat
  artifactKey: Guid(20d755ab53045e545ab0b6e59c710ed9) Importer(815301076,1909f56bfc062723c751e8b465ee728b)
Start importing Assets/Mirror/Examples/AdditiveLevels/Materials/Ground.mat using Guid(20d755ab53045e545ab0b6e59c710ed9) Importer(815301076,1909f56bfc062723c751e8b465ee728b) [PhysX] Initialized MultithreadedTaskDispatcher with 20 workers.
[PhysX] Initialized MultithreadedTaskDispatcher with 20 workers.
 -> (artifact id: 'afb783eb1803ff96ec9812ff2b70c7ad') in 0.008330 seconds
Number of updated asset objects reloaded before import = 0
Number of asset objects unloaded after import = 2
========================================================================
Received Import Request.
  Time since last request: 0.000118 seconds.
  path: Assets/Others/Test/Monsters Ultimate Pack 02 Cute Series/Hermit King Cute Series/Materials/Hermit King.mat
  artifactKey: Guid(1e19cfdf8ee16d54ea613923e21645a0) Importer(815301076,1909f56bfc062723c751e8b465ee728b)
Start importing Assets/Others/Test/Monsters Ultimate Pack 02 Cute Series/Hermit King Cute Series/Materials/Hermit King.mat using Guid(1e19cfdf8ee16d54ea613923e21645a0) Importer(815301076,1909f56bfc062723c751e8b465ee728b) [PhysX] Initialized MultithreadedTaskDispatcher with 20 workers.
[PhysX] Initialized MultithreadedTaskDispatcher with 20 workers.
 -> (artifact id: '851352060fbecb51b597988abb180d3e') in 0.030585 seconds
Number of updated asset objects reloaded before import = 0
Number of asset objects unloaded after import = 3
========================================================================
Received Import Request.
  Time since last request: 0.000030 seconds.
  path: Assets/Others/Monsters Ultimate Pack 02 Cute Series/Snow Bomb Cute Series/Materials/FX Spark.mat
  artifactKey: Guid(15fdffd1ba28be74a9059f95b3534a20) Importer(815301076,1909f56bfc062723c751e8b465ee728b)
Start importing Assets/Others/Monsters Ultimate Pack 02 Cute Series/Snow Bomb Cute Series/Materials/FX Spark.mat using Guid(15fdffd1ba28be74a9059f95b3534a20) Importer(815301076,1909f56bfc062723c751e8b465ee728b) [PhysX] Initialized MultithreadedTaskDispatcher with 20 workers.
[PhysX] Initialized MultithreadedTaskDispatcher with 20 workers.
 -> (artifact id: '60ae8ae38c3f767129f0e9353c71bd81') in 0.008374 seconds
Number of updated asset objects reloaded before import = 0
Number of asset objects unloaded after import = 3
========================================================================
Received Import Request.
  Time since last request: 21.789900 seconds.
  path: Assets/Prefabs/UI/PanelReward.prefab
  artifactKey: Guid(b19e9c69c6ddaa847b720d7a97da9ae7) Importer(815301076,1909f56bfc062723c751e8b465ee728b)
Start importing Assets/Prefabs/UI/PanelReward.prefab using Guid(b19e9c69c6ddaa847b720d7a97da9ae7) Importer(815301076,1909f56bfc062723c751e8b465ee728b) [PhysX] Initialized MultithreadedTaskDispatcher with 20 workers.
 -> (artifact id: '3b7674c003dce8c0ebb78a48dd1f0998') in 0.083452 seconds
Number of updated asset objects reloaded before import = 0
Number of asset objects unloaded after import = 377
========================================================================
Received Import Request.
  Time since last request: 0.000020 seconds.
  path: Assets/Prefabs/UI/SubjectCellView.prefab
  artifactKey: Guid(52e535623590d5a4aa4bcbc0f36e5f95) Importer(815301076,1909f56bfc062723c751e8b465ee728b)
Start importing Assets/Prefabs/UI/SubjectCellView.prefab using Guid(52e535623590d5a4aa4bcbc0f36e5f95) Importer(815301076,1909f56bfc062723c751e8b465ee728b) [PhysX] Initialized MultithreadedTaskDispatcher with 20 workers.
 -> (artifact id: 'e37ad0436ab30435a61f03666ed4819b') in 0.012710 seconds
Number of updated asset objects reloaded before import = 0
Number of asset objects unloaded after import = 67
========================================================================
Received Prepare
Caller must complete domain reload
0x00007ff708e2d08d (Unity) StackWalker::GetCurrentCallstack
0x00007ff708e32169 (Unity) StackWalker::ShowCallstack
0x00007ff709e1f231 (Unity) GetStacktrace
0x00007ff70a4d9e6e (Unity) DebugStringToFile
0x00007ff70a4d9baa (Unity) AssertImplementation
0x00007ff709cbd9fc (Unity) Internal_ADB_WorkerOnly_DomainReload
0x00007ff70a1a3484 (Unity) WorkerDomainReloadV2
0x00007ff70a1c4695 (Unity) <lambda_b37b41f03089e3cb3f55061bbc93253d>::operator()
0x00007ff70a1ffea2 (Unity) asio::detail::completion_handler<core::mutable_function<void __cdecl(void)>,asio::io_context::basic_executor_type<std::allocator<void>,0> >::do_complete
0x00007ff70a1ebe4e (Unity) asio::detail::win_iocp_io_context::do_one
0x00007ff70a1edab4 (Unity) asio::detail::win_iocp_io_context::run
0x00007ff70a1fe24c (Unity) IOService::Run
0x00007ff70a1d16cf (Unity) AssetImportWorkerClient::Run
0x00007ff70a19d037 (Unity) RunAssetImportWorkerClientV2
0x00007ff70a19d0bb (Unity) RunAssetImporterV2
0x00007ff7099976fe (Unity) Application::InitializeProject
0x00007ff709e29ed5 (Unity) WinMain
0x00007ff70b1db7be (Unity) __scrt_common_main_seh
0x00007ffef564257d (KERNEL32) BaseThreadInitThunk
0x00007ffef6acaf08 (ntdll) RtlUserThreadStart

Begin MonoManager ReloadAssembly
Symbol file LoadedFromMemory is not a mono symbol file
- Loaded All Assemblies, in  0.595 seconds
Native extension for WindowsStandalone target not found
Native extension for Android target not found
Mono: successfully reloaded assembly
- Finished resetting the current domain, in  2.279 seconds
Domain Reload Profiling: 2871ms
	BeginReloadAssembly (192ms)
		ExecutionOrderSort (0ms)
		DisableScriptedObjects (9ms)
		BackupInstance (0ms)
		ReleaseScriptingObjects (0ms)
		CreateAndSetChildDomain (66ms)
	RebuildCommonClasses (23ms)
	RebuildNativeTypeToScriptingClass (8ms)
	initialDomainReloadingComplete (33ms)
	LoadAllAssembliesAndSetupDomain (334ms)
		LoadAssemblies (380ms)
		RebuildTransferFunctionScriptingTraits (0ms)
		AnalyzeDomain (26ms)
			TypeCache.Refresh (9ms)
				TypeCache.ScanAssembly (0ms)
			ScanForSourceGeneratedMonoScriptInfo (0ms)
			ResolveRequiredComponents (16ms)
	FinalizeReload (2280ms)
		ReleaseScriptCaches (0ms)
		RebuildScriptCaches (0ms)
		SetupLoadedEditorAssemblies (1156ms)
			LogAssemblyErrors (0ms)
			InitializePlatformSupportModulesInManaged (22ms)
			SetLoadedEditorAssemblies (8ms)
			RefreshPlugins (0ms)
			BeforeProcessingInitializeOnLoad (173ms)
			ProcessInitializeOnLoadAttributes (444ms)
			ProcessInitializeOnLoadMethodAttributes (504ms)
			AfterProcessingInitializeOnLoad (5ms)
			EditorAssembliesLoaded (1ms)
		ExecutionOrderSort2 (0ms)
		AwakeInstancesAfterBackupRestoration (12ms)
Refreshing native plugins compatible for Editor in 23.19 ms, found 0 plugins.
Preloading 0 native plugins for Editor in 0.00 ms.
Unloading 7335 Unused Serialized files (Serialized files now loaded: 0)
Unloading 56 unused Assets / (25.8 MB). Loaded Objects now: 8187.
Memory consumption went from 299.4 MB to 273.6 MB.
Total: 45.047100 ms (FindLiveObjects: 0.745700 ms CreateObjectMapping: 0.668700 ms MarkObjects: 36.526100 ms  DeleteObjects: 7.104300 ms)

Prepare: number of updated asset objects reloaded= 0
AssetImportParameters requested are different than current active one (requested -> active):
  custom:container-demuxer-ogg: 62fdf1f143b41e24485cea50d1cbac27 -> 
  custom:scripting/monoscript/fileName/VectorIntFormatters.cs: 9586b7cc9790bedc597b383a8c7e74bd -> 
  custom:scripting/monoscript/fileName/BuildAOTAutomation.cs: bc965071e67864fcb98b6905e53f9cf0 -> 
  custom:framework-win-MediaFoundation: 216162199b28c13a410421893ffa2e32 -> 
  custom:scripting/monoscript/fileName/VectorIntDrawers.cs: ff9fdecb2dae0b1d098a97f8b7c0a9e5 -> 
  custom:scripting/monoscript/fileName/UpdateChecker.cs: f4fa143a5511d0860f6257ecc1abfb6b -> 029b1daf8f3b497c0666e54f8685c8b9
  custom:scripting/monoscript/fileName/ExternalLinks.cs: 59a1e94e8f92c120ea66f1352f9c313b -> f57d4a4349423b09b7191c91a0e33dbb
  custom:scripting/monoscript/fileName/ParrelSyncAssetModificationProcessor.cs: 6d46d9907a9b42110c441f804e11649a -> 98155902029fa8ed02f705a5843cf897
  custom:scripting/monoscript/fileName/VectorIntPropertyResolvers.cs: e32158c95c6e6c239f32d45819ee2d20 -> 
  custom:container-muxer-webm: aa71ff27fc2769a1b78a27578f13a17b -> 
  custom:video-decoder-webm-vp8: 9c59270c3fd7afecdb556c50c9e8de78 -> 
  custom:SearchIndexIgnoredProperties: e643bd26f0fe6173181afceb89e7c659 -> 
  custom:scripting/monoscript/fileName/AssemblyImportSettingsAutomation.cs: 42bef8034c9ce3f0d6c978e0d0551f15 -> 
  custom:AudioImporter_EditorPlatform: d09bf68614088b80899f8185d706f6e7 -> 
  custom:scripting/monoscript/fileName/SimpleAction.cs: 1301d516c086077ffe4b433ead602da0 -> 
  custom:scripting/monoscript/fileName/AskFeedbackDialog.cs: 15eed79ca1600ec961ee9e1b81db697e -> 87af38bcc9ff5fcc64e3b06dc3e06287
  custom:scripting/monoscript/fileName/OtherMenuItem.cs: 8dd0c8fa3f8708c7f211e61b38016518 -> 65154b4add18958b71906d4d02b7528b
  custom:audio-decoder-ogg-vorbis: bf7c407c2cedff20999df2af8eb42d56 -> 
  custom:scripting/monoscript/fileName/ActionEffectDetails.cs: 8d2962647305b9b45287f939f6652f4e -> 
  custom:scripting/monoscript/fileName/OdinUpgrader.cs: ee3d9228da7555b7ff3d8bc8c2e703d7 -> 
  custom:audio-encoder-webm-vorbis: bf7c407c2cedff20999df2af8eb42d56 -> 
  custom:scripting/monoscript/fileName/FixBrokenUnityObjectWrapperDrawer.cs: 0cdf409b5aa8d4c25876d72b5c6a3b60 -> 
  custom:video-codec-MediaFoundation-h265: 746d11721c4dcdbdad8f713fa42b33f4 -> 
  custom:scripting/monoscript/fileName/Vector2IntMinMaxAttributeDrawer.cs: eb03797dc07c930643638362abd8e148 -> 
  custom:video-decoder-ogg-theora: a1e56fd34408186e4bbccfd4996cb3dc -> 
  custom:scripting/monoscript/fileName/CustomArgumentExample.cs: dc5717d26bf03e4fabad245f536d6adc -> 9fe00a64f6bf3c6cbd9b9dd594a81ab9
  custom:CustomObjectIndexerAttribute: 72b91833f83ae208fae7752999fa3104 -> 
  custom:container-demuxer-webm: 4f35f7cbe854078d1ac9338744f61a02 -> 
  custom:scripting/monoscript/fileName/ClonesManagerWindow.cs: 910630a445f8ef421f760c8c6a0ee8ac -> 480fe8f568c4df8018a3dadfa3e69d57
  custom:scripting/monoscript/fileName/ValidateCopiedFoldersIntegrity.cs: 1cbd699743a201395c1fb4e69761fbbe -> 56f406d9e913419ab82dfb77d147492d
  custom:scripting/monoscript/fileName/EnsureOdinInspectorDefine.cs: 461414cb0a18f7470566e6e72e890dbe -> 
  custom:scripting/monoscript/fileName/Project.cs: c031ac54c4553aae4915790679d0621a -> e0f36ba34d7b588c02343a8832f6bf7b
  custom:scripting/monoscript/fileName/Preferences.cs: 459e18932dd6a67f6a6f1c4bc7078537 -> 92c2dcaaad6eaa4a4bd5472569082be1
  custom:scripting/monoscript/fileName/SkillsContainer.cs: f541871ac980b285f188f3b2287b573c -> 
  custom:scripting/monoscript/fileName/FileUtilities.cs: a07cfb7041c6b8a10eda211e28510e83 -> 5a830a36b26409c0d41301d9b1600e3f
  custom:scripting/monoscript/fileName/ActionEffect.cs: 8d2962647305b9b45287f939f6652f4e -> 
  custom:video-encoder-webm-vp8: eb34c28f22e8b96e1ab97ce403110664 -> 
  custom:scripting/monoscript/fileName/ClonesManager.cs: ac2c82ec34a3edfb5f28bbdb2dee523a -> 56d4e9ba876d20feaa256fa586b68f63
  custom:scripting/monoscript/fileName/EditorQuit.cs: 290a58076c6512bec6d680d6c814d5f3 -> 0d99020733aa7608452e4fa0cdb5cb7e
Editor requested this worker to shutdown with reason: Scaling down because of idle timeout
TcpMessagingSession - receive error: operation aborted. errorcode: 995, details:  /   -       .
AssetImportWorker is now disconnected from the server
Process exiting
Exiting without the bug reporter. Application will terminate with return code 0