Using pre-set license
Built from '2022.3/staging' branch; Version is '2022.3.42f1 (2dcb6a0abc42) revision 3001194'; Using compiler version '192829333'; Build Type 'Release'
OS: 'Windows 11  (10.0.22631) 64bit Core' Language: 'ru' Physical Memory: 16108 MB
BatchMode: 1, IsHumanControllingUs: 0, StartBugReporterOnCrash: 0, Is64bit: 1, IsPro: 1

COMMAND LINE ARGUMENTS:
C:\Program Files\Unity\Hub\Editor\2022.3.42f1\Editor\Unity.exe
-adb2
-batchMode
-noUpm
-name
AssetImportWorker5
-projectPath
C:/Projects/UniverseRift.git
-logFile
Logs/AssetImportWorker5.log
-srvPort
54231
Successfully changed project path to: C:/Projects/UniverseRift.git
C:/Projects/UniverseRift.git
[UnityMemory] Configuration Parameters - Can be set up in boot.config
    "memorysetup-bucket-allocator-granularity=16"
    "memorysetup-bucket-allocator-bucket-count=8"
    "memorysetup-bucket-allocator-block-size=33554432"
    "memorysetup-bucket-allocator-block-count=8"
    "memorysetup-main-allocator-block-size=16777216"
    "memorysetup-thread-allocator-block-size=16777216"
    "memorysetup-gfx-main-allocator-block-size=16777216"
    "memorysetup-gfx-thread-allocator-block-size=16777216"
    "memorysetup-cache-allocator-block-size=4194304"
    "memorysetup-typetree-allocator-block-size=2097152"
    "memorysetup-profiler-bucket-allocator-granularity=16"
    "memorysetup-profiler-bucket-allocator-bucket-count=8"
    "memorysetup-profiler-bucket-allocator-block-size=33554432"
    "memorysetup-profiler-bucket-allocator-block-count=8"
    "memorysetup-profiler-allocator-block-size=16777216"
    "memorysetup-profiler-editor-allocator-block-size=1048576"
    "memorysetup-temp-allocator-size-main=16777216"
    "memorysetup-job-temp-allocator-block-size=2097152"
    "memorysetup-job-temp-allocator-block-size-background=1048576"
    "memorysetup-job-temp-allocator-reduction-small-platforms=262144"
    "memorysetup-allocator-temp-initial-block-size-main=262144"
    "memorysetup-allocator-temp-initial-block-size-worker=262144"
    "memorysetup-temp-allocator-size-background-worker=32768"
    "memorysetup-temp-allocator-size-job-worker=262144"
    "memorysetup-temp-allocator-size-preload-manager=33554432"
    "memorysetup-temp-allocator-size-nav-mesh-worker=65536"
    "memorysetup-temp-allocator-size-audio-worker=65536"
    "memorysetup-temp-allocator-size-cloud-worker=32768"
    "memorysetup-temp-allocator-size-gi-baking-worker=262144"
    "memorysetup-temp-allocator-size-gfx=262144"
Player connection [27748]  Target information:

Player connection [27748]  * "[IP] 172.16.0.2 [Port] 0 [Flags] 2 [Guid] 801343312 [EditorId] 801343312 [Version] 1048832 [Id] WindowsEditor(7,Landelo) [Debug] 1 [PackageName] WindowsEditor [ProjectName] Editor" 

Player connection [27748]  * "[IP] 192.168.1.2 [Port] 0 [Flags] 2 [Guid] 801343312 [EditorId] 801343312 [Version] 1048832 [Id] WindowsEditor(7,Landelo) [Debug] 1 [PackageName] WindowsEditor [ProjectName] Editor" 

Player connection [27748] Host joined multi-casting on [225.0.0.222:54997]...
Player connection [27748] Host joined alternative multi-casting on [225.0.0.222:34997]...
[PhysX] Initialized MultithreadedTaskDispatcher with 20 workers.
Refreshing native plugins compatible for Editor in 1534.21 ms, found 0 plugins.
Preloading 0 native plugins for Editor in 0.00 ms.
Initialize engine version: 2022.3.42f1 (2dcb6a0abc42)
[Subsystems] Discovering subsystems at path C:/Program Files/Unity/Hub/Editor/2022.3.42f1/Editor/Data/Resources/UnitySubsystems
[Subsystems] Discovering subsystems at path C:/Projects/UniverseRift.git/Assets
GfxDevice: creating device client; threaded=0; jobified=0
Direct3D:
    Version:  Direct3D 11.0 [level 11.1]
    Renderer: NVIDIA GeForce RTX 3060 Laptop GPU (ID=0x2520)
    Vendor:   NVIDIA
    VRAM:     6023 MB
    Driver:   30.0.15.1165
Invalid texture used for cursor - check importer settings or texture creation. Texture must be RGBA32, readable, have alphaIsTransparency enabled and have no mip chain.
Failed to set the cursor because the specified texture ('fx_rotate_line') was not CPU accessible.
Initialize mono
Mono path[0] = 'C:/Program Files/Unity/Hub/Editor/2022.3.42f1/Editor/Data/Managed'
Mono path[1] = 'C:/Program Files/Unity/Hub/Editor/2022.3.42f1/Editor/Data/MonoBleedingEdge/lib/mono/unityjit-win32'
Mono config path = 'C:/Program Files/Unity/Hub/Editor/2022.3.42f1/Editor/Data/MonoBleedingEdge/etc'
Using monoOptions --debugger-agent=transport=dt_socket,embedding=1,server=y,suspend=n,address=127.0.0.1:56788
Begin MonoManager ReloadAssembly
Registering precompiled unity dll's ...
Register platform support module: C:/Program Files/Unity/Hub/Editor/2022.3.42f1/Editor/Data/PlaybackEngines/AndroidPlayer/UnityEditor.Android.Extensions.dll
Register platform support module: C:/Program Files/Unity/Hub/Editor/2022.3.42f1/Editor/Data/PlaybackEngines/WindowsStandaloneSupport/UnityEditor.WindowsStandalone.Extensions.dll
Registered in 0.007219 seconds.
- Loaded All Assemblies, in  0.465 seconds
Native extension for WindowsStandalone target not found
Native extension for Android target not found
Android Extension - Scanning For ADB Devices 419 ms
Mono: successfully reloaded assembly
- Finished resetting the current domain, in  0.828 seconds
Domain Reload Profiling: 1291ms
	BeginReloadAssembly (146ms)
		ExecutionOrderSort (0ms)
		DisableScriptedObjects (0ms)
		BackupInstance (0ms)
		ReleaseScriptingObjects (0ms)
		CreateAndSetChildDomain (1ms)
	RebuildCommonClasses (32ms)
	RebuildNativeTypeToScriptingClass (16ms)
	initialDomainReloadingComplete (63ms)
	LoadAllAssembliesAndSetupDomain (205ms)
		LoadAssemblies (143ms)
		RebuildTransferFunctionScriptingTraits (0ms)
		AnalyzeDomain (202ms)
			TypeCache.Refresh (200ms)
				TypeCache.ScanAssembly (186ms)
			ScanForSourceGeneratedMonoScriptInfo (0ms)
			ResolveRequiredComponents (0ms)
	FinalizeReload (828ms)
		ReleaseScriptCaches (0ms)
		RebuildScriptCaches (0ms)
		SetupLoadedEditorAssemblies (781ms)
			LogAssemblyErrors (0ms)
			InitializePlatformSupportModulesInManaged (582ms)
			SetLoadedEditorAssemblies (9ms)
			RefreshPlugins (0ms)
			BeforeProcessingInitializeOnLoad (3ms)
			ProcessInitializeOnLoadAttributes (126ms)
			ProcessInitializeOnLoadMethodAttributes (61ms)
			AfterProcessingInitializeOnLoad (0ms)
			EditorAssembliesLoaded (0ms)
		ExecutionOrderSort2 (0ms)
		AwakeInstancesAfterBackupRestoration (0ms)
========================================================================
Worker process is ready to serve import requests
Caller must complete domain reload
0x00007ff7f26fd08d (Unity) StackWalker::GetCurrentCallstack
0x00007ff7f2702169 (Unity) StackWalker::ShowCallstack
0x00007ff7f36ef231 (Unity) GetStacktrace
0x00007ff7f3da9e6e (Unity) DebugStringToFile
0x00007ff7f3da9baa (Unity) AssertImplementation
0x00007ff7f358d9fc (Unity) Internal_ADB_WorkerOnly_DomainReload
0x00007ff7f3a73484 (Unity) WorkerDomainReloadV2
0x00007ff7f3a940af (Unity) <lambda_943be6b2c5671afd01d59371cf3ef730>::operator()
0x00007ff7f3acfea2 (Unity) asio::detail::completion_handler<core::mutable_function<void __cdecl(void)>,asio::io_context::basic_executor_type<std::allocator<void>,0> >::do_complete
0x00007ff7f3abbe4e (Unity) asio::detail::win_iocp_io_context::do_one
0x00007ff7f3abda7e (Unity) asio::detail::win_iocp_io_context::run
0x00007ff7f3ace24c (Unity) IOService::Run
0x00007ff7f3aa16cf (Unity) AssetImportWorkerClient::Run
0x00007ff7f3a6d037 (Unity) RunAssetImportWorkerClientV2
0x00007ff7f3a6d0bb (Unity) RunAssetImporterV2
0x00007ff7f32676fe (Unity) Application::InitializeProject
0x00007ff7f36f9ed5 (Unity) WinMain
0x00007ff7f4aab7be (Unity) __scrt_common_main_seh
0x00007ffd6c61259d (KERNEL32) BaseThreadInitThunk
0x00007ffd6de0af38 (ntdll) RtlUserThreadStart

Begin MonoManager ReloadAssembly
Symbol file LoadedFromMemory is not a mono symbol file
- Loaded All Assemblies, in  1.488 seconds
Native extension for WindowsStandalone target not found
Native extension for Android target not found
Launched and connected shader compiler UnityShaderCompiler.exe after 0.08 seconds
Mirror | mirror-networking.com | discord.gg/N9QVxbM
UnityEngine.StackTraceUtility:ExtractStackTrace ()
UnityEngine.DebugLogHandler:LogFormat (UnityEngine.LogType,UnityEngine.Object,string,object[])
UnityEngine.Logger:Log (UnityEngine.LogType,object)
UnityEngine.Debug:Log (object)
Mirror.Welcome:OnInitializeOnLoad () (at Assets/Mirror/Editor/Welcome.cs:18)
System.Reflection.RuntimeMethodInfo:Invoke (object,System.Reflection.BindingFlags,System.Reflection.Binder,object[],System.Globalization.CultureInfo)
System.Reflection.MethodBase:Invoke (object,object[])
UnityEditor.EditorAssemblies:ProcessInitializeOnLoadMethodAttributes ()

(Filename: Assets/Mirror/Editor/Welcome.cs Line: 18)

Mono: successfully reloaded assembly
- Finished resetting the current domain, in  1.881 seconds
Domain Reload Profiling: 3362ms
	BeginReloadAssembly (140ms)
		ExecutionOrderSort (0ms)
		DisableScriptedObjects (6ms)
		BackupInstance (0ms)
		ReleaseScriptingObjects (0ms)
		CreateAndSetChildDomain (21ms)
	RebuildCommonClasses (28ms)
	RebuildNativeTypeToScriptingClass (9ms)
	initialDomainReloadingComplete (43ms)
	LoadAllAssembliesAndSetupDomain (1261ms)
		LoadAssemblies (768ms)
		RebuildTransferFunctionScriptingTraits (0ms)
		AnalyzeDomain (575ms)
			TypeCache.Refresh (517ms)
				TypeCache.ScanAssembly (496ms)
			ScanForSourceGeneratedMonoScriptInfo (40ms)
			ResolveRequiredComponents (17ms)
	FinalizeReload (1882ms)
		ReleaseScriptCaches (0ms)
		RebuildScriptCaches (0ms)
		SetupLoadedEditorAssemblies (1660ms)
			LogAssemblyErrors (0ms)
			InitializePlatformSupportModulesInManaged (30ms)
			SetLoadedEditorAssemblies (7ms)
			RefreshPlugins (0ms)
			BeforeProcessingInitializeOnLoad (171ms)
			ProcessInitializeOnLoadAttributes (920ms)
			ProcessInitializeOnLoadMethodAttributes (525ms)
			AfterProcessingInitializeOnLoad (5ms)
			EditorAssembliesLoaded (0ms)
		ExecutionOrderSort2 (0ms)
		AwakeInstancesAfterBackupRestoration (5ms)
Refreshing native plugins compatible for Editor in 13.91 ms, found 0 plugins.
Preloading 0 native plugins for Editor in 0.00 ms.
Unloading 7550 Unused Serialized files (Serialized files now loaded: 0)
Unloading 71 unused Assets / (25.8 MB). Loaded Objects now: 8091.
Memory consumption went from 350.6 MB to 324.7 MB.
Total: 26.492700 ms (FindLiveObjects: 0.740500 ms CreateObjectMapping: 0.331900 ms MarkObjects: 18.838300 ms  DeleteObjects: 6.580600 ms)

AssetImportParameters requested are different than current active one (requested -> active):
  custom:container-demuxer-ogg: 62fdf1f143b41e24485cea50d1cbac27 -> 
  custom:framework-win-MediaFoundation: 216162199b28c13a410421893ffa2e32 -> 
  custom:container-muxer-webm: aa71ff27fc2769a1b78a27578f13a17b -> 
  custom:video-decoder-webm-vp8: 9c59270c3fd7afecdb556c50c9e8de78 -> 
  custom:SearchIndexIgnoredProperties: e643bd26f0fe6173181afceb89e7c659 -> 
  custom:AudioImporter_EditorPlatform: d09bf68614088b80899f8185d706f6e7 -> 
  custom:scripting/monoscript/fileName/LanguageController.cs: d7f83f70fb5f859de92afa22951dc2bf -> 
  custom:scripting/monoscript/fileName/LanguageObject.cs: 57e7acc22c4a899d48a2ecea1fa08939 -> 
  custom:audio-decoder-ogg-vorbis: bf7c407c2cedff20999df2af8eb42d56 -> 
  custom:audio-encoder-webm-vorbis: bf7c407c2cedff20999df2af8eb42d56 -> 
  custom:video-codec-MediaFoundation-h265: 746d11721c4dcdbdad8f713fa42b33f4 -> 
  custom:video-decoder-ogg-theora: a1e56fd34408186e4bbccfd4996cb3dc -> 
  custom:CustomObjectIndexerAttribute: 72b91833f83ae208fae7752999fa3104 -> 
  custom:container-demuxer-webm: 4f35f7cbe854078d1ac9338744f61a02 -> 
  custom:video-encoder-webm-vp8: eb34c28f22e8b96e1ab97ce403110664 -> 
========================================================================
Received Import Request.
  Time since last request: 64875.361550 seconds.
  path: Assets/Content/Fantasy RPG Icons Pack/RPG Warlock skill icons/PNG/4.png
  artifactKey: Guid(ff3c5ed2f440bd04593a1b1abef72e79) Importer(815301076,1909f56bfc062723c751e8b465ee728b)
Start importing Assets/Content/Fantasy RPG Icons Pack/RPG Warlock skill icons/PNG/4.png using Guid(ff3c5ed2f440bd04593a1b1abef72e79) Importer(815301076,1909f56bfc062723c751e8b465ee728b) [PhysX] Initialized MultithreadedTaskDispatcher with 20 workers.
[PhysX] Initialized MultithreadedTaskDispatcher with 20 workers.
 -> (artifact id: 'b3997769430412a83f1bb8ac233f8682') in 0.163886 seconds
Number of updated asset objects reloaded before import = 0
Number of asset objects unloaded after import = 3
========================================================================
Received Import Request.
  Time since last request: 0.000026 seconds.
  path: Assets/Content/Fantasy RPG Icons Pack/RPG Warlock skill icons/PNG/19.png
  artifactKey: Guid(d90b0ce501e52004f8f668bd6c723fc1) Importer(815301076,1909f56bfc062723c751e8b465ee728b)
Start importing Assets/Content/Fantasy RPG Icons Pack/RPG Warlock skill icons/PNG/19.png using Guid(d90b0ce501e52004f8f668bd6c723fc1) Importer(815301076,1909f56bfc062723c751e8b465ee728b) [PhysX] Initialized MultithreadedTaskDispatcher with 20 workers.
[PhysX] Initialized MultithreadedTaskDispatcher with 20 workers.
 -> (artifact id: '64e77fec722b0afdca0e6dbbea480569') in 0.046885 seconds
Number of updated asset objects reloaded before import = 0
Number of asset objects unloaded after import = 3
========================================================================
Received Import Request.
  Time since last request: 0.000039 seconds.
  path: Assets/Content/Fantasy RPG Icons Pack/RPG Warlock skill icons/PNG/31.png
  artifactKey: Guid(7f5ccc7b1a9f90a4f8b22dc44c003392) Importer(815301076,1909f56bfc062723c751e8b465ee728b)
Start importing Assets/Content/Fantasy RPG Icons Pack/RPG Warlock skill icons/PNG/31.png using Guid(7f5ccc7b1a9f90a4f8b22dc44c003392) Importer(815301076,1909f56bfc062723c751e8b465ee728b) [PhysX] Initialized MultithreadedTaskDispatcher with 20 workers.
[PhysX] Initialized MultithreadedTaskDispatcher with 20 workers.
 -> (artifact id: 'cfd7450cd68de5cc62bdf0db90c0469e') in 0.072075 seconds
Number of updated asset objects reloaded before import = 0
Number of asset objects unloaded after import = 3
========================================================================
Received Import Request.
  Time since last request: 0.000054 seconds.
  path: Assets/Content/Fantasy RPG Icons Pack/RPG Warlock skill icons/PNG/40.png
  artifactKey: Guid(9538cc9f0dda5f5448b62fe20197cf3a) Importer(815301076,1909f56bfc062723c751e8b465ee728b)
Start importing Assets/Content/Fantasy RPG Icons Pack/RPG Warlock skill icons/PNG/40.png using Guid(9538cc9f0dda5f5448b62fe20197cf3a) Importer(815301076,1909f56bfc062723c751e8b465ee728b) [PhysX] Initialized MultithreadedTaskDispatcher with 20 workers.
[PhysX] Initialized MultithreadedTaskDispatcher with 20 workers.
 -> (artifact id: 'dd1e3a129f54a22fbdabf111653cd22e') in 0.022954 seconds
Number of updated asset objects reloaded before import = 0
Number of asset objects unloaded after import = 3
========================================================================
Received Import Request.
  Time since last request: 0.000050 seconds.
  path: Assets/Content/Fantasy RPG Icons Pack/RPG Warlock skill icons/PNG/10.png
  artifactKey: Guid(df12bf7b7e18a214190327af4d3c0821) Importer(815301076,1909f56bfc062723c751e8b465ee728b)
Start importing Assets/Content/Fantasy RPG Icons Pack/RPG Warlock skill icons/PNG/10.png using Guid(df12bf7b7e18a214190327af4d3c0821) Importer(815301076,1909f56bfc062723c751e8b465ee728b) [PhysX] Initialized MultithreadedTaskDispatcher with 20 workers.
[PhysX] Initialized MultithreadedTaskDispatcher with 20 workers.
 -> (artifact id: 'ebfb1ffd364ee5a5d846e1d11c5a893c') in 0.024834 seconds
Number of updated asset objects reloaded before import = 0
Number of asset objects unloaded after import = 3
========================================================================
Received Import Request.
  Time since last request: 0.000018 seconds.
  path: Assets/Content/Fantasy RPG Icons Pack/RPG Warlock skill icons/PNG/8.png
  artifactKey: Guid(091728f49123c6c43b70876b612cb591) Importer(815301076,1909f56bfc062723c751e8b465ee728b)
Start importing Assets/Content/Fantasy RPG Icons Pack/RPG Warlock skill icons/PNG/8.png using Guid(091728f49123c6c43b70876b612cb591) Importer(815301076,1909f56bfc062723c751e8b465ee728b) [PhysX] Initialized MultithreadedTaskDispatcher with 20 workers.
[PhysX] Initialized MultithreadedTaskDispatcher with 20 workers.
 -> (artifact id: '7b76112ed28607aedf9552fea890ddfc') in 0.031745 seconds
Number of updated asset objects reloaded before import = 0
Number of asset objects unloaded after import = 3
========================================================================
Received Import Request.
  Time since last request: 0.000018 seconds.
  path: Assets/Content/Fantasy RPG Icons Pack/RPG Warlock skill icons/PNG/36.png
  artifactKey: Guid(1cb1081d951c1a448b44bc53b1756844) Importer(815301076,1909f56bfc062723c751e8b465ee728b)
Start importing Assets/Content/Fantasy RPG Icons Pack/RPG Warlock skill icons/PNG/36.png using Guid(1cb1081d951c1a448b44bc53b1756844) Importer(815301076,1909f56bfc062723c751e8b465ee728b) [PhysX] Initialized MultithreadedTaskDispatcher with 20 workers.
[PhysX] Initialized MultithreadedTaskDispatcher with 20 workers.
 -> (artifact id: '47a8ade1d26f5a84677518435a0f3a5c') in 0.024841 seconds
Number of updated asset objects reloaded before import = 0
Number of asset objects unloaded after import = 3
========================================================================
Received Import Request.
  Time since last request: 0.715608 seconds.
  path: Assets/Content/Fantasy RPG Icons Pack/RPG Warlock skill icons/PNG/49.png
  artifactKey: Guid(a39aa23be3e84f841b1ce140506794af) Importer(815301076,1909f56bfc062723c751e8b465ee728b)
Start importing Assets/Content/Fantasy RPG Icons Pack/RPG Warlock skill icons/PNG/49.png using Guid(a39aa23be3e84f841b1ce140506794af) Importer(815301076,1909f56bfc062723c751e8b465ee728b) [PhysX] Initialized MultithreadedTaskDispatcher with 20 workers.
[PhysX] Initialized MultithreadedTaskDispatcher with 20 workers.
 -> (artifact id: '01bd5f18bdbfa6d54ca5f0f5e3cfdc6b') in 0.027613 seconds
Number of updated asset objects reloaded before import = 0
Number of asset objects unloaded after import = 3
========================================================================
Received Import Request.
  Time since last request: 25.660056 seconds.
  path: Assets/Content/Fantasy RPG Icons Pack/RPG Dragon Egg Icons/PNG/background/4.png
  artifactKey: Guid(19d3c3709f2aa3a49ba8d11952716301) Importer(815301076,1909f56bfc062723c751e8b465ee728b)
Start importing Assets/Content/Fantasy RPG Icons Pack/RPG Dragon Egg Icons/PNG/background/4.png using Guid(19d3c3709f2aa3a49ba8d11952716301) Importer(815301076,1909f56bfc062723c751e8b465ee728b) [PhysX] Initialized MultithreadedTaskDispatcher with 20 workers.
[PhysX] Initialized MultithreadedTaskDispatcher with 20 workers.
 -> (artifact id: '080a5e27b93505a4bd9cce9d8c14ae12') in 0.034463 seconds
Number of updated asset objects reloaded before import = 0
Number of asset objects unloaded after import = 3
========================================================================
Received Import Request.
  Time since last request: 0.000024 seconds.
  path: Assets/Content/Fantasy RPG Icons Pack/RPG Dragon Egg Icons/PNG/background/8.png
  artifactKey: Guid(0f336e67941cad842865673f6f762a23) Importer(815301076,1909f56bfc062723c751e8b465ee728b)
Start importing Assets/Content/Fantasy RPG Icons Pack/RPG Dragon Egg Icons/PNG/background/8.png using Guid(0f336e67941cad842865673f6f762a23) Importer(815301076,1909f56bfc062723c751e8b465ee728b) [PhysX] Initialized MultithreadedTaskDispatcher with 20 workers.
[PhysX] Initialized MultithreadedTaskDispatcher with 20 workers.
 -> (artifact id: 'c7b057883454768a4d3995997ccaf1fe') in 0.041920 seconds
Number of updated asset objects reloaded before import = 0
Number of asset objects unloaded after import = 3
========================================================================
Received Import Request.
  Time since last request: 0.000133 seconds.
  path: Assets/Content/Fantasy RPG Icons Pack/RPG Dragon Egg Icons/PNG/background/14.png
  artifactKey: Guid(41ee1dfc2adfd62469ed46d343be0fba) Importer(815301076,1909f56bfc062723c751e8b465ee728b)
Start importing Assets/Content/Fantasy RPG Icons Pack/RPG Dragon Egg Icons/PNG/background/14.png using Guid(41ee1dfc2adfd62469ed46d343be0fba) Importer(815301076,1909f56bfc062723c751e8b465ee728b) [PhysX] Initialized MultithreadedTaskDispatcher with 20 workers.
[PhysX] Initialized MultithreadedTaskDispatcher with 20 workers.
 -> (artifact id: 'fcbb6af7b11dd87c9b68d96c4fb63e1a') in 0.036875 seconds
Number of updated asset objects reloaded before import = 0
Number of asset objects unloaded after import = 3
========================================================================
Received Import Request.
  Time since last request: 0.000041 seconds.
  path: Assets/Content/Fantasy RPG Icons Pack/RPG Dragon Egg Icons/PNG/background/20.png
  artifactKey: Guid(9eea3280a13ea4b438f098c626254580) Importer(815301076,1909f56bfc062723c751e8b465ee728b)
Start importing Assets/Content/Fantasy RPG Icons Pack/RPG Dragon Egg Icons/PNG/background/20.png using Guid(9eea3280a13ea4b438f098c626254580) Importer(815301076,1909f56bfc062723c751e8b465ee728b) [PhysX] Initialized MultithreadedTaskDispatcher with 20 workers.
[PhysX] Initialized MultithreadedTaskDispatcher with 20 workers.
 -> (artifact id: '31c516410cc0373aa43023ec4e119ba7') in 0.038367 seconds
Number of updated asset objects reloaded before import = 0
Number of asset objects unloaded after import = 3
========================================================================
Received Import Request.
  Time since last request: 0.000071 seconds.
  path: Assets/Content/Fantasy RPG Icons Pack/RPG Dragon Egg Icons/PNG/background/26.png
  artifactKey: Guid(82bb1086e7ae1034889f8e2827de30c5) Importer(815301076,1909f56bfc062723c751e8b465ee728b)
Start importing Assets/Content/Fantasy RPG Icons Pack/RPG Dragon Egg Icons/PNG/background/26.png using Guid(82bb1086e7ae1034889f8e2827de30c5) Importer(815301076,1909f56bfc062723c751e8b465ee728b) [PhysX] Initialized MultithreadedTaskDispatcher with 20 workers.
[PhysX] Initialized MultithreadedTaskDispatcher with 20 workers.
 -> (artifact id: 'dd0be1fd036a399f518e683c322646dc') in 0.022771 seconds
Number of updated asset objects reloaded before import = 0
Number of asset objects unloaded after import = 3
========================================================================
Received Import Request.
  Time since last request: 0.000020 seconds.
  path: Assets/Content/Fantasy RPG Icons Pack/RPG Dragon Egg Icons/PNG/background/33.png
  artifactKey: Guid(e412407796f6a044dac63cde1fdcb834) Importer(815301076,1909f56bfc062723c751e8b465ee728b)
Start importing Assets/Content/Fantasy RPG Icons Pack/RPG Dragon Egg Icons/PNG/background/33.png using Guid(e412407796f6a044dac63cde1fdcb834) Importer(815301076,1909f56bfc062723c751e8b465ee728b) [PhysX] Initialized MultithreadedTaskDispatcher with 20 workers.
[PhysX] Initialized MultithreadedTaskDispatcher with 20 workers.
 -> (artifact id: '36408ff55b546535a574565f8a750b13') in 0.023278 seconds
Number of updated asset objects reloaded before import = 0
Number of asset objects unloaded after import = 3
========================================================================
Received Import Request.
  Time since last request: 0.000021 seconds.
  path: Assets/Content/Fantasy RPG Icons Pack/RPG Dragon Egg Icons/PNG/background/39.png
  artifactKey: Guid(cd059739bebd72241ba601018b4c871b) Importer(815301076,1909f56bfc062723c751e8b465ee728b)
Start importing Assets/Content/Fantasy RPG Icons Pack/RPG Dragon Egg Icons/PNG/background/39.png using Guid(cd059739bebd72241ba601018b4c871b) Importer(815301076,1909f56bfc062723c751e8b465ee728b) [PhysX] Initialized MultithreadedTaskDispatcher with 20 workers.
[PhysX] Initialized MultithreadedTaskDispatcher with 20 workers.
 -> (artifact id: '7ee9bc9c6641a78e7fd7c1205f10010f') in 0.023284 seconds
Number of updated asset objects reloaded before import = 0
Number of asset objects unloaded after import = 3
========================================================================
Received Import Request.
  Time since last request: 0.000022 seconds.
  path: Assets/Content/Fantasy RPG Icons Pack/RPG Dragon Egg Icons/PNG/background/10.png
  artifactKey: Guid(cbd99b19c9862844292a16540b4304f6) Importer(815301076,1909f56bfc062723c751e8b465ee728b)
Start importing Assets/Content/Fantasy RPG Icons Pack/RPG Dragon Egg Icons/PNG/background/10.png using Guid(cbd99b19c9862844292a16540b4304f6) Importer(815301076,1909f56bfc062723c751e8b465ee728b) [PhysX] Initialized MultithreadedTaskDispatcher with 20 workers.
[PhysX] Initialized MultithreadedTaskDispatcher with 20 workers.
 -> (artifact id: '3cedc0f2aab68364b7ed9bea33225a7f') in 0.032467 seconds
Number of updated asset objects reloaded before import = 0
Number of asset objects unloaded after import = 3
========================================================================
Received Import Request.
  Time since last request: 0.000023 seconds.
  path: Assets/Content/Fantasy RPG Icons Pack/RPG Dragon Egg Icons/PNG/background/43.png
  artifactKey: Guid(1eecc713141129b47a2f6e95fbe81700) Importer(815301076,1909f56bfc062723c751e8b465ee728b)
Start importing Assets/Content/Fantasy RPG Icons Pack/RPG Dragon Egg Icons/PNG/background/43.png using Guid(1eecc713141129b47a2f6e95fbe81700) Importer(815301076,1909f56bfc062723c751e8b465ee728b) [PhysX] Initialized MultithreadedTaskDispatcher with 20 workers.
[PhysX] Initialized MultithreadedTaskDispatcher with 20 workers.
 -> (artifact id: 'a20223d6fa16d0239a47f16528ec9d52') in 0.023440 seconds
Number of updated asset objects reloaded before import = 0
Number of asset objects unloaded after import = 3
========================================================================
Received Import Request.
  Time since last request: 0.612075 seconds.
  path: Assets/Content/Fantasy RPG Icons Pack/RPG Dragon Egg Icons/PNG/background/49.png
  artifactKey: Guid(da6ef4902ff47cb499ecb060919ea8a0) Importer(815301076,1909f56bfc062723c751e8b465ee728b)
Start importing Assets/Content/Fantasy RPG Icons Pack/RPG Dragon Egg Icons/PNG/background/49.png using Guid(da6ef4902ff47cb499ecb060919ea8a0) Importer(815301076,1909f56bfc062723c751e8b465ee728b) [PhysX] Initialized MultithreadedTaskDispatcher with 20 workers.
[PhysX] Initialized MultithreadedTaskDispatcher with 20 workers.
 -> (artifact id: '0d2d5b077734740b40bd8dc6809be776') in 0.019838 seconds
Number of updated asset objects reloaded before import = 0
Number of asset objects unloaded after import = 3
========================================================================
Received Import Request.
  Time since last request: 7.966485 seconds.
  path: Assets/Content/Fantasy RPG Icons Pack/Fairy skill icons/PNG/4.png
  artifactKey: Guid(7b8dbdb95266dc5439a6d47e602000a3) Importer(815301076,1909f56bfc062723c751e8b465ee728b)
Start importing Assets/Content/Fantasy RPG Icons Pack/Fairy skill icons/PNG/4.png using Guid(7b8dbdb95266dc5439a6d47e602000a3) Importer(815301076,1909f56bfc062723c751e8b465ee728b) [PhysX] Initialized MultithreadedTaskDispatcher with 20 workers.
[PhysX] Initialized MultithreadedTaskDispatcher with 20 workers.
 -> (artifact id: '30830df32abac4e7ca3c5616dbfc5971') in 0.040262 seconds
Number of updated asset objects reloaded before import = 0
Number of asset objects unloaded after import = 3
========================================================================
Received Import Request.
  Time since last request: 0.000240 seconds.
  path: Assets/Content/Fantasy RPG Icons Pack/Fairy skill icons/PNG/9.png
  artifactKey: Guid(1e2b9a72a6c99e14e87c956be9e6c3f1) Importer(815301076,1909f56bfc062723c751e8b465ee728b)
Start importing Assets/Content/Fantasy RPG Icons Pack/Fairy skill icons/PNG/9.png using Guid(1e2b9a72a6c99e14e87c956be9e6c3f1) Importer(815301076,1909f56bfc062723c751e8b465ee728b) [PhysX] Initialized MultithreadedTaskDispatcher with 20 workers.
[PhysX] Initialized MultithreadedTaskDispatcher with 20 workers.
 -> (artifact id: 'eaac61b51afa23b0505a32a849d6ec6f') in 0.034020 seconds
Number of updated asset objects reloaded before import = 0
Number of asset objects unloaded after import = 3
========================================================================
Received Import Request.
  Time since last request: 0.000020 seconds.
  path: Assets/Content/Fantasy RPG Icons Pack/Fairy skill icons/PNG/16.png
  artifactKey: Guid(61a6360ba5f601244b2de61dcfc2e052) Importer(815301076,1909f56bfc062723c751e8b465ee728b)
Start importing Assets/Content/Fantasy RPG Icons Pack/Fairy skill icons/PNG/16.png using Guid(61a6360ba5f601244b2de61dcfc2e052) Importer(815301076,1909f56bfc062723c751e8b465ee728b) [PhysX] Initialized MultithreadedTaskDispatcher with 20 workers.
[PhysX] Initialized MultithreadedTaskDispatcher with 20 workers.
 -> (artifact id: 'cc55246d1cdbd42ad182e279f59a8f54') in 0.035803 seconds
Number of updated asset objects reloaded before import = 0
Number of asset objects unloaded after import = 3
========================================================================
Received Import Request.
  Time since last request: 0.000020 seconds.
  path: Assets/Content/Fantasy RPG Icons Pack/Fairy skill icons/PNG/22.png
  artifactKey: Guid(050a59750dfec85448d51637667b4571) Importer(815301076,1909f56bfc062723c751e8b465ee728b)
Start importing Assets/Content/Fantasy RPG Icons Pack/Fairy skill icons/PNG/22.png using Guid(050a59750dfec85448d51637667b4571) Importer(815301076,1909f56bfc062723c751e8b465ee728b) [PhysX] Initialized MultithreadedTaskDispatcher with 20 workers.
[PhysX] Initialized MultithreadedTaskDispatcher with 20 workers.
 -> (artifact id: '7a2312675a94ce664788783d762838de') in 0.058680 seconds
Number of updated asset objects reloaded before import = 0
Number of asset objects unloaded after import = 3
========================================================================
Received Import Request.
  Time since last request: 0.000024 seconds.
  path: Assets/Content/Fantasy RPG Icons Pack/Fairy skill icons/PNG/29.png
  artifactKey: Guid(c3e8dceacd9ac454daa60a44d7fbada6) Importer(815301076,1909f56bfc062723c751e8b465ee728b)
Start importing Assets/Content/Fantasy RPG Icons Pack/Fairy skill icons/PNG/29.png using Guid(c3e8dceacd9ac454daa60a44d7fbada6) Importer(815301076,1909f56bfc062723c751e8b465ee728b) [PhysX] Initialized MultithreadedTaskDispatcher with 20 workers.
[PhysX] Initialized MultithreadedTaskDispatcher with 20 workers.
 -> (artifact id: '8a170796ca40fa2c26497b3ddc85e4fb') in 0.023475 seconds
Number of updated asset objects reloaded before import = 0
Number of asset objects unloaded after import = 3
========================================================================
Received Import Request.
  Time since last request: 0.000030 seconds.
  path: Assets/Content/Fantasy RPG Icons Pack/Fairy skill icons/PNG/36.png
  artifactKey: Guid(286dc0a95684e2a438a427de851162e7) Importer(815301076,1909f56bfc062723c751e8b465ee728b)
Start importing Assets/Content/Fantasy RPG Icons Pack/Fairy skill icons/PNG/36.png using Guid(286dc0a95684e2a438a427de851162e7) Importer(815301076,1909f56bfc062723c751e8b465ee728b) [PhysX] Initialized MultithreadedTaskDispatcher with 20 workers.
[PhysX] Initialized MultithreadedTaskDispatcher with 20 workers.
 -> (artifact id: '1a0809edb22f263639386a8737dbe02e') in 0.023845 seconds
Number of updated asset objects reloaded before import = 0
Number of asset objects unloaded after import = 3
========================================================================
Received Import Request.
  Time since last request: 0.000021 seconds.
  path: Assets/Content/Fantasy RPG Icons Pack/Fairy skill icons/PNG/38.png
  artifactKey: Guid(bf58061f76088a04e9c1cb8754f2de54) Importer(815301076,1909f56bfc062723c751e8b465ee728b)
Start importing Assets/Content/Fantasy RPG Icons Pack/Fairy skill icons/PNG/38.png using Guid(bf58061f76088a04e9c1cb8754f2de54) Importer(815301076,1909f56bfc062723c751e8b465ee728b) [PhysX] Initialized MultithreadedTaskDispatcher with 20 workers.
[PhysX] Initialized MultithreadedTaskDispatcher with 20 workers.
 -> (artifact id: 'cc759ee7619c15b21dc1622c5d7586be') in 0.025720 seconds
Number of updated asset objects reloaded before import = 0
Number of asset objects unloaded after import = 3
========================================================================
Received Import Request.
  Time since last request: 0.000019 seconds.
  path: Assets/Content/Fantasy RPG Icons Pack/Fairy skill icons/PNG/27.png
  artifactKey: Guid(984493c492c86234f83f2c92c8bf9e10) Importer(815301076,1909f56bfc062723c751e8b465ee728b)
Start importing Assets/Content/Fantasy RPG Icons Pack/Fairy skill icons/PNG/27.png using Guid(984493c492c86234f83f2c92c8bf9e10) Importer(815301076,1909f56bfc062723c751e8b465ee728b) [PhysX] Initialized MultithreadedTaskDispatcher with 20 workers.
[PhysX] Initialized MultithreadedTaskDispatcher with 20 workers.
 -> (artifact id: 'ace7d7538b254f182ec96beecee0e906') in 0.025178 seconds
Number of updated asset objects reloaded before import = 0
Number of asset objects unloaded after import = 3
========================================================================
Received Import Request.
  Time since last request: 0.000019 seconds.
  path: Assets/Content/Fantasy RPG Icons Pack/Fairy skill icons/PNG/26.png
  artifactKey: Guid(26a931f7cadf13a45bc7565e4746386d) Importer(815301076,1909f56bfc062723c751e8b465ee728b)
Start importing Assets/Content/Fantasy RPG Icons Pack/Fairy skill icons/PNG/26.png using Guid(26a931f7cadf13a45bc7565e4746386d) Importer(815301076,1909f56bfc062723c751e8b465ee728b) [PhysX] Initialized MultithreadedTaskDispatcher with 20 workers.
[PhysX] Initialized MultithreadedTaskDispatcher with 20 workers.
 -> (artifact id: '685e07c207db28e29a80d5b04e4413bb') in 0.026520 seconds
Number of updated asset objects reloaded before import = 0
Number of asset objects unloaded after import = 3
========================================================================
Received Import Request.
  Time since last request: 0.815043 seconds.
  path: Assets/Content/Fantasy RPG Icons Pack/Fairy skill icons/PNG/49.png
  artifactKey: Guid(83496fb947698b04997ec2d0ae020c85) Importer(815301076,1909f56bfc062723c751e8b465ee728b)
Start importing Assets/Content/Fantasy RPG Icons Pack/Fairy skill icons/PNG/49.png using Guid(83496fb947698b04997ec2d0ae020c85) Importer(815301076,1909f56bfc062723c751e8b465ee728b) [PhysX] Initialized MultithreadedTaskDispatcher with 20 workers.
[PhysX] Initialized MultithreadedTaskDispatcher with 20 workers.
 -> (artifact id: '806c4e91ae2a63f7e46815947284555a') in 0.025460 seconds
Number of updated asset objects reloaded before import = 0
Number of asset objects unloaded after import = 3
========================================================================
Received Import Request.
  Time since last request: 14.801755 seconds.
  path: Assets/Content/Fantasy RPG Icons Pack/RPG Alchemist skills icons/PNG/4.png
  artifactKey: Guid(01794d31c03bb9f40a7d9c6a537fb483) Importer(815301076,1909f56bfc062723c751e8b465ee728b)
Start importing Assets/Content/Fantasy RPG Icons Pack/RPG Alchemist skills icons/PNG/4.png using Guid(01794d31c03bb9f40a7d9c6a537fb483) Importer(815301076,1909f56bfc062723c751e8b465ee728b) [PhysX] Initialized MultithreadedTaskDispatcher with 20 workers.
[PhysX] Initialized MultithreadedTaskDispatcher with 20 workers.
 -> (artifact id: 'cffbb4b8eee2cbf9b18b280c34b3280e') in 0.048573 seconds
Number of updated asset objects reloaded before import = 0
Number of asset objects unloaded after import = 3
========================================================================
Received Import Request.
  Time since last request: 0.000022 seconds.
  path: Assets/Content/Fantasy RPG Icons Pack/RPG Alchemist skills icons/PNG/10.png
  artifactKey: Guid(b820ec947329127468ebd9d5298166a9) Importer(815301076,1909f56bfc062723c751e8b465ee728b)
Start importing Assets/Content/Fantasy RPG Icons Pack/RPG Alchemist skills icons/PNG/10.png using Guid(b820ec947329127468ebd9d5298166a9) Importer(815301076,1909f56bfc062723c751e8b465ee728b) [PhysX] Initialized MultithreadedTaskDispatcher with 20 workers.
[PhysX] Initialized MultithreadedTaskDispatcher with 20 workers.
 -> (artifact id: '54420bda61b0b66be492b7b2216eaaa2') in 0.042259 seconds
Number of updated asset objects reloaded before import = 0
Number of asset objects unloaded after import = 3
========================================================================
Received Import Request.
  Time since last request: 0.000021 seconds.
  path: Assets/Content/Fantasy RPG Icons Pack/RPG Alchemist skills icons/PNG/16.png
  artifactKey: Guid(4c99b3773d1a3fa4abf0875c72c8f47c) Importer(815301076,1909f56bfc062723c751e8b465ee728b)
Start importing Assets/Content/Fantasy RPG Icons Pack/RPG Alchemist skills icons/PNG/16.png using Guid(4c99b3773d1a3fa4abf0875c72c8f47c) Importer(815301076,1909f56bfc062723c751e8b465ee728b) [PhysX] Initialized MultithreadedTaskDispatcher with 20 workers.
[PhysX] Initialized MultithreadedTaskDispatcher with 20 workers.
 -> (artifact id: '0ee4c1ec61ea309b12a278de6bdd3f80') in 0.045012 seconds
Number of updated asset objects reloaded before import = 0
Number of asset objects unloaded after import = 3
========================================================================
Received Import Request.
  Time since last request: 0.000030 seconds.
  path: Assets/Content/Fantasy RPG Icons Pack/RPG Alchemist skills icons/PNG/27.png
  artifactKey: Guid(9379b69b682f6dc47bcbfff2e3381cd9) Importer(815301076,1909f56bfc062723c751e8b465ee728b)
Start importing Assets/Content/Fantasy RPG Icons Pack/RPG Alchemist skills icons/PNG/27.png using Guid(9379b69b682f6dc47bcbfff2e3381cd9) Importer(815301076,1909f56bfc062723c751e8b465ee728b) [PhysX] Initialized MultithreadedTaskDispatcher with 20 workers.
[PhysX] Initialized MultithreadedTaskDispatcher with 20 workers.
 -> (artifact id: 'ed3fd1a904b5cc52ae7366b6c4d7b51c') in 0.020922 seconds
Number of updated asset objects reloaded before import = 0
Number of asset objects unloaded after import = 3
========================================================================
Received Import Request.
  Time since last request: 0.000021 seconds.
  path: Assets/Content/Fantasy RPG Icons Pack/RPG Alchemist skills icons/PNG/32.png
  artifactKey: Guid(b3add2e3c018f414185ce6ed244c047f) Importer(815301076,1909f56bfc062723c751e8b465ee728b)
Start importing Assets/Content/Fantasy RPG Icons Pack/RPG Alchemist skills icons/PNG/32.png using Guid(b3add2e3c018f414185ce6ed244c047f) Importer(815301076,1909f56bfc062723c751e8b465ee728b) [PhysX] Initialized MultithreadedTaskDispatcher with 20 workers.
[PhysX] Initialized MultithreadedTaskDispatcher with 20 workers.
 -> (artifact id: '1c7bf28f4461e608c991268406e29f46') in 0.026705 seconds
Number of updated asset objects reloaded before import = 0
Number of asset objects unloaded after import = 3
========================================================================
Received Import Request.
  Time since last request: 0.000022 seconds.
  path: Assets/Content/Fantasy RPG Icons Pack/RPG Alchemist skills icons/PNG/37.png
  artifactKey: Guid(3ed7c71082782f843bbc638ce73eb2a5) Importer(815301076,1909f56bfc062723c751e8b465ee728b)
Start importing Assets/Content/Fantasy RPG Icons Pack/RPG Alchemist skills icons/PNG/37.png using Guid(3ed7c71082782f843bbc638ce73eb2a5) Importer(815301076,1909f56bfc062723c751e8b465ee728b) [PhysX] Initialized MultithreadedTaskDispatcher with 20 workers.
[PhysX] Initialized MultithreadedTaskDispatcher with 20 workers.
 -> (artifact id: 'fd1e84922471025589adbe75f679ad96') in 0.025020 seconds
Number of updated asset objects reloaded before import = 0
Number of asset objects unloaded after import = 3
========================================================================
Received Import Request.
  Time since last request: 0.000025 seconds.
  path: Assets/Content/Fantasy RPG Icons Pack/RPG Alchemist skills icons/PNG/28.png
  artifactKey: Guid(44b28b5c412dbfb41b2ff0655606f38e) Importer(815301076,1909f56bfc062723c751e8b465ee728b)
Start importing Assets/Content/Fantasy RPG Icons Pack/RPG Alchemist skills icons/PNG/28.png using Guid(44b28b5c412dbfb41b2ff0655606f38e) Importer(815301076,1909f56bfc062723c751e8b465ee728b) [PhysX] Initialized MultithreadedTaskDispatcher with 20 workers.
[PhysX] Initialized MultithreadedTaskDispatcher with 20 workers.
 -> (artifact id: '5081a17369100f0c246eb5ce640477a9') in 0.024478 seconds
Number of updated asset objects reloaded before import = 0
Number of asset objects unloaded after import = 3
========================================================================
Received Import Request.
  Time since last request: 0.000022 seconds.
  path: Assets/Content/Fantasy RPG Icons Pack/RPG Alchemist skills icons/PNG/24.png
  artifactKey: Guid(2f7f9e4e46c92c7478fdcc96a620a8a1) Importer(815301076,1909f56bfc062723c751e8b465ee728b)
Start importing Assets/Content/Fantasy RPG Icons Pack/RPG Alchemist skills icons/PNG/24.png using Guid(2f7f9e4e46c92c7478fdcc96a620a8a1) Importer(815301076,1909f56bfc062723c751e8b465ee728b) [PhysX] Initialized MultithreadedTaskDispatcher with 20 workers.
[PhysX] Initialized MultithreadedTaskDispatcher with 20 workers.
 -> (artifact id: 'd7aba58f82d56aeee86f470410db803f') in 0.026630 seconds
Number of updated asset objects reloaded before import = 0
Number of asset objects unloaded after import = 3
========================================================================
Received Import Request.
  Time since last request: 0.000022 seconds.
  path: Assets/Content/Fantasy RPG Icons Pack/RPG Alchemist skills icons/PNG/15.png
  artifactKey: Guid(8dd6927b3d291a243a5e3fc00615c4b7) Importer(815301076,1909f56bfc062723c751e8b465ee728b)
Start importing Assets/Content/Fantasy RPG Icons Pack/RPG Alchemist skills icons/PNG/15.png using Guid(8dd6927b3d291a243a5e3fc00615c4b7) Importer(815301076,1909f56bfc062723c751e8b465ee728b) [PhysX] Initialized MultithreadedTaskDispatcher with 20 workers.
[PhysX] Initialized MultithreadedTaskDispatcher with 20 workers.
 -> (artifact id: '3daf3339698b4a723c0381ef8b0f464f') in 0.023271 seconds
Number of updated asset objects reloaded before import = 0
Number of asset objects unloaded after import = 3
========================================================================
Received Import Request.
  Time since last request: 2.246533 seconds.
  path: Assets/Content/Fantasy RPG Icons Pack/RPG Alchemist skills icons/PNG/49.png
  artifactKey: Guid(15388a777154e72408d0c42f5281a16f) Importer(815301076,1909f56bfc062723c751e8b465ee728b)
Start importing Assets/Content/Fantasy RPG Icons Pack/RPG Alchemist skills icons/PNG/49.png using Guid(15388a777154e72408d0c42f5281a16f) Importer(815301076,1909f56bfc062723c751e8b465ee728b) [PhysX] Initialized MultithreadedTaskDispatcher with 20 workers.
[PhysX] Initialized MultithreadedTaskDispatcher with 20 workers.
 -> (artifact id: 'b3c9026646b7159be084dff6cc6ede56') in 0.053443 seconds
Number of updated asset objects reloaded before import = 0
Number of asset objects unloaded after import = 3
========================================================================
Received Import Request.
  Time since last request: 15.539664 seconds.
  path: Assets/Content/Fantasy RPG Icons Pack/RPG Demon skill icons/PNG/4.png
  artifactKey: Guid(fb96bb567fb4f084d892364e7bdbcb90) Importer(815301076,1909f56bfc062723c751e8b465ee728b)
Start importing Assets/Content/Fantasy RPG Icons Pack/RPG Demon skill icons/PNG/4.png using Guid(fb96bb567fb4f084d892364e7bdbcb90) Importer(815301076,1909f56bfc062723c751e8b465ee728b) [PhysX] Initialized MultithreadedTaskDispatcher with 20 workers.
[PhysX] Initialized MultithreadedTaskDispatcher with 20 workers.
 -> (artifact id: 'ea075b2f5a71c6931fab3c2ef9e5ccc6') in 0.047816 seconds
Number of updated asset objects reloaded before import = 0
Number of asset objects unloaded after import = 3
========================================================================
Received Import Request.
  Time since last request: 0.000021 seconds.
  path: Assets/Content/Fantasy RPG Icons Pack/RPG Demon skill icons/PNG/11.png
  artifactKey: Guid(95bd788091827fa4eb4df9edf6094aa4) Importer(815301076,1909f56bfc062723c751e8b465ee728b)
Start importing Assets/Content/Fantasy RPG Icons Pack/RPG Demon skill icons/PNG/11.png using Guid(95bd788091827fa4eb4df9edf6094aa4) Importer(815301076,1909f56bfc062723c751e8b465ee728b) [PhysX] Initialized MultithreadedTaskDispatcher with 20 workers.
[PhysX] Initialized MultithreadedTaskDispatcher with 20 workers.
 -> (artifact id: '614407edfd871a844116a3f4e67c4a74') in 0.054976 seconds
Number of updated asset objects reloaded before import = 0
Number of asset objects unloaded after import = 3
========================================================================
Received Import Request.
  Time since last request: 0.000035 seconds.
  path: Assets/Content/Fantasy RPG Icons Pack/RPG Demon skill icons/PNG/20.png
  artifactKey: Guid(c0a6ad2c879ea4c499de091bd1dc70e9) Importer(815301076,1909f56bfc062723c751e8b465ee728b)
Start importing Assets/Content/Fantasy RPG Icons Pack/RPG Demon skill icons/PNG/20.png using Guid(c0a6ad2c879ea4c499de091bd1dc70e9) Importer(815301076,1909f56bfc062723c751e8b465ee728b) [PhysX] Initialized MultithreadedTaskDispatcher with 20 workers.
[PhysX] Initialized MultithreadedTaskDispatcher with 20 workers.
 -> (artifact id: '708f5c4b89f7c233c9413fb4271ca717') in 0.038464 seconds
Number of updated asset objects reloaded before import = 0
Number of asset objects unloaded after import = 3
========================================================================
Received Import Request.
  Time since last request: 0.000019 seconds.
  path: Assets/Content/Fantasy RPG Icons Pack/RPG Demon skill icons/PNG/26.png
  artifactKey: Guid(b2d608f253d253d4ebdca047e7deb9cc) Importer(815301076,1909f56bfc062723c751e8b465ee728b)
Start importing Assets/Content/Fantasy RPG Icons Pack/RPG Demon skill icons/PNG/26.png using Guid(b2d608f253d253d4ebdca047e7deb9cc) Importer(815301076,1909f56bfc062723c751e8b465ee728b) [PhysX] Initialized MultithreadedTaskDispatcher with 20 workers.
[PhysX] Initialized MultithreadedTaskDispatcher with 20 workers.
 -> (artifact id: 'bd87046ce3e0649a037454d0a6c97b3f') in 0.049012 seconds
Number of updated asset objects reloaded before import = 0
Number of asset objects unloaded after import = 3
========================================================================
Received Import Request.
  Time since last request: 0.000019 seconds.
  path: Assets/Content/Fantasy RPG Icons Pack/RPG Demon skill icons/PNG/27.png
  artifactKey: Guid(a599397f5cddb4744b0c2acca783cfde) Importer(815301076,1909f56bfc062723c751e8b465ee728b)
Start importing Assets/Content/Fantasy RPG Icons Pack/RPG Demon skill icons/PNG/27.png using Guid(a599397f5cddb4744b0c2acca783cfde) Importer(815301076,1909f56bfc062723c751e8b465ee728b) [PhysX] Initialized MultithreadedTaskDispatcher with 20 workers.
[PhysX] Initialized MultithreadedTaskDispatcher with 20 workers.
 -> (artifact id: '8b078b3877b50b6b7bdc42142683098b') in 0.037055 seconds
Number of updated asset objects reloaded before import = 0
Number of asset objects unloaded after import = 3
========================================================================
Received Import Request.
  Time since last request: 0.000187 seconds.
  path: Assets/Content/Fantasy RPG Icons Pack/RPG Demon skill icons/PNG/44.png
  artifactKey: Guid(b71ddf3fd8820bd4b9c6a82aa38caab5) Importer(815301076,1909f56bfc062723c751e8b465ee728b)
Start importing Assets/Content/Fantasy RPG Icons Pack/RPG Demon skill icons/PNG/44.png using Guid(b71ddf3fd8820bd4b9c6a82aa38caab5) Importer(815301076,1909f56bfc062723c751e8b465ee728b) [PhysX] Initialized MultithreadedTaskDispatcher with 20 workers.
[PhysX] Initialized MultithreadedTaskDispatcher with 20 workers.
 -> (artifact id: '6fa9f148d8b0ca3129b6688d05b928a7') in 0.044852 seconds
Number of updated asset objects reloaded before import = 0
Number of asset objects unloaded after import = 3
========================================================================
Received Import Request.
  Time since last request: 0.000023 seconds.
  path: Assets/Content/Fantasy RPG Icons Pack/RPG Demon skill icons/PNG/15.png
  artifactKey: Guid(17e6de5f46f272740961081a835404ed) Importer(815301076,1909f56bfc062723c751e8b465ee728b)
Start importing Assets/Content/Fantasy RPG Icons Pack/RPG Demon skill icons/PNG/15.png using Guid(17e6de5f46f272740961081a835404ed) Importer(815301076,1909f56bfc062723c751e8b465ee728b) [PhysX] Initialized MultithreadedTaskDispatcher with 20 workers.
[PhysX] Initialized MultithreadedTaskDispatcher with 20 workers.
 -> (artifact id: '6eda7d9a140db367bd785c56816f5729') in 0.025156 seconds
Number of updated asset objects reloaded before import = 0
Number of asset objects unloaded after import = 3
========================================================================
Received Import Request.
  Time since last request: 0.000028 seconds.
  path: Assets/Content/Fantasy RPG Icons Pack/RPG Demon skill icons/PNG/42.png
  artifactKey: Guid(4a9aa97babc3dcf478999fba9824b423) Importer(815301076,1909f56bfc062723c751e8b465ee728b)
Start importing Assets/Content/Fantasy RPG Icons Pack/RPG Demon skill icons/PNG/42.png using Guid(4a9aa97babc3dcf478999fba9824b423) Importer(815301076,1909f56bfc062723c751e8b465ee728b) [PhysX] Initialized MultithreadedTaskDispatcher with 20 workers.
[PhysX] Initialized MultithreadedTaskDispatcher with 20 workers.
 -> (artifact id: 'f52dfa1f6795b0afb2e6515bc9961d1e') in 0.023810 seconds
Number of updated asset objects reloaded before import = 0
Number of asset objects unloaded after import = 3
========================================================================
Received Import Request.
  Time since last request: 0.000022 seconds.
  path: Assets/Content/Fantasy RPG Icons Pack/RPG Demon skill icons/PNG/39.png
  artifactKey: Guid(97bbe3838b9a56f4db1fae2bec88b94e) Importer(815301076,1909f56bfc062723c751e8b465ee728b)
Start importing Assets/Content/Fantasy RPG Icons Pack/RPG Demon skill icons/PNG/39.png using Guid(97bbe3838b9a56f4db1fae2bec88b94e) Importer(815301076,1909f56bfc062723c751e8b465ee728b) [PhysX] Initialized MultithreadedTaskDispatcher with 20 workers.
[PhysX] Initialized MultithreadedTaskDispatcher with 20 workers.
 -> (artifact id: '76fb618d38cdd349c0bcdc502aaa7ae9') in 0.023841 seconds
Number of updated asset objects reloaded before import = 0
Number of asset objects unloaded after import = 3
========================================================================
Received Import Request.
  Time since last request: 1.056253 seconds.
  path: Assets/Content/Fantasy RPG Icons Pack/RPG Demon skill icons/PNG/49.png
  artifactKey: Guid(6f316b5a6dc4f924a9e97393681c3be2) Importer(815301076,1909f56bfc062723c751e8b465ee728b)
Start importing Assets/Content/Fantasy RPG Icons Pack/RPG Demon skill icons/PNG/49.png using Guid(6f316b5a6dc4f924a9e97393681c3be2) Importer(815301076,1909f56bfc062723c751e8b465ee728b) [PhysX] Initialized MultithreadedTaskDispatcher with 20 workers.
[PhysX] Initialized MultithreadedTaskDispatcher with 20 workers.
 -> (artifact id: '4dd74506b132a32d0ff9727093ac0701') in 0.025894 seconds
Number of updated asset objects reloaded before import = 0
Number of asset objects unloaded after import = 3
Editor requested this worker to shutdown with reason: Scaling down because of idle timeout
TcpMessagingSession - receive error: operation aborted. errorcode: 995, details:  /   -       .
AssetImportWorker is now disconnected from the server
Process exiting
Exiting without the bug reporter. Application will terminate with return code 0