Using pre-set license
Built from '2021.3/staging' branch; Version is '2021.3.0f1 (6eacc8284459) revision 7253192'; Using compiler version '192829333'; Build Type 'Release'
OS: 'Windows 8.1  (6.3.0) 64bit CoreSingleLanguage' Language: 'ru' Physical Memory: 3960 MB
BatchMode: 1, IsHumanControllingUs: 0, StartBugReporterOnCrash: 0, Is64bit: 1, IsPro: 1

COMMAND LINE ARGUMENTS:
C:\Program Files\Unity\Hub\Editor\2021.3.0f1\Editor\Unity.exe
-adb2
-batchMode
-noUpm
-name
AssetImportWorker4
-projectPath
C:/Users/admin/Documents/Unity projects/Universe Rift/UniverseRift
-logFile
Logs/AssetImportWorker4.log
-srvPort
51570
Successfully changed project path to: C:/Users/admin/Documents/Unity projects/Universe Rift/UniverseRift
C:/Users/admin/Documents/Unity projects/Universe Rift/UniverseRift
[UnityMemory] Configuration Parameters - Can be set up in boot.config
    "memorysetup-bucket-allocator-granularity=16"
    "memorysetup-bucket-allocator-bucket-count=8"
    "memorysetup-bucket-allocator-block-size=33554432"
    "memorysetup-bucket-allocator-block-count=8"
    "memorysetup-main-allocator-block-size=16777216"
    "memorysetup-thread-allocator-block-size=16777216"
    "memorysetup-gfx-main-allocator-block-size=16777216"
    "memorysetup-gfx-thread-allocator-block-size=16777216"
    "memorysetup-cache-allocator-block-size=4194304"
    "memorysetup-typetree-allocator-block-size=2097152"
    "memorysetup-profiler-bucket-allocator-granularity=16"
    "memorysetup-profiler-bucket-allocator-bucket-count=8"
    "memorysetup-profiler-bucket-allocator-block-size=33554432"
    "memorysetup-profiler-bucket-allocator-block-count=8"
    "memorysetup-profiler-allocator-block-size=16777216"
    "memorysetup-profiler-editor-allocator-block-size=1048576"
    "memorysetup-temp-allocator-size-main=16777216"
    "memorysetup-job-temp-allocator-block-size=2097152"
    "memorysetup-job-temp-allocator-block-size-background=1048576"
    "memorysetup-job-temp-allocator-reduction-small-platforms=262144"
    "memorysetup-temp-allocator-size-background-worker=32768"
    "memorysetup-temp-allocator-size-job-worker=262144"
    "memorysetup-temp-allocator-size-preload-manager=33554432"
    "memorysetup-temp-allocator-size-nav-mesh-worker=65536"
    "memorysetup-temp-allocator-size-audio-worker=65536"
    "memorysetup-temp-allocator-size-cloud-worker=32768"
    "memorysetup-temp-allocator-size-gi-baking-worker=262144"
    "memorysetup-temp-allocator-size-gfx=262144"
Refreshing native plugins compatible for Editor in 477.87 ms, found 3 plugins.
Preloading 0 native plugins for Editor in 0.00 ms.
Initialize engine version: 2021.3.0f1 (6eacc8284459)
[Subsystems] Discovering subsystems at path C:/Program Files/Unity/Hub/Editor/2021.3.0f1/Editor/Data/Resources/UnitySubsystems
[Subsystems] Discovering subsystems at path C:/Users/admin/Documents/Unity projects/Universe Rift/UniverseRift/Assets
GfxDevice: creating device client; threaded=0; jobified=0
d3d11: QueryInterface(IDXGIFactory5) failed (80004002).
Direct3D:
    Version:  Direct3D 11.0 [level 11.0]
    Renderer: Intel(R) HD Graphics 4000 (ID=0x166)
    Vendor:   Intel
    VRAM:     1760 MB
    Driver:   10.18.10.4276
Initialize mono
Mono path[0] = 'C:/Program Files/Unity/Hub/Editor/2021.3.0f1/Editor/Data/Managed'
Mono path[1] = 'C:/Program Files/Unity/Hub/Editor/2021.3.0f1/Editor/Data/MonoBleedingEdge/lib/mono/unityjit-win32'
Mono config path = 'C:/Program Files/Unity/Hub/Editor/2021.3.0f1/Editor/Data/MonoBleedingEdge/etc'
Using monoOptions --debugger-agent=transport=dt_socket,embedding=1,server=y,suspend=n,address=127.0.0.1:56532
Begin MonoManager ReloadAssembly
Registering precompiled unity dll's ...
Register platform support module: C:/Program Files/Unity/Hub/Editor/2021.3.0f1/Editor/Data/PlaybackEngines/AndroidPlayer/UnityEditor.Android.Extensions.dll
Register platform support module: C:/Program Files/Unity/Hub/Editor/2021.3.0f1/Editor/Data/PlaybackEngines/WindowsStandaloneSupport/UnityEditor.WindowsStandalone.Extensions.dll
Register platform support module: C:/Program Files/Unity/Hub/Editor/2021.3.0f1/Editor/Data/PlaybackEngines/MetroSupport/UnityEditor.UWP.Extensions.dll
Registered in 0.013138 seconds.
Native extension for UWP target not found
Native extension for WindowsStandalone target not found
Native extension for Android target not found
Refreshing native plugins compatible for Editor in 261.96 ms, found 3 plugins.
Preloading 0 native plugins for Editor in 0.00 ms.
Mono: successfully reloaded assembly
- Completed reload, in  1.767 seconds
Domain Reload Profiling:
	ReloadAssembly (1768ms)
		BeginReloadAssembly (170ms)
			ExecutionOrderSort (0ms)
			DisableScriptedObjects (0ms)
			BackupInstance (0ms)
			ReleaseScriptingObjects (0ms)
			CreateAndSetChildDomain (2ms)
		EndReloadAssembly (1299ms)
			LoadAssemblies (167ms)
			RebuildTransferFunctionScriptingTraits (0ms)
			SetupTypeCache (254ms)
			ReleaseScriptCaches (0ms)
			RebuildScriptCaches (69ms)
			SetupLoadedEditorAssemblies (850ms)
				LogAssemblyErrors (0ms)
				InitializePlatformSupportModulesInManaged (145ms)
				SetLoadedEditorAssemblies (0ms)
				RefreshPlugins (262ms)
				BeforeProcessingInitializeOnLoad (4ms)
				ProcessInitializeOnLoadAttributes (275ms)
				ProcessInitializeOnLoadMethodAttributes (163ms)
				AfterProcessingInitializeOnLoad (0ms)
				EditorAssembliesLoaded (0ms)
			ExecutionOrderSort2 (0ms)
			AwakeInstancesAfterBackupRestoration (0ms)
Platform modules already initialized, skipping
Registering precompiled user dll's ...
Registered in 0.032072 seconds.
Android Extension - Scanning For ADB Devices 4687 ms
Begin MonoManager ReloadAssembly
Symbol file LoadedFromMemory is not a mono symbol file
Native extension for UWP target not found
Native extension for WindowsStandalone target not found
Native extension for Android target not found
Refreshing native plugins compatible for Editor in 231.18 ms, found 3 plugins.
Preloading 0 native plugins for Editor in 0.00 ms.
SocketException: Системе не удается найти указанный параметр среды.
  at System.Net.Sockets.Socket..ctor (System.Net.Sockets.AddressFamily addressFamily, System.Net.Sockets.SocketType socketType, System.Net.Sockets.ProtocolType protocolType) [0x00068] in <6d7c4c8dd3624dc596686fb7270ae1e6>:0 
  at System.Net.NetworkInformation.Ping.SendPrivileged (System.Net.IPAddress address, System.Int32 timeout, System.Byte[] buffer, System.Net.NetworkInformation.PingOptions options) [0x00008] in <6d7c4c8dd3624dc596686fb7270ae1e6>:0 
  at System.Net.NetworkInformation.Ping.Send (System.Net.IPAddress address, System.Int32 timeout, System.Byte[] buffer, System.Net.NetworkInformation.PingOptions options) [0x0004c] in <6d7c4c8dd3624dc596686fb7270ae1e6>:0 
  at System.Net.NetworkInformation.Ping.Send (System.String hostNameOrAddress, System.Int32 timeout, System.Byte[] buffer, System.Net.NetworkInformation.PingOptions options) [0x00007] in <6d7c4c8dd3624dc596686fb7270ae1e6>:0 
  at System.Net.NetworkInformation.Ping.Send (System.String hostNameOrAddress, System.Int32 timeout, System.Byte[] buffer) [0x00009] in <6d7c4c8dd3624dc596686fb7270ae1e6>:0 
  at System.Net.NetworkInformation.Ping.Send (System.String hostNameOrAddress, System.Int32 timeout) [0x00000] in <6d7c4c8dd3624dc596686fb7270ae1e6>:0 
  at (wrapper remoting-invoke-with-check) System.Net.NetworkInformation.Ping.Send(string,int)
  at UnityEditor.AddressableAssets.HostingServices.HostingServicesManager.FilterValidIPAddresses (System.Collections.Generic.List`1[T] ipAddresses) [0x0001c] in C:\Users\admin\Documents\Unity projects\Universe Rift\UniverseRift\Library\PackageCache\com.unity.addressables@1.19.19\Editor\HostingServices\HostingServicesManager.cs:550 
  at UnityEditor.AddressableAssets.HostingServices.HostingServicesManager.RefreshGlobalProfileVariables () [0x0000d] in C:\Users\admin\Documents\Unity projects\Universe Rift\UniverseRift\Library\PackageCache\com.unity.addressables@1.19.19\Editor\HostingServices\HostingServicesManager.cs:421 
  at UnityEditor.AddressableAssets.HostingServices.HostingServicesManager.OnEnable () [0x0010e] in C:\Users\admin\Documents\Unity projects\Universe Rift\UniverseRift\Library\PackageCache\com.unity.addressables@1.19.19\Editor\HostingServices\HostingServicesManager.cs:297 
  at UnityEditor.AddressableAssets.Settings.AddressableAssetSettings.OnEnable () [0x00000] in C:\Users\admin\Documents\Unity projects\Universe Rift\UniverseRift\Library\PackageCache\com.unity.addressables@1.19.19\Editor\Settings\AddressableAssetSettings.cs:1326 
UnityEditor.AssetDatabase:LoadAssetAtPath(String, Type)
UnityEditor.AssetDatabase:LoadAssetAtPath(String)
UnityEditor.AddressableAssets.AddressableAssetSettingsDefaultObject:LoadSettingsObject() (at Library\PackageCache\com.unity.addressables@1.19.19\Editor\AddressableAssetSettingsDefaultObject.cs:62)
UnityEditor.AddressableAssets.AddressableAssetSettingsDefaultObject:get_Settings() (at Library\PackageCache\com.unity.addressables@1.19.19\Editor\AddressableAssetSettingsDefaultObject.cs:114)
UnityEditor.AddressableAssets.AddressableEditorInitialization:.cctor() (at Library\PackageCache\com.unity.addressables@1.19.19\Editor\AddressableEditorInitialization.cs:20)
System.Runtime.CompilerServices.RuntimeHelpers:RunClassConstructor(IntPtr)
System.Runtime.CompilerServices.RuntimeHelpers:RunClassConstructor(RuntimeTypeHandle)
UnityEditor.EditorAssemblies:ProcessInitializeOnLoadAttributes(Type[])

(Filename: Library/PackageCache/com.unity.addressables@1.19.19/Editor/HostingServices/HostingServicesManager.cs Line: 550)

Mono: successfully reloaded assembly
- Completed reload, in  9.143 seconds
Domain Reload Profiling:
	ReloadAssembly (9145ms)
		BeginReloadAssembly (248ms)
			ExecutionOrderSort (0ms)
			DisableScriptedObjects (15ms)
			BackupInstance (0ms)
			ReleaseScriptingObjects (0ms)
			CreateAndSetChildDomain (38ms)
		EndReloadAssembly (8525ms)
			LoadAssemblies (231ms)
			RebuildTransferFunctionScriptingTraits (0ms)
			SetupTypeCache (800ms)
			ReleaseScriptCaches (3ms)
			RebuildScriptCaches (295ms)
			SetupLoadedEditorAssemblies (7051ms)
				LogAssemblyErrors (0ms)
				InitializePlatformSupportModulesInManaged (38ms)
				SetLoadedEditorAssemblies (1ms)
				RefreshPlugins (231ms)
				BeforeProcessingInitializeOnLoad (318ms)
				ProcessInitializeOnLoadAttributes (3838ms)
				ProcessInitializeOnLoadMethodAttributes (2612ms)
				AfterProcessingInitializeOnLoad (12ms)
				EditorAssembliesLoaded (0ms)
			ExecutionOrderSort2 (0ms)
			AwakeInstancesAfterBackupRestoration (12ms)
Platform modules already initialized, skipping
========================================================================
Worker process is ready to serve import requests
Launched and connected shader compiler UnityShaderCompiler.exe after 0.10 seconds
Refreshing native plugins compatible for Editor in 2.67 ms, found 3 plugins.
Preloading 0 native plugins for Editor in 0.00 ms.
Unloading 4991 Unused Serialized files (Serialized files now loaded: 0)
Unloading 66 unused Assets / (1.2 MB). Loaded Objects now: 5485.
Memory consumption went from 201.5 MB to 200.3 MB.
Total: 71.578203 ms (FindLiveObjects: 0.741235 ms CreateObjectMapping: 0.861543 ms MarkObjects: 68.799142 ms  DeleteObjects: 1.172862 ms)

AssetImportParameters requested are different than current active one (requested -> active):
  custom:video-decoder-ogg-theora: a1e56fd34408186e4bbccfd4996cb3dc -> 
  custom:container-muxer-webm: aa71ff27fc2769a1b78a27578f13a17b -> 
  custom:container-demuxer-webm: 4f35f7cbe854078d1ac9338744f61a02 -> 
  custom:video-encoder-webm-vp8: eb34c28f22e8b96e1ab97ce403110664 -> 
  custom:audio-encoder-webm-vorbis: bf7c407c2cedff20999df2af8eb42d56 -> 
  custom:framework-win-MediaFoundation: 216162199b28c13a410421893ffa2e32 -> 
  custom:container-demuxer-ogg: 62fdf1f143b41e24485cea50d1cbac27 -> 
  custom:video-decoder-webm-vp8: 9c59270c3fd7afecdb556c50c9e8de78 -> 
  custom:audio-decoder-ogg-vorbis: bf7c407c2cedff20999df2af8eb42d56 -> 
========================================================================
Received Import Request.
  Time since last request: 40633.497720 seconds.
  path: Assets/Sprites/Icons/Hero/Info/301.png
  artifactKey: Guid(734d3bd79683a2c44b74ad89a4e1361e) Importer(815301076,1909f56bfc062723c751e8b465ee728b)
Start importing Assets/Sprites/Icons/Hero/Info/301.png using Guid(734d3bd79683a2c44b74ad89a4e1361e) Importer(815301076,1909f56bfc062723c751e8b465ee728b)  -> (artifact id: '256874203b4719cf7baf087878a8186f') in 0.399981 seconds 
========================================================================
Received Import Request.
  Time since last request: 0.000051 seconds.
  path: Assets/Sprites/Icons/Hero/Info/star1.png
  artifactKey: Guid(da59c11741449b346a184065c0355bc9) Importer(815301076,1909f56bfc062723c751e8b465ee728b)
Start importing Assets/Sprites/Icons/Hero/Info/star1.png using Guid(da59c11741449b346a184065c0355bc9) Importer(815301076,1909f56bfc062723c751e8b465ee728b)  -> (artifact id: '13bb9a30c519c316e3e97b6bdfde3cf5') in 0.104815 seconds 
========================================================================
Received Import Request.
  Time since last request: 0.000055 seconds.
  path: Assets/Sprites/Icons/Hero/Info/lvl.png
  artifactKey: Guid(faaa440f014355148a05b4d1e9c0154c) Importer(815301076,1909f56bfc062723c751e8b465ee728b)
Start importing Assets/Sprites/Icons/Hero/Info/lvl.png using Guid(faaa440f014355148a05b4d1e9c0154c) Importer(815301076,1909f56bfc062723c751e8b465ee728b)  -> (artifact id: '436897b577956cf117aaf1a43fe932b1') in 0.137800 seconds 
========================================================================
Received Import Request.
  Time since last request: 0.000038 seconds.
  path: Assets/Sprites/Icons/Hero/Info/speed.png
  artifactKey: Guid(cbba4453abdb11448902d341e36ba4ce) Importer(815301076,1909f56bfc062723c751e8b465ee728b)
Start importing Assets/Sprites/Icons/Hero/Info/speed.png using Guid(cbba4453abdb11448902d341e36ba4ce) Importer(815301076,1909f56bfc062723c751e8b465ee728b)  -> (artifact id: '8cdc3ed87ea0bc0adff29bb282c6feb0') in 0.111513 seconds 
========================================================================
Received Import Request.
  Time since last request: 0.000048 seconds.
  path: Assets/Sprites/Icons/Hero/Info/armor.png
  artifactKey: Guid(d2f53f83db4d59f4bb4e8ea6e0b76c2d) Importer(815301076,1909f56bfc062723c751e8b465ee728b)
Start importing Assets/Sprites/Icons/Hero/Info/armor.png using Guid(d2f53f83db4d59f4bb4e8ea6e0b76c2d) Importer(815301076,1909f56bfc062723c751e8b465ee728b)  -> (artifact id: '03e707ec380461beee3b1cb381400338') in 0.084820 seconds 
========================================================================
Received Import Request.
  Time since last request: 0.000057 seconds.
  path: Assets/Sprites/Icons/Hero/Info/health.png
  artifactKey: Guid(e9ed2f85f2a10634bb1879ac3a55de39) Importer(815301076,1909f56bfc062723c751e8b465ee728b)
Start importing Assets/Sprites/Icons/Hero/Info/health.png using Guid(e9ed2f85f2a10634bb1879ac3a55de39) Importer(815301076,1909f56bfc062723c751e8b465ee728b)  -> (artifact id: 'd3b946b910e531bc8afac046ad3f5b68') in 0.077513 seconds 
========================================================================
Received Import Request.
  Time since last request: 48.332624 seconds.
  path: Assets/Prefabs/UI/ObserverResource.prefab
  artifactKey: Guid(af3f986f82ae8ee459675dc594f9848c) Importer(815301076,1909f56bfc062723c751e8b465ee728b)
Start importing Assets/Prefabs/UI/ObserverResource.prefab using Guid(af3f986f82ae8ee459675dc594f9848c) Importer(815301076,1909f56bfc062723c751e8b465ee728b)  -> (artifact id: '270321e90b83f72c35181e0f676d8749') in 0.364728 seconds 
========================================================================
Received Import Request.
  Time since last request: 0.000055 seconds.
  path: Assets/Prefabs/UI/Product.prefab
  artifactKey: Guid(3a97751484930c44a878d0154044af39) Importer(815301076,1909f56bfc062723c751e8b465ee728b)
Start importing Assets/Prefabs/UI/Product.prefab using Guid(3a97751484930c44a878d0154044af39) Importer(815301076,1909f56bfc062723c751e8b465ee728b)  -> (artifact id: 'f022a62bed3447c99b000702da11b9f0') in 0.151116 seconds 
========================================================================
Received Import Request.
  Time since last request: 9.202668 seconds.
  path: Assets/Prefabs/UI/OtherControllers/Avatar.prefab
  artifactKey: Guid(7914d9fcd3b55f44d97d9d9189ea1a98) Importer(815301076,1909f56bfc062723c751e8b465ee728b)
Start importing Assets/Prefabs/UI/OtherControllers/Avatar.prefab using Guid(7914d9fcd3b55f44d97d9d9189ea1a98) Importer(815301076,1909f56bfc062723c751e8b465ee728b)  -> (artifact id: '5e3c5027610f797d9a7bda196d6140d6') in 0.036452 seconds 
========================================================================
Received Import Request.
  Time since last request: 0.000052 seconds.
  path: Assets/Prefabs/UI/OtherControllers/EventPanelButton.prefab
  artifactKey: Guid(79be27e18c74cbe4fb7d872b97ae4fdb) Importer(815301076,1909f56bfc062723c751e8b465ee728b)
Start importing Assets/Prefabs/UI/OtherControllers/EventPanelButton.prefab using Guid(79be27e18c74cbe4fb7d872b97ae4fdb) Importer(815301076,1909f56bfc062723c751e8b465ee728b)  -> (artifact id: '7d9e26b49b7f1f3438e2e0d51076b224') in 0.099556 seconds 
========================================================================
Received Import Request.
  Time since last request: 0.000050 seconds.
  path: Assets/Prefabs/UI/OtherControllers/BuildingUI.prefab
  artifactKey: Guid(2814049f3db208543b31cf8391f90f35) Importer(815301076,1909f56bfc062723c751e8b465ee728b)
Start importing Assets/Prefabs/UI/OtherControllers/BuildingUI.prefab using Guid(2814049f3db208543b31cf8391f90f35) Importer(815301076,1909f56bfc062723c751e8b465ee728b)  -> (artifact id: 'ef01a1026de288526a8bad675771af24') in 0.154801 seconds 
========================================================================
Received Prepare
Registering precompiled user dll's ...
Registered in 0.024050 seconds.
Begin MonoManager ReloadAssembly
Symbol file LoadedFromMemory is not a mono symbol file
Native extension for UWP target not found
Native extension for WindowsStandalone target not found
Native extension for Android target not found
Refreshing native plugins compatible for Editor in 4.14 ms, found 3 plugins.
Preloading 0 native plugins for Editor in 0.00 ms.
SocketException: Системе не удается найти указанный параметр среды.
  at System.Net.Sockets.Socket..ctor (System.Net.Sockets.AddressFamily addressFamily, System.Net.Sockets.SocketType socketType, System.Net.Sockets.ProtocolType protocolType) [0x00068] in <6d7c4c8dd3624dc596686fb7270ae1e6>:0 
  at System.Net.NetworkInformation.Ping.SendPrivileged (System.Net.IPAddress address, System.Int32 timeout, System.Byte[] buffer, System.Net.NetworkInformation.PingOptions options) [0x00008] in <6d7c4c8dd3624dc596686fb7270ae1e6>:0 
  at System.Net.NetworkInformation.Ping.Send (System.Net.IPAddress address, System.Int32 timeout, System.Byte[] buffer, System.Net.NetworkInformation.PingOptions options) [0x0004c] in <6d7c4c8dd3624dc596686fb7270ae1e6>:0 
  at System.Net.NetworkInformation.Ping.Send (System.String hostNameOrAddress, System.Int32 timeout, System.Byte[] buffer, System.Net.NetworkInformation.PingOptions options) [0x00007] in <6d7c4c8dd3624dc596686fb7270ae1e6>:0 
  at System.Net.NetworkInformation.Ping.Send (System.String hostNameOrAddress, System.Int32 timeout, System.Byte[] buffer) [0x00009] in <6d7c4c8dd3624dc596686fb7270ae1e6>:0 
  at System.Net.NetworkInformation.Ping.Send (System.String hostNameOrAddress, System.Int32 timeout) [0x00000] in <6d7c4c8dd3624dc596686fb7270ae1e6>:0 
  at (wrapper remoting-invoke-with-check) System.Net.NetworkInformation.Ping.Send(string,int)
  at UnityEditor.AddressableAssets.HostingServices.HostingServicesManager.FilterValidIPAddresses (System.Collections.Generic.List`1[T] ipAddresses) [0x0001c] in C:\Users\admin\Documents\Unity projects\Universe Rift\UniverseRift\Library\PackageCache\com.unity.addressables@1.19.19\Editor\HostingServices\HostingServicesManager.cs:550 
  at UnityEditor.AddressableAssets.HostingServices.HostingServicesManager.RefreshGlobalProfileVariables () [0x0000d] in C:\Users\admin\Documents\Unity projects\Universe Rift\UniverseRift\Library\PackageCache\com.unity.addressables@1.19.19\Editor\HostingServices\HostingServicesManager.cs:421 
  at UnityEditor.AddressableAssets.HostingServices.HostingServicesManager.OnEnable () [0x0010e] in C:\Users\admin\Documents\Unity projects\Universe Rift\UniverseRift\Library\PackageCache\com.unity.addressables@1.19.19\Editor\HostingServices\HostingServicesManager.cs:297 
  at UnityEditor.AddressableAssets.Settings.AddressableAssetSettings.OnEnable () [0x00000] in C:\Users\admin\Documents\Unity projects\Universe Rift\UniverseRift\Library\PackageCache\com.unity.addressables@1.19.19\Editor\Settings\AddressableAssetSettings.cs:1326 

(Filename: Library/PackageCache/com.unity.addressables@1.19.19/Editor/HostingServices/HostingServicesManager.cs Line: 550)

Mono: successfully reloaded assembly
- Completed reload, in  7.852 seconds
Domain Reload Profiling:
	ReloadAssembly (7854ms)
		BeginReloadAssembly (588ms)
			ExecutionOrderSort (0ms)
			DisableScriptedObjects (34ms)
			BackupInstance (0ms)
			ReleaseScriptingObjects (0ms)
			CreateAndSetChildDomain (243ms)
		EndReloadAssembly (6892ms)
			LoadAssemblies (286ms)
			RebuildTransferFunctionScriptingTraits (0ms)
			SetupTypeCache (870ms)
			ReleaseScriptCaches (4ms)
			RebuildScriptCaches (160ms)
			SetupLoadedEditorAssemblies (5110ms)
				LogAssemblyErrors (0ms)
				InitializePlatformSupportModulesInManaged (107ms)
				SetLoadedEditorAssemblies (14ms)
				RefreshPlugins (4ms)
				BeforeProcessingInitializeOnLoad (265ms)
				ProcessInitializeOnLoadAttributes (4152ms)
				ProcessInitializeOnLoadMethodAttributes (555ms)
				AfterProcessingInitializeOnLoad (12ms)
				EditorAssembliesLoaded (0ms)
			ExecutionOrderSort2 (0ms)
			AwakeInstancesAfterBackupRestoration (159ms)
Platform modules already initialized, skipping
Refreshing native plugins compatible for Editor in 9.29 ms, found 3 plugins.
Preloading 0 native plugins for Editor in 0.00 ms.
Unloading 4881 Unused Serialized files (Serialized files now loaded: 0)
Unloading 57 unused Assets / (1.2 MB). Loaded Objects now: 5501.
Memory consumption went from 200.2 MB to 199.0 MB.
Total: 98.816875 ms (FindLiveObjects: 0.620357 ms CreateObjectMapping: 0.459566 ms MarkObjects: 96.219132 ms  DeleteObjects: 1.514400 ms)

AssetImportParameters requested are different than current active one (requested -> active):
  custom:video-decoder-ogg-theora: a1e56fd34408186e4bbccfd4996cb3dc -> 
  custom:container-muxer-webm: aa71ff27fc2769a1b78a27578f13a17b -> 
  custom:container-demuxer-webm: 4f35f7cbe854078d1ac9338744f61a02 -> 
  custom:video-encoder-webm-vp8: eb34c28f22e8b96e1ab97ce403110664 -> 
  custom:audio-encoder-webm-vorbis: bf7c407c2cedff20999df2af8eb42d56 -> 
  custom:framework-win-MediaFoundation: 216162199b28c13a410421893ffa2e32 -> 
  custom:container-demuxer-ogg: 62fdf1f143b41e24485cea50d1cbac27 -> 
  custom:video-decoder-webm-vp8: 9c59270c3fd7afecdb556c50c9e8de78 -> 
  custom:audio-decoder-ogg-vorbis: bf7c407c2cedff20999df2af8eb42d56 -> 
========================================================================
Received Import Request.
  Time since last request: 665.068241 seconds.
  path: Assets/Prefabs/UI/Voyage/VoyageMission.prefab
  artifactKey: Guid(ac416d28e260f4648bc5e3d133479011) Importer(815301076,1909f56bfc062723c751e8b465ee728b)
Start importing Assets/Prefabs/UI/Voyage/VoyageMission.prefab using Guid(ac416d28e260f4648bc5e3d133479011) Importer(815301076,1909f56bfc062723c751e8b465ee728b)  -> (artifact id: '55830b312bac0bfd33c589ec37524381') in 0.907006 seconds 
