Using pre-set license
Built from '2022.3/staging' branch; Version is '2022.3.42f1 (2dcb6a0abc42) revision 3001194'; Using compiler version '192829333'; Build Type 'Release'
OS: 'Windows 11  (10.0.22631) 64bit Core' Language: 'ru' Physical Memory: 16108 MB
BatchMode: 1, IsHumanControllingUs: 0, StartBugReporterOnCrash: 0, Is64bit: 1, IsPro: 1

COMMAND LINE ARGUMENTS:
C:\Program Files\Unity\Hub\Editor\2022.3.42f1\Editor\Unity.exe
-adb2
-batchMode
-noUpm
-name
AssetImportWorker14
-projectPath
C:/Projects/UniverseRift.git
-logFile
Logs/AssetImportWorker14.log
-srvPort
65351
Successfully changed project path to: C:/Projects/UniverseRift.git
C:/Projects/UniverseRift.git
[UnityMemory] Configuration Parameters - Can be set up in boot.config
    "memorysetup-bucket-allocator-granularity=16"
    "memorysetup-bucket-allocator-bucket-count=8"
    "memorysetup-bucket-allocator-block-size=33554432"
    "memorysetup-bucket-allocator-block-count=8"
    "memorysetup-main-allocator-block-size=16777216"
    "memorysetup-thread-allocator-block-size=16777216"
    "memorysetup-gfx-main-allocator-block-size=16777216"
    "memorysetup-gfx-thread-allocator-block-size=16777216"
    "memorysetup-cache-allocator-block-size=4194304"
    "memorysetup-typetree-allocator-block-size=2097152"
    "memorysetup-profiler-bucket-allocator-granularity=16"
    "memorysetup-profiler-bucket-allocator-bucket-count=8"
    "memorysetup-profiler-bucket-allocator-block-size=33554432"
    "memorysetup-profiler-bucket-allocator-block-count=8"
    "memorysetup-profiler-allocator-block-size=16777216"
    "memorysetup-profiler-editor-allocator-block-size=1048576"
    "memorysetup-temp-allocator-size-main=16777216"
    "memorysetup-job-temp-allocator-block-size=2097152"
    "memorysetup-job-temp-allocator-block-size-background=1048576"
    "memorysetup-job-temp-allocator-reduction-small-platforms=262144"
    "memorysetup-allocator-temp-initial-block-size-main=262144"
    "memorysetup-allocator-temp-initial-block-size-worker=262144"
    "memorysetup-temp-allocator-size-background-worker=32768"
    "memorysetup-temp-allocator-size-job-worker=262144"
    "memorysetup-temp-allocator-size-preload-manager=33554432"
    "memorysetup-temp-allocator-size-nav-mesh-worker=65536"
    "memorysetup-temp-allocator-size-audio-worker=65536"
    "memorysetup-temp-allocator-size-cloud-worker=32768"
    "memorysetup-temp-allocator-size-gi-baking-worker=262144"
    "memorysetup-temp-allocator-size-gfx=262144"
Player connection [25828]  Target information:

Player connection [25828]  * "[IP] 172.16.0.2 [Port] 0 [Flags] 2 [Guid] 88350345 [EditorId] 88350345 [Version] 1048832 [Id] WindowsEditor(7,Landelo) [Debug] 1 [PackageName] WindowsEditor [ProjectName] Editor" 

Player connection [25828]  * "[IP] 192.168.1.2 [Port] 0 [Flags] 2 [Guid] 88350345 [EditorId] 88350345 [Version] 1048832 [Id] WindowsEditor(7,Landelo) [Debug] 1 [PackageName] WindowsEditor [ProjectName] Editor" 

Player connection [25828] Host joined multi-casting on [225.0.0.222:54997]...
Player connection [25828] Host joined alternative multi-casting on [225.0.0.222:34997]...
[PhysX] Initialized MultithreadedTaskDispatcher with 20 workers.
Refreshing native plugins compatible for Editor in 34.16 ms, found 0 plugins.
Preloading 0 native plugins for Editor in 0.00 ms.
Initialize engine version: 2022.3.42f1 (2dcb6a0abc42)
[Subsystems] Discovering subsystems at path C:/Program Files/Unity/Hub/Editor/2022.3.42f1/Editor/Data/Resources/UnitySubsystems
[Subsystems] Discovering subsystems at path C:/Projects/UniverseRift.git/Assets
GfxDevice: creating device client; threaded=0; jobified=0
Direct3D:
    Version:  Direct3D 11.0 [level 11.1]
    Renderer: NVIDIA GeForce RTX 3060 Laptop GPU (ID=0x2520)
    Vendor:   NVIDIA
    VRAM:     6023 MB
    Driver:   30.0.15.1165
Invalid texture used for cursor - check importer settings or texture creation. Texture must be RGBA32, readable, have alphaIsTransparency enabled and have no mip chain.
Failed to set the cursor because the specified texture ('fx_rotate_line') was not CPU accessible.
Initialize mono
Mono path[0] = 'C:/Program Files/Unity/Hub/Editor/2022.3.42f1/Editor/Data/Managed'
Mono path[1] = 'C:/Program Files/Unity/Hub/Editor/2022.3.42f1/Editor/Data/MonoBleedingEdge/lib/mono/unityjit-win32'
Mono config path = 'C:/Program Files/Unity/Hub/Editor/2022.3.42f1/Editor/Data/MonoBleedingEdge/etc'
Using monoOptions --debugger-agent=transport=dt_socket,embedding=1,server=y,suspend=n,address=127.0.0.1:56652
Begin MonoManager ReloadAssembly
Registering precompiled unity dll's ...
Register platform support module: C:/Program Files/Unity/Hub/Editor/2022.3.42f1/Editor/Data/PlaybackEngines/AndroidPlayer/UnityEditor.Android.Extensions.dll
Register platform support module: C:/Program Files/Unity/Hub/Editor/2022.3.42f1/Editor/Data/PlaybackEngines/WindowsStandaloneSupport/UnityEditor.WindowsStandalone.Extensions.dll
Registered in 0.005064 seconds.
- Loaded All Assemblies, in  0.407 seconds
Native extension for WindowsStandalone target not found
Native extension for Android target not found
Android Extension - Scanning For ADB Devices 232 ms
Mono: successfully reloaded assembly
- Finished resetting the current domain, in  0.534 seconds
Domain Reload Profiling: 940ms
	BeginReloadAssembly (226ms)
		ExecutionOrderSort (0ms)
		DisableScriptedObjects (0ms)
		BackupInstance (0ms)
		ReleaseScriptingObjects (0ms)
		CreateAndSetChildDomain (1ms)
	RebuildCommonClasses (27ms)
	RebuildNativeTypeToScriptingClass (8ms)
	initialDomainReloadingComplete (42ms)
	LoadAllAssembliesAndSetupDomain (104ms)
		LoadAssemblies (224ms)
		RebuildTransferFunctionScriptingTraits (0ms)
		AnalyzeDomain (102ms)
			TypeCache.Refresh (101ms)
				TypeCache.ScanAssembly (91ms)
			ScanForSourceGeneratedMonoScriptInfo (0ms)
			ResolveRequiredComponents (0ms)
	FinalizeReload (535ms)
		ReleaseScriptCaches (0ms)
		RebuildScriptCaches (0ms)
		SetupLoadedEditorAssemblies (500ms)
			LogAssemblyErrors (0ms)
			InitializePlatformSupportModulesInManaged (326ms)
			SetLoadedEditorAssemblies (4ms)
			RefreshPlugins (0ms)
			BeforeProcessingInitializeOnLoad (2ms)
			ProcessInitializeOnLoadAttributes (129ms)
			ProcessInitializeOnLoadMethodAttributes (39ms)
			AfterProcessingInitializeOnLoad (0ms)
			EditorAssembliesLoaded (0ms)
		ExecutionOrderSort2 (0ms)
		AwakeInstancesAfterBackupRestoration (0ms)
========================================================================
Worker process is ready to serve import requests
Caller must complete domain reload
0x00007ff7c0fed08d (Unity) StackWalker::GetCurrentCallstack
0x00007ff7c0ff2169 (Unity) StackWalker::ShowCallstack
0x00007ff7c1fdf231 (Unity) GetStacktrace
0x00007ff7c2699e6e (Unity) DebugStringToFile
0x00007ff7c2699baa (Unity) AssertImplementation
0x00007ff7c1e7d9fc (Unity) Internal_ADB_WorkerOnly_DomainReload
0x00007ff7c2363484 (Unity) WorkerDomainReloadV2
0x00007ff7c23840af (Unity) <lambda_943be6b2c5671afd01d59371cf3ef730>::operator()
0x00007ff7c23bfea2 (Unity) asio::detail::completion_handler<core::mutable_function<void __cdecl(void)>,asio::io_context::basic_executor_type<std::allocator<void>,0> >::do_complete
0x00007ff7c23abe4e (Unity) asio::detail::win_iocp_io_context::do_one
0x00007ff7c23ada7e (Unity) asio::detail::win_iocp_io_context::run
0x00007ff7c23be24c (Unity) IOService::Run
0x00007ff7c23916cf (Unity) AssetImportWorkerClient::Run
0x00007ff7c235d037 (Unity) RunAssetImportWorkerClientV2
0x00007ff7c235d0bb (Unity) RunAssetImporterV2
0x00007ff7c1b576fe (Unity) Application::InitializeProject
0x00007ff7c1fe9ed5 (Unity) WinMain
0x00007ff7c339b7be (Unity) __scrt_common_main_seh
0x00007ff87c1f259d (KERNEL32) BaseThreadInitThunk
0x00007ff87c78af38 (ntdll) RtlUserThreadStart

Begin MonoManager ReloadAssembly
Symbol file LoadedFromMemory is not a mono symbol file
- Loaded All Assemblies, in  2.152 seconds
Native extension for WindowsStandalone target not found
Native extension for Android target not found
Launched and connected shader compiler UnityShaderCompiler.exe after 0.06 seconds
Mirror | mirror-networking.com | discord.gg/N9QVxbM
UnityEngine.StackTraceUtility:ExtractStackTrace ()
UnityEngine.DebugLogHandler:LogFormat (UnityEngine.LogType,UnityEngine.Object,string,object[])
UnityEngine.Logger:Log (UnityEngine.LogType,object)
UnityEngine.Debug:Log (object)
Mirror.Welcome:OnInitializeOnLoad () (at Assets/Mirror/Editor/Welcome.cs:18)
System.Reflection.RuntimeMethodInfo:Invoke (object,System.Reflection.BindingFlags,System.Reflection.Binder,object[],System.Globalization.CultureInfo)
System.Reflection.MethodBase:Invoke (object,object[])
UnityEditor.EditorAssemblies:ProcessInitializeOnLoadMethodAttributes ()

(Filename: Assets/Mirror/Editor/Welcome.cs Line: 18)

Mono: successfully reloaded assembly
- Finished resetting the current domain, in  2.495 seconds
Domain Reload Profiling: 4638ms
	BeginReloadAssembly (293ms)
		ExecutionOrderSort (0ms)
		DisableScriptedObjects (7ms)
		BackupInstance (0ms)
		ReleaseScriptingObjects (0ms)
		CreateAndSetChildDomain (29ms)
	RebuildCommonClasses (52ms)
	RebuildNativeTypeToScriptingClass (14ms)
	initialDomainReloadingComplete (68ms)
	LoadAllAssembliesAndSetupDomain (1717ms)
		LoadAssemblies (1297ms)
		RebuildTransferFunctionScriptingTraits (0ms)
		AnalyzeDomain (563ms)
			TypeCache.Refresh (458ms)
				TypeCache.ScanAssembly (417ms)
			ScanForSourceGeneratedMonoScriptInfo (71ms)
			ResolveRequiredComponents (32ms)
	FinalizeReload (2496ms)
		ReleaseScriptCaches (0ms)
		RebuildScriptCaches (0ms)
		SetupLoadedEditorAssemblies (2155ms)
			LogAssemblyErrors (0ms)
			InitializePlatformSupportModulesInManaged (53ms)
			SetLoadedEditorAssemblies (8ms)
			RefreshPlugins (0ms)
			BeforeProcessingInitializeOnLoad (235ms)
			ProcessInitializeOnLoadAttributes (1101ms)
			ProcessInitializeOnLoadMethodAttributes (739ms)
			AfterProcessingInitializeOnLoad (17ms)
			EditorAssembliesLoaded (1ms)
		ExecutionOrderSort2 (0ms)
		AwakeInstancesAfterBackupRestoration (14ms)
Refreshing native plugins compatible for Editor in 30.40 ms, found 0 plugins.
Preloading 0 native plugins for Editor in 0.00 ms.
Unloading 7575 Unused Serialized files (Serialized files now loaded: 0)
Unloading 71 unused Assets / (25.8 MB). Loaded Objects now: 8116.
Memory consumption went from 339.7 MB to 313.9 MB.
Total: 31.228200 ms (FindLiveObjects: 1.031100 ms CreateObjectMapping: 0.351200 ms MarkObjects: 23.286200 ms  DeleteObjects: 6.558100 ms)

AssetImportParameters requested are different than current active one (requested -> active):
  custom:container-demuxer-ogg: 62fdf1f143b41e24485cea50d1cbac27 -> 
  custom:framework-win-MediaFoundation: 216162199b28c13a410421893ffa2e32 -> 
  custom:container-muxer-webm: aa71ff27fc2769a1b78a27578f13a17b -> 
  custom:video-decoder-webm-vp8: 9c59270c3fd7afecdb556c50c9e8de78 -> 
  custom:SearchIndexIgnoredProperties: e643bd26f0fe6173181afceb89e7c659 -> 
  custom:AudioImporter_EditorPlatform: d09bf68614088b80899f8185d706f6e7 -> 
  custom:audio-decoder-ogg-vorbis: bf7c407c2cedff20999df2af8eb42d56 -> 
  custom:audio-encoder-webm-vorbis: bf7c407c2cedff20999df2af8eb42d56 -> 
  custom:video-codec-MediaFoundation-h265: 746d11721c4dcdbdad8f713fa42b33f4 -> 
  custom:video-decoder-ogg-theora: a1e56fd34408186e4bbccfd4996cb3dc -> 
  custom:CustomObjectIndexerAttribute: 72b91833f83ae208fae7752999fa3104 -> 
  custom:container-demuxer-webm: 4f35f7cbe854078d1ac9338744f61a02 -> 
  custom:video-encoder-webm-vp8: eb34c28f22e8b96e1ab97ce403110664 -> 
========================================================================
Received Prepare
Caller must complete domain reload
0x00007ff7c0fed08d (Unity) StackWalker::GetCurrentCallstack
0x00007ff7c0ff2169 (Unity) StackWalker::ShowCallstack
0x00007ff7c1fdf231 (Unity) GetStacktrace
0x00007ff7c2699e6e (Unity) DebugStringToFile
0x00007ff7c2699baa (Unity) AssertImplementation
0x00007ff7c1e7d9fc (Unity) Internal_ADB_WorkerOnly_DomainReload
0x00007ff7c2363484 (Unity) WorkerDomainReloadV2
0x00007ff7c2384695 (Unity) <lambda_b37b41f03089e3cb3f55061bbc93253d>::operator()
0x00007ff7c23bfea2 (Unity) asio::detail::completion_handler<core::mutable_function<void __cdecl(void)>,asio::io_context::basic_executor_type<std::allocator<void>,0> >::do_complete
0x00007ff7c23abe4e (Unity) asio::detail::win_iocp_io_context::do_one
0x00007ff7c23adab4 (Unity) asio::detail::win_iocp_io_context::run
0x00007ff7c23be24c (Unity) IOService::Run
0x00007ff7c23916cf (Unity) AssetImportWorkerClient::Run
0x00007ff7c235d037 (Unity) RunAssetImportWorkerClientV2
0x00007ff7c235d0bb (Unity) RunAssetImporterV2
0x00007ff7c1b576fe (Unity) Application::InitializeProject
0x00007ff7c1fe9ed5 (Unity) WinMain
0x00007ff7c339b7be (Unity) __scrt_common_main_seh
0x00007ff87c1f259d (KERNEL32) BaseThreadInitThunk
0x00007ff87c78af38 (ntdll) RtlUserThreadStart

Begin MonoManager ReloadAssembly
Symbol file LoadedFromMemory is not a mono symbol file
- Loaded All Assemblies, in  0.647 seconds
Native extension for WindowsStandalone target not found
Native extension for Android target not found
Mono: successfully reloaded assembly
- Finished resetting the current domain, in  3.864 seconds
Domain Reload Profiling: 4505ms
	BeginReloadAssembly (203ms)
		ExecutionOrderSort (0ms)
		DisableScriptedObjects (6ms)
		BackupInstance (0ms)
		ReleaseScriptingObjects (0ms)
		CreateAndSetChildDomain (66ms)
	RebuildCommonClasses (30ms)
	RebuildNativeTypeToScriptingClass (9ms)
	initialDomainReloadingComplete (30ms)
	LoadAllAssembliesAndSetupDomain (368ms)
		LoadAssemblies (413ms)
		RebuildTransferFunctionScriptingTraits (0ms)
		AnalyzeDomain (38ms)
			TypeCache.Refresh (12ms)
				TypeCache.ScanAssembly (0ms)
			ScanForSourceGeneratedMonoScriptInfo (0ms)
			ResolveRequiredComponents (25ms)
	FinalizeReload (3865ms)
		ReleaseScriptCaches (0ms)
		RebuildScriptCaches (0ms)
		SetupLoadedEditorAssemblies (2086ms)
			LogAssemblyErrors (0ms)
			InitializePlatformSupportModulesInManaged (39ms)
			SetLoadedEditorAssemblies (10ms)
			RefreshPlugins (0ms)
			BeforeProcessingInitializeOnLoad (240ms)
			ProcessInitializeOnLoadAttributes (708ms)
			ProcessInitializeOnLoadMethodAttributes (1075ms)
			AfterProcessingInitializeOnLoad (13ms)
			EditorAssembliesLoaded (2ms)
		ExecutionOrderSort2 (0ms)
		AwakeInstancesAfterBackupRestoration (32ms)
Refreshing native plugins compatible for Editor in 30.47 ms, found 0 plugins.
Preloading 0 native plugins for Editor in 0.00 ms.
Unloading 7359 Unused Serialized files (Serialized files now loaded: 0)
Unloading 55 unused Assets / (25.8 MB). Loaded Objects now: 8132.
Memory consumption went from 299.0 MB to 273.2 MB.
Total: 103.766600 ms (FindLiveObjects: 0.846800 ms CreateObjectMapping: 0.383700 ms MarkObjects: 96.016400 ms  DeleteObjects: 6.516800 ms)

Prepare: number of updated asset objects reloaded= 0
AssetImportParameters requested are different than current active one (requested -> active):
  custom:container-demuxer-ogg: 62fdf1f143b41e24485cea50d1cbac27 -> 
  custom:framework-win-MediaFoundation: 216162199b28c13a410421893ffa2e32 -> 
  custom:container-muxer-webm: aa71ff27fc2769a1b78a27578f13a17b -> 
  custom:video-decoder-webm-vp8: 9c59270c3fd7afecdb556c50c9e8de78 -> 
  custom:SearchIndexIgnoredProperties: e643bd26f0fe6173181afceb89e7c659 -> 
  custom:AudioImporter_EditorPlatform: d09bf68614088b80899f8185d706f6e7 -> 
  custom:audio-decoder-ogg-vorbis: bf7c407c2cedff20999df2af8eb42d56 -> 
  custom:audio-encoder-webm-vorbis: bf7c407c2cedff20999df2af8eb42d56 -> 
  custom:video-codec-MediaFoundation-h265: 746d11721c4dcdbdad8f713fa42b33f4 -> 
  custom:video-decoder-ogg-theora: a1e56fd34408186e4bbccfd4996cb3dc -> 
  custom:CustomObjectIndexerAttribute: 72b91833f83ae208fae7752999fa3104 -> 
  custom:container-demuxer-webm: 4f35f7cbe854078d1ac9338744f61a02 -> 
  custom:video-encoder-webm-vp8: eb34c28f22e8b96e1ab97ce403110664 -> 
========================================================================
Received Import Request.
  Time since last request: 63879.474188 seconds.
  path: Assets/Resources/Heroes/Treestor.prefab
  artifactKey: Guid(27b8231d5ee082c4584973c5fdf14513) Importer(815301076,1909f56bfc062723c751e8b465ee728b)
Start importing Assets/Resources/Heroes/Treestor.prefab using Guid(27b8231d5ee082c4584973c5fdf14513) Importer(815301076,1909f56bfc062723c751e8b465ee728b) [PhysX] Initialized MultithreadedTaskDispatcher with 20 workers.
 -> (artifact id: 'b4e732087f45e467200ab089d7800758') in 0.006960 seconds
Number of updated asset objects reloaded before import = 0
Number of asset objects unloaded after import = 0
========================================================================
Received Import Request.
  Time since last request: 0.000038 seconds.
  path: Assets/Resources/Heroes/Nosedman.prefab
  artifactKey: Guid(7dc22cb2a3a8b6740b87759e108b3d58) Importer(815301076,1909f56bfc062723c751e8b465ee728b)
Start importing Assets/Resources/Heroes/Nosedman.prefab using Guid(7dc22cb2a3a8b6740b87759e108b3d58) Importer(815301076,1909f56bfc062723c751e8b465ee728b) [PhysX] Initialized MultithreadedTaskDispatcher with 20 workers.
 -> (artifact id: '82201c8faff80615af86e859c4f2ea97') in 0.000902 seconds
Number of updated asset objects reloaded before import = 0
Number of asset objects unloaded after import = 0
========================================================================
Received Import Request.
  Time since last request: 0.000031 seconds.
  path: Assets/Resources/Heroes/PracticeDummy.prefab
  artifactKey: Guid(8d37498fc89c1e14aa2c104660e6154e) Importer(815301076,1909f56bfc062723c751e8b465ee728b)
Start importing Assets/Resources/Heroes/PracticeDummy.prefab using Guid(8d37498fc89c1e14aa2c104660e6154e) Importer(815301076,1909f56bfc062723c751e8b465ee728b) [PhysX] Initialized MultithreadedTaskDispatcher with 20 workers.
 -> (artifact id: '87a4950ba9cd25a55022ebcd2d4d39a8') in 0.001054 seconds
Number of updated asset objects reloaded before import = 0
Number of asset objects unloaded after import = 0
========================================================================
Received Import Request.
  Time since last request: 0.000024 seconds.
  path: Assets/Resources/Heroes/Imp.prefab
  artifactKey: Guid(cad36657154dd1e469e6471b73ec0ae6) Importer(815301076,1909f56bfc062723c751e8b465ee728b)
Start importing Assets/Resources/Heroes/Imp.prefab using Guid(cad36657154dd1e469e6471b73ec0ae6) Importer(815301076,1909f56bfc062723c751e8b465ee728b) [PhysX] Initialized MultithreadedTaskDispatcher with 20 workers.
 -> (artifact id: '1b4c3e22081fa04ae2ea4e34dec35738') in 0.000816 seconds
Number of updated asset objects reloaded before import = 0
Number of asset objects unloaded after import = 0
========================================================================
Received Import Request.
  Time since last request: 0.000029 seconds.
  path: Assets/Resources/Heroes/PitBoy.prefab
  artifactKey: Guid(31a4cbd1b40ec0841b156d9e174b3a54) Importer(815301076,1909f56bfc062723c751e8b465ee728b)
Start importing Assets/Resources/Heroes/PitBoy.prefab using Guid(31a4cbd1b40ec0841b156d9e174b3a54) Importer(815301076,1909f56bfc062723c751e8b465ee728b) [PhysX] Initialized MultithreadedTaskDispatcher with 20 workers.
 -> (artifact id: 'da14ddd660db731849da0fe80d90b13a') in 0.000813 seconds
Number of updated asset objects reloaded before import = 0
Number of asset objects unloaded after import = 0
========================================================================
Received Import Request.
  Time since last request: 14.403168 seconds.
  path: Assets/Resources/Heroes/Knight.prefab
  artifactKey: Guid(918b87c71973a7a4f8761c9879c13377) Importer(815301076,1909f56bfc062723c751e8b465ee728b)
Start importing Assets/Resources/Heroes/Knight.prefab using Guid(918b87c71973a7a4f8761c9879c13377) Importer(815301076,1909f56bfc062723c751e8b465ee728b) [PhysX] Initialized MultithreadedTaskDispatcher with 20 workers.
 -> (artifact id: 'abe15ec0ed0e600eaf3b3d3e3aca447c') in 0.001505 seconds
Number of updated asset objects reloaded before import = 0
Number of asset objects unloaded after import = 0
========================================================================
Received Import Request.
  Time since last request: 0.000353 seconds.
  path: Assets/Resources/Heroes/Snake.prefab
  artifactKey: Guid(1c29df261246fd4478dda592b9748588) Importer(815301076,1909f56bfc062723c751e8b465ee728b)
Start importing Assets/Resources/Heroes/Snake.prefab using Guid(1c29df261246fd4478dda592b9748588) Importer(815301076,1909f56bfc062723c751e8b465ee728b) [PhysX] Initialized MultithreadedTaskDispatcher with 20 workers.
 -> (artifact id: '467908470dc762f1714dde3bd0908c3f') in 0.001125 seconds
Number of updated asset objects reloaded before import = 0
Number of asset objects unloaded after import = 0
========================================================================
Received Import Request.
  Time since last request: 0.000131 seconds.
  path: Assets/Resources/Heroes/PitBoy.prefab
  artifactKey: Guid(31a4cbd1b40ec0841b156d9e174b3a54) Importer(815301076,1909f56bfc062723c751e8b465ee728b)
Start importing Assets/Resources/Heroes/PitBoy.prefab using Guid(31a4cbd1b40ec0841b156d9e174b3a54) Importer(815301076,1909f56bfc062723c751e8b465ee728b) [PhysX] Initialized MultithreadedTaskDispatcher with 20 workers.
 -> (artifact id: 'da14ddd660db731849da0fe80d90b13a') in 0.000689 seconds
Number of updated asset objects reloaded before import = 0
Number of asset objects unloaded after import = 0
========================================================================
Received Prepare
Caller must complete domain reload
0x00007ff7c0fed08d (Unity) StackWalker::GetCurrentCallstack
0x00007ff7c0ff2169 (Unity) StackWalker::ShowCallstack
0x00007ff7c1fdf231 (Unity) GetStacktrace
0x00007ff7c2699e6e (Unity) DebugStringToFile
0x00007ff7c2699baa (Unity) AssertImplementation
0x00007ff7c1e7d9fc (Unity) Internal_ADB_WorkerOnly_DomainReload
0x00007ff7c2363484 (Unity) WorkerDomainReloadV2
0x00007ff7c2384695 (Unity) <lambda_b37b41f03089e3cb3f55061bbc93253d>::operator()
0x00007ff7c23bfea2 (Unity) asio::detail::completion_handler<core::mutable_function<void __cdecl(void)>,asio::io_context::basic_executor_type<std::allocator<void>,0> >::do_complete
0x00007ff7c23abe4e (Unity) asio::detail::win_iocp_io_context::do_one
0x00007ff7c23adab4 (Unity) asio::detail::win_iocp_io_context::run
0x00007ff7c23be24c (Unity) IOService::Run
0x00007ff7c23916cf (Unity) AssetImportWorkerClient::Run
0x00007ff7c235d037 (Unity) RunAssetImportWorkerClientV2
0x00007ff7c235d0bb (Unity) RunAssetImporterV2
0x00007ff7c1b576fe (Unity) Application::InitializeProject
0x00007ff7c1fe9ed5 (Unity) WinMain
0x00007ff7c339b7be (Unity) __scrt_common_main_seh
0x00007ff87c1f259d (KERNEL32) BaseThreadInitThunk
0x00007ff87c78af38 (ntdll) RtlUserThreadStart

Begin MonoManager ReloadAssembly
Symbol file LoadedFromMemory is not a mono symbol file
- Loaded All Assemblies, in  1.341 seconds
Native extension for WindowsStandalone target not found
Native extension for Android target not found
Mono: successfully reloaded assembly
- Finished resetting the current domain, in  4.672 seconds
Domain Reload Profiling: 6000ms
	BeginReloadAssembly (347ms)
		ExecutionOrderSort (0ms)
		DisableScriptedObjects (7ms)
		BackupInstance (0ms)
		ReleaseScriptingObjects (0ms)
		CreateAndSetChildDomain (113ms)
	RebuildCommonClasses (51ms)
	RebuildNativeTypeToScriptingClass (16ms)
	initialDomainReloadingComplete (57ms)
	LoadAllAssembliesAndSetupDomain (856ms)
		LoadAssemblies (850ms)
		RebuildTransferFunctionScriptingTraits (0ms)
		AnalyzeDomain (170ms)
			TypeCache.Refresh (58ms)
				TypeCache.ScanAssembly (21ms)
			ScanForSourceGeneratedMonoScriptInfo (72ms)
			ResolveRequiredComponents (38ms)
	FinalizeReload (4673ms)
		ReleaseScriptCaches (0ms)
		RebuildScriptCaches (0ms)
		SetupLoadedEditorAssemblies (2063ms)
			LogAssemblyErrors (0ms)
			InitializePlatformSupportModulesInManaged (39ms)
			SetLoadedEditorAssemblies (11ms)
			RefreshPlugins (0ms)
			BeforeProcessingInitializeOnLoad (240ms)
			ProcessInitializeOnLoadAttributes (616ms)
			ProcessInitializeOnLoadMethodAttributes (1146ms)
			AfterProcessingInitializeOnLoad (10ms)
			EditorAssembliesLoaded (1ms)
		ExecutionOrderSort2 (0ms)
		AwakeInstancesAfterBackupRestoration (18ms)
Refreshing native plugins compatible for Editor in 284.11 ms, found 0 plugins.
Preloading 0 native plugins for Editor in 0.00 ms.
Unloading 7359 Unused Serialized files (Serialized files now loaded: 0)
Unloading 55 unused Assets / (25.8 MB). Loaded Objects now: 8148.
Memory consumption went from 299.0 MB to 273.2 MB.
Total: 39.240700 ms (FindLiveObjects: 0.808400 ms CreateObjectMapping: 0.505900 ms MarkObjects: 33.213500 ms  DeleteObjects: 4.710100 ms)

Prepare: number of updated asset objects reloaded= 0
AssetImportParameters requested are different than current active one (requested -> active):
  custom:container-demuxer-ogg: 62fdf1f143b41e24485cea50d1cbac27 -> 
  custom:framework-win-MediaFoundation: 216162199b28c13a410421893ffa2e32 -> 
  custom:container-muxer-webm: aa71ff27fc2769a1b78a27578f13a17b -> 
  custom:video-decoder-webm-vp8: 9c59270c3fd7afecdb556c50c9e8de78 -> 
  custom:SearchIndexIgnoredProperties: e643bd26f0fe6173181afceb89e7c659 -> 
  custom:AudioImporter_EditorPlatform: d09bf68614088b80899f8185d706f6e7 -> 
  custom:audio-decoder-ogg-vorbis: bf7c407c2cedff20999df2af8eb42d56 -> 
  custom:audio-encoder-webm-vorbis: bf7c407c2cedff20999df2af8eb42d56 -> 
  custom:video-codec-MediaFoundation-h265: 746d11721c4dcdbdad8f713fa42b33f4 -> 
  custom:video-decoder-ogg-theora: a1e56fd34408186e4bbccfd4996cb3dc -> 
  custom:CustomObjectIndexerAttribute: 72b91833f83ae208fae7752999fa3104 -> 
  custom:container-demuxer-webm: 4f35f7cbe854078d1ac9338744f61a02 -> 
  custom:video-encoder-webm-vp8: eb34c28f22e8b96e1ab97ce403110664 -> 
========================================================================
Received Import Request.
  Time since last request: 20.829940 seconds.
  path: Assets/Resources/Heroes/Nosedman.prefab
  artifactKey: Guid(7dc22cb2a3a8b6740b87759e108b3d58) Importer(815301076,1909f56bfc062723c751e8b465ee728b)
Start importing Assets/Resources/Heroes/Nosedman.prefab using Guid(7dc22cb2a3a8b6740b87759e108b3d58) Importer(815301076,1909f56bfc062723c751e8b465ee728b) [PhysX] Initialized MultithreadedTaskDispatcher with 20 workers.
 -> (artifact id: '82201c8faff80615af86e859c4f2ea97') in 0.002916 seconds
Number of updated asset objects reloaded before import = 0
Number of asset objects unloaded after import = 0
========================================================================
Received Import Request.
  Time since last request: 0.000047 seconds.
  path: Assets/Resources/Heroes/Snake.prefab
  artifactKey: Guid(1c29df261246fd4478dda592b9748588) Importer(815301076,1909f56bfc062723c751e8b465ee728b)
Start importing Assets/Resources/Heroes/Snake.prefab using Guid(1c29df261246fd4478dda592b9748588) Importer(815301076,1909f56bfc062723c751e8b465ee728b) [PhysX] Initialized MultithreadedTaskDispatcher with 20 workers.
 -> (artifact id: '467908470dc762f1714dde3bd0908c3f') in 0.001680 seconds
Number of updated asset objects reloaded before import = 0
Number of asset objects unloaded after import = 0
========================================================================
Received Import Request.
  Time since last request: 0.000025 seconds.
  path: Assets/Resources/Heroes/PitBoy.prefab
  artifactKey: Guid(31a4cbd1b40ec0841b156d9e174b3a54) Importer(815301076,1909f56bfc062723c751e8b465ee728b)
Start importing Assets/Resources/Heroes/PitBoy.prefab using Guid(31a4cbd1b40ec0841b156d9e174b3a54) Importer(815301076,1909f56bfc062723c751e8b465ee728b) [PhysX] Initialized MultithreadedTaskDispatcher with 20 workers.
 -> (artifact id: 'da14ddd660db731849da0fe80d90b13a') in 0.000795 seconds
Number of updated asset objects reloaded before import = 0
Number of asset objects unloaded after import = 0
========================================================================
Received Prepare
Caller must complete domain reload
0x00007ff7c0fed08d (Unity) StackWalker::GetCurrentCallstack
0x00007ff7c0ff2169 (Unity) StackWalker::ShowCallstack
0x00007ff7c1fdf231 (Unity) GetStacktrace
0x00007ff7c2699e6e (Unity) DebugStringToFile
0x00007ff7c2699baa (Unity) AssertImplementation
0x00007ff7c1e7d9fc (Unity) Internal_ADB_WorkerOnly_DomainReload
0x00007ff7c2363484 (Unity) WorkerDomainReloadV2
0x00007ff7c2384695 (Unity) <lambda_b37b41f03089e3cb3f55061bbc93253d>::operator()
0x00007ff7c23bfea2 (Unity) asio::detail::completion_handler<core::mutable_function<void __cdecl(void)>,asio::io_context::basic_executor_type<std::allocator<void>,0> >::do_complete
0x00007ff7c23abe4e (Unity) asio::detail::win_iocp_io_context::do_one
0x00007ff7c23adab4 (Unity) asio::detail::win_iocp_io_context::run
0x00007ff7c23be24c (Unity) IOService::Run
0x00007ff7c23916cf (Unity) AssetImportWorkerClient::Run
0x00007ff7c235d037 (Unity) RunAssetImportWorkerClientV2
0x00007ff7c235d0bb (Unity) RunAssetImporterV2
0x00007ff7c1b576fe (Unity) Application::InitializeProject
0x00007ff7c1fe9ed5 (Unity) WinMain
0x00007ff7c339b7be (Unity) __scrt_common_main_seh
0x00007ff87c1f259d (KERNEL32) BaseThreadInitThunk
0x00007ff87c78af38 (ntdll) RtlUserThreadStart

Begin MonoManager ReloadAssembly
Symbol file LoadedFromMemory is not a mono symbol file
- Loaded All Assemblies, in  0.686 seconds
Native extension for WindowsStandalone target not found
Native extension for Android target not found
Mono: successfully reloaded assembly
- Finished resetting the current domain, in  2.129 seconds
Domain Reload Profiling: 2810ms
	BeginReloadAssembly (194ms)
		ExecutionOrderSort (0ms)
		DisableScriptedObjects (7ms)
		BackupInstance (0ms)
		ReleaseScriptingObjects (0ms)
		CreateAndSetChildDomain (60ms)
	RebuildCommonClasses (28ms)
	RebuildNativeTypeToScriptingClass (9ms)
	initialDomainReloadingComplete (32ms)
	LoadAllAssembliesAndSetupDomain (418ms)
		LoadAssemblies (412ms)
		RebuildTransferFunctionScriptingTraits (0ms)
		AnalyzeDomain (85ms)
			TypeCache.Refresh (23ms)
				TypeCache.ScanAssembly (11ms)
			ScanForSourceGeneratedMonoScriptInfo (34ms)
			ResolveRequiredComponents (26ms)
	FinalizeReload (2130ms)
		ReleaseScriptCaches (0ms)
		RebuildScriptCaches (0ms)
		SetupLoadedEditorAssemblies (1210ms)
			LogAssemblyErrors (0ms)
			InitializePlatformSupportModulesInManaged (26ms)
			SetLoadedEditorAssemblies (7ms)
			RefreshPlugins (0ms)
			BeforeProcessingInitializeOnLoad (187ms)
			ProcessInitializeOnLoadAttributes (499ms)
			ProcessInitializeOnLoadMethodAttributes (483ms)
			AfterProcessingInitializeOnLoad (6ms)
			EditorAssembliesLoaded (1ms)
		ExecutionOrderSort2 (0ms)
		AwakeInstancesAfterBackupRestoration (14ms)
Script is not up to date after domain reload: guid(697fe409485867c4cbdad856a5ea09ed) path("Assets/Scripts/Fight/HeroControllers/Generals/HeroController.cs") state(2)
Refreshing native plugins compatible for Editor in 12.28 ms, found 0 plugins.
Preloading 0 native plugins for Editor in 0.00 ms.
Unloading 7358 Unused Serialized files (Serialized files now loaded: 0)
Unloading 55 unused Assets / (25.8 MB). Loaded Objects now: 8163.
Memory consumption went from 299.0 MB to 273.2 MB.
Total: 25.002400 ms (FindLiveObjects: 0.731800 ms CreateObjectMapping: 0.485600 ms MarkObjects: 19.169500 ms  DeleteObjects: 4.612900 ms)

Prepare: number of updated asset objects reloaded= 0
AssetImportParameters requested are different than current active one (requested -> active):
  custom:container-demuxer-ogg: 62fdf1f143b41e24485cea50d1cbac27 -> 
  custom:framework-win-MediaFoundation: 216162199b28c13a410421893ffa2e32 -> 
  custom:container-muxer-webm: aa71ff27fc2769a1b78a27578f13a17b -> 
  custom:video-decoder-webm-vp8: 9c59270c3fd7afecdb556c50c9e8de78 -> 
  custom:SearchIndexIgnoredProperties: e643bd26f0fe6173181afceb89e7c659 -> 
  custom:AudioImporter_EditorPlatform: d09bf68614088b80899f8185d706f6e7 -> 
  custom:audio-decoder-ogg-vorbis: bf7c407c2cedff20999df2af8eb42d56 -> 
  custom:audio-encoder-webm-vorbis: bf7c407c2cedff20999df2af8eb42d56 -> 
  custom:video-codec-MediaFoundation-h265: 746d11721c4dcdbdad8f713fa42b33f4 -> 
  custom:video-decoder-ogg-theora: a1e56fd34408186e4bbccfd4996cb3dc -> 
  custom:CustomObjectIndexerAttribute: 72b91833f83ae208fae7752999fa3104 -> 
  custom:container-demuxer-webm: 4f35f7cbe854078d1ac9338744f61a02 -> 
  custom:video-encoder-webm-vp8: eb34c28f22e8b96e1ab97ce403110664 -> 
========================================================================
Received Import Request.
  Time since last request: 13.494817 seconds.
  path: Assets/Resources/Heroes/Knight.prefab
  artifactKey: Guid(918b87c71973a7a4f8761c9879c13377) Importer(815301076,1909f56bfc062723c751e8b465ee728b)
Start importing Assets/Resources/Heroes/Knight.prefab using Guid(918b87c71973a7a4f8761c9879c13377) Importer(815301076,1909f56bfc062723c751e8b465ee728b) [PhysX] Initialized MultithreadedTaskDispatcher with 20 workers.
 -> (artifact id: 'abe15ec0ed0e600eaf3b3d3e3aca447c') in 0.007082 seconds
Number of updated asset objects reloaded before import = 0
Number of asset objects unloaded after import = 0
========================================================================
Received Import Request.
  Time since last request: 0.000053 seconds.
  path: Assets/Resources/Heroes/Dragon.prefab
  artifactKey: Guid(fa407fa3b785cee418245e63a908030f) Importer(815301076,1909f56bfc062723c751e8b465ee728b)
Start importing Assets/Resources/Heroes/Dragon.prefab using Guid(fa407fa3b785cee418245e63a908030f) Importer(815301076,1909f56bfc062723c751e8b465ee728b) [PhysX] Initialized MultithreadedTaskDispatcher with 20 workers.
 -> (artifact id: '35ff6b4b0b015a28f9eca5f7355c61e8') in 0.000644 seconds
Number of updated asset objects reloaded before import = 0
Number of asset objects unloaded after import = 0
========================================================================
Received Import Request.
  Time since last request: 0.000020 seconds.
  path: Assets/Resources/Heroes/Wolf.prefab
  artifactKey: Guid(d0cf469f29cc00d45b506a82b71f3f2f) Importer(815301076,1909f56bfc062723c751e8b465ee728b)
Start importing Assets/Resources/Heroes/Wolf.prefab using Guid(d0cf469f29cc00d45b506a82b71f3f2f) Importer(815301076,1909f56bfc062723c751e8b465ee728b) [PhysX] Initialized MultithreadedTaskDispatcher with 20 workers.
 -> (artifact id: '6ae3f2462349739cea1ea74b144f6423') in 0.004319 seconds
Number of updated asset objects reloaded before import = 0
Number of asset objects unloaded after import = 0
========================================================================
Received Import Request.
  Time since last request: 0.000217 seconds.
  path: Assets/Resources/Heroes/Catcher.prefab
  artifactKey: Guid(c96294a77a7044a48b598246e992b2fd) Importer(815301076,1909f56bfc062723c751e8b465ee728b)
Start importing Assets/Resources/Heroes/Catcher.prefab using Guid(c96294a77a7044a48b598246e992b2fd) Importer(815301076,1909f56bfc062723c751e8b465ee728b) [PhysX] Initialized MultithreadedTaskDispatcher with 20 workers.
 -> (artifact id: '04af26af6a30703af3613230f9719eb0') in 0.000892 seconds
Number of updated asset objects reloaded before import = 0
Number of asset objects unloaded after import = 0
========================================================================
Received Prepare
Caller must complete domain reload
0x00007ff7c0fed08d (Unity) StackWalker::GetCurrentCallstack
0x00007ff7c0ff2169 (Unity) StackWalker::ShowCallstack
0x00007ff7c1fdf231 (Unity) GetStacktrace
0x00007ff7c2699e6e (Unity) DebugStringToFile
0x00007ff7c2699baa (Unity) AssertImplementation
0x00007ff7c1e7d9fc (Unity) Internal_ADB_WorkerOnly_DomainReload
0x00007ff7c2363484 (Unity) WorkerDomainReloadV2
0x00007ff7c2384695 (Unity) <lambda_b37b41f03089e3cb3f55061bbc93253d>::operator()
0x00007ff7c23bfea2 (Unity) asio::detail::completion_handler<core::mutable_function<void __cdecl(void)>,asio::io_context::basic_executor_type<std::allocator<void>,0> >::do_complete
0x00007ff7c23abe4e (Unity) asio::detail::win_iocp_io_context::do_one
0x00007ff7c23adab4 (Unity) asio::detail::win_iocp_io_context::run
0x00007ff7c23be24c (Unity) IOService::Run
0x00007ff7c23916cf (Unity) AssetImportWorkerClient::Run
0x00007ff7c235d037 (Unity) RunAssetImportWorkerClientV2
0x00007ff7c235d0bb (Unity) RunAssetImporterV2
0x00007ff7c1b576fe (Unity) Application::InitializeProject
0x00007ff7c1fe9ed5 (Unity) WinMain
0x00007ff7c339b7be (Unity) __scrt_common_main_seh
0x00007ff87c1f259d (KERNEL32) BaseThreadInitThunk
0x00007ff87c78af38 (ntdll) RtlUserThreadStart

Begin MonoManager ReloadAssembly
Symbol file LoadedFromMemory is not a mono symbol file
- Loaded All Assemblies, in  0.638 seconds
Native extension for WindowsStandalone target not found
Native extension for Android target not found
Mono: successfully reloaded assembly
- Finished resetting the current domain, in  1.808 seconds
Domain Reload Profiling: 2439ms
	BeginReloadAssembly (154ms)
		ExecutionOrderSort (0ms)
		DisableScriptedObjects (4ms)
		BackupInstance (0ms)
		ReleaseScriptingObjects (0ms)
		CreateAndSetChildDomain (46ms)
	RebuildCommonClasses (22ms)
	RebuildNativeTypeToScriptingClass (8ms)
	initialDomainReloadingComplete (32ms)
	LoadAllAssembliesAndSetupDomain (414ms)
		LoadAssemblies (389ms)
		RebuildTransferFunctionScriptingTraits (0ms)
		AnalyzeDomain (97ms)
			TypeCache.Refresh (27ms)
				TypeCache.ScanAssembly (14ms)
			ScanForSourceGeneratedMonoScriptInfo (47ms)
			ResolveRequiredComponents (21ms)
	FinalizeReload (1808ms)
		ReleaseScriptCaches (0ms)
		RebuildScriptCaches (0ms)
		SetupLoadedEditorAssemblies (1061ms)
			LogAssemblyErrors (0ms)
			InitializePlatformSupportModulesInManaged (20ms)
			SetLoadedEditorAssemblies (9ms)
			RefreshPlugins (0ms)
			BeforeProcessingInitializeOnLoad (164ms)
			ProcessInitializeOnLoadAttributes (389ms)
			ProcessInitializeOnLoadMethodAttributes (473ms)
			AfterProcessingInitializeOnLoad (5ms)
			EditorAssembliesLoaded (0ms)
		ExecutionOrderSort2 (0ms)
		AwakeInstancesAfterBackupRestoration (11ms)
Refreshing native plugins compatible for Editor in 12.97 ms, found 0 plugins.
Preloading 0 native plugins for Editor in 0.00 ms.
Unloading 7359 Unused Serialized files (Serialized files now loaded: 0)
Unloading 55 unused Assets / (25.8 MB). Loaded Objects now: 8180.
Memory consumption went from 299.0 MB to 273.2 MB.
Total: 26.173700 ms (FindLiveObjects: 0.591000 ms CreateObjectMapping: 0.500500 ms MarkObjects: 19.073000 ms  DeleteObjects: 6.006500 ms)

Prepare: number of updated asset objects reloaded= 0
AssetImportParameters requested are different than current active one (requested -> active):
  custom:container-demuxer-ogg: 62fdf1f143b41e24485cea50d1cbac27 -> 
  custom:framework-win-MediaFoundation: 216162199b28c13a410421893ffa2e32 -> 
  custom:container-muxer-webm: aa71ff27fc2769a1b78a27578f13a17b -> 
  custom:video-decoder-webm-vp8: 9c59270c3fd7afecdb556c50c9e8de78 -> 
  custom:SearchIndexIgnoredProperties: e643bd26f0fe6173181afceb89e7c659 -> 
  custom:AudioImporter_EditorPlatform: d09bf68614088b80899f8185d706f6e7 -> 
  custom:audio-decoder-ogg-vorbis: bf7c407c2cedff20999df2af8eb42d56 -> 
  custom:audio-encoder-webm-vorbis: bf7c407c2cedff20999df2af8eb42d56 -> 
  custom:video-codec-MediaFoundation-h265: 746d11721c4dcdbdad8f713fa42b33f4 -> 
  custom:video-decoder-ogg-theora: a1e56fd34408186e4bbccfd4996cb3dc -> 
  custom:CustomObjectIndexerAttribute: 72b91833f83ae208fae7752999fa3104 -> 
  custom:container-demuxer-webm: 4f35f7cbe854078d1ac9338744f61a02 -> 
  custom:video-encoder-webm-vp8: eb34c28f22e8b96e1ab97ce403110664 -> 
========================================================================
Received Import Request.
  Time since last request: 12.533451 seconds.
  path: Assets/Resources/Heroes/Treestor.prefab
  artifactKey: Guid(27b8231d5ee082c4584973c5fdf14513) Importer(815301076,1909f56bfc062723c751e8b465ee728b)
Start importing Assets/Resources/Heroes/Treestor.prefab using Guid(27b8231d5ee082c4584973c5fdf14513) Importer(815301076,1909f56bfc062723c751e8b465ee728b) [PhysX] Initialized MultithreadedTaskDispatcher with 20 workers.
 -> (artifact id: 'b4e732087f45e467200ab089d7800758') in 0.002528 seconds
Number of updated asset objects reloaded before import = 0
Number of asset objects unloaded after import = 0
========================================================================
Received Import Request.
  Time since last request: 0.000060 seconds.
  path: Assets/Resources/Heroes/Nosedman.prefab
  artifactKey: Guid(7dc22cb2a3a8b6740b87759e108b3d58) Importer(815301076,1909f56bfc062723c751e8b465ee728b)
Start importing Assets/Resources/Heroes/Nosedman.prefab using Guid(7dc22cb2a3a8b6740b87759e108b3d58) Importer(815301076,1909f56bfc062723c751e8b465ee728b) [PhysX] Initialized MultithreadedTaskDispatcher with 20 workers.
 -> (artifact id: '82201c8faff80615af86e859c4f2ea97') in 0.000840 seconds
Number of updated asset objects reloaded before import = 0
Number of asset objects unloaded after import = 0
========================================================================
Received Import Request.
  Time since last request: 0.000028 seconds.
  path: Assets/Resources/Heroes/Knight.prefab
  artifactKey: Guid(918b87c71973a7a4f8761c9879c13377) Importer(815301076,1909f56bfc062723c751e8b465ee728b)
Start importing Assets/Resources/Heroes/Knight.prefab using Guid(918b87c71973a7a4f8761c9879c13377) Importer(815301076,1909f56bfc062723c751e8b465ee728b) [PhysX] Initialized MultithreadedTaskDispatcher with 20 workers.
 -> (artifact id: 'abe15ec0ed0e600eaf3b3d3e3aca447c') in 0.000838 seconds
Number of updated asset objects reloaded before import = 0
Number of asset objects unloaded after import = 0
========================================================================
Received Import Request.
  Time since last request: 0.000022 seconds.
  path: Assets/Resources/Heroes/Dragon.prefab
  artifactKey: Guid(fa407fa3b785cee418245e63a908030f) Importer(815301076,1909f56bfc062723c751e8b465ee728b)
Start importing Assets/Resources/Heroes/Dragon.prefab using Guid(fa407fa3b785cee418245e63a908030f) Importer(815301076,1909f56bfc062723c751e8b465ee728b) [PhysX] Initialized MultithreadedTaskDispatcher with 20 workers.
 -> (artifact id: '35ff6b4b0b015a28f9eca5f7355c61e8') in 0.000591 seconds
Number of updated asset objects reloaded before import = 0
Number of asset objects unloaded after import = 0
========================================================================
Received Import Request.
  Time since last request: 0.000019 seconds.
  path: Assets/Resources/Heroes/PracticeDummy.prefab
  artifactKey: Guid(8d37498fc89c1e14aa2c104660e6154e) Importer(815301076,1909f56bfc062723c751e8b465ee728b)
Start importing Assets/Resources/Heroes/PracticeDummy.prefab using Guid(8d37498fc89c1e14aa2c104660e6154e) Importer(815301076,1909f56bfc062723c751e8b465ee728b) [PhysX] Initialized MultithreadedTaskDispatcher with 20 workers.
 -> (artifact id: '87a4950ba9cd25a55022ebcd2d4d39a8') in 0.000586 seconds
Number of updated asset objects reloaded before import = 0
Number of asset objects unloaded after import = 0
========================================================================
Received Import Request.
  Time since last request: 0.000015 seconds.
  path: Assets/Resources/Heroes/Wolf.prefab
  artifactKey: Guid(d0cf469f29cc00d45b506a82b71f3f2f) Importer(815301076,1909f56bfc062723c751e8b465ee728b)
Start importing Assets/Resources/Heroes/Wolf.prefab using Guid(d0cf469f29cc00d45b506a82b71f3f2f) Importer(815301076,1909f56bfc062723c751e8b465ee728b) [PhysX] Initialized MultithreadedTaskDispatcher with 20 workers.
 -> (artifact id: '6ae3f2462349739cea1ea74b144f6423') in 0.000664 seconds
Number of updated asset objects reloaded before import = 0
Number of asset objects unloaded after import = 0
========================================================================
Received Import Request.
  Time since last request: 0.000017 seconds.
  path: Assets/Resources/Heroes/Wedger.prefab
  artifactKey: Guid(198da691453b89e4a818ba1939f3b3b6) Importer(815301076,1909f56bfc062723c751e8b465ee728b)
Start importing Assets/Resources/Heroes/Wedger.prefab using Guid(198da691453b89e4a818ba1939f3b3b6) Importer(815301076,1909f56bfc062723c751e8b465ee728b) [PhysX] Initialized MultithreadedTaskDispatcher with 20 workers.
 -> (artifact id: '1cba6acfdccbbee536bf2bf4ce32f8ab') in 0.000822 seconds
Number of updated asset objects reloaded before import = 0
Number of asset objects unloaded after import = 0
Editor requested this worker to shutdown with reason: Scaling down because of idle timeout
TcpMessagingSession - receive error
AssetImportWorkerClient::OnTransportError - code=2 error=End of file
AssetImportWorker is now disconnected from the server
Process exiting
Exiting without the bug reporter. Application will terminate with return code 0