Using pre-set license
Built from '2021.3/staging' branch; Version is '2021.3.5f1 (40eb3a945986) revision 4254522'; Using compiler version '192829333'; Build Type 'Release'
OS: 'Windows 8.1  (6.3.0) 64bit CoreSingleLanguage' Language: 'ru' Physical Memory: 3960 MB
BatchMode: 1, IsHumanControllingUs: 0, StartBugReporterOnCrash: 0, Is64bit: 1, IsPro: 1

COMMAND LINE ARGUMENTS:
C:\Program Files\Unity\Hub\Editor\2021.3.5f1\Editor\Unity.exe
-adb2
-batchMode
-noUpm
-name
AssetImportWorker11
-projectPath
C:/Users/admin/Documents/Unity projects/Universe Rift/UniverseRift
-logFile
Logs/AssetImportWorker11.log
-srvPort
55179
Successfully changed project path to: C:/Users/admin/Documents/Unity projects/Universe Rift/UniverseRift
C:/Users/admin/Documents/Unity projects/Universe Rift/UniverseRift
[UnityMemory] Configuration Parameters - Can be set up in boot.config
    "memorysetup-bucket-allocator-granularity=16"
    "memorysetup-bucket-allocator-bucket-count=8"
    "memorysetup-bucket-allocator-block-size=33554432"
    "memorysetup-bucket-allocator-block-count=8"
    "memorysetup-main-allocator-block-size=16777216"
    "memorysetup-thread-allocator-block-size=16777216"
    "memorysetup-gfx-main-allocator-block-size=16777216"
    "memorysetup-gfx-thread-allocator-block-size=16777216"
    "memorysetup-cache-allocator-block-size=4194304"
    "memorysetup-typetree-allocator-block-size=2097152"
    "memorysetup-profiler-bucket-allocator-granularity=16"
    "memorysetup-profiler-bucket-allocator-bucket-count=8"
    "memorysetup-profiler-bucket-allocator-block-size=33554432"
    "memorysetup-profiler-bucket-allocator-block-count=8"
    "memorysetup-profiler-allocator-block-size=16777216"
    "memorysetup-profiler-editor-allocator-block-size=1048576"
    "memorysetup-temp-allocator-size-main=16777216"
    "memorysetup-job-temp-allocator-block-size=2097152"
    "memorysetup-job-temp-allocator-block-size-background=1048576"
    "memorysetup-job-temp-allocator-reduction-small-platforms=262144"
    "memorysetup-temp-allocator-size-background-worker=32768"
    "memorysetup-temp-allocator-size-job-worker=262144"
    "memorysetup-temp-allocator-size-preload-manager=33554432"
    "memorysetup-temp-allocator-size-nav-mesh-worker=65536"
    "memorysetup-temp-allocator-size-audio-worker=65536"
    "memorysetup-temp-allocator-size-cloud-worker=32768"
    "memorysetup-temp-allocator-size-gi-baking-worker=262144"
    "memorysetup-temp-allocator-size-gfx=262144"
Refreshing native plugins compatible for Editor in 313.12 ms, found 1 plugins.
Preloading 0 native plugins for Editor in 0.00 ms.
Initialize engine version: 2021.3.5f1 (40eb3a945986)
[Subsystems] Discovering subsystems at path C:/Program Files/Unity/Hub/Editor/2021.3.5f1/Editor/Data/Resources/UnitySubsystems
[Subsystems] Discovering subsystems at path C:/Users/admin/Documents/Unity projects/Universe Rift/UniverseRift/Assets
GfxDevice: creating device client; threaded=0; jobified=0
d3d11: QueryInterface(IDXGIFactory5) failed (80004002).
Direct3D:
    Version:  Direct3D 11.0 [level 11.0]
    Renderer: Intel(R) HD Graphics 4000 (ID=0x166)
    Vendor:   Intel
    VRAM:     1760 MB
    Driver:   10.18.10.4276
Initialize mono
Mono path[0] = 'C:/Program Files/Unity/Hub/Editor/2021.3.5f1/Editor/Data/Managed'
Mono path[1] = 'C:/Program Files/Unity/Hub/Editor/2021.3.5f1/Editor/Data/MonoBleedingEdge/lib/mono/unityjit-win32'
Mono config path = 'C:/Program Files/Unity/Hub/Editor/2021.3.5f1/Editor/Data/MonoBleedingEdge/etc'
Using monoOptions --debugger-agent=transport=dt_socket,embedding=1,server=y,suspend=n,address=127.0.0.1:56480
Begin MonoManager ReloadAssembly
Registering precompiled unity dll's ...
Register platform support module: C:/Program Files/Unity/Hub/Editor/2021.3.5f1/Editor/Data/PlaybackEngines/AndroidPlayer/UnityEditor.Android.Extensions.dll
Register platform support module: C:/Program Files/Unity/Hub/Editor/2021.3.5f1/Editor/Data/PlaybackEngines/WindowsStandaloneSupport/UnityEditor.WindowsStandalone.Extensions.dll
Registered in 0.012892 seconds.
Native extension for WindowsStandalone target not found
Native extension for Android target not found
Refreshing native plugins compatible for Editor in 294.21 ms, found 1 plugins.
Preloading 0 native plugins for Editor in 0.00 ms.
Mono: successfully reloaded assembly
- Completed reload, in  2.277 seconds
Domain Reload Profiling:
	ReloadAssembly (2278ms)
		BeginReloadAssembly (202ms)
			ExecutionOrderSort (0ms)
			DisableScriptedObjects (0ms)
			BackupInstance (0ms)
			ReleaseScriptingObjects (0ms)
			CreateAndSetChildDomain (2ms)
		EndReloadAssembly (1714ms)
			LoadAssemblies (200ms)
			RebuildTransferFunctionScriptingTraits (0ms)
			SetupTypeCache (343ms)
			ReleaseScriptCaches (0ms)
			RebuildScriptCaches (81ms)
			SetupLoadedEditorAssemblies (1129ms)
				LogAssemblyErrors (0ms)
				InitializePlatformSupportModulesInManaged (189ms)
				SetLoadedEditorAssemblies (1ms)
				RefreshPlugins (294ms)
				BeforeProcessingInitializeOnLoad (4ms)
				ProcessInitializeOnLoadAttributes (445ms)
				ProcessInitializeOnLoadMethodAttributes (195ms)
				AfterProcessingInitializeOnLoad (0ms)
				EditorAssembliesLoaded (0ms)
			ExecutionOrderSort2 (0ms)
			AwakeInstancesAfterBackupRestoration (0ms)
Platform modules already initialized, skipping
Registering precompiled user dll's ...
Registered in 0.017834 seconds.
Android Extension - Scanning For ADB Devices 4963 ms
Begin MonoManager ReloadAssembly
Native extension for WindowsStandalone target not found
Native extension for Android target not found
Refreshing native plugins compatible for Editor in 314.27 ms, found 1 plugins.
Preloading 0 native plugins for Editor in 0.00 ms.
SocketException: Системе не удается найти указанный параметр среды.
  at System.Net.Sockets.Socket..ctor (System.Net.Sockets.AddressFamily addressFamily, System.Net.Sockets.SocketType socketType, System.Net.Sockets.ProtocolType protocolType) [0x00068] in <bbae6af52a2a4bd982f8fde9721d2c3b>:0 
  at System.Net.NetworkInformation.Ping.SendPrivileged (System.Net.IPAddress address, System.Int32 timeout, System.Byte[] buffer, System.Net.NetworkInformation.PingOptions options) [0x00008] in <bbae6af52a2a4bd982f8fde9721d2c3b>:0 
  at System.Net.NetworkInformation.Ping.Send (System.Net.IPAddress address, System.Int32 timeout, System.Byte[] buffer, System.Net.NetworkInformation.PingOptions options) [0x0004c] in <bbae6af52a2a4bd982f8fde9721d2c3b>:0 
  at System.Net.NetworkInformation.Ping.Send (System.String hostNameOrAddress, System.Int32 timeout, System.Byte[] buffer, System.Net.NetworkInformation.PingOptions options) [0x00007] in <bbae6af52a2a4bd982f8fde9721d2c3b>:0 
  at System.Net.NetworkInformation.Ping.Send (System.String hostNameOrAddress, System.Int32 timeout, System.Byte[] buffer) [0x00009] in <bbae6af52a2a4bd982f8fde9721d2c3b>:0 
  at System.Net.NetworkInformation.Ping.Send (System.String hostNameOrAddress, System.Int32 timeout) [0x00000] in <bbae6af52a2a4bd982f8fde9721d2c3b>:0 
  at (wrapper remoting-invoke-with-check) System.Net.NetworkInformation.Ping.Send(string,int)
  at UnityEditor.AddressableAssets.HostingServices.HostingServicesManager.FilterValidIPAddresses (System.Collections.Generic.List`1[T] ipAddresses) [0x0001c] in C:\Users\admin\Documents\Unity projects\Universe Rift\UniverseRift\Library\PackageCache\com.unity.addressables@1.19.19\Editor\HostingServices\HostingServicesManager.cs:550 
  at UnityEditor.AddressableAssets.HostingServices.HostingServicesManager.RefreshGlobalProfileVariables () [0x0000d] in C:\Users\admin\Documents\Unity projects\Universe Rift\UniverseRift\Library\PackageCache\com.unity.addressables@1.19.19\Editor\HostingServices\HostingServicesManager.cs:421 
  at UnityEditor.AddressableAssets.HostingServices.HostingServicesManager.OnEnable () [0x0010e] in C:\Users\admin\Documents\Unity projects\Universe Rift\UniverseRift\Library\PackageCache\com.unity.addressables@1.19.19\Editor\HostingServices\HostingServicesManager.cs:297 
  at UnityEditor.AddressableAssets.Settings.AddressableAssetSettings.OnEnable () [0x00000] in C:\Users\admin\Documents\Unity projects\Universe Rift\UniverseRift\Library\PackageCache\com.unity.addressables@1.19.19\Editor\Settings\AddressableAssetSettings.cs:1326 
UnityEditor.AssetDatabase:LoadAssetAtPath(String, Type)
UnityEditor.AssetDatabase:LoadAssetAtPath(String)
UnityEditor.AddressableAssets.AddressableAssetSettingsDefaultObject:LoadSettingsObject() (at Library\PackageCache\com.unity.addressables@1.19.19\Editor\AddressableAssetSettingsDefaultObject.cs:62)
UnityEditor.AddressableAssets.AddressableAssetSettingsDefaultObject:get_Settings() (at Library\PackageCache\com.unity.addressables@1.19.19\Editor\AddressableAssetSettingsDefaultObject.cs:114)
UnityEditor.AddressableAssets.AddressableEditorInitialization:.cctor() (at Library\PackageCache\com.unity.addressables@1.19.19\Editor\AddressableEditorInitialization.cs:20)
System.Runtime.CompilerServices.RuntimeHelpers:RunClassConstructor(IntPtr)
System.Runtime.CompilerServices.RuntimeHelpers:RunClassConstructor(RuntimeTypeHandle)
UnityEditor.EditorAssemblies:ProcessInitializeOnLoadAttributes(Type[])

(Filename: Library/PackageCache/com.unity.addressables@1.19.19/Editor/HostingServices/HostingServicesManager.cs Line: 550)

Mono: successfully reloaded assembly
- Completed reload, in  9.075 seconds
Domain Reload Profiling:
	ReloadAssembly (9077ms)
		BeginReloadAssembly (321ms)
			ExecutionOrderSort (0ms)
			DisableScriptedObjects (16ms)
			BackupInstance (0ms)
			ReleaseScriptingObjects (2ms)
			CreateAndSetChildDomain (41ms)
		EndReloadAssembly (8366ms)
			LoadAssemblies (210ms)
			RebuildTransferFunctionScriptingTraits (0ms)
			SetupTypeCache (877ms)
			ReleaseScriptCaches (2ms)
			RebuildScriptCaches (262ms)
			SetupLoadedEditorAssemblies (6834ms)
				LogAssemblyErrors (0ms)
				InitializePlatformSupportModulesInManaged (36ms)
				SetLoadedEditorAssemblies (1ms)
				RefreshPlugins (314ms)
				BeforeProcessingInitializeOnLoad (332ms)
				ProcessInitializeOnLoadAttributes (4584ms)
				ProcessInitializeOnLoadMethodAttributes (1553ms)
				AfterProcessingInitializeOnLoad (12ms)
				EditorAssembliesLoaded (0ms)
			ExecutionOrderSort2 (0ms)
			AwakeInstancesAfterBackupRestoration (30ms)
Platform modules already initialized, skipping
========================================================================
Worker process is ready to serve import requests
Launched and connected shader compiler UnityShaderCompiler.exe after 0.20 seconds
Refreshing native plugins compatible for Editor in 2.35 ms, found 1 plugins.
Preloading 0 native plugins for Editor in 0.00 ms.
Unloading 5209 Unused Serialized files (Serialized files now loaded: 0)
Unloading 76 unused Assets / (2.5 MB). Loaded Objects now: 5705.
Memory consumption went from 216.0 MB to 213.6 MB.
Total: 64.003389 ms (FindLiveObjects: 1.719666 ms CreateObjectMapping: 0.632901 ms MarkObjects: 59.942560 ms  DeleteObjects: 1.704841 ms)

AssetImportParameters requested are different than current active one (requested -> active):
  custom:video-decoder-ogg-theora: a1e56fd34408186e4bbccfd4996cb3dc -> 
  custom:container-muxer-webm: aa71ff27fc2769a1b78a27578f13a17b -> 
  custom:container-demuxer-webm: 4f35f7cbe854078d1ac9338744f61a02 -> 
  custom:video-encoder-webm-vp8: eb34c28f22e8b96e1ab97ce403110664 -> 
  custom:audio-encoder-webm-vorbis: bf7c407c2cedff20999df2af8eb42d56 -> 
  custom:framework-win-MediaFoundation: 216162199b28c13a410421893ffa2e32 -> 
  custom:container-demuxer-ogg: 62fdf1f143b41e24485cea50d1cbac27 -> 
  custom:video-decoder-webm-vp8: 9c59270c3fd7afecdb556c50c9e8de78 -> 
  custom:audio-decoder-ogg-vorbis: bf7c407c2cedff20999df2af8eb42d56 -> 
========================================================================
Received Import Request.
  Time since last request: 250261.043467 seconds.
  path: Assets/Resources/Heroes/2101.prefab
  artifactKey: Guid(27b8231d5ee082c4584973c5fdf14513) Importer(815301076,1909f56bfc062723c751e8b465ee728b)
Start importing Assets/Resources/Heroes/2101.prefab using Guid(27b8231d5ee082c4584973c5fdf14513) Importer(815301076,1909f56bfc062723c751e8b465ee728b)  -> (artifact id: 'bf8029636c19f592216272c6095486a6') in 0.615180 seconds 
========================================================================
Received Import Request.
  Time since last request: 0.000133 seconds.
  path: Assets/Resources/Heroes/5301.prefab
  artifactKey: Guid(7dc22cb2a3a8b6740b87759e108b3d58) Importer(815301076,1909f56bfc062723c751e8b465ee728b)
Start importing Assets/Resources/Heroes/5301.prefab using Guid(7dc22cb2a3a8b6740b87759e108b3d58) Importer(815301076,1909f56bfc062723c751e8b465ee728b)  -> (artifact id: '150dd9c85737e906d72dae1e31e1f445') in 0.093651 seconds 
========================================================================
Received Import Request.
  Time since last request: 0.000129 seconds.
  path: Assets/Resources/Heroes/1201.prefab
  artifactKey: Guid(918b87c71973a7a4f8761c9879c13377) Importer(815301076,1909f56bfc062723c751e8b465ee728b)
Start importing Assets/Resources/Heroes/1201.prefab using Guid(918b87c71973a7a4f8761c9879c13377) Importer(815301076,1909f56bfc062723c751e8b465ee728b)  -> (artifact id: '1b5a80694d52e4f8877ae3bd672ed90a') in 0.090559 seconds 
========================================================================
Received Import Request.
  Time since last request: 0.000042 seconds.
  path: Assets/Resources/Heroes/4101.prefab
  artifactKey: Guid(1c29df261246fd4478dda592b9748588) Importer(815301076,1909f56bfc062723c751e8b465ee728b)
Start importing Assets/Resources/Heroes/4101.prefab using Guid(1c29df261246fd4478dda592b9748588) Importer(815301076,1909f56bfc062723c751e8b465ee728b)  -> (artifact id: '57dd8c98c7d386692eae943059264455') in 0.125342 seconds 
========================================================================
Received Import Request.
  Time since last request: 0.000056 seconds.
  path: Assets/Resources/Heroes/1104.prefab
  artifactKey: Guid(fa407fa3b785cee418245e63a908030f) Importer(815301076,1909f56bfc062723c751e8b465ee728b)
Start importing Assets/Resources/Heroes/1104.prefab using Guid(fa407fa3b785cee418245e63a908030f) Importer(815301076,1909f56bfc062723c751e8b465ee728b)  -> (artifact id: 'dfa681570f1d1e43c1deaa3437a85e4c') in 0.172906 seconds 
========================================================================
Received Import Request.
  Time since last request: 0.000080 seconds.
  path: Assets/Resources/Heroes/1102.prefab
  artifactKey: Guid(f47f4a73a5f9d6f4289c5c396fd5db7a) Importer(815301076,1909f56bfc062723c751e8b465ee728b)
Start importing Assets/Resources/Heroes/1102.prefab using Guid(f47f4a73a5f9d6f4289c5c396fd5db7a) Importer(815301076,1909f56bfc062723c751e8b465ee728b)  -> (artifact id: '466f5bc5227cdfd6edcb887f7734ce3c') in 0.145682 seconds 
========================================================================
Received Import Request.
  Time since last request: 0.000054 seconds.
  path: Assets/Resources/Heroes/2401.prefab
  artifactKey: Guid(8d37498fc89c1e14aa2c104660e6154e) Importer(815301076,1909f56bfc062723c751e8b465ee728b)
Start importing Assets/Resources/Heroes/2401.prefab using Guid(8d37498fc89c1e14aa2c104660e6154e) Importer(815301076,1909f56bfc062723c751e8b465ee728b)  -> (artifact id: '835b6162df175fc1593eefa9134dbdd5') in 0.180125 seconds 
========================================================================
Received Import Request.
  Time since last request: 0.000068 seconds.
  path: Assets/Resources/Heroes/3101.prefab
  artifactKey: Guid(328179d3fef4df54cb570d5fc02255a4) Importer(815301076,1909f56bfc062723c751e8b465ee728b)
Start importing Assets/Resources/Heroes/3101.prefab using Guid(328179d3fef4df54cb570d5fc02255a4) Importer(815301076,1909f56bfc062723c751e8b465ee728b)  -> (artifact id: 'd43122ebe4e58be8324426e2d8014f95') in 0.107430 seconds 
========================================================================
Received Import Request.
  Time since last request: 0.000045 seconds.
  path: Assets/Resources/Heroes/4102.prefab
  artifactKey: Guid(d0cf469f29cc00d45b506a82b71f3f2f) Importer(815301076,1909f56bfc062723c751e8b465ee728b)
Start importing Assets/Resources/Heroes/4102.prefab using Guid(d0cf469f29cc00d45b506a82b71f3f2f) Importer(815301076,1909f56bfc062723c751e8b465ee728b)  -> (artifact id: 'f11288b0d77d1b86b0acb00f55ba415a') in 0.123692 seconds 
========================================================================
Received Import Request.
  Time since last request: 0.000051 seconds.
  path: Assets/Resources/Heroes/1101.prefab
  artifactKey: Guid(198da691453b89e4a818ba1939f3b3b6) Importer(815301076,1909f56bfc062723c751e8b465ee728b)
Start importing Assets/Resources/Heroes/1101.prefab using Guid(198da691453b89e4a818ba1939f3b3b6) Importer(815301076,1909f56bfc062723c751e8b465ee728b)  -> (artifact id: '71d08b92956cd201a995b182699e99bf') in 0.123994 seconds 
========================================================================
Received Import Request.
  Time since last request: 0.000086 seconds.
  path: Assets/Resources/Heroes/3501.prefab
  artifactKey: Guid(c96294a77a7044a48b598246e992b2fd) Importer(815301076,1909f56bfc062723c751e8b465ee728b)
Start importing Assets/Resources/Heroes/3501.prefab using Guid(c96294a77a7044a48b598246e992b2fd) Importer(815301076,1909f56bfc062723c751e8b465ee728b)  -> (artifact id: 'd3f33c7bbcd5ab01361a92feb38fa9b3') in 0.198476 seconds 
========================================================================
Received Prepare
Registering precompiled user dll's ...
Registered in 0.087336 seconds.
Begin MonoManager ReloadAssembly
Native extension for WindowsStandalone target not found
Native extension for Android target not found
Refreshing native plugins compatible for Editor in 30.57 ms, found 1 plugins.
Preloading 0 native plugins for Editor in 0.00 ms.
SocketException: Системе не удается найти указанный параметр среды.
  at System.Net.Sockets.Socket..ctor (System.Net.Sockets.AddressFamily addressFamily, System.Net.Sockets.SocketType socketType, System.Net.Sockets.ProtocolType protocolType) [0x00068] in <bbae6af52a2a4bd982f8fde9721d2c3b>:0 
  at System.Net.NetworkInformation.Ping.SendPrivileged (System.Net.IPAddress address, System.Int32 timeout, System.Byte[] buffer, System.Net.NetworkInformation.PingOptions options) [0x00008] in <bbae6af52a2a4bd982f8fde9721d2c3b>:0 
  at System.Net.NetworkInformation.Ping.Send (System.Net.IPAddress address, System.Int32 timeout, System.Byte[] buffer, System.Net.NetworkInformation.PingOptions options) [0x0004c] in <bbae6af52a2a4bd982f8fde9721d2c3b>:0 
  at System.Net.NetworkInformation.Ping.Send (System.String hostNameOrAddress, System.Int32 timeout, System.Byte[] buffer, System.Net.NetworkInformation.PingOptions options) [0x00007] in <bbae6af52a2a4bd982f8fde9721d2c3b>:0 
  at System.Net.NetworkInformation.Ping.Send (System.String hostNameOrAddress, System.Int32 timeout, System.Byte[] buffer) [0x00009] in <bbae6af52a2a4bd982f8fde9721d2c3b>:0 
  at System.Net.NetworkInformation.Ping.Send (System.String hostNameOrAddress, System.Int32 timeout) [0x00000] in <bbae6af52a2a4bd982f8fde9721d2c3b>:0 
  at (wrapper remoting-invoke-with-check) System.Net.NetworkInformation.Ping.Send(string,int)
  at UnityEditor.AddressableAssets.HostingServices.HostingServicesManager.FilterValidIPAddresses (System.Collections.Generic.List`1[T] ipAddresses) [0x0001c] in C:\Users\admin\Documents\Unity projects\Universe Rift\UniverseRift\Library\PackageCache\com.unity.addressables@1.19.19\Editor\HostingServices\HostingServicesManager.cs:550 
  at UnityEditor.AddressableAssets.HostingServices.HostingServicesManager.RefreshGlobalProfileVariables () [0x0000d] in C:\Users\admin\Documents\Unity projects\Universe Rift\UniverseRift\Library\PackageCache\com.unity.addressables@1.19.19\Editor\HostingServices\HostingServicesManager.cs:421 
  at UnityEditor.AddressableAssets.HostingServices.HostingServicesManager.OnEnable () [0x0010e] in C:\Users\admin\Documents\Unity projects\Universe Rift\UniverseRift\Library\PackageCache\com.unity.addressables@1.19.19\Editor\HostingServices\HostingServicesManager.cs:297 
  at UnityEditor.AddressableAssets.Settings.AddressableAssetSettings.OnEnable () [0x00000] in C:\Users\admin\Documents\Unity projects\Universe Rift\UniverseRift\Library\PackageCache\com.unity.addressables@1.19.19\Editor\Settings\AddressableAssetSettings.cs:1326 

(Filename: Library/PackageCache/com.unity.addressables@1.19.19/Editor/HostingServices/HostingServicesManager.cs Line: 550)

Mono: successfully reloaded assembly
- Completed reload, in 47.322 seconds
Domain Reload Profiling:
	ReloadAssembly (47360ms)
		BeginReloadAssembly (20561ms)
			ExecutionOrderSort (0ms)
			DisableScriptedObjects (2415ms)
			BackupInstance (0ms)
			ReleaseScriptingObjects (0ms)
			CreateAndSetChildDomain (6097ms)
		EndReloadAssembly (25972ms)
			LoadAssemblies (27633ms)
			RebuildTransferFunctionScriptingTraits (36ms)
			SetupTypeCache (1342ms)
			ReleaseScriptCaches (20ms)
			RebuildScriptCaches (1284ms)
			SetupLoadedEditorAssemblies (4614ms)
				LogAssemblyErrors (0ms)
				InitializePlatformSupportModulesInManaged (120ms)
				SetLoadedEditorAssemblies (10ms)
				RefreshPlugins (31ms)
				BeforeProcessingInitializeOnLoad (354ms)
				ProcessInitializeOnLoadAttributes (3234ms)
				ProcessInitializeOnLoadMethodAttributes (847ms)
				AfterProcessingInitializeOnLoad (18ms)
				EditorAssembliesLoaded (0ms)
			ExecutionOrderSort2 (0ms)
			AwakeInstancesAfterBackupRestoration (371ms)
Platform modules already initialized, skipping
Refreshing native plugins compatible for Editor in 163.24 ms, found 1 plugins.
Preloading 0 native plugins for Editor in 0.00 ms.
Unloading 5093 Unused Serialized files (Serialized files now loaded: 0)
Unloading 54 unused Assets / (2.4 MB). Loaded Objects now: 5727.
Memory consumption went from 213.9 MB to 211.5 MB.
Total: 332.899616 ms (FindLiveObjects: 13.488772 ms CreateObjectMapping: 0.784569 ms MarkObjects: 304.500610 ms  DeleteObjects: 14.120533 ms)

AssetImportParameters requested are different than current active one (requested -> active):
  custom:video-decoder-ogg-theora: a1e56fd34408186e4bbccfd4996cb3dc -> 
  custom:container-muxer-webm: aa71ff27fc2769a1b78a27578f13a17b -> 
  custom:container-demuxer-webm: 4f35f7cbe854078d1ac9338744f61a02 -> 
  custom:video-encoder-webm-vp8: eb34c28f22e8b96e1ab97ce403110664 -> 
  custom:audio-encoder-webm-vorbis: bf7c407c2cedff20999df2af8eb42d56 -> 
  custom:framework-win-MediaFoundation: 216162199b28c13a410421893ffa2e32 -> 
  custom:container-demuxer-ogg: 62fdf1f143b41e24485cea50d1cbac27 -> 
  custom:video-decoder-webm-vp8: 9c59270c3fd7afecdb556c50c9e8de78 -> 
  custom:audio-decoder-ogg-vorbis: bf7c407c2cedff20999df2af8eb42d56 -> 
========================================================================
Received Prepare
Registering precompiled user dll's ...
Registered in 0.133561 seconds.
Begin MonoManager ReloadAssembly
Native extension for WindowsStandalone target not found
Native extension for Android target not found
Refreshing native plugins compatible for Editor in 23.56 ms, found 1 plugins.
Preloading 0 native plugins for Editor in 0.00 ms.
SocketException: Системе не удается найти указанный параметр среды.
  at System.Net.Sockets.Socket..ctor (System.Net.Sockets.AddressFamily addressFamily, System.Net.Sockets.SocketType socketType, System.Net.Sockets.ProtocolType protocolType) [0x00068] in <bbae6af52a2a4bd982f8fde9721d2c3b>:0 
  at System.Net.NetworkInformation.Ping.SendPrivileged (System.Net.IPAddress address, System.Int32 timeout, System.Byte[] buffer, System.Net.NetworkInformation.PingOptions options) [0x00008] in <bbae6af52a2a4bd982f8fde9721d2c3b>:0 
  at System.Net.NetworkInformation.Ping.Send (System.Net.IPAddress address, System.Int32 timeout, System.Byte[] buffer, System.Net.NetworkInformation.PingOptions options) [0x0004c] in <bbae6af52a2a4bd982f8fde9721d2c3b>:0 
  at System.Net.NetworkInformation.Ping.Send (System.String hostNameOrAddress, System.Int32 timeout, System.Byte[] buffer, System.Net.NetworkInformation.PingOptions options) [0x00007] in <bbae6af52a2a4bd982f8fde9721d2c3b>:0 
  at System.Net.NetworkInformation.Ping.Send (System.String hostNameOrAddress, System.Int32 timeout, System.Byte[] buffer) [0x00009] in <bbae6af52a2a4bd982f8fde9721d2c3b>:0 
  at System.Net.NetworkInformation.Ping.Send (System.String hostNameOrAddress, System.Int32 timeout) [0x00000] in <bbae6af52a2a4bd982f8fde9721d2c3b>:0 
  at (wrapper remoting-invoke-with-check) System.Net.NetworkInformation.Ping.Send(string,int)
  at UnityEditor.AddressableAssets.HostingServices.HostingServicesManager.FilterValidIPAddresses (System.Collections.Generic.List`1[T] ipAddresses) [0x0001c] in C:\Users\admin\Documents\Unity projects\Universe Rift\UniverseRift\Library\PackageCache\com.unity.addressables@1.19.19\Editor\HostingServices\HostingServicesManager.cs:550 
  at UnityEditor.AddressableAssets.HostingServices.HostingServicesManager.RefreshGlobalProfileVariables () [0x0000d] in C:\Users\admin\Documents\Unity projects\Universe Rift\UniverseRift\Library\PackageCache\com.unity.addressables@1.19.19\Editor\HostingServices\HostingServicesManager.cs:421 
  at UnityEditor.AddressableAssets.HostingServices.HostingServicesManager.OnEnable () [0x0010e] in C:\Users\admin\Documents\Unity projects\Universe Rift\UniverseRift\Library\PackageCache\com.unity.addressables@1.19.19\Editor\HostingServices\HostingServicesManager.cs:297 
  at UnityEditor.AddressableAssets.Settings.AddressableAssetSettings.OnEnable () [0x00000] in C:\Users\admin\Documents\Unity projects\Universe Rift\UniverseRift\Library\PackageCache\com.unity.addressables@1.19.19\Editor\Settings\AddressableAssetSettings.cs:1326 

(Filename: Library/PackageCache/com.unity.addressables@1.19.19/Editor/HostingServices/HostingServicesManager.cs Line: 550)

Mono: successfully reloaded assembly
- Completed reload, in 19.714 seconds
Domain Reload Profiling:
	ReloadAssembly (19752ms)
		BeginReloadAssembly (6045ms)
			ExecutionOrderSort (0ms)
			DisableScriptedObjects (1502ms)
			BackupInstance (0ms)
			ReleaseScriptingObjects (0ms)
			CreateAndSetChildDomain (2369ms)
		EndReloadAssembly (13205ms)
			LoadAssemblies (737ms)
			RebuildTransferFunctionScriptingTraits (0ms)
			SetupTypeCache (4588ms)
			ReleaseScriptCaches (148ms)
			RebuildScriptCaches (2332ms)
			SetupLoadedEditorAssemblies (4996ms)
				LogAssemblyErrors (0ms)
				InitializePlatformSupportModulesInManaged (58ms)
				SetLoadedEditorAssemblies (1ms)
				RefreshPlugins (24ms)
				BeforeProcessingInitializeOnLoad (504ms)
				ProcessInitializeOnLoadAttributes (3420ms)
				ProcessInitializeOnLoadMethodAttributes (947ms)
				AfterProcessingInitializeOnLoad (25ms)
				EditorAssembliesLoaded (17ms)
			ExecutionOrderSort2 (0ms)
			AwakeInstancesAfterBackupRestoration (441ms)
Platform modules already initialized, skipping
Refreshing native plugins compatible for Editor in 381.72 ms, found 1 plugins.
Preloading 0 native plugins for Editor in 0.00 ms.
Unloading 5093 Unused Serialized files (Serialized files now loaded: 0)
Unloading 52 unused Assets / (2.4 MB). Loaded Objects now: 5742.
Memory consumption went from 213.9 MB to 211.5 MB.
Total: 175.125397 ms (FindLiveObjects: 0.842157 ms CreateObjectMapping: 0.482373 ms MarkObjects: 171.633038 ms  DeleteObjects: 2.163837 ms)

AssetImportParameters requested are different than current active one (requested -> active):
  custom:video-decoder-ogg-theora: a1e56fd34408186e4bbccfd4996cb3dc -> 
  custom:container-muxer-webm: aa71ff27fc2769a1b78a27578f13a17b -> 
  custom:container-demuxer-webm: 4f35f7cbe854078d1ac9338744f61a02 -> 
  custom:video-encoder-webm-vp8: eb34c28f22e8b96e1ab97ce403110664 -> 
  custom:audio-encoder-webm-vorbis: bf7c407c2cedff20999df2af8eb42d56 -> 
  custom:framework-win-MediaFoundation: 216162199b28c13a410421893ffa2e32 -> 
  custom:container-demuxer-ogg: 62fdf1f143b41e24485cea50d1cbac27 -> 
  custom:video-decoder-webm-vp8: 9c59270c3fd7afecdb556c50c9e8de78 -> 
  custom:audio-decoder-ogg-vorbis: bf7c407c2cedff20999df2af8eb42d56 -> 
========================================================================
Received Import Request.
  Time since last request: 1145.019740 seconds.
  path: Assets/Scripts/Fight/HeroControllerS
  artifactKey: Guid(a00bcea59421ff14fa4d25832759ba69) Importer(815301076,1909f56bfc062723c751e8b465ee728b)
Start importing Assets/Scripts/Fight/HeroControllerS using Guid(a00bcea59421ff14fa4d25832759ba69) Importer(815301076,1909f56bfc062723c751e8b465ee728b)  -> (artifact id: 'bb0d8a33e531d64282699639fce604b6') in 0.079722 seconds 
========================================================================
Received Import Request.
  Time since last request: 25.612868 seconds.
  path: Assets/Scripts/Fight/HeroControllerS/RobinController.cs
  artifactKey: Guid(391b41eda8b4e974cac4c742daa446a1) Importer(815301076,1909f56bfc062723c751e8b465ee728b)
Start importing Assets/Scripts/Fight/HeroControllerS/RobinController.cs using Guid(391b41eda8b4e974cac4c742daa446a1) Importer(815301076,1909f56bfc062723c751e8b465ee728b)  -> (artifact id: 'ee9b7b478f3bc738214bbe45c7e4a444') in 2.089533 seconds 
========================================================================
Received Prepare
Registering precompiled user dll's ...
Registered in 0.020133 seconds.
Begin MonoManager ReloadAssembly
Native extension for WindowsStandalone target not found
Native extension for Android target not found
Refreshing native plugins compatible for Editor in 2.27 ms, found 1 plugins.
Preloading 0 native plugins for Editor in 0.00 ms.
SocketException: Системе не удается найти указанный параметр среды.
  at System.Net.Sockets.Socket..ctor (System.Net.Sockets.AddressFamily addressFamily, System.Net.Sockets.SocketType socketType, System.Net.Sockets.ProtocolType protocolType) [0x00068] in <bbae6af52a2a4bd982f8fde9721d2c3b>:0 
  at System.Net.NetworkInformation.Ping.SendPrivileged (System.Net.IPAddress address, System.Int32 timeout, System.Byte[] buffer, System.Net.NetworkInformation.PingOptions options) [0x00008] in <bbae6af52a2a4bd982f8fde9721d2c3b>:0 
  at System.Net.NetworkInformation.Ping.Send (System.Net.IPAddress address, System.Int32 timeout, System.Byte[] buffer, System.Net.NetworkInformation.PingOptions options) [0x0004c] in <bbae6af52a2a4bd982f8fde9721d2c3b>:0 
  at System.Net.NetworkInformation.Ping.Send (System.String hostNameOrAddress, System.Int32 timeout, System.Byte[] buffer, System.Net.NetworkInformation.PingOptions options) [0x00007] in <bbae6af52a2a4bd982f8fde9721d2c3b>:0 
  at System.Net.NetworkInformation.Ping.Send (System.String hostNameOrAddress, System.Int32 timeout, System.Byte[] buffer) [0x00009] in <bbae6af52a2a4bd982f8fde9721d2c3b>:0 
  at System.Net.NetworkInformation.Ping.Send (System.String hostNameOrAddress, System.Int32 timeout) [0x00000] in <bbae6af52a2a4bd982f8fde9721d2c3b>:0 
  at (wrapper remoting-invoke-with-check) System.Net.NetworkInformation.Ping.Send(string,int)
  at UnityEditor.AddressableAssets.HostingServices.HostingServicesManager.FilterValidIPAddresses (System.Collections.Generic.List`1[T] ipAddresses) [0x0001c] in C:\Users\admin\Documents\Unity projects\Universe Rift\UniverseRift\Library\PackageCache\com.unity.addressables@1.19.19\Editor\HostingServices\HostingServicesManager.cs:550 
  at UnityEditor.AddressableAssets.HostingServices.HostingServicesManager.RefreshGlobalProfileVariables () [0x0000d] in C:\Users\admin\Documents\Unity projects\Universe Rift\UniverseRift\Library\PackageCache\com.unity.addressables@1.19.19\Editor\HostingServices\HostingServicesManager.cs:421 
  at UnityEditor.AddressableAssets.HostingServices.HostingServicesManager.OnEnable () [0x0010e] in C:\Users\admin\Documents\Unity projects\Universe Rift\UniverseRift\Library\PackageCache\com.unity.addressables@1.19.19\Editor\HostingServices\HostingServicesManager.cs:297 
  at UnityEditor.AddressableAssets.Settings.AddressableAssetSettings.OnEnable () [0x00000] in C:\Users\admin\Documents\Unity projects\Universe Rift\UniverseRift\Library\PackageCache\com.unity.addressables@1.19.19\Editor\Settings\AddressableAssetSettings.cs:1326 

(Filename: Library/PackageCache/com.unity.addressables@1.19.19/Editor/HostingServices/HostingServicesManager.cs Line: 550)

Mono: successfully reloaded assembly
- Completed reload, in 20.916 seconds
Domain Reload Profiling:
	ReloadAssembly (20999ms)
		BeginReloadAssembly (10657ms)
			ExecutionOrderSort (0ms)
			DisableScriptedObjects (1903ms)
			BackupInstance (0ms)
			ReleaseScriptingObjects (0ms)
			CreateAndSetChildDomain (6376ms)
		EndReloadAssembly (9696ms)
			LoadAssemblies (563ms)
			RebuildTransferFunctionScriptingTraits (0ms)
			SetupTypeCache (1730ms)
			ReleaseScriptCaches (15ms)
			RebuildScriptCaches (643ms)
			SetupLoadedEditorAssemblies (6309ms)
				LogAssemblyErrors (0ms)
				InitializePlatformSupportModulesInManaged (108ms)
				SetLoadedEditorAssemblies (17ms)
				RefreshPlugins (2ms)
				BeforeProcessingInitializeOnLoad (623ms)
				ProcessInitializeOnLoadAttributes (4309ms)
				ProcessInitializeOnLoadMethodAttributes (1238ms)
				AfterProcessingInitializeOnLoad (12ms)
				EditorAssembliesLoaded (0ms)
			ExecutionOrderSort2 (0ms)
			AwakeInstancesAfterBackupRestoration (420ms)
Platform modules already initialized, skipping
Refreshing native plugins compatible for Editor in 604.44 ms, found 1 plugins.
Preloading 0 native plugins for Editor in 0.00 ms.
Unloading 5094 Unused Serialized files (Serialized files now loaded: 0)
Unloading 52 unused Assets / (2.4 MB). Loaded Objects now: 5758.
Memory consumption went from 214.0 MB to 211.6 MB.
Total: 64.466946 ms (FindLiveObjects: 0.726981 ms CreateObjectMapping: 0.453294 ms MarkObjects: 61.388539 ms  DeleteObjects: 1.894712 ms)

AssetImportParameters requested are different than current active one (requested -> active):
  custom:video-decoder-ogg-theora: a1e56fd34408186e4bbccfd4996cb3dc -> 
  custom:container-muxer-webm: aa71ff27fc2769a1b78a27578f13a17b -> 
  custom:container-demuxer-webm: 4f35f7cbe854078d1ac9338744f61a02 -> 
  custom:video-encoder-webm-vp8: eb34c28f22e8b96e1ab97ce403110664 -> 
  custom:audio-encoder-webm-vorbis: bf7c407c2cedff20999df2af8eb42d56 -> 
  custom:framework-win-MediaFoundation: 216162199b28c13a410421893ffa2e32 -> 
  custom:container-demuxer-ogg: 62fdf1f143b41e24485cea50d1cbac27 -> 
  custom:video-decoder-webm-vp8: 9c59270c3fd7afecdb556c50c9e8de78 -> 
  custom:audio-decoder-ogg-vorbis: bf7c407c2cedff20999df2af8eb42d56 -> 
========================================================================
Received Import Request.
  Time since last request: 925.033060 seconds.
  path: Assets/Scripts/Fight/HeroControllerS/RobinController.cs
  artifactKey: Guid(391b41eda8b4e974cac4c742daa446a1) Importer(815301076,1909f56bfc062723c751e8b465ee728b)
Start importing Assets/Scripts/Fight/HeroControllerS/RobinController.cs using Guid(391b41eda8b4e974cac4c742daa446a1) Importer(815301076,1909f56bfc062723c751e8b465ee728b)  -> (artifact id: '99fd5ea92f2c28f974ea025ff771432f') in 0.035057 seconds 
========================================================================
Received Import Request.
  Time since last request: 144.464076 seconds.
  path: Assets/Scripts/Fight/HeroControllerS/HeroControllerScript.cs
  artifactKey: Guid(3bedd7066d72d144589d891cb6556798) Importer(815301076,1909f56bfc062723c751e8b465ee728b)
Start importing Assets/Scripts/Fight/HeroControllerS/HeroControllerScript.cs using Guid(3bedd7066d72d144589d891cb6556798) Importer(815301076,1909f56bfc062723c751e8b465ee728b)  -> (artifact id: 'fcaa4511ebc98186e0f5233c29371741') in 0.016495 seconds 
========================================================================
Received Import Request.
  Time since last request: 7.241135 seconds.
  path: Assets/Scripts/Fight/HeroControllers
  artifactKey: Guid(a00bcea59421ff14fa4d25832759ba69) Importer(815301076,1909f56bfc062723c751e8b465ee728b)
Start importing Assets/Scripts/Fight/HeroControllers using Guid(a00bcea59421ff14fa4d25832759ba69) Importer(815301076,1909f56bfc062723c751e8b465ee728b)  -> (artifact id: 'd1fce29c8e10c40050974e5852ddc05c') in 0.020511 seconds 
========================================================================
Received Import Request.
  Time since last request: 157.005007 seconds.
  path: Assets/Scripts/Fight/HeroControllers/Robin
  artifactKey: Guid(2501166a3abaa2042b17e548678d9982) Importer(815301076,1909f56bfc062723c751e8b465ee728b)
Start importing Assets/Scripts/Fight/HeroControllers/Robin using Guid(2501166a3abaa2042b17e548678d9982) Importer(815301076,1909f56bfc062723c751e8b465ee728b)  -> (artifact id: '412c7c8ca69a4d870c7ff447092a90ae') in 0.027323 seconds 
========================================================================
Received Import Request.
  Time since last request: 11.217062 seconds.
  path: Assets/Scripts/Fight/HeroControllers/Robin/RobinArrow.cs
  artifactKey: Guid(e1a1e86ec4fac974baeed8cb43242d41) Importer(815301076,1909f56bfc062723c751e8b465ee728b)
Start importing Assets/Scripts/Fight/HeroControllers/Robin/RobinArrow.cs using Guid(e1a1e86ec4fac974baeed8cb43242d41) Importer(815301076,1909f56bfc062723c751e8b465ee728b)  -> (artifact id: '606ab4dea6300a35781b212de4f26bc6') in 0.027603 seconds 
========================================================================
Received Import Request.
  Time since last request: 1613.490453 seconds.
  path: Assets/Scripts/Fight/HeroControllers/Robin/RobinController.cs
  artifactKey: Guid(391b41eda8b4e974cac4c742daa446a1) Importer(815301076,1909f56bfc062723c751e8b465ee728b)
Start importing Assets/Scripts/Fight/HeroControllers/Robin/RobinController.cs using Guid(391b41eda8b4e974cac4c742daa446a1) Importer(815301076,1909f56bfc062723c751e8b465ee728b)  -> (artifact id: '5ce843009b02b4dddf24b1aff5e44c1c') in 0.575878 seconds 
========================================================================
Received Prepare
Registering precompiled user dll's ...
Registered in 0.164282 seconds.
Begin MonoManager ReloadAssembly
Native extension for WindowsStandalone target not found
Native extension for Android target not found
Refreshing native plugins compatible for Editor in 12.73 ms, found 1 plugins.
Preloading 0 native plugins for Editor in 0.00 ms.
SocketException: Системе не удается найти указанный параметр среды.
  at System.Net.Sockets.Socket..ctor (System.Net.Sockets.AddressFamily addressFamily, System.Net.Sockets.SocketType socketType, System.Net.Sockets.ProtocolType protocolType) [0x00068] in <bbae6af52a2a4bd982f8fde9721d2c3b>:0 
  at System.Net.NetworkInformation.Ping.SendPrivileged (System.Net.IPAddress address, System.Int32 timeout, System.Byte[] buffer, System.Net.NetworkInformation.PingOptions options) [0x00008] in <bbae6af52a2a4bd982f8fde9721d2c3b>:0 
  at System.Net.NetworkInformation.Ping.Send (System.Net.IPAddress address, System.Int32 timeout, System.Byte[] buffer, System.Net.NetworkInformation.PingOptions options) [0x0004c] in <bbae6af52a2a4bd982f8fde9721d2c3b>:0 
  at System.Net.NetworkInformation.Ping.Send (System.String hostNameOrAddress, System.Int32 timeout, System.Byte[] buffer, System.Net.NetworkInformation.PingOptions options) [0x00007] in <bbae6af52a2a4bd982f8fde9721d2c3b>:0 
  at System.Net.NetworkInformation.Ping.Send (System.String hostNameOrAddress, System.Int32 timeout, System.Byte[] buffer) [0x00009] in <bbae6af52a2a4bd982f8fde9721d2c3b>:0 
  at System.Net.NetworkInformation.Ping.Send (System.String hostNameOrAddress, System.Int32 timeout) [0x00000] in <bbae6af52a2a4bd982f8fde9721d2c3b>:0 
  at (wrapper remoting-invoke-with-check) System.Net.NetworkInformation.Ping.Send(string,int)
  at UnityEditor.AddressableAssets.HostingServices.HostingServicesManager.FilterValidIPAddresses (System.Collections.Generic.List`1[T] ipAddresses) [0x0001c] in C:\Users\admin\Documents\Unity projects\Universe Rift\UniverseRift\Library\PackageCache\com.unity.addressables@1.19.19\Editor\HostingServices\HostingServicesManager.cs:550 
  at UnityEditor.AddressableAssets.HostingServices.HostingServicesManager.RefreshGlobalProfileVariables () [0x0000d] in C:\Users\admin\Documents\Unity projects\Universe Rift\UniverseRift\Library\PackageCache\com.unity.addressables@1.19.19\Editor\HostingServices\HostingServicesManager.cs:421 
  at UnityEditor.AddressableAssets.HostingServices.HostingServicesManager.OnEnable () [0x0010e] in C:\Users\admin\Documents\Unity projects\Universe Rift\UniverseRift\Library\PackageCache\com.unity.addressables@1.19.19\Editor\HostingServices\HostingServicesManager.cs:297 
  at UnityEditor.AddressableAssets.Settings.AddressableAssetSettings.OnEnable () [0x00000] in C:\Users\admin\Documents\Unity projects\Universe Rift\UniverseRift\Library\PackageCache\com.unity.addressables@1.19.19\Editor\Settings\AddressableAssetSettings.cs:1326 

(Filename: Library/PackageCache/com.unity.addressables@1.19.19/Editor/HostingServices/HostingServicesManager.cs Line: 550)

Mono: successfully reloaded assembly
- Completed reload, in 31.316 seconds
Domain Reload Profiling:
	ReloadAssembly (31496ms)
		BeginReloadAssembly (21180ms)
			ExecutionOrderSort (0ms)
			DisableScriptedObjects (9884ms)
			BackupInstance (0ms)
			ReleaseScriptingObjects (0ms)
			CreateAndSetChildDomain (6088ms)
		EndReloadAssembly (9290ms)
			LoadAssemblies (675ms)
			RebuildTransferFunctionScriptingTraits (110ms)
			SetupTypeCache (1984ms)
			ReleaseScriptCaches (52ms)
			RebuildScriptCaches (255ms)
			SetupLoadedEditorAssemblies (5545ms)
				LogAssemblyErrors (0ms)
				InitializePlatformSupportModulesInManaged (227ms)
				SetLoadedEditorAssemblies (10ms)
				RefreshPlugins (13ms)
				BeforeProcessingInitializeOnLoad (433ms)
				ProcessInitializeOnLoadAttributes (3686ms)
				ProcessInitializeOnLoadMethodAttributes (1161ms)
				AfterProcessingInitializeOnLoad (13ms)
				EditorAssembliesLoaded (1ms)
			ExecutionOrderSort2 (0ms)
			AwakeInstancesAfterBackupRestoration (574ms)
Platform modules already initialized, skipping
Refreshing native plugins compatible for Editor in 11.83 ms, found 1 plugins.
Preloading 0 native plugins for Editor in 0.00 ms.
Unloading 5095 Unused Serialized files (Serialized files now loaded: 0)
Unloading 52 unused Assets / (2.4 MB). Loaded Objects now: 5774.
Memory consumption went from 214.1 MB to 211.7 MB.
Total: 294.060595 ms (FindLiveObjects: 0.925974 ms CreateObjectMapping: 0.526847 ms MarkObjects: 290.979907 ms  DeleteObjects: 1.623876 ms)

AssetImportParameters requested are different than current active one (requested -> active):
  custom:video-decoder-ogg-theora: a1e56fd34408186e4bbccfd4996cb3dc -> 
  custom:container-muxer-webm: aa71ff27fc2769a1b78a27578f13a17b -> 
  custom:container-demuxer-webm: 4f35f7cbe854078d1ac9338744f61a02 -> 
  custom:video-encoder-webm-vp8: eb34c28f22e8b96e1ab97ce403110664 -> 
  custom:audio-encoder-webm-vorbis: bf7c407c2cedff20999df2af8eb42d56 -> 
  custom:framework-win-MediaFoundation: 216162199b28c13a410421893ffa2e32 -> 
  custom:container-demuxer-ogg: 62fdf1f143b41e24485cea50d1cbac27 -> 
  custom:video-decoder-webm-vp8: 9c59270c3fd7afecdb556c50c9e8de78 -> 
  custom:audio-decoder-ogg-vorbis: bf7c407c2cedff20999df2af8eb42d56 -> 
========================================================================
Received Import Request.
  Time since last request: 1209.885878 seconds.
  path: Assets/Prefabs/Fight/HeroesBullets
  artifactKey: Guid(7941e6e36cfbf4c47886283fe2eba981) Importer(815301076,1909f56bfc062723c751e8b465ee728b)
Start importing Assets/Prefabs/Fight/HeroesBullets using Guid(7941e6e36cfbf4c47886283fe2eba981) Importer(815301076,1909f56bfc062723c751e8b465ee728b)  -> (artifact id: '4eabfdf8fa26b2d0c3c9bcd0becb97bc') in 0.051753 seconds 
========================================================================
Received Import Request.
  Time since last request: 0.000086 seconds.
  path: Assets/Resources/CreateObjects/Bullet.prefab
  artifactKey: Guid(b1f98fff22154664289275e5c58f5cb5) Importer(815301076,1909f56bfc062723c751e8b465ee728b)
Start importing Assets/Resources/CreateObjects/Bullet.prefab using Guid(b1f98fff22154664289275e5c58f5cb5) Importer(815301076,1909f56bfc062723c751e8b465ee728b)  -> (artifact id: '8a537def70ca3483261fac8d0b7fe0d1') in 1.523028 seconds 
========================================================================
Received Import Request.
  Time since last request: 27.716960 seconds.
  path: Assets/Prefabs/Fight/HeroesBullets/RobinArrow.prefab
  artifactKey: Guid(cdb28fad87713fe4394df6e2ca327c8c) Importer(815301076,1909f56bfc062723c751e8b465ee728b)
Start importing Assets/Prefabs/Fight/HeroesBullets/RobinArrow.prefab using Guid(cdb28fad87713fe4394df6e2ca327c8c) Importer(815301076,1909f56bfc062723c751e8b465ee728b)  -> (artifact id: '2fa57b9c54c6d4d491a89bfbfb3d94ca') in 0.070550 seconds 
========================================================================
Received Prepare
Registering precompiled user dll's ...
Registered in 0.016331 seconds.
Begin MonoManager ReloadAssembly
Native extension for WindowsStandalone target not found
Native extension for Android target not found
Refreshing native plugins compatible for Editor in 5.90 ms, found 1 plugins.
Preloading 0 native plugins for Editor in 0.00 ms.
SocketException: Системе не удается найти указанный параметр среды.
  at System.Net.Sockets.Socket..ctor (System.Net.Sockets.AddressFamily addressFamily, System.Net.Sockets.SocketType socketType, System.Net.Sockets.ProtocolType protocolType) [0x00068] in <bbae6af52a2a4bd982f8fde9721d2c3b>:0 
  at System.Net.NetworkInformation.Ping.SendPrivileged (System.Net.IPAddress address, System.Int32 timeout, System.Byte[] buffer, System.Net.NetworkInformation.PingOptions options) [0x00008] in <bbae6af52a2a4bd982f8fde9721d2c3b>:0 
  at System.Net.NetworkInformation.Ping.Send (System.Net.IPAddress address, System.Int32 timeout, System.Byte[] buffer, System.Net.NetworkInformation.PingOptions options) [0x0004c] in <bbae6af52a2a4bd982f8fde9721d2c3b>:0 
  at System.Net.NetworkInformation.Ping.Send (System.String hostNameOrAddress, System.Int32 timeout, System.Byte[] buffer, System.Net.NetworkInformation.PingOptions options) [0x00007] in <bbae6af52a2a4bd982f8fde9721d2c3b>:0 
  at System.Net.NetworkInformation.Ping.Send (System.String hostNameOrAddress, System.Int32 timeout, System.Byte[] buffer) [0x00009] in <bbae6af52a2a4bd982f8fde9721d2c3b>:0 
  at System.Net.NetworkInformation.Ping.Send (System.String hostNameOrAddress, System.Int32 timeout) [0x00000] in <bbae6af52a2a4bd982f8fde9721d2c3b>:0 
  at (wrapper remoting-invoke-with-check) System.Net.NetworkInformation.Ping.Send(string,int)
  at UnityEditor.AddressableAssets.HostingServices.HostingServicesManager.FilterValidIPAddresses (System.Collections.Generic.List`1[T] ipAddresses) [0x0001c] in C:\Users\admin\Documents\Unity projects\Universe Rift\UniverseRift\Library\PackageCache\com.unity.addressables@1.19.19\Editor\HostingServices\HostingServicesManager.cs:550 
  at UnityEditor.AddressableAssets.HostingServices.HostingServicesManager.RefreshGlobalProfileVariables () [0x0000d] in C:\Users\admin\Documents\Unity projects\Universe Rift\UniverseRift\Library\PackageCache\com.unity.addressables@1.19.19\Editor\HostingServices\HostingServicesManager.cs:421 
  at UnityEditor.AddressableAssets.HostingServices.HostingServicesManager.OnEnable () [0x0010e] in C:\Users\admin\Documents\Unity projects\Universe Rift\UniverseRift\Library\PackageCache\com.unity.addressables@1.19.19\Editor\HostingServices\HostingServicesManager.cs:297 
  at UnityEditor.AddressableAssets.Settings.AddressableAssetSettings.OnEnable () [0x00000] in C:\Users\admin\Documents\Unity projects\Universe Rift\UniverseRift\Library\PackageCache\com.unity.addressables@1.19.19\Editor\Settings\AddressableAssetSettings.cs:1326 

(Filename: Library/PackageCache/com.unity.addressables@1.19.19/Editor/HostingServices/HostingServicesManager.cs Line: 550)

Mono: successfully reloaded assembly
- Completed reload, in  9.053 seconds
Domain Reload Profiling:
	ReloadAssembly (9056ms)
		BeginReloadAssembly (539ms)
			ExecutionOrderSort (0ms)
			DisableScriptedObjects (42ms)
			BackupInstance (0ms)
			ReleaseScriptingObjects (1ms)
			CreateAndSetChildDomain (219ms)
		EndReloadAssembly (8160ms)
			LoadAssemblies (312ms)
			RebuildTransferFunctionScriptingTraits (0ms)
			SetupTypeCache (1144ms)
			ReleaseScriptCaches (4ms)
			RebuildScriptCaches (286ms)
			SetupLoadedEditorAssemblies (5541ms)
				LogAssemblyErrors (0ms)
				InitializePlatformSupportModulesInManaged (81ms)
				SetLoadedEditorAssemblies (2ms)
				RefreshPlugins (6ms)
				BeforeProcessingInitializeOnLoad (366ms)
				ProcessInitializeOnLoadAttributes (3637ms)
				ProcessInitializeOnLoadMethodAttributes (1432ms)
				AfterProcessingInitializeOnLoad (17ms)
				EditorAssembliesLoaded (1ms)
			ExecutionOrderSort2 (0ms)
			AwakeInstancesAfterBackupRestoration (404ms)
Platform modules already initialized, skipping
Refreshing native plugins compatible for Editor in 10.25 ms, found 1 plugins.
Preloading 0 native plugins for Editor in 0.00 ms.
Unloading 5095 Unused Serialized files (Serialized files now loaded: 0)
Unloading 48 unused Assets / (2.0 MB). Loaded Objects now: 5793.
Memory consumption went from 214.1 MB to 212.1 MB.
Total: 60.688927 ms (FindLiveObjects: 0.702463 ms CreateObjectMapping: 0.491496 ms MarkObjects: 58.191534 ms  DeleteObjects: 1.300583 ms)

AssetImportParameters requested are different than current active one (requested -> active):
  custom:video-decoder-ogg-theora: a1e56fd34408186e4bbccfd4996cb3dc -> 
  custom:container-muxer-webm: aa71ff27fc2769a1b78a27578f13a17b -> 
  custom:container-demuxer-webm: 4f35f7cbe854078d1ac9338744f61a02 -> 
  custom:video-encoder-webm-vp8: eb34c28f22e8b96e1ab97ce403110664 -> 
  custom:audio-encoder-webm-vorbis: bf7c407c2cedff20999df2af8eb42d56 -> 
  custom:framework-win-MediaFoundation: 216162199b28c13a410421893ffa2e32 -> 
  custom:container-demuxer-ogg: 62fdf1f143b41e24485cea50d1cbac27 -> 
  custom:video-decoder-webm-vp8: 9c59270c3fd7afecdb556c50c9e8de78 -> 
  custom:audio-decoder-ogg-vorbis: bf7c407c2cedff20999df2af8eb42d56 -> 
========================================================================
Received Prepare
Registering precompiled user dll's ...
Registered in 0.018605 seconds.
Begin MonoManager ReloadAssembly
Native extension for WindowsStandalone target not found
Native extension for Android target not found
Refreshing native plugins compatible for Editor in 2.43 ms, found 1 plugins.
Preloading 0 native plugins for Editor in 0.00 ms.
SocketException: Системе не удается найти указанный параметр среды.
  at System.Net.Sockets.Socket..ctor (System.Net.Sockets.AddressFamily addressFamily, System.Net.Sockets.SocketType socketType, System.Net.Sockets.ProtocolType protocolType) [0x00068] in <bbae6af52a2a4bd982f8fde9721d2c3b>:0 
  at System.Net.NetworkInformation.Ping.SendPrivileged (System.Net.IPAddress address, System.Int32 timeout, System.Byte[] buffer, System.Net.NetworkInformation.PingOptions options) [0x00008] in <bbae6af52a2a4bd982f8fde9721d2c3b>:0 
  at System.Net.NetworkInformation.Ping.Send (System.Net.IPAddress address, System.Int32 timeout, System.Byte[] buffer, System.Net.NetworkInformation.PingOptions options) [0x0004c] in <bbae6af52a2a4bd982f8fde9721d2c3b>:0 
  at System.Net.NetworkInformation.Ping.Send (System.String hostNameOrAddress, System.Int32 timeout, System.Byte[] buffer, System.Net.NetworkInformation.PingOptions options) [0x00007] in <bbae6af52a2a4bd982f8fde9721d2c3b>:0 
  at System.Net.NetworkInformation.Ping.Send (System.String hostNameOrAddress, System.Int32 timeout, System.Byte[] buffer) [0x00009] in <bbae6af52a2a4bd982f8fde9721d2c3b>:0 
  at System.Net.NetworkInformation.Ping.Send (System.String hostNameOrAddress, System.Int32 timeout) [0x00000] in <bbae6af52a2a4bd982f8fde9721d2c3b>:0 
  at (wrapper remoting-invoke-with-check) System.Net.NetworkInformation.Ping.Send(string,int)
  at UnityEditor.AddressableAssets.HostingServices.HostingServicesManager.FilterValidIPAddresses (System.Collections.Generic.List`1[T] ipAddresses) [0x0001c] in C:\Users\admin\Documents\Unity projects\Universe Rift\UniverseRift\Library\PackageCache\com.unity.addressables@1.19.19\Editor\HostingServices\HostingServicesManager.cs:550 
  at UnityEditor.AddressableAssets.HostingServices.HostingServicesManager.RefreshGlobalProfileVariables () [0x0000d] in C:\Users\admin\Documents\Unity projects\Universe Rift\UniverseRift\Library\PackageCache\com.unity.addressables@1.19.19\Editor\HostingServices\HostingServicesManager.cs:421 
  at UnityEditor.AddressableAssets.HostingServices.HostingServicesManager.OnEnable () [0x0010e] in C:\Users\admin\Documents\Unity projects\Universe Rift\UniverseRift\Library\PackageCache\com.unity.addressables@1.19.19\Editor\HostingServices\HostingServicesManager.cs:297 
  at UnityEditor.AddressableAssets.Settings.AddressableAssetSettings.OnEnable () [0x00000] in C:\Users\admin\Documents\Unity projects\Universe Rift\UniverseRift\Library\PackageCache\com.unity.addressables@1.19.19\Editor\Settings\AddressableAssetSettings.cs:1326 

(Filename: Library/PackageCache/com.unity.addressables@1.19.19/Editor/HostingServices/HostingServicesManager.cs Line: 550)

Mono: successfully reloaded assembly
- Completed reload, in  6.865 seconds
Domain Reload Profiling:
	ReloadAssembly (6867ms)
		BeginReloadAssembly (561ms)
			ExecutionOrderSort (0ms)
			DisableScriptedObjects (29ms)
			BackupInstance (0ms)
			ReleaseScriptingObjects (0ms)
			CreateAndSetChildDomain (183ms)
		EndReloadAssembly (6011ms)
			LoadAssemblies (250ms)
			RebuildTransferFunctionScriptingTraits (0ms)
			SetupTypeCache (846ms)
			ReleaseScriptCaches (4ms)
			RebuildScriptCaches (247ms)
			SetupLoadedEditorAssemblies (4209ms)
				LogAssemblyErrors (0ms)
				InitializePlatformSupportModulesInManaged (59ms)
				SetLoadedEditorAssemblies (1ms)
				RefreshPlugins (3ms)
				BeforeProcessingInitializeOnLoad (280ms)
				ProcessInitializeOnLoadAttributes (2923ms)
				ProcessInitializeOnLoadMethodAttributes (932ms)
				AfterProcessingInitializeOnLoad (12ms)
				EditorAssembliesLoaded (0ms)
			ExecutionOrderSort2 (0ms)
			AwakeInstancesAfterBackupRestoration (300ms)
Platform modules already initialized, skipping
Refreshing native plugins compatible for Editor in 93.52 ms, found 1 plugins.
Preloading 0 native plugins for Editor in 0.00 ms.
Unloading 5091 Unused Serialized files (Serialized files now loaded: 0)
Unloading 48 unused Assets / (2.0 MB). Loaded Objects now: 5808.
Memory consumption went from 214.0 MB to 212.0 MB.
Total: 156.848815 ms (FindLiveObjects: 1.849097 ms CreateObjectMapping: 0.911149 ms MarkObjects: 150.588227 ms  DeleteObjects: 3.493499 ms)

AssetImportParameters requested are different than current active one (requested -> active):
  custom:video-decoder-ogg-theora: a1e56fd34408186e4bbccfd4996cb3dc -> 
  custom:container-muxer-webm: aa71ff27fc2769a1b78a27578f13a17b -> 
  custom:container-demuxer-webm: 4f35f7cbe854078d1ac9338744f61a02 -> 
  custom:video-encoder-webm-vp8: eb34c28f22e8b96e1ab97ce403110664 -> 
  custom:audio-encoder-webm-vorbis: bf7c407c2cedff20999df2af8eb42d56 -> 
  custom:framework-win-MediaFoundation: 216162199b28c13a410421893ffa2e32 -> 
  custom:container-demuxer-ogg: 62fdf1f143b41e24485cea50d1cbac27 -> 
  custom:video-decoder-webm-vp8: 9c59270c3fd7afecdb556c50c9e8de78 -> 
  custom:audio-decoder-ogg-vorbis: bf7c407c2cedff20999df2af8eb42d56 -> 
========================================================================
Received Prepare
Registering precompiled user dll's ...
Registered in 0.029552 seconds.
Begin MonoManager ReloadAssembly
Native extension for WindowsStandalone target not found
Native extension for Android target not found
Refreshing native plugins compatible for Editor in 2.52 ms, found 1 plugins.
Preloading 0 native plugins for Editor in 0.00 ms.
SocketException: Системе не удается найти указанный параметр среды.
  at System.Net.Sockets.Socket..ctor (System.Net.Sockets.AddressFamily addressFamily, System.Net.Sockets.SocketType socketType, System.Net.Sockets.ProtocolType protocolType) [0x00068] in <bbae6af52a2a4bd982f8fde9721d2c3b>:0 
  at System.Net.NetworkInformation.Ping.SendPrivileged (System.Net.IPAddress address, System.Int32 timeout, System.Byte[] buffer, System.Net.NetworkInformation.PingOptions options) [0x00008] in <bbae6af52a2a4bd982f8fde9721d2c3b>:0 
  at System.Net.NetworkInformation.Ping.Send (System.Net.IPAddress address, System.Int32 timeout, System.Byte[] buffer, System.Net.NetworkInformation.PingOptions options) [0x0004c] in <bbae6af52a2a4bd982f8fde9721d2c3b>:0 
  at System.Net.NetworkInformation.Ping.Send (System.String hostNameOrAddress, System.Int32 timeout, System.Byte[] buffer, System.Net.NetworkInformation.PingOptions options) [0x00007] in <bbae6af52a2a4bd982f8fde9721d2c3b>:0 
  at System.Net.NetworkInformation.Ping.Send (System.String hostNameOrAddress, System.Int32 timeout, System.Byte[] buffer) [0x00009] in <bbae6af52a2a4bd982f8fde9721d2c3b>:0 
  at System.Net.NetworkInformation.Ping.Send (System.String hostNameOrAddress, System.Int32 timeout) [0x00000] in <bbae6af52a2a4bd982f8fde9721d2c3b>:0 
  at (wrapper remoting-invoke-with-check) System.Net.NetworkInformation.Ping.Send(string,int)
  at UnityEditor.AddressableAssets.HostingServices.HostingServicesManager.FilterValidIPAddresses (System.Collections.Generic.List`1[T] ipAddresses) [0x0001c] in C:\Users\admin\Documents\Unity projects\Universe Rift\UniverseRift\Library\PackageCache\com.unity.addressables@1.19.19\Editor\HostingServices\HostingServicesManager.cs:550 
  at UnityEditor.AddressableAssets.HostingServices.HostingServicesManager.RefreshGlobalProfileVariables () [0x0000d] in C:\Users\admin\Documents\Unity projects\Universe Rift\UniverseRift\Library\PackageCache\com.unity.addressables@1.19.19\Editor\HostingServices\HostingServicesManager.cs:421 
  at UnityEditor.AddressableAssets.HostingServices.HostingServicesManager.OnEnable () [0x0010e] in C:\Users\admin\Documents\Unity projects\Universe Rift\UniverseRift\Library\PackageCache\com.unity.addressables@1.19.19\Editor\HostingServices\HostingServicesManager.cs:297 
  at UnityEditor.AddressableAssets.Settings.AddressableAssetSettings.OnEnable () [0x00000] in C:\Users\admin\Documents\Unity projects\Universe Rift\UniverseRift\Library\PackageCache\com.unity.addressables@1.19.19\Editor\Settings\AddressableAssetSettings.cs:1326 

(Filename: Library/PackageCache/com.unity.addressables@1.19.19/Editor/HostingServices/HostingServicesManager.cs Line: 550)

Mono: successfully reloaded assembly
- Completed reload, in 11.632 seconds
Domain Reload Profiling:
	ReloadAssembly (11634ms)
		BeginReloadAssembly (662ms)
			ExecutionOrderSort (0ms)
			DisableScriptedObjects (35ms)
			BackupInstance (0ms)
			ReleaseScriptingObjects (0ms)
			CreateAndSetChildDomain (261ms)
		EndReloadAssembly (10536ms)
			LoadAssemblies (381ms)
			RebuildTransferFunctionScriptingTraits (0ms)
			SetupTypeCache (1187ms)
			ReleaseScriptCaches (6ms)
			RebuildScriptCaches (316ms)
			SetupLoadedEditorAssemblies (8026ms)
				LogAssemblyErrors (0ms)
				InitializePlatformSupportModulesInManaged (88ms)
				SetLoadedEditorAssemblies (1ms)
				RefreshPlugins (3ms)
				BeforeProcessingInitializeOnLoad (464ms)
				ProcessInitializeOnLoadAttributes (5445ms)
				ProcessInitializeOnLoadMethodAttributes (2008ms)
				AfterProcessingInitializeOnLoad (16ms)
				EditorAssembliesLoaded (1ms)
			ExecutionOrderSort2 (0ms)
			AwakeInstancesAfterBackupRestoration (396ms)
Platform modules already initialized, skipping
Refreshing native plugins compatible for Editor in 13.06 ms, found 1 plugins.
Preloading 0 native plugins for Editor in 0.00 ms.
Unloading 5091 Unused Serialized files (Serialized files now loaded: 0)
Unloading 48 unused Assets / (2.0 MB). Loaded Objects now: 5823.
Memory consumption went from 214.1 MB to 212.0 MB.
Total: 83.832004 ms (FindLiveObjects: 1.342776 ms CreateObjectMapping: 1.079923 ms MarkObjects: 79.961615 ms  DeleteObjects: 1.443698 ms)

AssetImportParameters requested are different than current active one (requested -> active):
  custom:video-decoder-ogg-theora: a1e56fd34408186e4bbccfd4996cb3dc -> 
  custom:container-muxer-webm: aa71ff27fc2769a1b78a27578f13a17b -> 
  custom:container-demuxer-webm: 4f35f7cbe854078d1ac9338744f61a02 -> 
  custom:video-encoder-webm-vp8: eb34c28f22e8b96e1ab97ce403110664 -> 
  custom:audio-encoder-webm-vorbis: bf7c407c2cedff20999df2af8eb42d56 -> 
  custom:framework-win-MediaFoundation: 216162199b28c13a410421893ffa2e32 -> 
  custom:container-demuxer-ogg: 62fdf1f143b41e24485cea50d1cbac27 -> 
  custom:video-decoder-webm-vp8: 9c59270c3fd7afecdb556c50c9e8de78 -> 
  custom:audio-decoder-ogg-vorbis: bf7c407c2cedff20999df2af8eb42d56 -> 
========================================================================
Received Import Request.
  Time since last request: 663.783761 seconds.
  path: Assets/Resources/Heroes/2101.prefab
  artifactKey: Guid(27b8231d5ee082c4584973c5fdf14513) Importer(815301076,1909f56bfc062723c751e8b465ee728b)
Start importing Assets/Resources/Heroes/2101.prefab using Guid(27b8231d5ee082c4584973c5fdf14513) Importer(815301076,1909f56bfc062723c751e8b465ee728b)  -> (artifact id: '442a2950cf9b472abe684a039dd2ea82') in 0.861492 seconds 
========================================================================
Received Import Request.
  Time since last request: 0.000043 seconds.
  path: Assets/Resources/Heroes/5301.prefab
  artifactKey: Guid(7dc22cb2a3a8b6740b87759e108b3d58) Importer(815301076,1909f56bfc062723c751e8b465ee728b)
Start importing Assets/Resources/Heroes/5301.prefab using Guid(7dc22cb2a3a8b6740b87759e108b3d58) Importer(815301076,1909f56bfc062723c751e8b465ee728b)  -> (artifact id: 'f6df7e4192644cb02b96de7271b328a6') in 0.229793 seconds 
========================================================================
Received Import Request.
  Time since last request: 0.000056 seconds.
  path: Assets/Resources/Heroes/1201.prefab
  artifactKey: Guid(918b87c71973a7a4f8761c9879c13377) Importer(815301076,1909f56bfc062723c751e8b465ee728b)
Start importing Assets/Resources/Heroes/1201.prefab using Guid(918b87c71973a7a4f8761c9879c13377) Importer(815301076,1909f56bfc062723c751e8b465ee728b)  -> (artifact id: '5554199d2ee4d4709aa9ff4d72d5ae09') in 0.191179 seconds 
========================================================================
Received Import Request.
  Time since last request: 0.000147 seconds.
  path: Assets/Resources/Heroes/4101.prefab
  artifactKey: Guid(1c29df261246fd4478dda592b9748588) Importer(815301076,1909f56bfc062723c751e8b465ee728b)
Start importing Assets/Resources/Heroes/4101.prefab using Guid(1c29df261246fd4478dda592b9748588) Importer(815301076,1909f56bfc062723c751e8b465ee728b)  -> (artifact id: '425b97485fae08b40009be9961bdc797') in 0.216677 seconds 
========================================================================
Received Import Request.
  Time since last request: 0.000192 seconds.
  path: Assets/Resources/Heroes/1104.prefab
  artifactKey: Guid(fa407fa3b785cee418245e63a908030f) Importer(815301076,1909f56bfc062723c751e8b465ee728b)
Start importing Assets/Resources/Heroes/1104.prefab using Guid(fa407fa3b785cee418245e63a908030f) Importer(815301076,1909f56bfc062723c751e8b465ee728b)  -> (artifact id: '19205b94f693c5f57a775a4b690d716f') in 0.365332 seconds 
========================================================================
Received Import Request.
  Time since last request: 0.000067 seconds.
  path: Assets/Resources/Heroes/1102.prefab
  artifactKey: Guid(f47f4a73a5f9d6f4289c5c396fd5db7a) Importer(815301076,1909f56bfc062723c751e8b465ee728b)
Start importing Assets/Resources/Heroes/1102.prefab using Guid(f47f4a73a5f9d6f4289c5c396fd5db7a) Importer(815301076,1909f56bfc062723c751e8b465ee728b)  -> (artifact id: '141f73316e1960c98e34a9ca05cb6b46') in 0.375287 seconds 
========================================================================
Received Import Request.
  Time since last request: 0.000070 seconds.
  path: Assets/Resources/Heroes/2401.prefab
  artifactKey: Guid(8d37498fc89c1e14aa2c104660e6154e) Importer(815301076,1909f56bfc062723c751e8b465ee728b)
Start importing Assets/Resources/Heroes/2401.prefab using Guid(8d37498fc89c1e14aa2c104660e6154e) Importer(815301076,1909f56bfc062723c751e8b465ee728b)  -> (artifact id: '19248e0413064886cb6e28ea8c32b8d0') in 0.189228 seconds 
========================================================================
Received Import Request.
  Time since last request: 0.000058 seconds.
  path: Assets/Resources/Heroes/3101.prefab
  artifactKey: Guid(328179d3fef4df54cb570d5fc02255a4) Importer(815301076,1909f56bfc062723c751e8b465ee728b)
Start importing Assets/Resources/Heroes/3101.prefab using Guid(328179d3fef4df54cb570d5fc02255a4) Importer(815301076,1909f56bfc062723c751e8b465ee728b)  -> (artifact id: '1f61276f535ba8c3ebe5fb3903605409') in 0.147921 seconds 
========================================================================
Received Import Request.
  Time since last request: 0.000065 seconds.
  path: Assets/Resources/Heroes/4102.prefab
  artifactKey: Guid(d0cf469f29cc00d45b506a82b71f3f2f) Importer(815301076,1909f56bfc062723c751e8b465ee728b)
Start importing Assets/Resources/Heroes/4102.prefab using Guid(d0cf469f29cc00d45b506a82b71f3f2f) Importer(815301076,1909f56bfc062723c751e8b465ee728b)  -> (artifact id: '8945982c698cb99f21048f4929a48b2f') in 0.218561 seconds 
========================================================================
Received Import Request.
  Time since last request: 0.000153 seconds.
  path: Assets/Resources/Heroes/1101.prefab
  artifactKey: Guid(198da691453b89e4a818ba1939f3b3b6) Importer(815301076,1909f56bfc062723c751e8b465ee728b)
Start importing Assets/Resources/Heroes/1101.prefab using Guid(198da691453b89e4a818ba1939f3b3b6) Importer(815301076,1909f56bfc062723c751e8b465ee728b)  -> (artifact id: 'b3c8e3981e1911490e50169d9501cd2b') in 0.220152 seconds 
========================================================================
Received Import Request.
  Time since last request: 0.000171 seconds.
  path: Assets/Resources/Heroes/3501.prefab
  artifactKey: Guid(c96294a77a7044a48b598246e992b2fd) Importer(815301076,1909f56bfc062723c751e8b465ee728b)
Start importing Assets/Resources/Heroes/3501.prefab using Guid(c96294a77a7044a48b598246e992b2fd) Importer(815301076,1909f56bfc062723c751e8b465ee728b)  -> (artifact id: 'f2b7d97f46a7d6d619f66ecd3932aae9') in 0.195635 seconds 
========================================================================
Received Prepare
Registering precompiled user dll's ...
Registered in 0.016309 seconds.
Begin MonoManager ReloadAssembly
Native extension for WindowsStandalone target not found
Native extension for Android target not found
Refreshing native plugins compatible for Editor in 2.16 ms, found 1 plugins.
Preloading 0 native plugins for Editor in 0.00 ms.
SocketException: Системе не удается найти указанный параметр среды.
  at System.Net.Sockets.Socket..ctor (System.Net.Sockets.AddressFamily addressFamily, System.Net.Sockets.SocketType socketType, System.Net.Sockets.ProtocolType protocolType) [0x00068] in <bbae6af52a2a4bd982f8fde9721d2c3b>:0 
  at System.Net.NetworkInformation.Ping.SendPrivileged (System.Net.IPAddress address, System.Int32 timeout, System.Byte[] buffer, System.Net.NetworkInformation.PingOptions options) [0x00008] in <bbae6af52a2a4bd982f8fde9721d2c3b>:0 
  at System.Net.NetworkInformation.Ping.Send (System.Net.IPAddress address, System.Int32 timeout, System.Byte[] buffer, System.Net.NetworkInformation.PingOptions options) [0x0004c] in <bbae6af52a2a4bd982f8fde9721d2c3b>:0 
  at System.Net.NetworkInformation.Ping.Send (System.String hostNameOrAddress, System.Int32 timeout, System.Byte[] buffer, System.Net.NetworkInformation.PingOptions options) [0x00007] in <bbae6af52a2a4bd982f8fde9721d2c3b>:0 
  at System.Net.NetworkInformation.Ping.Send (System.String hostNameOrAddress, System.Int32 timeout, System.Byte[] buffer) [0x00009] in <bbae6af52a2a4bd982f8fde9721d2c3b>:0 
  at System.Net.NetworkInformation.Ping.Send (System.String hostNameOrAddress, System.Int32 timeout) [0x00000] in <bbae6af52a2a4bd982f8fde9721d2c3b>:0 
  at (wrapper remoting-invoke-with-check) System.Net.NetworkInformation.Ping.Send(string,int)
  at UnityEditor.AddressableAssets.HostingServices.HostingServicesManager.FilterValidIPAddresses (System.Collections.Generic.List`1[T] ipAddresses) [0x0001c] in C:\Users\admin\Documents\Unity projects\Universe Rift\UniverseRift\Library\PackageCache\com.unity.addressables@1.19.19\Editor\HostingServices\HostingServicesManager.cs:550 
  at UnityEditor.AddressableAssets.HostingServices.HostingServicesManager.RefreshGlobalProfileVariables () [0x0000d] in C:\Users\admin\Documents\Unity projects\Universe Rift\UniverseRift\Library\PackageCache\com.unity.addressables@1.19.19\Editor\HostingServices\HostingServicesManager.cs:421 
  at UnityEditor.AddressableAssets.HostingServices.HostingServicesManager.OnEnable () [0x0010e] in C:\Users\admin\Documents\Unity projects\Universe Rift\UniverseRift\Library\PackageCache\com.unity.addressables@1.19.19\Editor\HostingServices\HostingServicesManager.cs:297 
  at UnityEditor.AddressableAssets.Settings.AddressableAssetSettings.OnEnable () [0x00000] in C:\Users\admin\Documents\Unity projects\Universe Rift\UniverseRift\Library\PackageCache\com.unity.addressables@1.19.19\Editor\Settings\AddressableAssetSettings.cs:1326 

(Filename: Library/PackageCache/com.unity.addressables@1.19.19/Editor/HostingServices/HostingServicesManager.cs Line: 550)

Mono: successfully reloaded assembly
- Completed reload, in  7.991 seconds
Domain Reload Profiling:
	ReloadAssembly (8008ms)
		BeginReloadAssembly (1407ms)
			ExecutionOrderSort (0ms)
			DisableScriptedObjects (336ms)
			BackupInstance (0ms)
			ReleaseScriptingObjects (0ms)
			CreateAndSetChildDomain (496ms)
		EndReloadAssembly (6019ms)
			LoadAssemblies (311ms)
			RebuildTransferFunctionScriptingTraits (0ms)
			SetupTypeCache (751ms)
			ReleaseScriptCaches (19ms)
			RebuildScriptCaches (188ms)
			SetupLoadedEditorAssemblies (4084ms)
				LogAssemblyErrors (0ms)
				InitializePlatformSupportModulesInManaged (62ms)
				SetLoadedEditorAssemblies (1ms)
				RefreshPlugins (2ms)
				BeforeProcessingInitializeOnLoad (268ms)
				ProcessInitializeOnLoadAttributes (2981ms)
				ProcessInitializeOnLoadMethodAttributes (758ms)
				AfterProcessingInitializeOnLoad (12ms)
				EditorAssembliesLoaded (0ms)
			ExecutionOrderSort2 (0ms)
			AwakeInstancesAfterBackupRestoration (538ms)
Platform modules already initialized, skipping
Refreshing native plugins compatible for Editor in 276.73 ms, found 1 plugins.
Preloading 0 native plugins for Editor in 0.00 ms.
Unloading 5092 Unused Serialized files (Serialized files now loaded: 0)
Unloading 50 unused Assets / (2.0 MB). Loaded Objects now: 5839.
Memory consumption went from 214.1 MB to 212.1 MB.
Total: 168.817484 ms (FindLiveObjects: 0.801104 ms CreateObjectMapping: 0.479522 ms MarkObjects: 165.913553 ms  DeleteObjects: 1.619884 ms)

AssetImportParameters requested are different than current active one (requested -> active):
  custom:video-decoder-ogg-theora: a1e56fd34408186e4bbccfd4996cb3dc -> 
  custom:container-muxer-webm: aa71ff27fc2769a1b78a27578f13a17b -> 
  custom:container-demuxer-webm: 4f35f7cbe854078d1ac9338744f61a02 -> 
  custom:video-encoder-webm-vp8: eb34c28f22e8b96e1ab97ce403110664 -> 
  custom:audio-encoder-webm-vorbis: bf7c407c2cedff20999df2af8eb42d56 -> 
  custom:framework-win-MediaFoundation: 216162199b28c13a410421893ffa2e32 -> 
  custom:container-demuxer-ogg: 62fdf1f143b41e24485cea50d1cbac27 -> 
  custom:video-decoder-webm-vp8: 9c59270c3fd7afecdb556c50c9e8de78 -> 
  custom:audio-decoder-ogg-vorbis: bf7c407c2cedff20999df2af8eb42d56 -> 
