Using pre-set license
Built from '2022.3/staging' branch; Version is '2022.3.42f1 (2dcb6a0abc42) revision 3001194'; Using compiler version '192829333'; Build Type 'Release'
OS: 'Windows 11  (10.0.22631) 64bit Core' Language: 'ru' Physical Memory: 16108 MB
BatchMode: 1, IsHumanControllingUs: 0, StartBugReporterOnCrash: 0, Is64bit: 1, IsPro: 1

COMMAND LINE ARGUMENTS:
C:\Program Files\Unity\Hub\Editor\2022.3.42f1\Editor\Unity.exe
-adb2
-batchMode
-noUpm
-name
AssetImportWorker7
-projectPath
C:/Projects/UniverseRift.git
-logFile
Logs/AssetImportWorker7.log
-srvPort
54231
Successfully changed project path to: C:/Projects/UniverseRift.git
C:/Projects/UniverseRift.git
[UnityMemory] Configuration Parameters - Can be set up in boot.config
    "memorysetup-bucket-allocator-granularity=16"
    "memorysetup-bucket-allocator-bucket-count=8"
    "memorysetup-bucket-allocator-block-size=33554432"
    "memorysetup-bucket-allocator-block-count=8"
    "memorysetup-main-allocator-block-size=16777216"
    "memorysetup-thread-allocator-block-size=16777216"
    "memorysetup-gfx-main-allocator-block-size=16777216"
    "memorysetup-gfx-thread-allocator-block-size=16777216"
    "memorysetup-cache-allocator-block-size=4194304"
    "memorysetup-typetree-allocator-block-size=2097152"
    "memorysetup-profiler-bucket-allocator-granularity=16"
    "memorysetup-profiler-bucket-allocator-bucket-count=8"
    "memorysetup-profiler-bucket-allocator-block-size=33554432"
    "memorysetup-profiler-bucket-allocator-block-count=8"
    "memorysetup-profiler-allocator-block-size=16777216"
    "memorysetup-profiler-editor-allocator-block-size=1048576"
    "memorysetup-temp-allocator-size-main=16777216"
    "memorysetup-job-temp-allocator-block-size=2097152"
    "memorysetup-job-temp-allocator-block-size-background=1048576"
    "memorysetup-job-temp-allocator-reduction-small-platforms=262144"
    "memorysetup-allocator-temp-initial-block-size-main=262144"
    "memorysetup-allocator-temp-initial-block-size-worker=262144"
    "memorysetup-temp-allocator-size-background-worker=32768"
    "memorysetup-temp-allocator-size-job-worker=262144"
    "memorysetup-temp-allocator-size-preload-manager=33554432"
    "memorysetup-temp-allocator-size-nav-mesh-worker=65536"
    "memorysetup-temp-allocator-size-audio-worker=65536"
    "memorysetup-temp-allocator-size-cloud-worker=32768"
    "memorysetup-temp-allocator-size-gi-baking-worker=262144"
    "memorysetup-temp-allocator-size-gfx=262144"
Player connection [19096]  Target information:

Player connection [19096]  * "[IP] 172.16.0.2 [Port] 0 [Flags] 2 [Guid] 3668839138 [EditorId] 3668839138 [Version] 1048832 [Id] WindowsEditor(7,Landelo) [Debug] 1 [PackageName] WindowsEditor [ProjectName] Editor" 

Player connection [19096]  * "[IP] 192.168.1.2 [Port] 0 [Flags] 2 [Guid] 3668839138 [EditorId] 3668839138 [Version] 1048832 [Id] WindowsEditor(7,Landelo) [Debug] 1 [PackageName] WindowsEditor [ProjectName] Editor" 

Player connection [19096] Host joined multi-casting on [225.0.0.222:54997]...
Player connection [19096] Host joined alternative multi-casting on [225.0.0.222:34997]...
[PhysX] Initialized MultithreadedTaskDispatcher with 20 workers.
Refreshing native plugins compatible for Editor in 1534.19 ms, found 0 plugins.
Preloading 0 native plugins for Editor in 0.00 ms.
Initialize engine version: 2022.3.42f1 (2dcb6a0abc42)
[Subsystems] Discovering subsystems at path C:/Program Files/Unity/Hub/Editor/2022.3.42f1/Editor/Data/Resources/UnitySubsystems
[Subsystems] Discovering subsystems at path C:/Projects/UniverseRift.git/Assets
GfxDevice: creating device client; threaded=0; jobified=0
Direct3D:
    Version:  Direct3D 11.0 [level 11.1]
    Renderer: NVIDIA GeForce RTX 3060 Laptop GPU (ID=0x2520)
    Vendor:   NVIDIA
    VRAM:     6023 MB
    Driver:   30.0.15.1165
Invalid texture used for cursor - check importer settings or texture creation. Texture must be RGBA32, readable, have alphaIsTransparency enabled and have no mip chain.
Failed to set the cursor because the specified texture ('fx_rotate_line') was not CPU accessible.
Initialize mono
Mono path[0] = 'C:/Program Files/Unity/Hub/Editor/2022.3.42f1/Editor/Data/Managed'
Mono path[1] = 'C:/Program Files/Unity/Hub/Editor/2022.3.42f1/Editor/Data/MonoBleedingEdge/lib/mono/unityjit-win32'
Mono config path = 'C:/Program Files/Unity/Hub/Editor/2022.3.42f1/Editor/Data/MonoBleedingEdge/etc'
Using monoOptions --debugger-agent=transport=dt_socket,embedding=1,server=y,suspend=n,address=127.0.0.1:56720
Begin MonoManager ReloadAssembly
Registering precompiled unity dll's ...
Register platform support module: C:/Program Files/Unity/Hub/Editor/2022.3.42f1/Editor/Data/PlaybackEngines/AndroidPlayer/UnityEditor.Android.Extensions.dll
Register platform support module: C:/Program Files/Unity/Hub/Editor/2022.3.42f1/Editor/Data/PlaybackEngines/WindowsStandaloneSupport/UnityEditor.WindowsStandalone.Extensions.dll
Registered in 0.009849 seconds.
- Loaded All Assemblies, in  0.462 seconds
Native extension for WindowsStandalone target not found
Native extension for Android target not found
Android Extension - Scanning For ADB Devices 416 ms
Mono: successfully reloaded assembly
- Finished resetting the current domain, in  0.828 seconds
Domain Reload Profiling: 1289ms
	BeginReloadAssembly (146ms)
		ExecutionOrderSort (0ms)
		DisableScriptedObjects (0ms)
		BackupInstance (0ms)
		ReleaseScriptingObjects (0ms)
		CreateAndSetChildDomain (1ms)
	RebuildCommonClasses (36ms)
	RebuildNativeTypeToScriptingClass (10ms)
	initialDomainReloadingComplete (69ms)
	LoadAllAssembliesAndSetupDomain (200ms)
		LoadAssemblies (143ms)
		RebuildTransferFunctionScriptingTraits (0ms)
		AnalyzeDomain (198ms)
			TypeCache.Refresh (195ms)
				TypeCache.ScanAssembly (181ms)
			ScanForSourceGeneratedMonoScriptInfo (0ms)
			ResolveRequiredComponents (1ms)
	FinalizeReload (829ms)
		ReleaseScriptCaches (0ms)
		RebuildScriptCaches (0ms)
		SetupLoadedEditorAssemblies (785ms)
			LogAssemblyErrors (0ms)
			InitializePlatformSupportModulesInManaged (577ms)
			SetLoadedEditorAssemblies (8ms)
			RefreshPlugins (0ms)
			BeforeProcessingInitializeOnLoad (10ms)
			ProcessInitializeOnLoadAttributes (126ms)
			ProcessInitializeOnLoadMethodAttributes (63ms)
			AfterProcessingInitializeOnLoad (0ms)
			EditorAssembliesLoaded (0ms)
		ExecutionOrderSort2 (0ms)
		AwakeInstancesAfterBackupRestoration (0ms)
========================================================================
Worker process is ready to serve import requests
Caller must complete domain reload
0x00007ff7f26fd08d (Unity) StackWalker::GetCurrentCallstack
0x00007ff7f2702169 (Unity) StackWalker::ShowCallstack
0x00007ff7f36ef231 (Unity) GetStacktrace
0x00007ff7f3da9e6e (Unity) DebugStringToFile
0x00007ff7f3da9baa (Unity) AssertImplementation
0x00007ff7f358d9fc (Unity) Internal_ADB_WorkerOnly_DomainReload
0x00007ff7f3a73484 (Unity) WorkerDomainReloadV2
0x00007ff7f3a940af (Unity) <lambda_943be6b2c5671afd01d59371cf3ef730>::operator()
0x00007ff7f3acfea2 (Unity) asio::detail::completion_handler<core::mutable_function<void __cdecl(void)>,asio::io_context::basic_executor_type<std::allocator<void>,0> >::do_complete
0x00007ff7f3abbe4e (Unity) asio::detail::win_iocp_io_context::do_one
0x00007ff7f3abda7e (Unity) asio::detail::win_iocp_io_context::run
0x00007ff7f3ace24c (Unity) IOService::Run
0x00007ff7f3aa16cf (Unity) AssetImportWorkerClient::Run
0x00007ff7f3a6d037 (Unity) RunAssetImportWorkerClientV2
0x00007ff7f3a6d0bb (Unity) RunAssetImporterV2
0x00007ff7f32676fe (Unity) Application::InitializeProject
0x00007ff7f36f9ed5 (Unity) WinMain
0x00007ff7f4aab7be (Unity) __scrt_common_main_seh
0x00007ffd6c61259d (KERNEL32) BaseThreadInitThunk
0x00007ffd6de0af38 (ntdll) RtlUserThreadStart

Begin MonoManager ReloadAssembly
Symbol file LoadedFromMemory is not a mono symbol file
- Loaded All Assemblies, in  1.493 seconds
Native extension for WindowsStandalone target not found
Native extension for Android target not found
Launched and connected shader compiler UnityShaderCompiler.exe after 0.08 seconds
Mirror | mirror-networking.com | discord.gg/N9QVxbM
UnityEngine.StackTraceUtility:ExtractStackTrace ()
UnityEngine.DebugLogHandler:LogFormat (UnityEngine.LogType,UnityEngine.Object,string,object[])
UnityEngine.Logger:Log (UnityEngine.LogType,object)
UnityEngine.Debug:Log (object)
Mirror.Welcome:OnInitializeOnLoad () (at Assets/Mirror/Editor/Welcome.cs:18)
System.Reflection.RuntimeMethodInfo:Invoke (object,System.Reflection.BindingFlags,System.Reflection.Binder,object[],System.Globalization.CultureInfo)
System.Reflection.MethodBase:Invoke (object,object[])
UnityEditor.EditorAssemblies:ProcessInitializeOnLoadMethodAttributes ()

(Filename: Assets/Mirror/Editor/Welcome.cs Line: 18)

Mono: successfully reloaded assembly
- Finished resetting the current domain, in  1.885 seconds
Domain Reload Profiling: 3373ms
	BeginReloadAssembly (147ms)
		ExecutionOrderSort (0ms)
		DisableScriptedObjects (6ms)
		BackupInstance (0ms)
		ReleaseScriptingObjects (0ms)
		CreateAndSetChildDomain (22ms)
	RebuildCommonClasses (28ms)
	RebuildNativeTypeToScriptingClass (9ms)
	initialDomainReloadingComplete (41ms)
	LoadAllAssembliesAndSetupDomain (1264ms)
		LoadAssemblies (765ms)
		RebuildTransferFunctionScriptingTraits (0ms)
		AnalyzeDomain (578ms)
			TypeCache.Refresh (518ms)
				TypeCache.ScanAssembly (495ms)
			ScanForSourceGeneratedMonoScriptInfo (40ms)
			ResolveRequiredComponents (19ms)
	FinalizeReload (1886ms)
		ReleaseScriptCaches (0ms)
		RebuildScriptCaches (0ms)
		SetupLoadedEditorAssemblies (1661ms)
			LogAssemblyErrors (0ms)
			InitializePlatformSupportModulesInManaged (24ms)
			SetLoadedEditorAssemblies (8ms)
			RefreshPlugins (0ms)
			BeforeProcessingInitializeOnLoad (175ms)
			ProcessInitializeOnLoadAttributes (922ms)
			ProcessInitializeOnLoadMethodAttributes (526ms)
			AfterProcessingInitializeOnLoad (6ms)
			EditorAssembliesLoaded (0ms)
		ExecutionOrderSort2 (0ms)
		AwakeInstancesAfterBackupRestoration (6ms)
Refreshing native plugins compatible for Editor in 13.96 ms, found 0 plugins.
Preloading 0 native plugins for Editor in 0.00 ms.
Unloading 7550 Unused Serialized files (Serialized files now loaded: 0)
Unloading 71 unused Assets / (25.8 MB). Loaded Objects now: 8091.
Memory consumption went from 350.6 MB to 324.8 MB.
Total: 27.962000 ms (FindLiveObjects: 0.635500 ms CreateObjectMapping: 0.319100 ms MarkObjects: 21.027800 ms  DeleteObjects: 5.977700 ms)

AssetImportParameters requested are different than current active one (requested -> active):
  custom:container-demuxer-ogg: 62fdf1f143b41e24485cea50d1cbac27 -> 
  custom:framework-win-MediaFoundation: 216162199b28c13a410421893ffa2e32 -> 
  custom:container-muxer-webm: aa71ff27fc2769a1b78a27578f13a17b -> 
  custom:video-decoder-webm-vp8: 9c59270c3fd7afecdb556c50c9e8de78 -> 
  custom:SearchIndexIgnoredProperties: e643bd26f0fe6173181afceb89e7c659 -> 
  custom:AudioImporter_EditorPlatform: d09bf68614088b80899f8185d706f6e7 -> 
  custom:scripting/monoscript/fileName/LanguageController.cs: d7f83f70fb5f859de92afa22951dc2bf -> 
  custom:scripting/monoscript/fileName/LanguageObject.cs: 57e7acc22c4a899d48a2ecea1fa08939 -> 
  custom:audio-decoder-ogg-vorbis: bf7c407c2cedff20999df2af8eb42d56 -> 
  custom:audio-encoder-webm-vorbis: bf7c407c2cedff20999df2af8eb42d56 -> 
  custom:video-codec-MediaFoundation-h265: 746d11721c4dcdbdad8f713fa42b33f4 -> 
  custom:video-decoder-ogg-theora: a1e56fd34408186e4bbccfd4996cb3dc -> 
  custom:CustomObjectIndexerAttribute: 72b91833f83ae208fae7752999fa3104 -> 
  custom:container-demuxer-webm: 4f35f7cbe854078d1ac9338744f61a02 -> 
  custom:video-encoder-webm-vp8: eb34c28f22e8b96e1ab97ce403110664 -> 
========================================================================
Received Import Request.
  Time since last request: 64875.369375 seconds.
  path: Assets/Content/Fantasy RPG Icons Pack/RPG Warlock skill icons/PNG/5.png
  artifactKey: Guid(d86fa35be1c68054ea5db4bf9fc9872b) Importer(815301076,1909f56bfc062723c751e8b465ee728b)
Start importing Assets/Content/Fantasy RPG Icons Pack/RPG Warlock skill icons/PNG/5.png using Guid(d86fa35be1c68054ea5db4bf9fc9872b) Importer(815301076,1909f56bfc062723c751e8b465ee728b) [PhysX] Initialized MultithreadedTaskDispatcher with 20 workers.
[PhysX] Initialized MultithreadedTaskDispatcher with 20 workers.
 -> (artifact id: '4fe620198f903314f45a7bccc1c77e66') in 0.160564 seconds
Number of updated asset objects reloaded before import = 0
Number of asset objects unloaded after import = 3
========================================================================
Received Import Request.
  Time since last request: 0.000031 seconds.
  path: Assets/Content/Fantasy RPG Icons Pack/RPG Warlock skill icons/PNG/14.png
  artifactKey: Guid(6425f6c4af1d8c444b2aa6a013b98f2d) Importer(815301076,1909f56bfc062723c751e8b465ee728b)
Start importing Assets/Content/Fantasy RPG Icons Pack/RPG Warlock skill icons/PNG/14.png using Guid(6425f6c4af1d8c444b2aa6a013b98f2d) Importer(815301076,1909f56bfc062723c751e8b465ee728b) [PhysX] Initialized MultithreadedTaskDispatcher with 20 workers.
[PhysX] Initialized MultithreadedTaskDispatcher with 20 workers.
 -> (artifact id: 'f766059d6c45e1144f7f528356eb819b') in 0.045222 seconds
Number of updated asset objects reloaded before import = 0
Number of asset objects unloaded after import = 3
========================================================================
Received Import Request.
  Time since last request: 0.000051 seconds.
  path: Assets/Content/Fantasy RPG Icons Pack/RPG Warlock skill icons/PNG/28.png
  artifactKey: Guid(9fcb6e79978579647a6dfe9e10283b88) Importer(815301076,1909f56bfc062723c751e8b465ee728b)
Start importing Assets/Content/Fantasy RPG Icons Pack/RPG Warlock skill icons/PNG/28.png using Guid(9fcb6e79978579647a6dfe9e10283b88) Importer(815301076,1909f56bfc062723c751e8b465ee728b) [PhysX] Initialized MultithreadedTaskDispatcher with 20 workers.
[PhysX] Initialized MultithreadedTaskDispatcher with 20 workers.
 -> (artifact id: '76028c6de56d851953d2ffc1e0b0d3ed') in 0.070693 seconds
Number of updated asset objects reloaded before import = 0
Number of asset objects unloaded after import = 3
========================================================================
Received Import Request.
  Time since last request: 0.000023 seconds.
  path: Assets/Content/Fantasy RPG Icons Pack/RPG Warlock skill icons/PNG/45.png
  artifactKey: Guid(1e2fa3bcbe1d2b34baf62e0f5d504b5b) Importer(815301076,1909f56bfc062723c751e8b465ee728b)
Start importing Assets/Content/Fantasy RPG Icons Pack/RPG Warlock skill icons/PNG/45.png using Guid(1e2fa3bcbe1d2b34baf62e0f5d504b5b) Importer(815301076,1909f56bfc062723c751e8b465ee728b) [PhysX] Initialized MultithreadedTaskDispatcher with 20 workers.
[PhysX] Initialized MultithreadedTaskDispatcher with 20 workers.
 -> (artifact id: '46545cc97ab34ecec1585aa9437ad09d') in 0.025205 seconds
Number of updated asset objects reloaded before import = 0
Number of asset objects unloaded after import = 3
========================================================================
Received Import Request.
  Time since last request: 0.000027 seconds.
  path: Assets/Content/Fantasy RPG Icons Pack/RPG Warlock skill icons/PNG/23.png
  artifactKey: Guid(92bbf6d088eff974382d87296d5a36ab) Importer(815301076,1909f56bfc062723c751e8b465ee728b)
Start importing Assets/Content/Fantasy RPG Icons Pack/RPG Warlock skill icons/PNG/23.png using Guid(92bbf6d088eff974382d87296d5a36ab) Importer(815301076,1909f56bfc062723c751e8b465ee728b) [PhysX] Initialized MultithreadedTaskDispatcher with 20 workers.
[PhysX] Initialized MultithreadedTaskDispatcher with 20 workers.
 -> (artifact id: '685acb1bdb1ac946c52ed4da6900fb70') in 0.024459 seconds
Number of updated asset objects reloaded before import = 0
Number of asset objects unloaded after import = 3
========================================================================
Received Import Request.
  Time since last request: 0.000018 seconds.
  path: Assets/Content/Fantasy RPG Icons Pack/RPG Warlock skill icons/PNG/27.png
  artifactKey: Guid(b7397028934b03942b0bfef8abf2daae) Importer(815301076,1909f56bfc062723c751e8b465ee728b)
Start importing Assets/Content/Fantasy RPG Icons Pack/RPG Warlock skill icons/PNG/27.png using Guid(b7397028934b03942b0bfef8abf2daae) Importer(815301076,1909f56bfc062723c751e8b465ee728b) [PhysX] Initialized MultithreadedTaskDispatcher with 20 workers.
[PhysX] Initialized MultithreadedTaskDispatcher with 20 workers.
 -> (artifact id: '99f2920f15bbe29250c9c9c7a08f1ba0') in 0.027064 seconds
Number of updated asset objects reloaded before import = 0
Number of asset objects unloaded after import = 3
========================================================================
Received Import Request.
  Time since last request: 0.000020 seconds.
  path: Assets/Content/Fantasy RPG Icons Pack/RPG Warlock skill icons/PNG/25.png
  artifactKey: Guid(33dac5aec0cc366408c56869ed39f249) Importer(815301076,1909f56bfc062723c751e8b465ee728b)
Start importing Assets/Content/Fantasy RPG Icons Pack/RPG Warlock skill icons/PNG/25.png using Guid(33dac5aec0cc366408c56869ed39f249) Importer(815301076,1909f56bfc062723c751e8b465ee728b) [PhysX] Initialized MultithreadedTaskDispatcher with 20 workers.
[PhysX] Initialized MultithreadedTaskDispatcher with 20 workers.
 -> (artifact id: '4750b7b791a66a8a2888372e6555fd40') in 0.025461 seconds
Number of updated asset objects reloaded before import = 0
Number of asset objects unloaded after import = 3
========================================================================
Received Import Request.
  Time since last request: 0.000020 seconds.
  path: Assets/Content/Fantasy RPG Icons Pack/RPG Warlock skill icons/PNG/41.png
  artifactKey: Guid(aa23566e1f1c2144cbdc5dac4bc769db) Importer(815301076,1909f56bfc062723c751e8b465ee728b)
Start importing Assets/Content/Fantasy RPG Icons Pack/RPG Warlock skill icons/PNG/41.png using Guid(aa23566e1f1c2144cbdc5dac4bc769db) Importer(815301076,1909f56bfc062723c751e8b465ee728b) [PhysX] Initialized MultithreadedTaskDispatcher with 20 workers.
[PhysX] Initialized MultithreadedTaskDispatcher with 20 workers.
 -> (artifact id: '88373ef34900cd585e59981f404f88f1') in 0.019938 seconds
Number of updated asset objects reloaded before import = 0
Number of asset objects unloaded after import = 3
========================================================================
Received Import Request.
  Time since last request: 0.694249 seconds.
  path: Assets/Content/Fantasy RPG Icons Pack/RPG Warlock skill icons/PNG/50.png
  artifactKey: Guid(f400d4431268cf6418241792aed8191c) Importer(815301076,1909f56bfc062723c751e8b465ee728b)
Start importing Assets/Content/Fantasy RPG Icons Pack/RPG Warlock skill icons/PNG/50.png using Guid(f400d4431268cf6418241792aed8191c) Importer(815301076,1909f56bfc062723c751e8b465ee728b) [PhysX] Initialized MultithreadedTaskDispatcher with 20 workers.
[PhysX] Initialized MultithreadedTaskDispatcher with 20 workers.
 -> (artifact id: '1ed28c7919496653b2e73047b5c96ddc') in 0.026072 seconds
Number of updated asset objects reloaded before import = 0
Number of asset objects unloaded after import = 3
========================================================================
Received Import Request.
  Time since last request: 25.661911 seconds.
  path: Assets/Content/Fantasy RPG Icons Pack/RPG Dragon Egg Icons/PNG/background/5.png
  artifactKey: Guid(0b528dd8a4607d34ca2d2f91f9db03c1) Importer(815301076,1909f56bfc062723c751e8b465ee728b)
Start importing Assets/Content/Fantasy RPG Icons Pack/RPG Dragon Egg Icons/PNG/background/5.png using Guid(0b528dd8a4607d34ca2d2f91f9db03c1) Importer(815301076,1909f56bfc062723c751e8b465ee728b) [PhysX] Initialized MultithreadedTaskDispatcher with 20 workers.
[PhysX] Initialized MultithreadedTaskDispatcher with 20 workers.
 -> (artifact id: '885fbc5ad11cd962b04f25ce66598653') in 0.039752 seconds
Number of updated asset objects reloaded before import = 0
Number of asset objects unloaded after import = 3
========================================================================
Received Import Request.
  Time since last request: 0.000025 seconds.
  path: Assets/Content/Fantasy RPG Icons Pack/RPG Dragon Egg Icons/PNG/background/11.png
  artifactKey: Guid(0f01950123f2b9a4f822817b3e426af0) Importer(815301076,1909f56bfc062723c751e8b465ee728b)
Start importing Assets/Content/Fantasy RPG Icons Pack/RPG Dragon Egg Icons/PNG/background/11.png using Guid(0f01950123f2b9a4f822817b3e426af0) Importer(815301076,1909f56bfc062723c751e8b465ee728b) [PhysX] Initialized MultithreadedTaskDispatcher with 20 workers.
[PhysX] Initialized MultithreadedTaskDispatcher with 20 workers.
 -> (artifact id: '651a525c5dd20ec1db47a5ed2db1b8b7') in 0.040582 seconds
Number of updated asset objects reloaded before import = 0
Number of asset objects unloaded after import = 3
========================================================================
Received Import Request.
  Time since last request: 0.000024 seconds.
  path: Assets/Content/Fantasy RPG Icons Pack/RPG Dragon Egg Icons/PNG/background/16.png
  artifactKey: Guid(29ea24185105f114a9e844cbe6bc7c22) Importer(815301076,1909f56bfc062723c751e8b465ee728b)
Start importing Assets/Content/Fantasy RPG Icons Pack/RPG Dragon Egg Icons/PNG/background/16.png using Guid(29ea24185105f114a9e844cbe6bc7c22) Importer(815301076,1909f56bfc062723c751e8b465ee728b) [PhysX] Initialized MultithreadedTaskDispatcher with 20 workers.
[PhysX] Initialized MultithreadedTaskDispatcher with 20 workers.
 -> (artifact id: 'd4f92e5b98c7e165855f97d871185496') in 0.041758 seconds
Number of updated asset objects reloaded before import = 0
Number of asset objects unloaded after import = 3
========================================================================
Received Import Request.
  Time since last request: 0.000029 seconds.
  path: Assets/Content/Fantasy RPG Icons Pack/RPG Dragon Egg Icons/PNG/background/23.png
  artifactKey: Guid(b4e2c7b281b8b164c98037ed5dc36d98) Importer(815301076,1909f56bfc062723c751e8b465ee728b)
Start importing Assets/Content/Fantasy RPG Icons Pack/RPG Dragon Egg Icons/PNG/background/23.png using Guid(b4e2c7b281b8b164c98037ed5dc36d98) Importer(815301076,1909f56bfc062723c751e8b465ee728b) [PhysX] Initialized MultithreadedTaskDispatcher with 20 workers.
[PhysX] Initialized MultithreadedTaskDispatcher with 20 workers.
 -> (artifact id: 'ebe30cdbd520a0caa6b3337d8cbdbefb') in 0.041229 seconds
Number of updated asset objects reloaded before import = 0
Number of asset objects unloaded after import = 3
========================================================================
Received Import Request.
  Time since last request: 0.000022 seconds.
  path: Assets/Content/Fantasy RPG Icons Pack/RPG Dragon Egg Icons/PNG/background/21.png
  artifactKey: Guid(1c8f7850833f65b4cb62d1f37cf4b25b) Importer(815301076,1909f56bfc062723c751e8b465ee728b)
Start importing Assets/Content/Fantasy RPG Icons Pack/RPG Dragon Egg Icons/PNG/background/21.png using Guid(1c8f7850833f65b4cb62d1f37cf4b25b) Importer(815301076,1909f56bfc062723c751e8b465ee728b) [PhysX] Initialized MultithreadedTaskDispatcher with 20 workers.
[PhysX] Initialized MultithreadedTaskDispatcher with 20 workers.
 -> (artifact id: '05427fc20acc366b3e7b41eb75c75b2a') in 0.023505 seconds
Number of updated asset objects reloaded before import = 0
Number of asset objects unloaded after import = 3
========================================================================
Received Import Request.
  Time since last request: 0.000021 seconds.
  path: Assets/Content/Fantasy RPG Icons Pack/RPG Dragon Egg Icons/PNG/background/38.png
  artifactKey: Guid(25160b270da2dfa4d8cc904671e0219b) Importer(815301076,1909f56bfc062723c751e8b465ee728b)
Start importing Assets/Content/Fantasy RPG Icons Pack/RPG Dragon Egg Icons/PNG/background/38.png using Guid(25160b270da2dfa4d8cc904671e0219b) Importer(815301076,1909f56bfc062723c751e8b465ee728b) [PhysX] Initialized MultithreadedTaskDispatcher with 20 workers.
[PhysX] Initialized MultithreadedTaskDispatcher with 20 workers.
 -> (artifact id: 'ba3ff65de30764a78866cdd3cae67037') in 0.026655 seconds
Number of updated asset objects reloaded before import = 0
Number of asset objects unloaded after import = 3
========================================================================
Received Import Request.
  Time since last request: 0.000023 seconds.
  path: Assets/Content/Fantasy RPG Icons Pack/RPG Dragon Egg Icons/PNG/background/41.png
  artifactKey: Guid(d1898b313181a074fbc0730cc747ec63) Importer(815301076,1909f56bfc062723c751e8b465ee728b)
Start importing Assets/Content/Fantasy RPG Icons Pack/RPG Dragon Egg Icons/PNG/background/41.png using Guid(d1898b313181a074fbc0730cc747ec63) Importer(815301076,1909f56bfc062723c751e8b465ee728b) [PhysX] Initialized MultithreadedTaskDispatcher with 20 workers.
[PhysX] Initialized MultithreadedTaskDispatcher with 20 workers.
 -> (artifact id: 'd18b26922f62c9794e9430a1e84ea291') in 0.038882 seconds
Number of updated asset objects reloaded before import = 0
Number of asset objects unloaded after import = 3
========================================================================
Received Import Request.
  Time since last request: 0.000032 seconds.
  path: Assets/Content/Fantasy RPG Icons Pack/RPG Dragon Egg Icons/PNG/background/17.png
  artifactKey: Guid(63959e1b4961cd84395380329592b722) Importer(815301076,1909f56bfc062723c751e8b465ee728b)
Start importing Assets/Content/Fantasy RPG Icons Pack/RPG Dragon Egg Icons/PNG/background/17.png using Guid(63959e1b4961cd84395380329592b722) Importer(815301076,1909f56bfc062723c751e8b465ee728b) [PhysX] Initialized MultithreadedTaskDispatcher with 20 workers.
[PhysX] Initialized MultithreadedTaskDispatcher with 20 workers.
 -> (artifact id: '8058db40a1c7a659c7a824cc90015597') in 0.024905 seconds
Number of updated asset objects reloaded before import = 0
Number of asset objects unloaded after import = 3
========================================================================
Received Import Request.
  Time since last request: 0.618904 seconds.
  path: Assets/Content/Fantasy RPG Icons Pack/RPG Dragon Egg Icons/PNG/background/50.png
  artifactKey: Guid(c1706940314855244b6d1a34ee1473a1) Importer(815301076,1909f56bfc062723c751e8b465ee728b)
Start importing Assets/Content/Fantasy RPG Icons Pack/RPG Dragon Egg Icons/PNG/background/50.png using Guid(c1706940314855244b6d1a34ee1473a1) Importer(815301076,1909f56bfc062723c751e8b465ee728b) [PhysX] Initialized MultithreadedTaskDispatcher with 20 workers.
[PhysX] Initialized MultithreadedTaskDispatcher with 20 workers.
 -> (artifact id: '65a32bdcddaec1069babeee8beacd1bd') in 0.050893 seconds
Number of updated asset objects reloaded before import = 0
Number of asset objects unloaded after import = 3
========================================================================
Received Import Request.
  Time since last request: 7.938437 seconds.
  path: Assets/Content/Fantasy RPG Icons Pack/Fairy skill icons/PNG/5.png
  artifactKey: Guid(06d0e38853931c146997e45d5fa91beb) Importer(815301076,1909f56bfc062723c751e8b465ee728b)
Start importing Assets/Content/Fantasy RPG Icons Pack/Fairy skill icons/PNG/5.png using Guid(06d0e38853931c146997e45d5fa91beb) Importer(815301076,1909f56bfc062723c751e8b465ee728b) [PhysX] Initialized MultithreadedTaskDispatcher with 20 workers.
[PhysX] Initialized MultithreadedTaskDispatcher with 20 workers.
 -> (artifact id: '206b2e6de3770ded845fa7c07cfed0a9') in 0.047250 seconds
Number of updated asset objects reloaded before import = 0
Number of asset objects unloaded after import = 3
========================================================================
Received Import Request.
  Time since last request: 0.000109 seconds.
  path: Assets/Content/Fantasy RPG Icons Pack/Fairy skill icons/PNG/12.png
  artifactKey: Guid(1dbe76c33e9492d4f834594c8e39bce7) Importer(815301076,1909f56bfc062723c751e8b465ee728b)
Start importing Assets/Content/Fantasy RPG Icons Pack/Fairy skill icons/PNG/12.png using Guid(1dbe76c33e9492d4f834594c8e39bce7) Importer(815301076,1909f56bfc062723c751e8b465ee728b) [PhysX] Initialized MultithreadedTaskDispatcher with 20 workers.
[PhysX] Initialized MultithreadedTaskDispatcher with 20 workers.
 -> (artifact id: 'edd7b06de254a66407d9a13a81bcd448') in 0.040392 seconds
Number of updated asset objects reloaded before import = 0
Number of asset objects unloaded after import = 3
========================================================================
Received Import Request.
  Time since last request: 0.000020 seconds.
  path: Assets/Content/Fantasy RPG Icons Pack/Fairy skill icons/PNG/19.png
  artifactKey: Guid(2dbea7fe76be8fe42bd931ea53e07204) Importer(815301076,1909f56bfc062723c751e8b465ee728b)
Start importing Assets/Content/Fantasy RPG Icons Pack/Fairy skill icons/PNG/19.png using Guid(2dbea7fe76be8fe42bd931ea53e07204) Importer(815301076,1909f56bfc062723c751e8b465ee728b) [PhysX] Initialized MultithreadedTaskDispatcher with 20 workers.
[PhysX] Initialized MultithreadedTaskDispatcher with 20 workers.
 -> (artifact id: '3ee280d7df9ff9e0009e733e42408399') in 0.030545 seconds
Number of updated asset objects reloaded before import = 0
Number of asset objects unloaded after import = 3
========================================================================
Received Import Request.
  Time since last request: 0.000054 seconds.
  path: Assets/Content/Fantasy RPG Icons Pack/Fairy skill icons/PNG/24.png
  artifactKey: Guid(0ba9ec061647bd74f9a3ee40965b6d86) Importer(815301076,1909f56bfc062723c751e8b465ee728b)
Start importing Assets/Content/Fantasy RPG Icons Pack/Fairy skill icons/PNG/24.png using Guid(0ba9ec061647bd74f9a3ee40965b6d86) Importer(815301076,1909f56bfc062723c751e8b465ee728b) [PhysX] Initialized MultithreadedTaskDispatcher with 20 workers.
[PhysX] Initialized MultithreadedTaskDispatcher with 20 workers.
 -> (artifact id: '5d4c932d7f3c1d253be9ecaafebdcf28') in 0.062020 seconds
Number of updated asset objects reloaded before import = 0
Number of asset objects unloaded after import = 3
========================================================================
Received Import Request.
  Time since last request: 0.000022 seconds.
  path: Assets/Content/Fantasy RPG Icons Pack/Fairy skill icons/PNG/33.png
  artifactKey: Guid(9af5a93275a160449b67cb8e24fe7845) Importer(815301076,1909f56bfc062723c751e8b465ee728b)
Start importing Assets/Content/Fantasy RPG Icons Pack/Fairy skill icons/PNG/33.png using Guid(9af5a93275a160449b67cb8e24fe7845) Importer(815301076,1909f56bfc062723c751e8b465ee728b) [PhysX] Initialized MultithreadedTaskDispatcher with 20 workers.
[PhysX] Initialized MultithreadedTaskDispatcher with 20 workers.
 -> (artifact id: '42cd144f3da709a74053305fa40dae92') in 0.024528 seconds
Number of updated asset objects reloaded before import = 0
Number of asset objects unloaded after import = 3
========================================================================
Received Import Request.
  Time since last request: 0.000020 seconds.
  path: Assets/Content/Fantasy RPG Icons Pack/Fairy skill icons/PNG/18.png
  artifactKey: Guid(1ad17c6d9b2b8fa498c86f04b5fe69f8) Importer(815301076,1909f56bfc062723c751e8b465ee728b)
Start importing Assets/Content/Fantasy RPG Icons Pack/Fairy skill icons/PNG/18.png using Guid(1ad17c6d9b2b8fa498c86f04b5fe69f8) Importer(815301076,1909f56bfc062723c751e8b465ee728b) [PhysX] Initialized MultithreadedTaskDispatcher with 20 workers.
[PhysX] Initialized MultithreadedTaskDispatcher with 20 workers.
 -> (artifact id: 'a2612e0b605ebaad1aa969a7d15eaf55') in 0.024143 seconds
Number of updated asset objects reloaded before import = 0
Number of asset objects unloaded after import = 3
========================================================================
Received Import Request.
  Time since last request: 0.000024 seconds.
  path: Assets/Content/Fantasy RPG Icons Pack/Fairy skill icons/PNG/44.png
  artifactKey: Guid(622381b748ae57c4bb0f8df95f2d760d) Importer(815301076,1909f56bfc062723c751e8b465ee728b)
Start importing Assets/Content/Fantasy RPG Icons Pack/Fairy skill icons/PNG/44.png using Guid(622381b748ae57c4bb0f8df95f2d760d) Importer(815301076,1909f56bfc062723c751e8b465ee728b) [PhysX] Initialized MultithreadedTaskDispatcher with 20 workers.
[PhysX] Initialized MultithreadedTaskDispatcher with 20 workers.
 -> (artifact id: '9411babbe8c98b9a964ca759d3fa3931') in 0.026775 seconds
Number of updated asset objects reloaded before import = 0
Number of asset objects unloaded after import = 3
========================================================================
Received Import Request.
  Time since last request: 0.000024 seconds.
  path: Assets/Content/Fantasy RPG Icons Pack/Fairy skill icons/PNG/17.png
  artifactKey: Guid(7b2e037f8a66bbf4687f0eadd7203176) Importer(815301076,1909f56bfc062723c751e8b465ee728b)
Start importing Assets/Content/Fantasy RPG Icons Pack/Fairy skill icons/PNG/17.png using Guid(7b2e037f8a66bbf4687f0eadd7203176) Importer(815301076,1909f56bfc062723c751e8b465ee728b) [PhysX] Initialized MultithreadedTaskDispatcher with 20 workers.
[PhysX] Initialized MultithreadedTaskDispatcher with 20 workers.
 -> (artifact id: 'aa3d6a251cc5d79ddfe8cf0012f5f376') in 0.024516 seconds
Number of updated asset objects reloaded before import = 0
Number of asset objects unloaded after import = 3
========================================================================
Received Import Request.
  Time since last request: 0.000024 seconds.
  path: Assets/Content/Fantasy RPG Icons Pack/Fairy skill icons/PNG/31.png
  artifactKey: Guid(3d1bb40ac19e1014c9946f6756827624) Importer(815301076,1909f56bfc062723c751e8b465ee728b)
Start importing Assets/Content/Fantasy RPG Icons Pack/Fairy skill icons/PNG/31.png using Guid(3d1bb40ac19e1014c9946f6756827624) Importer(815301076,1909f56bfc062723c751e8b465ee728b) [PhysX] Initialized MultithreadedTaskDispatcher with 20 workers.
[PhysX] Initialized MultithreadedTaskDispatcher with 20 workers.
 -> (artifact id: '2963efe4d8b990554c85a36ef7e01a70') in 0.024558 seconds
Number of updated asset objects reloaded before import = 0
Number of asset objects unloaded after import = 3
========================================================================
Received Import Request.
  Time since last request: 0.808540 seconds.
  path: Assets/Content/Fantasy RPG Icons Pack/Fairy skill icons/PNG/50.png
  artifactKey: Guid(8f2d66c7f4c8af24f9b16b1b2effecef) Importer(815301076,1909f56bfc062723c751e8b465ee728b)
Start importing Assets/Content/Fantasy RPG Icons Pack/Fairy skill icons/PNG/50.png using Guid(8f2d66c7f4c8af24f9b16b1b2effecef) Importer(815301076,1909f56bfc062723c751e8b465ee728b) [PhysX] Initialized MultithreadedTaskDispatcher with 20 workers.
[PhysX] Initialized MultithreadedTaskDispatcher with 20 workers.
 -> (artifact id: 'b83f1a6aa919f25691cdee38bde50669') in 0.026617 seconds
Number of updated asset objects reloaded before import = 0
Number of asset objects unloaded after import = 3
========================================================================
Received Import Request.
  Time since last request: 14.795278 seconds.
  path: Assets/Content/Fantasy RPG Icons Pack/RPG Alchemist skills icons/PNG/5.png
  artifactKey: Guid(06836e0695943494b9eaefa1dea32ae4) Importer(815301076,1909f56bfc062723c751e8b465ee728b)
Start importing Assets/Content/Fantasy RPG Icons Pack/RPG Alchemist skills icons/PNG/5.png using Guid(06836e0695943494b9eaefa1dea32ae4) Importer(815301076,1909f56bfc062723c751e8b465ee728b) [PhysX] Initialized MultithreadedTaskDispatcher with 20 workers.
[PhysX] Initialized MultithreadedTaskDispatcher with 20 workers.
 -> (artifact id: 'b21e279ee6f120590df56ffcfde16089') in 0.041520 seconds
Number of updated asset objects reloaded before import = 0
Number of asset objects unloaded after import = 3
========================================================================
Received Import Request.
  Time since last request: 0.000156 seconds.
  path: Assets/Content/Fantasy RPG Icons Pack/RPG Alchemist skills icons/PNG/8.png
  artifactKey: Guid(9fafaec541726024182d3f7e67f42b54) Importer(815301076,1909f56bfc062723c751e8b465ee728b)
Start importing Assets/Content/Fantasy RPG Icons Pack/RPG Alchemist skills icons/PNG/8.png using Guid(9fafaec541726024182d3f7e67f42b54) Importer(815301076,1909f56bfc062723c751e8b465ee728b) [PhysX] Initialized MultithreadedTaskDispatcher with 20 workers.
[PhysX] Initialized MultithreadedTaskDispatcher with 20 workers.
 -> (artifact id: '83bab4c8e8304b0f0bd07a72f04b251e') in 0.043612 seconds
Number of updated asset objects reloaded before import = 0
Number of asset objects unloaded after import = 3
========================================================================
Received Import Request.
  Time since last request: 0.000021 seconds.
  path: Assets/Content/Fantasy RPG Icons Pack/RPG Alchemist skills icons/PNG/20.png
  artifactKey: Guid(c677d48a5f5f7c64b822a090a3f58dbc) Importer(815301076,1909f56bfc062723c751e8b465ee728b)
Start importing Assets/Content/Fantasy RPG Icons Pack/RPG Alchemist skills icons/PNG/20.png using Guid(c677d48a5f5f7c64b822a090a3f58dbc) Importer(815301076,1909f56bfc062723c751e8b465ee728b) [PhysX] Initialized MultithreadedTaskDispatcher with 20 workers.
[PhysX] Initialized MultithreadedTaskDispatcher with 20 workers.
 -> (artifact id: '9419d0424770aec41e9fc20d5963e553') in 0.052587 seconds
Number of updated asset objects reloaded before import = 0
Number of asset objects unloaded after import = 3
========================================================================
Received Import Request.
  Time since last request: 0.000027 seconds.
  path: Assets/Content/Fantasy RPG Icons Pack/RPG Alchemist skills icons/PNG/29.png
  artifactKey: Guid(40fa7cafac471cc47b2a4b71e5e020f2) Importer(815301076,1909f56bfc062723c751e8b465ee728b)
Start importing Assets/Content/Fantasy RPG Icons Pack/RPG Alchemist skills icons/PNG/29.png using Guid(40fa7cafac471cc47b2a4b71e5e020f2) Importer(815301076,1909f56bfc062723c751e8b465ee728b) [PhysX] Initialized MultithreadedTaskDispatcher with 20 workers.
[PhysX] Initialized MultithreadedTaskDispatcher with 20 workers.
 -> (artifact id: '7843f6d1ef987fd2655dddf496d194c0') in 0.023110 seconds
Number of updated asset objects reloaded before import = 0
Number of asset objects unloaded after import = 3
========================================================================
Received Import Request.
  Time since last request: 0.000024 seconds.
  path: Assets/Content/Fantasy RPG Icons Pack/RPG Alchemist skills icons/PNG/34.png
  artifactKey: Guid(a091fb0ba4e23e14abab678afce5f97f) Importer(815301076,1909f56bfc062723c751e8b465ee728b)
Start importing Assets/Content/Fantasy RPG Icons Pack/RPG Alchemist skills icons/PNG/34.png using Guid(a091fb0ba4e23e14abab678afce5f97f) Importer(815301076,1909f56bfc062723c751e8b465ee728b) [PhysX] Initialized MultithreadedTaskDispatcher with 20 workers.
[PhysX] Initialized MultithreadedTaskDispatcher with 20 workers.
 -> (artifact id: 'bcfc7a94250e4fe063d7f693394e020f') in 0.023985 seconds
Number of updated asset objects reloaded before import = 0
Number of asset objects unloaded after import = 3
========================================================================
Received Import Request.
  Time since last request: 0.000021 seconds.
  path: Assets/Content/Fantasy RPG Icons Pack/RPG Alchemist skills icons/PNG/39.png
  artifactKey: Guid(9dfa707c32a3a0b49af9b815c913b390) Importer(815301076,1909f56bfc062723c751e8b465ee728b)
Start importing Assets/Content/Fantasy RPG Icons Pack/RPG Alchemist skills icons/PNG/39.png using Guid(9dfa707c32a3a0b49af9b815c913b390) Importer(815301076,1909f56bfc062723c751e8b465ee728b) [PhysX] Initialized MultithreadedTaskDispatcher with 20 workers.
[PhysX] Initialized MultithreadedTaskDispatcher with 20 workers.
 -> (artifact id: '005a1ce478f645506951ff1977601c41') in 0.020685 seconds
Number of updated asset objects reloaded before import = 0
Number of asset objects unloaded after import = 3
========================================================================
Received Import Request.
  Time since last request: 0.000023 seconds.
  path: Assets/Content/Fantasy RPG Icons Pack/RPG Alchemist skills icons/PNG/18.png
  artifactKey: Guid(b087c5ca1e996424fa3974de3cd2e17b) Importer(815301076,1909f56bfc062723c751e8b465ee728b)
Start importing Assets/Content/Fantasy RPG Icons Pack/RPG Alchemist skills icons/PNG/18.png using Guid(b087c5ca1e996424fa3974de3cd2e17b) Importer(815301076,1909f56bfc062723c751e8b465ee728b) [PhysX] Initialized MultithreadedTaskDispatcher with 20 workers.
[PhysX] Initialized MultithreadedTaskDispatcher with 20 workers.
 -> (artifact id: '8ee3044047dfee8771897d6dcaa6f11e') in 0.024238 seconds
Number of updated asset objects reloaded before import = 0
Number of asset objects unloaded after import = 3
========================================================================
Received Import Request.
  Time since last request: 0.000020 seconds.
  path: Assets/Content/Fantasy RPG Icons Pack/RPG Alchemist skills icons/PNG/40.png
  artifactKey: Guid(3e9457f5cc819864482c476444c6a6ee) Importer(815301076,1909f56bfc062723c751e8b465ee728b)
Start importing Assets/Content/Fantasy RPG Icons Pack/RPG Alchemist skills icons/PNG/40.png using Guid(3e9457f5cc819864482c476444c6a6ee) Importer(815301076,1909f56bfc062723c751e8b465ee728b) [PhysX] Initialized MultithreadedTaskDispatcher with 20 workers.
[PhysX] Initialized MultithreadedTaskDispatcher with 20 workers.
 -> (artifact id: '4f6b5afad94e323fc085e343e465869c') in 0.021112 seconds
Number of updated asset objects reloaded before import = 0
Number of asset objects unloaded after import = 3
========================================================================
Received Import Request.
  Time since last request: 0.000019 seconds.
  path: Assets/Content/Fantasy RPG Icons Pack/RPG Alchemist skills icons/PNG/43.png
  artifactKey: Guid(f9bd5b678b9d74341aeb2e7b076ed4bf) Importer(815301076,1909f56bfc062723c751e8b465ee728b)
Start importing Assets/Content/Fantasy RPG Icons Pack/RPG Alchemist skills icons/PNG/43.png using Guid(f9bd5b678b9d74341aeb2e7b076ed4bf) Importer(815301076,1909f56bfc062723c751e8b465ee728b) [PhysX] Initialized MultithreadedTaskDispatcher with 20 workers.
[PhysX] Initialized MultithreadedTaskDispatcher with 20 workers.
 -> (artifact id: '15ebd8eaabb540b2639fff1778933049') in 0.024333 seconds
Number of updated asset objects reloaded before import = 0
Number of asset objects unloaded after import = 3
========================================================================
Received Import Request.
  Time since last request: 2.251423 seconds.
  path: Assets/Content/Fantasy RPG Icons Pack/RPG Alchemist skills icons/PNG/50.png
  artifactKey: Guid(a65e468fc4eb15043945d9eae1fa6f14) Importer(815301076,1909f56bfc062723c751e8b465ee728b)
Start importing Assets/Content/Fantasy RPG Icons Pack/RPG Alchemist skills icons/PNG/50.png using Guid(a65e468fc4eb15043945d9eae1fa6f14) Importer(815301076,1909f56bfc062723c751e8b465ee728b) [PhysX] Initialized MultithreadedTaskDispatcher with 20 workers.
[PhysX] Initialized MultithreadedTaskDispatcher with 20 workers.
 -> (artifact id: 'db85bbd4f939ddf153b58af2b820d8a0') in 0.056415 seconds
Number of updated asset objects reloaded before import = 0
Number of asset objects unloaded after import = 3
========================================================================
Received Import Request.
  Time since last request: 15.539349 seconds.
  path: Assets/Content/Fantasy RPG Icons Pack/RPG Demon skill icons/PNG/5.png
  artifactKey: Guid(f80e8dd57f26a4c429b1061ec50a7809) Importer(815301076,1909f56bfc062723c751e8b465ee728b)
Start importing Assets/Content/Fantasy RPG Icons Pack/RPG Demon skill icons/PNG/5.png using Guid(f80e8dd57f26a4c429b1061ec50a7809) Importer(815301076,1909f56bfc062723c751e8b465ee728b) [PhysX] Initialized MultithreadedTaskDispatcher with 20 workers.
[PhysX] Initialized MultithreadedTaskDispatcher with 20 workers.
 -> (artifact id: 'd4fa485eb885c61a4b04b12e749abe73') in 0.039980 seconds
Number of updated asset objects reloaded before import = 0
Number of asset objects unloaded after import = 3
========================================================================
Received Import Request.
  Time since last request: 0.000028 seconds.
  path: Assets/Content/Fantasy RPG Icons Pack/RPG Demon skill icons/PNG/10.png
  artifactKey: Guid(e7e4c05cccfbc844bb77dcb7cbcb274b) Importer(815301076,1909f56bfc062723c751e8b465ee728b)
Start importing Assets/Content/Fantasy RPG Icons Pack/RPG Demon skill icons/PNG/10.png using Guid(e7e4c05cccfbc844bb77dcb7cbcb274b) Importer(815301076,1909f56bfc062723c751e8b465ee728b) [PhysX] Initialized MultithreadedTaskDispatcher with 20 workers.
[PhysX] Initialized MultithreadedTaskDispatcher with 20 workers.
 -> (artifact id: '8d335509cbac8b5f43205736f3eb587b') in 0.056132 seconds
Number of updated asset objects reloaded before import = 0
Number of asset objects unloaded after import = 3
========================================================================
Received Import Request.
  Time since last request: 0.000018 seconds.
  path: Assets/Content/Fantasy RPG Icons Pack/RPG Demon skill icons/PNG/19.png
  artifactKey: Guid(8208b0a6cab0f014d8cc3c866d21de97) Importer(815301076,1909f56bfc062723c751e8b465ee728b)
Start importing Assets/Content/Fantasy RPG Icons Pack/RPG Demon skill icons/PNG/19.png using Guid(8208b0a6cab0f014d8cc3c866d21de97) Importer(815301076,1909f56bfc062723c751e8b465ee728b) [PhysX] Initialized MultithreadedTaskDispatcher with 20 workers.
[PhysX] Initialized MultithreadedTaskDispatcher with 20 workers.
 -> (artifact id: '4a3065212f96ddbeae5f4d5e3178ed06') in 0.038795 seconds
Number of updated asset objects reloaded before import = 0
Number of asset objects unloaded after import = 3
========================================================================
Received Import Request.
  Time since last request: 0.000018 seconds.
  path: Assets/Content/Fantasy RPG Icons Pack/RPG Demon skill icons/PNG/24.png
  artifactKey: Guid(28026e90c8821b746bfe414bc18fc15e) Importer(815301076,1909f56bfc062723c751e8b465ee728b)
Start importing Assets/Content/Fantasy RPG Icons Pack/RPG Demon skill icons/PNG/24.png using Guid(28026e90c8821b746bfe414bc18fc15e) Importer(815301076,1909f56bfc062723c751e8b465ee728b) [PhysX] Initialized MultithreadedTaskDispatcher with 20 workers.
[PhysX] Initialized MultithreadedTaskDispatcher with 20 workers.
 -> (artifact id: '98f565c9ba5b1f59a91b96fc830d2556') in 0.047834 seconds
Number of updated asset objects reloaded before import = 0
Number of asset objects unloaded after import = 3
========================================================================
Received Import Request.
  Time since last request: 0.000021 seconds.
  path: Assets/Content/Fantasy RPG Icons Pack/RPG Demon skill icons/PNG/37.png
  artifactKey: Guid(3676ae1653e51444e9de8fdfabea7d56) Importer(815301076,1909f56bfc062723c751e8b465ee728b)
Start importing Assets/Content/Fantasy RPG Icons Pack/RPG Demon skill icons/PNG/37.png using Guid(3676ae1653e51444e9de8fdfabea7d56) Importer(815301076,1909f56bfc062723c751e8b465ee728b) [PhysX] Initialized MultithreadedTaskDispatcher with 20 workers.
[PhysX] Initialized MultithreadedTaskDispatcher with 20 workers.
 -> (artifact id: 'cab6b038fcd34a63e8675b9ad1ad93b5') in 0.032766 seconds
Number of updated asset objects reloaded before import = 0
Number of asset objects unloaded after import = 3
========================================================================
Received Import Request.
  Time since last request: 0.000023 seconds.
  path: Assets/Content/Fantasy RPG Icons Pack/RPG Demon skill icons/PNG/43.png
  artifactKey: Guid(ddd62ccc7a5b0374885d2b2d268d8aec) Importer(815301076,1909f56bfc062723c751e8b465ee728b)
Start importing Assets/Content/Fantasy RPG Icons Pack/RPG Demon skill icons/PNG/43.png using Guid(ddd62ccc7a5b0374885d2b2d268d8aec) Importer(815301076,1909f56bfc062723c751e8b465ee728b) [PhysX] Initialized MultithreadedTaskDispatcher with 20 workers.
[PhysX] Initialized MultithreadedTaskDispatcher with 20 workers.
 -> (artifact id: '94e7762de621f9b5493fb94a4329ff78') in 0.056823 seconds
Number of updated asset objects reloaded before import = 0
Number of asset objects unloaded after import = 3
========================================================================
Received Import Request.
  Time since last request: 0.000030 seconds.
  path: Assets/Content/Fantasy RPG Icons Pack/RPG Demon skill icons/PNG/29.png
  artifactKey: Guid(0344b9f44e4d3444cb9ecf2552133f29) Importer(815301076,1909f56bfc062723c751e8b465ee728b)
Start importing Assets/Content/Fantasy RPG Icons Pack/RPG Demon skill icons/PNG/29.png using Guid(0344b9f44e4d3444cb9ecf2552133f29) Importer(815301076,1909f56bfc062723c751e8b465ee728b) [PhysX] Initialized MultithreadedTaskDispatcher with 20 workers.
[PhysX] Initialized MultithreadedTaskDispatcher with 20 workers.
 -> (artifact id: 'e0aa61ca3beb42a143ac5e8fdda24b3b') in 0.026679 seconds
Number of updated asset objects reloaded before import = 0
Number of asset objects unloaded after import = 3
========================================================================
Received Import Request.
  Time since last request: 0.000041 seconds.
  path: Assets/Content/Fantasy RPG Icons Pack/RPG Demon skill icons/PNG/7.png
  artifactKey: Guid(03d81a7225615a84baeac74dd8ae9c6f) Importer(815301076,1909f56bfc062723c751e8b465ee728b)
Start importing Assets/Content/Fantasy RPG Icons Pack/RPG Demon skill icons/PNG/7.png using Guid(03d81a7225615a84baeac74dd8ae9c6f) Importer(815301076,1909f56bfc062723c751e8b465ee728b) [PhysX] Initialized MultithreadedTaskDispatcher with 20 workers.
[PhysX] Initialized MultithreadedTaskDispatcher with 20 workers.
 -> (artifact id: 'e4bb456475b923bf99a1c01d2226d086') in 0.024012 seconds
Number of updated asset objects reloaded before import = 0
Number of asset objects unloaded after import = 3
========================================================================
Received Import Request.
  Time since last request: 0.000022 seconds.
  path: Assets/Content/Fantasy RPG Icons Pack/RPG Demon skill icons/PNG/35.png
  artifactKey: Guid(ced7962b4b94f9b42be6313c2c12e335) Importer(815301076,1909f56bfc062723c751e8b465ee728b)
Start importing Assets/Content/Fantasy RPG Icons Pack/RPG Demon skill icons/PNG/35.png using Guid(ced7962b4b94f9b42be6313c2c12e335) Importer(815301076,1909f56bfc062723c751e8b465ee728b) [PhysX] Initialized MultithreadedTaskDispatcher with 20 workers.
[PhysX] Initialized MultithreadedTaskDispatcher with 20 workers.
 -> (artifact id: 'c487c4c4b59c8024b92ccbeb0e1f90ca') in 0.023919 seconds
Number of updated asset objects reloaded before import = 0
Number of asset objects unloaded after import = 3
========================================================================
Received Import Request.
  Time since last request: 1.057284 seconds.
  path: Assets/Content/Fantasy RPG Icons Pack/RPG Demon skill icons/PNG/50.png
  artifactKey: Guid(7447b8589ecfac9409cacc396fbc53c6) Importer(815301076,1909f56bfc062723c751e8b465ee728b)
Start importing Assets/Content/Fantasy RPG Icons Pack/RPG Demon skill icons/PNG/50.png using Guid(7447b8589ecfac9409cacc396fbc53c6) Importer(815301076,1909f56bfc062723c751e8b465ee728b) [PhysX] Initialized MultithreadedTaskDispatcher with 20 workers.
[PhysX] Initialized MultithreadedTaskDispatcher with 20 workers.
 -> (artifact id: '491305971957eef1fc4c2606f68b00b4') in 0.030878 seconds
Number of updated asset objects reloaded before import = 0
Number of asset objects unloaded after import = 3
========================================================================
Received Prepare
Caller must complete domain reload
0x00007ff7f26fd08d (Unity) StackWalker::GetCurrentCallstack
0x00007ff7f2702169 (Unity) StackWalker::ShowCallstack
0x00007ff7f36ef231 (Unity) GetStacktrace
0x00007ff7f3da9e6e (Unity) DebugStringToFile
0x00007ff7f3da9baa (Unity) AssertImplementation
0x00007ff7f358d9fc (Unity) Internal_ADB_WorkerOnly_DomainReload
0x00007ff7f3a73484 (Unity) WorkerDomainReloadV2
0x00007ff7f3a94695 (Unity) <lambda_b37b41f03089e3cb3f55061bbc93253d>::operator()
0x00007ff7f3acfea2 (Unity) asio::detail::completion_handler<core::mutable_function<void __cdecl(void)>,asio::io_context::basic_executor_type<std::allocator<void>,0> >::do_complete
0x00007ff7f3abbe4e (Unity) asio::detail::win_iocp_io_context::do_one
0x00007ff7f3abdab4 (Unity) asio::detail::win_iocp_io_context::run
0x00007ff7f3ace24c (Unity) IOService::Run
0x00007ff7f3aa16cf (Unity) AssetImportWorkerClient::Run
0x00007ff7f3a6d037 (Unity) RunAssetImportWorkerClientV2
0x00007ff7f3a6d0bb (Unity) RunAssetImporterV2
0x00007ff7f32676fe (Unity) Application::InitializeProject
0x00007ff7f36f9ed5 (Unity) WinMain
0x00007ff7f4aab7be (Unity) __scrt_common_main_seh
0x00007ffd6c61259d (KERNEL32) BaseThreadInitThunk
0x00007ffd6de0af38 (ntdll) RtlUserThreadStart

Begin MonoManager ReloadAssembly
Symbol file LoadedFromMemory is not a mono symbol file
- Loaded All Assemblies, in  1.435 seconds
Native extension for WindowsStandalone target not found
Native extension for Android target not found
Mono: successfully reloaded assembly
- Finished resetting the current domain, in  4.892 seconds
Domain Reload Profiling: 6318ms
	BeginReloadAssembly (300ms)
		ExecutionOrderSort (0ms)
		DisableScriptedObjects (10ms)
		BackupInstance (0ms)
		ReleaseScriptingObjects (0ms)
		CreateAndSetChildDomain (91ms)
	RebuildCommonClasses (57ms)
	RebuildNativeTypeToScriptingClass (21ms)
	initialDomainReloadingComplete (73ms)
	LoadAllAssembliesAndSetupDomain (974ms)
		LoadAssemblies (956ms)
		RebuildTransferFunctionScriptingTraits (0ms)
		AnalyzeDomain (148ms)
			TypeCache.Refresh (47ms)
				TypeCache.ScanAssembly (17ms)
			ScanForSourceGeneratedMonoScriptInfo (55ms)
			ResolveRequiredComponents (45ms)
	FinalizeReload (4893ms)
		ReleaseScriptCaches (0ms)
		RebuildScriptCaches (0ms)
		SetupLoadedEditorAssemblies (1878ms)
			LogAssemblyErrors (0ms)
			InitializePlatformSupportModulesInManaged (53ms)
			SetLoadedEditorAssemblies (22ms)
			RefreshPlugins (0ms)
			BeforeProcessingInitializeOnLoad (296ms)
			ProcessInitializeOnLoadAttributes (801ms)
			ProcessInitializeOnLoadMethodAttributes (693ms)
			AfterProcessingInitializeOnLoad (11ms)
			EditorAssembliesLoaded (1ms)
		ExecutionOrderSort2 (0ms)
		AwakeInstancesAfterBackupRestoration (19ms)
Refreshing native plugins compatible for Editor in 18.48 ms, found 0 plugins.
Preloading 0 native plugins for Editor in 0.00 ms.
Unloading 7337 Unused Serialized files (Serialized files now loaded: 0)
Unloading 55 unused Assets / (25.8 MB). Loaded Objects now: 8112.
Memory consumption went from 308.7 MB to 282.9 MB.
Total: 24.145800 ms (FindLiveObjects: 0.673600 ms CreateObjectMapping: 0.313600 ms MarkObjects: 19.158800 ms  DeleteObjects: 3.995300 ms)

Prepare: number of updated asset objects reloaded= 0
AssetImportParameters requested are different than current active one (requested -> active):
  custom:container-demuxer-ogg: 62fdf1f143b41e24485cea50d1cbac27 -> 
  custom:framework-win-MediaFoundation: 216162199b28c13a410421893ffa2e32 -> 
  custom:container-muxer-webm: aa71ff27fc2769a1b78a27578f13a17b -> 
  custom:video-decoder-webm-vp8: 9c59270c3fd7afecdb556c50c9e8de78 -> 
  custom:SearchIndexIgnoredProperties: e643bd26f0fe6173181afceb89e7c659 -> 
  custom:AudioImporter_EditorPlatform: d09bf68614088b80899f8185d706f6e7 -> 
  custom:scripting/monoscript/fileName/LanguageController.cs: d7f83f70fb5f859de92afa22951dc2bf -> 
  custom:scripting/monoscript/fileName/LanguageObject.cs: 57e7acc22c4a899d48a2ecea1fa08939 -> 
  custom:audio-decoder-ogg-vorbis: bf7c407c2cedff20999df2af8eb42d56 -> 
  custom:audio-encoder-webm-vorbis: bf7c407c2cedff20999df2af8eb42d56 -> 
  custom:video-codec-MediaFoundation-h265: 746d11721c4dcdbdad8f713fa42b33f4 -> 
  custom:video-decoder-ogg-theora: a1e56fd34408186e4bbccfd4996cb3dc -> 
  custom:CustomObjectIndexerAttribute: 72b91833f83ae208fae7752999fa3104 -> 
  custom:container-demuxer-webm: 4f35f7cbe854078d1ac9338744f61a02 -> 
  custom:video-encoder-webm-vp8: eb34c28f22e8b96e1ab97ce403110664 -> 
========================================================================
Received Import Request.
  Time since last request: 646.100201 seconds.
  path: Assets/Localizations/Tables/UI/UI_en.asset
  artifactKey: Guid(16dc0615183b5f04199d2b42f1fd8c38) Importer(815301076,1909f56bfc062723c751e8b465ee728b)
Start importing Assets/Localizations/Tables/UI/UI_en.asset using Guid(16dc0615183b5f04199d2b42f1fd8c38) Importer(815301076,1909f56bfc062723c751e8b465ee728b) [PhysX] Initialized MultithreadedTaskDispatcher with 20 workers.
 -> (artifact id: '6670e8f9e32a2771d5b8462f7b53d9b6') in 0.054178 seconds
Number of updated asset objects reloaded before import = 0
Number of asset objects unloaded after import = 2
