
=== Tue Jun 21 10:14:39 2022

Packages were changed.
Update Mode: mergeDefaultDependencies

The following packages were added:
  com.unity.modules.ai@1.0.0
  com.unity.modules.androidjni@1.0.0
  com.unity.modules.animation@1.0.0
  com.unity.modules.assetbundle@1.0.0
  com.unity.modules.audio@1.0.0
  com.unity.modules.cloth@1.0.0
  com.unity.modules.director@1.0.0
  com.unity.modules.imageconversion@1.0.0
  com.unity.modules.imgui@1.0.0
  com.unity.modules.jsonserialize@1.0.0
  com.unity.modules.particlesystem@1.0.0
  com.unity.modules.physics@1.0.0
  com.unity.modules.physics2d@1.0.0
  com.unity.modules.screencapture@1.0.0
  com.unity.modules.terrain@1.0.0
  com.unity.modules.terrainphysics@1.0.0
  com.unity.modules.tilemap@1.0.0
  com.unity.modules.ui@1.0.0
  com.unity.modules.uielements@1.0.0
  com.unity.modules.umbra@1.0.0
  com.unity.modules.unityanalytics@1.0.0
  com.unity.modules.unitywebrequest@1.0.0
  com.unity.modules.unitywebrequestassetbundle@1.0.0
  com.unity.modules.unitywebrequestaudio@1.0.0
  com.unity.modules.unitywebrequesttexture@1.0.0
  com.unity.modules.unitywebrequestwww@1.0.0
  com.unity.modules.vehicles@1.0.0
  com.unity.modules.video@1.0.0
  com.unity.modules.vr@1.0.0
  com.unity.modules.wind@1.0.0
  com.unity.modules.xr@1.0.0
The following packages were updated:
  com.unity.render-pipelines.universal from version 12.0.0 to 12.1.6
  com.unity.collab-proxy from version 1.9.0 to 1.15.15
  com.unity.ide.rider from version 3.0.7 to 3.0.13
  com.unity.ide.visualstudio from version 2.0.11 to 2.0.14
  com.unity.ide.vscode from version 1.2.4 to 1.2.5
  com.unity.test-framework from version 1.1.29 to 1.1.31
  com.unity.timeline from version 1.6.2 to 1.6.4
  com.unity.visualscripting from version 1.7.2 to 1.7.6

=== Sun Aug 28 21:26:38 2022

Packages were changed.
Update Mode: updateDependencies

The following packages were updated:
  com.unity.collab-proxy from version 1.15.15 to 1.15.18
  com.unity.ide.visualstudio from version 2.0.14 to 2.0.15
  com.unity.localization from version 1.0.5 to 1.3.1
  com.unity.render-pipelines.universal from version 12.1.6 to 12.1.7

=== Tue Sep 20 13:03:37 2022

Packages were changed.
Update Mode: updateDependencies

The following packages were updated:
  com.unity.render-pipelines.universal from version 10.6.0 to 10.10.0
  com.unity.visualeffectgraph from version 10.6.0 to 10.10.0

=== Sat Aug 19 10:18:33 2023

Packages were changed.
Update Mode: mergeDefaultDependencies

The following packages were added:
  com.unity.barracuda@3.0.0
  com.unity.editorcoroutines@1.0.0

=== Thu Aug 15 10:38:52 2024

Packages were changed.
Update Mode: updateDependencies

The following packages were added:
  com.unity.ai.navigation@1.1.5
The following packages were updated:
  com.unity.cinemachine from version 2.8.9 to 2.10.1
  com.unity.localization from version 1.3.2 to 1.5.2
  com.unity.mobile.android-logcat from version 1.3.2 to 1.4.2
  com.unity.nuget.newtonsoft-json from version 3.1.0 to 3.2.1
  com.unity.render-pipelines.universal from version 12.1.10 to 14.0.11
  com.unity.timeline from version 1.6.4 to 1.7.6
  com.unity.visualeffectgraph from version 12.1.10 to 14.0.11

=== Tue Aug 27 08:45:35 2024

Packages were changed.
Update Mode: updateDependencies

The following packages were updated:
  com.unity.render-pipelines.universal from version 12.1.10 to 12.1.11
  com.unity.visualeffectgraph from version 12.1.10 to 12.1.11

=== Wed Aug 28 21:26:53 2024

Packages were changed.
Update Mode: updateDependencies

The following packages were added:
  com.unity.ai.navigation@1.1.5
The following packages were updated:
  com.unity.render-pipelines.universal from version 12.1.11 to 14.0.11
  com.unity.visualeffectgraph from version 12.1.11 to 14.0.11
